[2025-07-16T21:41:15.518+0000] {taskinstance.py:1103} INFO - Dependencies all met for dep_context=non-requeueable deps ti=<TaskInstance: dbt_build_monolith.trigger_upload scheduled__2025-07-16T21:40:00.298679+00:00 [queued]>
[2025-07-16T21:41:15.522+0000] {taskinstance.py:1103} INFO - Dependencies all met for dep_context=requeueable deps ti=<TaskInstance: dbt_build_monolith.trigger_upload scheduled__2025-07-16T21:40:00.298679+00:00 [queued]>
[2025-07-16T21:41:15.522+0000] {taskinstance.py:1308} INFO - Starting attempt 1 of 2
[2025-07-16T21:41:15.528+0000] {taskinstance.py:1327} INFO - Executing <Task(TriggerDagRunOperator): trigger_upload> on 2025-07-16 21:40:00.298679+00:00
[2025-07-16T21:41:15.530+0000] {standard_task_runner.py:57} INFO - Started process 8941 to run task
[2025-07-16T21:41:15.532+0000] {standard_task_runner.py:84} INFO - Running: ['***', 'tasks', 'run', 'dbt_build_monolith', 'trigger_upload', 'scheduled__2025-07-16T21:40:00.298679+00:00', '--job-id', '687', '--raw', '--subdir', 'DAGS_FOLDER/dbt_build_monolith.py', '--cfg-path', '/tmp/tmpj2mv8ilg']
[2025-07-16T21:41:15.533+0000] {standard_task_runner.py:85} INFO - Job 687: Subtask trigger_upload
[2025-07-16T21:41:15.551+0000] {task_command.py:410} INFO - Running <TaskInstance: dbt_build_monolith.trigger_upload scheduled__2025-07-16T21:40:00.298679+00:00 [running]> on host 66ed94c0a57f
[2025-07-16T21:41:15.587+0000] {taskinstance.py:1547} INFO - Exporting env vars: AIRFLOW_CTX_DAG_OWNER='***' AIRFLOW_CTX_DAG_ID='dbt_build_monolith' AIRFLOW_CTX_TASK_ID='trigger_upload' AIRFLOW_CTX_EXECUTION_DATE='2025-07-16T21:40:00.298679+00:00' AIRFLOW_CTX_TRY_NUMBER='1' AIRFLOW_CTX_DAG_RUN_ID='scheduled__2025-07-16T21:40:00.298679+00:00'
[2025-07-16T21:41:15.599+0000] {taskinstance.py:1824} ERROR - Task failed with exception
Traceback (most recent call last):
  File "/home/airflow/.local/lib/python3.7/site-packages/airflow/operators/trigger_dagrun.py", line 155, in execute
    replace_microseconds=False,
  File "/home/airflow/.local/lib/python3.7/site-packages/airflow/api/common/trigger_dag.py", line 128, in trigger_dag
    replace_microseconds=replace_microseconds,
  File "/home/airflow/.local/lib/python3.7/site-packages/airflow/api/common/trigger_dag.py", line 52, in _trigger_dag
    raise DagNotFound(f"Dag id {dag_id} not found")
airflow.exceptions.DagNotFound: Dag id uploader_dag not found
[2025-07-16T21:41:15.601+0000] {taskinstance.py:1350} INFO - Marking task as UP_FOR_RETRY. dag_id=dbt_build_monolith, task_id=trigger_upload, execution_date=20250716T214000, start_date=20250716T214115, end_date=20250716T214115
[2025-07-16T21:41:15.605+0000] {standard_task_runner.py:109} ERROR - Failed to execute job 687 for task trigger_upload (Dag id uploader_dag not found; 8941)
[2025-07-16T21:41:15.630+0000] {local_task_job_runner.py:225} INFO - Task exited with return code 1
[2025-07-16T21:41:15.638+0000] {taskinstance.py:2653} INFO - 0 downstream tasks scheduled from follow-on schedule check
