[2025-07-15T19:51:34.320+0000] {taskinstance.py:1103} INFO - Dependencies all met for dep_context=non-requeueable deps ti=<TaskInstance: etl_failure_sensor.delay_task manual__2025-07-15T19:51:32.310142+00:00 [queued]>
[2025-07-15T19:51:34.323+0000] {taskinstance.py:1103} INFO - Dependencies all met for dep_context=requeueable deps ti=<TaskInstance: etl_failure_sensor.delay_task manual__2025-07-15T19:51:32.310142+00:00 [queued]>
[2025-07-15T19:51:34.324+0000] {taskinstance.py:1308} INFO - Starting attempt 1 of 2
[2025-07-15T19:51:34.331+0000] {taskinstance.py:1327} INFO - Executing <Task(PythonOperator): delay_task> on 2025-07-15 19:51:32.310142+00:00
[2025-07-15T19:51:34.332+0000] {standard_task_runner.py:57} INFO - Started process 4957 to run task
[2025-07-15T19:51:34.334+0000] {standard_task_runner.py:84} INFO - Running: ['***', 'tasks', 'run', 'etl_failure_sensor', 'delay_task', 'manual__2025-07-15T19:51:32.310142+00:00', '--job-id', '110', '--raw', '--subdir', 'DAGS_FOLDER/failure_sensor_dag.py', '--cfg-path', '/tmp/tmp41tdcmj8']
[2025-07-15T19:51:34.335+0000] {standard_task_runner.py:85} INFO - Job 110: Subtask delay_task
[2025-07-15T19:51:34.354+0000] {task_command.py:410} INFO - Running <TaskInstance: etl_failure_sensor.delay_task manual__2025-07-15T19:51:32.310142+00:00 [running]> on host 1e79179934e4
[2025-07-15T19:51:34.386+0000] {taskinstance.py:1547} INFO - Exporting env vars: AIRFLOW_CTX_DAG_OWNER='***' AIRFLOW_CTX_DAG_ID='etl_failure_sensor' AIRFLOW_CTX_TASK_ID='delay_task' AIRFLOW_CTX_EXECUTION_DATE='2025-07-15T19:51:32.310142+00:00' AIRFLOW_CTX_TRY_NUMBER='1' AIRFLOW_CTX_DAG_RUN_ID='manual__2025-07-15T19:51:32.310142+00:00'
[2025-07-15T19:51:34.386+0000] {logging_mixin.py:150} INFO - Delaying for 2 hours...
[2025-07-15T19:57:03.558+0000] {local_task_job_runner.py:115} ERROR - Received SIGTERM. Terminating subprocesses
[2025-07-15T19:57:03.564+0000] {process_utils.py:135} INFO - Sending Signals.SIGTERM to group 4957. PIDs of all processes in the group: [4957]
[2025-07-15T19:57:03.564+0000] {process_utils.py:86} INFO - Sending the signal Signals.SIGTERM to group 4957
[2025-07-15T19:57:03.565+0000] {taskinstance.py:1517} ERROR - Received SIGTERM. Terminating subprocesses.
[2025-07-15T19:57:03.574+0000] {taskinstance.py:1824} ERROR - Task failed with exception
Traceback (most recent call last):
  File "/home/airflow/.local/lib/python3.7/site-packages/airflow/operators/python.py", line 181, in execute
    return_value = self.execute_callable()
  File "/home/airflow/.local/lib/python3.7/site-packages/airflow/operators/python.py", line 198, in execute_callable
    return self.python_callable(*self.op_args, **self.op_kwargs)
  File "/opt/airflow/dags/failure_sensor_dag.py", line 53, in delay_task
    time.sleep(LOOK_BACK_HOURS * 3600)
  File "/home/airflow/.local/lib/python3.7/site-packages/airflow/models/taskinstance.py", line 1519, in signal_handler
    raise AirflowException("Task received SIGTERM signal")
airflow.exceptions.AirflowException: Task received SIGTERM signal
[2025-07-15T19:57:03.580+0000] {taskinstance.py:1350} INFO - Marking task as UP_FOR_RETRY. dag_id=etl_failure_sensor, task_id=delay_task, execution_date=20250715T195132, start_date=20250715T195134, end_date=20250715T195703
[2025-07-15T19:57:03.605+0000] {standard_task_runner.py:109} ERROR - Failed to execute job 110 for task delay_task (Task received SIGTERM signal; 4957)
[2025-07-15T19:57:03.626+0000] {process_utils.py:79} INFO - Process psutil.Process(pid=4957, status='terminated', exitcode=1, started='19:51:34') (4957) terminated with exit code 1
[2025-07-15T19:57:03.626+0000] {local_task_job_runner.py:225} INFO - Task exited with return code 143
[2025-07-15T19:57:03.639+0000] {taskinstance.py:2653} INFO - 0 downstream tasks scheduled from follow-on schedule check
