[2025-07-15T19:27:49.542+0000] {processor.py:157} INFO - Started process (PID=2509) to work on /opt/airflow/dags/dbt_build_monolith.py
[2025-07-15T19:27:49.542+0000] {processor.py:826} INFO - Processing file /opt/airflow/dags/dbt_build_monolith.py for tasks to queue
[2025-07-15T19:27:49.542+0000] {logging_mixin.py:150} INFO - [2025-07-15T19:27:49.542+0000] {dagbag.py:541} INFO - Filling up the DagBag from /opt/airflow/dags/dbt_build_monolith.py
[2025-07-15T19:27:49.547+0000] {logging_mixin.py:150} WARNING - /home/airflow/.local/lib/python3.7/site-packages/airflow/operators/python.py:166 RemovedInAirflow3Warning: none_failed_or_skipped Trigger Rule is deprecated. Please use `none_failed_min_one_success`.
[2025-07-15T19:27:49.549+0000] {processor.py:836} INFO - DAG(s) dict_keys(['dbt_build_monolith']) retrieved from /opt/airflow/dags/dbt_build_monolith.py
[2025-07-15T19:27:49.561+0000] {logging_mixin.py:150} INFO - [2025-07-15T19:27:49.561+0000] {dag.py:2742} INFO - Sync 1 DAGs
[2025-07-15T19:27:49.572+0000] {logging_mixin.py:150} INFO - [2025-07-15T19:27:49.572+0000] {dag.py:3508} INFO - Setting next_dagrun for dbt_build_monolith to 2025-07-15T19:24:49.572240+00:00, run_after=2025-07-15T19:27:49.572240+00:00
[2025-07-15T19:27:49.579+0000] {processor.py:179} INFO - Processing /opt/airflow/dags/dbt_build_monolith.py took 0.039 seconds
[2025-07-15T19:28:19.876+0000] {processor.py:157} INFO - Started process (PID=2547) to work on /opt/airflow/dags/dbt_build_monolith.py
[2025-07-15T19:28:19.876+0000] {processor.py:826} INFO - Processing file /opt/airflow/dags/dbt_build_monolith.py for tasks to queue
[2025-07-15T19:28:19.877+0000] {logging_mixin.py:150} INFO - [2025-07-15T19:28:19.877+0000] {dagbag.py:541} INFO - Filling up the DagBag from /opt/airflow/dags/dbt_build_monolith.py
[2025-07-15T19:28:19.881+0000] {logging_mixin.py:150} WARNING - /home/airflow/.local/lib/python3.7/site-packages/airflow/operators/python.py:166 RemovedInAirflow3Warning: none_failed_or_skipped Trigger Rule is deprecated. Please use `none_failed_min_one_success`.
[2025-07-15T19:28:19.883+0000] {processor.py:836} INFO - DAG(s) dict_keys(['dbt_build_monolith']) retrieved from /opt/airflow/dags/dbt_build_monolith.py
[2025-07-15T19:28:19.897+0000] {logging_mixin.py:150} INFO - [2025-07-15T19:28:19.896+0000] {dag.py:2742} INFO - Sync 1 DAGs
[2025-07-15T19:28:19.912+0000] {logging_mixin.py:150} INFO - [2025-07-15T19:28:19.912+0000] {dag.py:3508} INFO - Setting next_dagrun for dbt_build_monolith to 2025-07-15T19:25:19.912627+00:00, run_after=2025-07-15T19:28:19.912627+00:00
[2025-07-15T19:28:19.922+0000] {processor.py:179} INFO - Processing /opt/airflow/dags/dbt_build_monolith.py took 0.048 seconds
[2025-07-15T19:28:50.239+0000] {processor.py:157} INFO - Started process (PID=2594) to work on /opt/airflow/dags/dbt_build_monolith.py
[2025-07-15T19:28:50.240+0000] {processor.py:826} INFO - Processing file /opt/airflow/dags/dbt_build_monolith.py for tasks to queue
[2025-07-15T19:28:50.241+0000] {logging_mixin.py:150} INFO - [2025-07-15T19:28:50.241+0000] {dagbag.py:541} INFO - Filling up the DagBag from /opt/airflow/dags/dbt_build_monolith.py
[2025-07-15T19:28:50.249+0000] {logging_mixin.py:150} WARNING - /home/airflow/.local/lib/python3.7/site-packages/airflow/operators/python.py:166 RemovedInAirflow3Warning: none_failed_or_skipped Trigger Rule is deprecated. Please use `none_failed_min_one_success`.
[2025-07-15T19:28:50.252+0000] {processor.py:836} INFO - DAG(s) dict_keys(['dbt_build_monolith']) retrieved from /opt/airflow/dags/dbt_build_monolith.py
[2025-07-15T19:28:50.268+0000] {logging_mixin.py:150} INFO - [2025-07-15T19:28:50.268+0000] {dag.py:2742} INFO - Sync 1 DAGs
[2025-07-15T19:28:50.282+0000] {logging_mixin.py:150} INFO - [2025-07-15T19:28:50.282+0000] {dag.py:3508} INFO - Setting next_dagrun for dbt_build_monolith to 2025-07-15T19:25:50.282507+00:00, run_after=2025-07-15T19:28:50.282507+00:00
[2025-07-15T19:28:50.291+0000] {processor.py:179} INFO - Processing /opt/airflow/dags/dbt_build_monolith.py took 0.055 seconds
[2025-07-15T19:29:20.585+0000] {processor.py:157} INFO - Started process (PID=2641) to work on /opt/airflow/dags/dbt_build_monolith.py
[2025-07-15T19:29:20.586+0000] {processor.py:826} INFO - Processing file /opt/airflow/dags/dbt_build_monolith.py for tasks to queue
[2025-07-15T19:29:20.587+0000] {logging_mixin.py:150} INFO - [2025-07-15T19:29:20.587+0000] {dagbag.py:541} INFO - Filling up the DagBag from /opt/airflow/dags/dbt_build_monolith.py
[2025-07-15T19:29:20.594+0000] {logging_mixin.py:150} WARNING - /home/airflow/.local/lib/python3.7/site-packages/airflow/operators/python.py:166 RemovedInAirflow3Warning: none_failed_or_skipped Trigger Rule is deprecated. Please use `none_failed_min_one_success`.
[2025-07-15T19:29:20.597+0000] {processor.py:836} INFO - DAG(s) dict_keys(['dbt_build_monolith']) retrieved from /opt/airflow/dags/dbt_build_monolith.py
[2025-07-15T19:29:20.612+0000] {logging_mixin.py:150} INFO - [2025-07-15T19:29:20.612+0000] {dag.py:2742} INFO - Sync 1 DAGs
[2025-07-15T19:29:20.625+0000] {logging_mixin.py:150} INFO - [2025-07-15T19:29:20.625+0000] {dag.py:3508} INFO - Setting next_dagrun for dbt_build_monolith to 2025-07-15T19:26:20.625452+00:00, run_after=2025-07-15T19:29:20.625452+00:00
[2025-07-15T19:29:20.634+0000] {processor.py:179} INFO - Processing /opt/airflow/dags/dbt_build_monolith.py took 0.053 seconds
[2025-07-15T19:29:50.975+0000] {processor.py:157} INFO - Started process (PID=2688) to work on /opt/airflow/dags/dbt_build_monolith.py
[2025-07-15T19:29:50.976+0000] {processor.py:826} INFO - Processing file /opt/airflow/dags/dbt_build_monolith.py for tasks to queue
[2025-07-15T19:29:50.976+0000] {logging_mixin.py:150} INFO - [2025-07-15T19:29:50.976+0000] {dagbag.py:541} INFO - Filling up the DagBag from /opt/airflow/dags/dbt_build_monolith.py
[2025-07-15T19:29:50.981+0000] {logging_mixin.py:150} WARNING - /home/airflow/.local/lib/python3.7/site-packages/airflow/operators/python.py:166 RemovedInAirflow3Warning: none_failed_or_skipped Trigger Rule is deprecated. Please use `none_failed_min_one_success`.
[2025-07-15T19:29:50.982+0000] {processor.py:836} INFO - DAG(s) dict_keys(['dbt_build_monolith']) retrieved from /opt/airflow/dags/dbt_build_monolith.py
[2025-07-15T19:29:50.996+0000] {logging_mixin.py:150} INFO - [2025-07-15T19:29:50.996+0000] {dag.py:2742} INFO - Sync 1 DAGs
[2025-07-15T19:29:51.010+0000] {logging_mixin.py:150} INFO - [2025-07-15T19:29:51.010+0000] {dag.py:3508} INFO - Setting next_dagrun for dbt_build_monolith to 2025-07-15T19:26:51.010412+00:00, run_after=2025-07-15T19:29:51.010412+00:00
[2025-07-15T19:29:51.019+0000] {processor.py:179} INFO - Processing /opt/airflow/dags/dbt_build_monolith.py took 0.046 seconds
[2025-07-15T19:30:21.366+0000] {processor.py:157} INFO - Started process (PID=2728) to work on /opt/airflow/dags/dbt_build_monolith.py
[2025-07-15T19:30:21.367+0000] {processor.py:826} INFO - Processing file /opt/airflow/dags/dbt_build_monolith.py for tasks to queue
[2025-07-15T19:30:21.368+0000] {logging_mixin.py:150} INFO - [2025-07-15T19:30:21.368+0000] {dagbag.py:541} INFO - Filling up the DagBag from /opt/airflow/dags/dbt_build_monolith.py
[2025-07-15T19:30:21.380+0000] {logging_mixin.py:150} WARNING - /home/airflow/.local/lib/python3.7/site-packages/airflow/operators/python.py:166 RemovedInAirflow3Warning: none_failed_or_skipped Trigger Rule is deprecated. Please use `none_failed_min_one_success`.
[2025-07-15T19:30:21.383+0000] {processor.py:836} INFO - DAG(s) dict_keys(['dbt_build_monolith']) retrieved from /opt/airflow/dags/dbt_build_monolith.py
[2025-07-15T19:30:21.400+0000] {logging_mixin.py:150} INFO - [2025-07-15T19:30:21.400+0000] {dag.py:2742} INFO - Sync 1 DAGs
[2025-07-15T19:30:21.413+0000] {logging_mixin.py:150} INFO - [2025-07-15T19:30:21.413+0000] {dag.py:3508} INFO - Setting next_dagrun for dbt_build_monolith to 2025-07-15T19:27:21.413179+00:00, run_after=2025-07-15T19:30:21.413179+00:00
[2025-07-15T19:30:21.421+0000] {processor.py:179} INFO - Processing /opt/airflow/dags/dbt_build_monolith.py took 0.059 seconds
[2025-07-15T19:30:51.780+0000] {processor.py:157} INFO - Started process (PID=2775) to work on /opt/airflow/dags/dbt_build_monolith.py
[2025-07-15T19:30:51.781+0000] {processor.py:826} INFO - Processing file /opt/airflow/dags/dbt_build_monolith.py for tasks to queue
[2025-07-15T19:30:51.781+0000] {logging_mixin.py:150} INFO - [2025-07-15T19:30:51.781+0000] {dagbag.py:541} INFO - Filling up the DagBag from /opt/airflow/dags/dbt_build_monolith.py
[2025-07-15T19:30:51.789+0000] {logging_mixin.py:150} WARNING - /home/airflow/.local/lib/python3.7/site-packages/airflow/operators/python.py:166 RemovedInAirflow3Warning: none_failed_or_skipped Trigger Rule is deprecated. Please use `none_failed_min_one_success`.
[2025-07-15T19:30:51.792+0000] {processor.py:836} INFO - DAG(s) dict_keys(['dbt_build_monolith']) retrieved from /opt/airflow/dags/dbt_build_monolith.py
[2025-07-15T19:30:51.809+0000] {logging_mixin.py:150} INFO - [2025-07-15T19:30:51.809+0000] {dag.py:2742} INFO - Sync 1 DAGs
[2025-07-15T19:30:51.822+0000] {logging_mixin.py:150} INFO - [2025-07-15T19:30:51.822+0000] {dag.py:3508} INFO - Setting next_dagrun for dbt_build_monolith to 2025-07-15T19:27:51.822030+00:00, run_after=2025-07-15T19:30:51.822030+00:00
[2025-07-15T19:30:51.830+0000] {processor.py:179} INFO - Processing /opt/airflow/dags/dbt_build_monolith.py took 0.054 seconds
[2025-07-15T19:31:22.194+0000] {processor.py:157} INFO - Started process (PID=2821) to work on /opt/airflow/dags/dbt_build_monolith.py
[2025-07-15T19:31:22.195+0000] {processor.py:826} INFO - Processing file /opt/airflow/dags/dbt_build_monolith.py for tasks to queue
[2025-07-15T19:31:22.196+0000] {logging_mixin.py:150} INFO - [2025-07-15T19:31:22.195+0000] {dagbag.py:541} INFO - Filling up the DagBag from /opt/airflow/dags/dbt_build_monolith.py
[2025-07-15T19:31:22.204+0000] {logging_mixin.py:150} WARNING - /home/airflow/.local/lib/python3.7/site-packages/airflow/operators/python.py:166 RemovedInAirflow3Warning: none_failed_or_skipped Trigger Rule is deprecated. Please use `none_failed_min_one_success`.
[2025-07-15T19:31:22.207+0000] {processor.py:836} INFO - DAG(s) dict_keys(['dbt_build_monolith']) retrieved from /opt/airflow/dags/dbt_build_monolith.py
[2025-07-15T19:31:22.226+0000] {logging_mixin.py:150} INFO - [2025-07-15T19:31:22.226+0000] {dag.py:2742} INFO - Sync 1 DAGs
[2025-07-15T19:31:22.239+0000] {logging_mixin.py:150} INFO - [2025-07-15T19:31:22.239+0000] {dag.py:3508} INFO - Setting next_dagrun for dbt_build_monolith to 2025-07-15T19:28:22.239538+00:00, run_after=2025-07-15T19:31:22.239538+00:00
[2025-07-15T19:31:22.248+0000] {processor.py:179} INFO - Processing /opt/airflow/dags/dbt_build_monolith.py took 0.058 seconds
[2025-07-15T19:31:52.594+0000] {processor.py:157} INFO - Started process (PID=2868) to work on /opt/airflow/dags/dbt_build_monolith.py
[2025-07-15T19:31:52.595+0000] {processor.py:826} INFO - Processing file /opt/airflow/dags/dbt_build_monolith.py for tasks to queue
[2025-07-15T19:31:52.596+0000] {logging_mixin.py:150} INFO - [2025-07-15T19:31:52.596+0000] {dagbag.py:541} INFO - Filling up the DagBag from /opt/airflow/dags/dbt_build_monolith.py
[2025-07-15T19:31:52.605+0000] {logging_mixin.py:150} WARNING - /home/airflow/.local/lib/python3.7/site-packages/airflow/operators/python.py:166 RemovedInAirflow3Warning: none_failed_or_skipped Trigger Rule is deprecated. Please use `none_failed_min_one_success`.
[2025-07-15T19:31:52.607+0000] {processor.py:836} INFO - DAG(s) dict_keys(['dbt_build_monolith']) retrieved from /opt/airflow/dags/dbt_build_monolith.py
[2025-07-15T19:31:52.624+0000] {logging_mixin.py:150} INFO - [2025-07-15T19:31:52.624+0000] {dag.py:2742} INFO - Sync 1 DAGs
[2025-07-15T19:31:52.638+0000] {logging_mixin.py:150} INFO - [2025-07-15T19:31:52.637+0000] {dag.py:3508} INFO - Setting next_dagrun for dbt_build_monolith to 2025-07-15T19:28:52.637879+00:00, run_after=2025-07-15T19:31:52.637879+00:00
[2025-07-15T19:31:52.647+0000] {processor.py:179} INFO - Processing /opt/airflow/dags/dbt_build_monolith.py took 0.056 seconds
[2025-07-15T19:32:22.983+0000] {processor.py:157} INFO - Started process (PID=2906) to work on /opt/airflow/dags/dbt_build_monolith.py
[2025-07-15T19:32:22.986+0000] {processor.py:826} INFO - Processing file /opt/airflow/dags/dbt_build_monolith.py for tasks to queue
[2025-07-15T19:32:22.987+0000] {logging_mixin.py:150} INFO - [2025-07-15T19:32:22.987+0000] {dagbag.py:541} INFO - Filling up the DagBag from /opt/airflow/dags/dbt_build_monolith.py
[2025-07-15T19:32:22.993+0000] {logging_mixin.py:150} WARNING - /home/airflow/.local/lib/python3.7/site-packages/airflow/operators/python.py:166 RemovedInAirflow3Warning: none_failed_or_skipped Trigger Rule is deprecated. Please use `none_failed_min_one_success`.
[2025-07-15T19:32:22.995+0000] {processor.py:836} INFO - DAG(s) dict_keys(['dbt_build_monolith']) retrieved from /opt/airflow/dags/dbt_build_monolith.py
[2025-07-15T19:32:23.009+0000] {logging_mixin.py:150} INFO - [2025-07-15T19:32:23.009+0000] {dag.py:2742} INFO - Sync 1 DAGs
[2025-07-15T19:32:23.023+0000] {logging_mixin.py:150} INFO - [2025-07-15T19:32:23.023+0000] {dag.py:3508} INFO - Setting next_dagrun for dbt_build_monolith to 2025-07-15T19:29:23.023243+00:00, run_after=2025-07-15T19:32:23.023243+00:00
[2025-07-15T19:32:23.031+0000] {processor.py:179} INFO - Processing /opt/airflow/dags/dbt_build_monolith.py took 0.051 seconds
[2025-07-15T19:32:53.369+0000] {processor.py:157} INFO - Started process (PID=2956) to work on /opt/airflow/dags/dbt_build_monolith.py
[2025-07-15T19:32:53.370+0000] {processor.py:826} INFO - Processing file /opt/airflow/dags/dbt_build_monolith.py for tasks to queue
[2025-07-15T19:32:53.371+0000] {logging_mixin.py:150} INFO - [2025-07-15T19:32:53.370+0000] {dagbag.py:541} INFO - Filling up the DagBag from /opt/airflow/dags/dbt_build_monolith.py
[2025-07-15T19:32:53.379+0000] {logging_mixin.py:150} WARNING - /home/airflow/.local/lib/python3.7/site-packages/airflow/operators/python.py:166 RemovedInAirflow3Warning: none_failed_or_skipped Trigger Rule is deprecated. Please use `none_failed_min_one_success`.
[2025-07-15T19:32:53.382+0000] {processor.py:836} INFO - DAG(s) dict_keys(['dbt_build_monolith']) retrieved from /opt/airflow/dags/dbt_build_monolith.py
[2025-07-15T19:32:53.399+0000] {logging_mixin.py:150} INFO - [2025-07-15T19:32:53.399+0000] {dag.py:2742} INFO - Sync 1 DAGs
[2025-07-15T19:32:53.412+0000] {logging_mixin.py:150} INFO - [2025-07-15T19:32:53.412+0000] {dag.py:3508} INFO - Setting next_dagrun for dbt_build_monolith to 2025-07-15T19:29:53.412741+00:00, run_after=2025-07-15T19:32:53.412741+00:00
[2025-07-15T19:32:53.421+0000] {processor.py:179} INFO - Processing /opt/airflow/dags/dbt_build_monolith.py took 0.056 seconds
[2025-07-15T19:33:23.746+0000] {processor.py:157} INFO - Started process (PID=3003) to work on /opt/airflow/dags/dbt_build_monolith.py
[2025-07-15T19:33:23.748+0000] {processor.py:826} INFO - Processing file /opt/airflow/dags/dbt_build_monolith.py for tasks to queue
[2025-07-15T19:33:23.749+0000] {logging_mixin.py:150} INFO - [2025-07-15T19:33:23.749+0000] {dagbag.py:541} INFO - Filling up the DagBag from /opt/airflow/dags/dbt_build_monolith.py
[2025-07-15T19:33:23.756+0000] {logging_mixin.py:150} WARNING - /home/airflow/.local/lib/python3.7/site-packages/airflow/operators/python.py:166 RemovedInAirflow3Warning: none_failed_or_skipped Trigger Rule is deprecated. Please use `none_failed_min_one_success`.
[2025-07-15T19:33:23.759+0000] {processor.py:836} INFO - DAG(s) dict_keys(['dbt_build_monolith']) retrieved from /opt/airflow/dags/dbt_build_monolith.py
[2025-07-15T19:33:23.773+0000] {logging_mixin.py:150} INFO - [2025-07-15T19:33:23.773+0000] {dag.py:2742} INFO - Sync 1 DAGs
[2025-07-15T19:33:23.786+0000] {logging_mixin.py:150} INFO - [2025-07-15T19:33:23.786+0000] {dag.py:3508} INFO - Setting next_dagrun for dbt_build_monolith to 2025-07-15T19:30:23.785999+00:00, run_after=2025-07-15T19:33:23.785999+00:00
[2025-07-15T19:33:23.794+0000] {processor.py:179} INFO - Processing /opt/airflow/dags/dbt_build_monolith.py took 0.051 seconds
[2025-07-15T19:33:54.156+0000] {processor.py:157} INFO - Started process (PID=3053) to work on /opt/airflow/dags/dbt_build_monolith.py
[2025-07-15T19:33:54.157+0000] {processor.py:826} INFO - Processing file /opt/airflow/dags/dbt_build_monolith.py for tasks to queue
[2025-07-15T19:33:54.158+0000] {logging_mixin.py:150} INFO - [2025-07-15T19:33:54.158+0000] {dagbag.py:541} INFO - Filling up the DagBag from /opt/airflow/dags/dbt_build_monolith.py
[2025-07-15T19:33:54.166+0000] {logging_mixin.py:150} WARNING - /home/airflow/.local/lib/python3.7/site-packages/airflow/operators/python.py:166 RemovedInAirflow3Warning: none_failed_or_skipped Trigger Rule is deprecated. Please use `none_failed_min_one_success`.
[2025-07-15T19:33:54.168+0000] {processor.py:836} INFO - DAG(s) dict_keys(['dbt_build_monolith']) retrieved from /opt/airflow/dags/dbt_build_monolith.py
[2025-07-15T19:33:54.187+0000] {logging_mixin.py:150} INFO - [2025-07-15T19:33:54.187+0000] {dag.py:2742} INFO - Sync 1 DAGs
[2025-07-15T19:33:54.202+0000] {logging_mixin.py:150} INFO - [2025-07-15T19:33:54.202+0000] {dag.py:3508} INFO - Setting next_dagrun for dbt_build_monolith to 2025-07-15T19:30:54.202204+00:00, run_after=2025-07-15T19:33:54.202204+00:00
[2025-07-15T19:33:54.213+0000] {processor.py:179} INFO - Processing /opt/airflow/dags/dbt_build_monolith.py took 0.060 seconds
[2025-07-15T19:34:24.617+0000] {processor.py:157} INFO - Started process (PID=3091) to work on /opt/airflow/dags/dbt_build_monolith.py
[2025-07-15T19:34:24.618+0000] {processor.py:826} INFO - Processing file /opt/airflow/dags/dbt_build_monolith.py for tasks to queue
[2025-07-15T19:34:24.619+0000] {logging_mixin.py:150} INFO - [2025-07-15T19:34:24.618+0000] {dagbag.py:541} INFO - Filling up the DagBag from /opt/airflow/dags/dbt_build_monolith.py
[2025-07-15T19:34:24.627+0000] {logging_mixin.py:150} WARNING - /home/airflow/.local/lib/python3.7/site-packages/airflow/operators/python.py:166 RemovedInAirflow3Warning: none_failed_or_skipped Trigger Rule is deprecated. Please use `none_failed_min_one_success`.
[2025-07-15T19:34:24.630+0000] {processor.py:836} INFO - DAG(s) dict_keys(['dbt_build_monolith']) retrieved from /opt/airflow/dags/dbt_build_monolith.py
[2025-07-15T19:34:24.648+0000] {logging_mixin.py:150} INFO - [2025-07-15T19:34:24.648+0000] {dag.py:2742} INFO - Sync 1 DAGs
[2025-07-15T19:34:24.661+0000] {logging_mixin.py:150} INFO - [2025-07-15T19:34:24.661+0000] {dag.py:3508} INFO - Setting next_dagrun for dbt_build_monolith to 2025-07-15T19:31:24.661678+00:00, run_after=2025-07-15T19:34:24.661678+00:00
[2025-07-15T19:34:24.670+0000] {processor.py:179} INFO - Processing /opt/airflow/dags/dbt_build_monolith.py took 0.056 seconds
[2025-07-15T19:34:55.028+0000] {processor.py:157} INFO - Started process (PID=3137) to work on /opt/airflow/dags/dbt_build_monolith.py
[2025-07-15T19:34:55.029+0000] {processor.py:826} INFO - Processing file /opt/airflow/dags/dbt_build_monolith.py for tasks to queue
[2025-07-15T19:34:55.029+0000] {logging_mixin.py:150} INFO - [2025-07-15T19:34:55.029+0000] {dagbag.py:541} INFO - Filling up the DagBag from /opt/airflow/dags/dbt_build_monolith.py
[2025-07-15T19:34:55.037+0000] {logging_mixin.py:150} WARNING - /home/airflow/.local/lib/python3.7/site-packages/airflow/operators/python.py:166 RemovedInAirflow3Warning: none_failed_or_skipped Trigger Rule is deprecated. Please use `none_failed_min_one_success`.
[2025-07-15T19:34:55.040+0000] {processor.py:836} INFO - DAG(s) dict_keys(['dbt_build_monolith']) retrieved from /opt/airflow/dags/dbt_build_monolith.py
[2025-07-15T19:34:55.057+0000] {logging_mixin.py:150} INFO - [2025-07-15T19:34:55.057+0000] {dag.py:2742} INFO - Sync 1 DAGs
[2025-07-15T19:34:55.070+0000] {logging_mixin.py:150} INFO - [2025-07-15T19:34:55.070+0000] {dag.py:3508} INFO - Setting next_dagrun for dbt_build_monolith to 2025-07-15T19:31:55.070538+00:00, run_after=2025-07-15T19:34:55.070538+00:00
[2025-07-15T19:34:55.079+0000] {processor.py:179} INFO - Processing /opt/airflow/dags/dbt_build_monolith.py took 0.055 seconds
[2025-07-15T19:35:25.414+0000] {processor.py:157} INFO - Started process (PID=3187) to work on /opt/airflow/dags/dbt_build_monolith.py
[2025-07-15T19:35:25.415+0000] {processor.py:826} INFO - Processing file /opt/airflow/dags/dbt_build_monolith.py for tasks to queue
[2025-07-15T19:35:25.418+0000] {logging_mixin.py:150} INFO - [2025-07-15T19:35:25.418+0000] {dagbag.py:541} INFO - Filling up the DagBag from /opt/airflow/dags/dbt_build_monolith.py
[2025-07-15T19:35:25.427+0000] {logging_mixin.py:150} WARNING - /home/airflow/.local/lib/python3.7/site-packages/airflow/operators/python.py:166 RemovedInAirflow3Warning: none_failed_or_skipped Trigger Rule is deprecated. Please use `none_failed_min_one_success`.
[2025-07-15T19:35:25.430+0000] {processor.py:836} INFO - DAG(s) dict_keys(['dbt_build_monolith']) retrieved from /opt/airflow/dags/dbt_build_monolith.py
[2025-07-15T19:35:25.448+0000] {logging_mixin.py:150} INFO - [2025-07-15T19:35:25.447+0000] {dag.py:2742} INFO - Sync 1 DAGs
[2025-07-15T19:35:25.460+0000] {logging_mixin.py:150} INFO - [2025-07-15T19:35:25.460+0000] {dag.py:3508} INFO - Setting next_dagrun for dbt_build_monolith to 2025-07-15T19:32:25.460496+00:00, run_after=2025-07-15T19:35:25.460496+00:00
[2025-07-15T19:35:25.468+0000] {processor.py:179} INFO - Processing /opt/airflow/dags/dbt_build_monolith.py took 0.059 seconds
[2025-07-15T19:35:55.822+0000] {processor.py:157} INFO - Started process (PID=3237) to work on /opt/airflow/dags/dbt_build_monolith.py
[2025-07-15T19:35:55.823+0000] {processor.py:826} INFO - Processing file /opt/airflow/dags/dbt_build_monolith.py for tasks to queue
[2025-07-15T19:35:55.824+0000] {logging_mixin.py:150} INFO - [2025-07-15T19:35:55.823+0000] {dagbag.py:541} INFO - Filling up the DagBag from /opt/airflow/dags/dbt_build_monolith.py
[2025-07-15T19:35:55.831+0000] {logging_mixin.py:150} WARNING - /home/airflow/.local/lib/python3.7/site-packages/airflow/operators/python.py:166 RemovedInAirflow3Warning: none_failed_or_skipped Trigger Rule is deprecated. Please use `none_failed_min_one_success`.
[2025-07-15T19:35:55.834+0000] {processor.py:836} INFO - DAG(s) dict_keys(['dbt_build_monolith']) retrieved from /opt/airflow/dags/dbt_build_monolith.py
[2025-07-15T19:35:55.850+0000] {logging_mixin.py:150} INFO - [2025-07-15T19:35:55.850+0000] {dag.py:2742} INFO - Sync 1 DAGs
[2025-07-15T19:35:55.864+0000] {logging_mixin.py:150} INFO - [2025-07-15T19:35:55.863+0000] {dag.py:3508} INFO - Setting next_dagrun for dbt_build_monolith to 2025-07-15T19:32:55.863835+00:00, run_after=2025-07-15T19:35:55.863835+00:00
[2025-07-15T19:35:55.871+0000] {processor.py:179} INFO - Processing /opt/airflow/dags/dbt_build_monolith.py took 0.052 seconds
[2025-07-15T19:36:26.186+0000] {processor.py:157} INFO - Started process (PID=3275) to work on /opt/airflow/dags/dbt_build_monolith.py
[2025-07-15T19:36:26.187+0000] {processor.py:826} INFO - Processing file /opt/airflow/dags/dbt_build_monolith.py for tasks to queue
[2025-07-15T19:36:26.187+0000] {logging_mixin.py:150} INFO - [2025-07-15T19:36:26.187+0000] {dagbag.py:541} INFO - Filling up the DagBag from /opt/airflow/dags/dbt_build_monolith.py
[2025-07-15T19:36:26.196+0000] {logging_mixin.py:150} WARNING - /home/airflow/.local/lib/python3.7/site-packages/airflow/operators/python.py:166 RemovedInAirflow3Warning: none_failed_or_skipped Trigger Rule is deprecated. Please use `none_failed_min_one_success`.
[2025-07-15T19:36:26.199+0000] {processor.py:836} INFO - DAG(s) dict_keys(['dbt_build_monolith']) retrieved from /opt/airflow/dags/dbt_build_monolith.py
[2025-07-15T19:36:26.213+0000] {logging_mixin.py:150} INFO - [2025-07-15T19:36:26.213+0000] {dag.py:2742} INFO - Sync 1 DAGs
[2025-07-15T19:36:26.226+0000] {logging_mixin.py:150} INFO - [2025-07-15T19:36:26.226+0000] {dag.py:3508} INFO - Setting next_dagrun for dbt_build_monolith to 2025-07-15T19:33:26.226318+00:00, run_after=2025-07-15T19:36:26.226318+00:00
[2025-07-15T19:36:26.235+0000] {processor.py:179} INFO - Processing /opt/airflow/dags/dbt_build_monolith.py took 0.052 seconds
[2025-07-15T19:36:56.517+0000] {processor.py:157} INFO - Started process (PID=3330) to work on /opt/airflow/dags/dbt_build_monolith.py
[2025-07-15T19:36:56.518+0000] {processor.py:826} INFO - Processing file /opt/airflow/dags/dbt_build_monolith.py for tasks to queue
[2025-07-15T19:36:56.519+0000] {logging_mixin.py:150} INFO - [2025-07-15T19:36:56.519+0000] {dagbag.py:541} INFO - Filling up the DagBag from /opt/airflow/dags/dbt_build_monolith.py
[2025-07-15T19:36:56.527+0000] {logging_mixin.py:150} WARNING - /home/airflow/.local/lib/python3.7/site-packages/airflow/operators/python.py:166 RemovedInAirflow3Warning: none_failed_or_skipped Trigger Rule is deprecated. Please use `none_failed_min_one_success`.
[2025-07-15T19:36:56.530+0000] {processor.py:836} INFO - DAG(s) dict_keys(['dbt_build_monolith']) retrieved from /opt/airflow/dags/dbt_build_monolith.py
[2025-07-15T19:36:56.547+0000] {logging_mixin.py:150} INFO - [2025-07-15T19:36:56.547+0000] {dag.py:2742} INFO - Sync 1 DAGs
[2025-07-15T19:36:56.561+0000] {logging_mixin.py:150} INFO - [2025-07-15T19:36:56.561+0000] {dag.py:3508} INFO - Setting next_dagrun for dbt_build_monolith to 2025-07-15T19:36:26.226318+00:00, run_after=2025-07-15T19:39:26.226318+00:00
[2025-07-15T19:36:56.569+0000] {processor.py:179} INFO - Processing /opt/airflow/dags/dbt_build_monolith.py took 0.055 seconds
[2025-07-15T19:37:26.789+0000] {processor.py:157} INFO - Started process (PID=3381) to work on /opt/airflow/dags/dbt_build_monolith.py
[2025-07-15T19:37:26.789+0000] {processor.py:826} INFO - Processing file /opt/airflow/dags/dbt_build_monolith.py for tasks to queue
[2025-07-15T19:37:26.791+0000] {logging_mixin.py:150} INFO - [2025-07-15T19:37:26.790+0000] {dagbag.py:541} INFO - Filling up the DagBag from /opt/airflow/dags/dbt_build_monolith.py
[2025-07-15T19:37:26.797+0000] {logging_mixin.py:150} WARNING - /home/airflow/.local/lib/python3.7/site-packages/airflow/operators/python.py:166 RemovedInAirflow3Warning: none_failed_or_skipped Trigger Rule is deprecated. Please use `none_failed_min_one_success`.
[2025-07-15T19:37:26.800+0000] {processor.py:836} INFO - DAG(s) dict_keys(['dbt_build_monolith']) retrieved from /opt/airflow/dags/dbt_build_monolith.py
[2025-07-15T19:37:26.818+0000] {logging_mixin.py:150} INFO - [2025-07-15T19:37:26.818+0000] {dag.py:2742} INFO - Sync 1 DAGs
[2025-07-15T19:37:26.833+0000] {logging_mixin.py:150} INFO - [2025-07-15T19:37:26.833+0000] {dag.py:3508} INFO - Setting next_dagrun for dbt_build_monolith to 2025-07-15T19:36:26.226318+00:00, run_after=2025-07-15T19:39:26.226318+00:00
[2025-07-15T19:37:26.843+0000] {processor.py:179} INFO - Processing /opt/airflow/dags/dbt_build_monolith.py took 0.056 seconds
[2025-07-15T19:37:57.170+0000] {processor.py:157} INFO - Started process (PID=3432) to work on /opt/airflow/dags/dbt_build_monolith.py
[2025-07-15T19:37:57.171+0000] {processor.py:826} INFO - Processing file /opt/airflow/dags/dbt_build_monolith.py for tasks to queue
[2025-07-15T19:37:57.172+0000] {logging_mixin.py:150} INFO - [2025-07-15T19:37:57.171+0000] {dagbag.py:541} INFO - Filling up the DagBag from /opt/airflow/dags/dbt_build_monolith.py
[2025-07-15T19:37:57.180+0000] {logging_mixin.py:150} WARNING - /home/airflow/.local/lib/python3.7/site-packages/airflow/operators/python.py:166 RemovedInAirflow3Warning: none_failed_or_skipped Trigger Rule is deprecated. Please use `none_failed_min_one_success`.
[2025-07-15T19:37:57.183+0000] {processor.py:836} INFO - DAG(s) dict_keys(['dbt_build_monolith']) retrieved from /opt/airflow/dags/dbt_build_monolith.py
[2025-07-15T19:37:57.200+0000] {logging_mixin.py:150} INFO - [2025-07-15T19:37:57.200+0000] {dag.py:2742} INFO - Sync 1 DAGs
[2025-07-15T19:37:57.214+0000] {logging_mixin.py:150} INFO - [2025-07-15T19:37:57.214+0000] {dag.py:3508} INFO - Setting next_dagrun for dbt_build_monolith to 2025-07-15T19:36:26.226318+00:00, run_after=2025-07-15T19:39:26.226318+00:00
[2025-07-15T19:37:57.222+0000] {processor.py:179} INFO - Processing /opt/airflow/dags/dbt_build_monolith.py took 0.056 seconds
[2025-07-15T19:38:27.493+0000] {processor.py:157} INFO - Started process (PID=3481) to work on /opt/airflow/dags/dbt_build_monolith.py
[2025-07-15T19:38:27.494+0000] {processor.py:826} INFO - Processing file /opt/airflow/dags/dbt_build_monolith.py for tasks to queue
[2025-07-15T19:38:27.494+0000] {logging_mixin.py:150} INFO - [2025-07-15T19:38:27.494+0000] {dagbag.py:541} INFO - Filling up the DagBag from /opt/airflow/dags/dbt_build_monolith.py
[2025-07-15T19:38:27.500+0000] {logging_mixin.py:150} WARNING - /home/airflow/.local/lib/python3.7/site-packages/airflow/operators/python.py:166 RemovedInAirflow3Warning: none_failed_or_skipped Trigger Rule is deprecated. Please use `none_failed_min_one_success`.
[2025-07-15T19:38:27.502+0000] {processor.py:836} INFO - DAG(s) dict_keys(['dbt_build_monolith']) retrieved from /opt/airflow/dags/dbt_build_monolith.py
[2025-07-15T19:38:27.518+0000] {logging_mixin.py:150} INFO - [2025-07-15T19:38:27.518+0000] {dag.py:2742} INFO - Sync 1 DAGs
[2025-07-15T19:38:27.530+0000] {logging_mixin.py:150} INFO - [2025-07-15T19:38:27.530+0000] {dag.py:3508} INFO - Setting next_dagrun for dbt_build_monolith to 2025-07-15T19:36:26.226318+00:00, run_after=2025-07-15T19:39:26.226318+00:00
[2025-07-15T19:38:27.538+0000] {processor.py:179} INFO - Processing /opt/airflow/dags/dbt_build_monolith.py took 0.047 seconds
[2025-07-15T19:38:45.698+0000] {processor.py:157} INFO - Started process (PID=3512) to work on /opt/airflow/dags/dbt_build_monolith.py
[2025-07-15T19:38:45.699+0000] {processor.py:826} INFO - Processing file /opt/airflow/dags/dbt_build_monolith.py for tasks to queue
[2025-07-15T19:38:45.700+0000] {logging_mixin.py:150} INFO - [2025-07-15T19:38:45.699+0000] {dagbag.py:541} INFO - Filling up the DagBag from /opt/airflow/dags/dbt_build_monolith.py
[2025-07-15T19:38:45.708+0000] {logging_mixin.py:150} WARNING - /home/airflow/.local/lib/python3.7/site-packages/airflow/operators/python.py:166 RemovedInAirflow3Warning: none_failed_or_skipped Trigger Rule is deprecated. Please use `none_failed_min_one_success`.
[2025-07-15T19:38:45.709+0000] {logging_mixin.py:150} INFO - [2025-07-15T19:38:45.708+0000] {dagbag.py:350} ERROR - Failed to import: /opt/airflow/dags/dbt_build_monolith.py
Traceback (most recent call last):
  File "/home/airflow/.local/lib/python3.7/site-packages/airflow/models/dagbag.py", line 346, in parse
    loader.exec_module(new_module)
  File "<frozen importlib._bootstrap_external>", line 728, in exec_module
  File "<frozen importlib._bootstrap>", line 219, in _call_with_frames_removed
  File "/opt/airflow/dags/dbt_build_monolith.py", line 84, in <module>
    retry=0
  File "/home/airflow/.local/lib/python3.7/site-packages/airflow/models/baseoperator.py", line 429, in apply_defaults
    result = func(self, **kwargs, default_args=default_args)
  File "/home/airflow/.local/lib/python3.7/site-packages/airflow/operators/python.py", line 166, in __init__
    super().__init__(**kwargs)
  File "/home/airflow/.local/lib/python3.7/site-packages/airflow/models/baseoperator.py", line 429, in apply_defaults
    result = func(self, **kwargs, default_args=default_args)
  File "/home/airflow/.local/lib/python3.7/site-packages/airflow/models/baseoperator.py", line 789, in __init__
    f"Invalid arguments were passed to {self.__class__.__name__} (task_id: {task_id}). "
airflow.exceptions.AirflowException: Invalid arguments were passed to PythonOperator (task_id: fail_task). Invalid arguments were:
**kwargs: {'retry': 0}
[2025-07-15T19:38:45.710+0000] {processor.py:838} WARNING - No viable dags retrieved from /opt/airflow/dags/dbt_build_monolith.py
[2025-07-15T19:38:45.721+0000] {processor.py:179} INFO - Processing /opt/airflow/dags/dbt_build_monolith.py took 0.026 seconds
[2025-07-15T19:38:49.720+0000] {processor.py:157} INFO - Started process (PID=3528) to work on /opt/airflow/dags/dbt_build_monolith.py
[2025-07-15T19:38:49.721+0000] {processor.py:826} INFO - Processing file /opt/airflow/dags/dbt_build_monolith.py for tasks to queue
[2025-07-15T19:38:49.721+0000] {logging_mixin.py:150} INFO - [2025-07-15T19:38:49.721+0000] {dagbag.py:541} INFO - Filling up the DagBag from /opt/airflow/dags/dbt_build_monolith.py
[2025-07-15T19:38:49.726+0000] {logging_mixin.py:150} WARNING - /home/airflow/.local/lib/python3.7/site-packages/airflow/operators/python.py:166 RemovedInAirflow3Warning: none_failed_or_skipped Trigger Rule is deprecated. Please use `none_failed_min_one_success`.
[2025-07-15T19:38:49.727+0000] {logging_mixin.py:150} INFO - [2025-07-15T19:38:49.726+0000] {dagbag.py:350} ERROR - Failed to import: /opt/airflow/dags/dbt_build_monolith.py
Traceback (most recent call last):
  File "/home/airflow/.local/lib/python3.7/site-packages/airflow/models/dagbag.py", line 346, in parse
    loader.exec_module(new_module)
  File "<frozen importlib._bootstrap_external>", line 728, in exec_module
  File "<frozen importlib._bootstrap>", line 219, in _call_with_frames_removed
  File "/opt/airflow/dags/dbt_build_monolith.py", line 84, in <module>
    retry=0,
  File "/home/airflow/.local/lib/python3.7/site-packages/airflow/models/baseoperator.py", line 429, in apply_defaults
    result = func(self, **kwargs, default_args=default_args)
  File "/home/airflow/.local/lib/python3.7/site-packages/airflow/operators/python.py", line 166, in __init__
    super().__init__(**kwargs)
  File "/home/airflow/.local/lib/python3.7/site-packages/airflow/models/baseoperator.py", line 429, in apply_defaults
    result = func(self, **kwargs, default_args=default_args)
  File "/home/airflow/.local/lib/python3.7/site-packages/airflow/models/baseoperator.py", line 789, in __init__
    f"Invalid arguments were passed to {self.__class__.__name__} (task_id: {task_id}). "
airflow.exceptions.AirflowException: Invalid arguments were passed to PythonOperator (task_id: fail_task). Invalid arguments were:
**kwargs: {'retry': 0}
[2025-07-15T19:38:49.727+0000] {processor.py:838} WARNING - No viable dags retrieved from /opt/airflow/dags/dbt_build_monolith.py
[2025-07-15T19:38:49.735+0000] {processor.py:179} INFO - Processing /opt/airflow/dags/dbt_build_monolith.py took 0.016 seconds
[2025-07-15T19:39:12.946+0000] {processor.py:157} INFO - Started process (PID=3562) to work on /opt/airflow/dags/dbt_build_monolith.py
[2025-07-15T19:39:12.947+0000] {processor.py:826} INFO - Processing file /opt/airflow/dags/dbt_build_monolith.py for tasks to queue
[2025-07-15T19:39:12.948+0000] {logging_mixin.py:150} INFO - [2025-07-15T19:39:12.948+0000] {dagbag.py:541} INFO - Filling up the DagBag from /opt/airflow/dags/dbt_build_monolith.py
[2025-07-15T19:39:12.963+0000] {logging_mixin.py:150} WARNING - /home/airflow/.local/lib/python3.7/site-packages/airflow/operators/python.py:166 RemovedInAirflow3Warning: none_failed_or_skipped Trigger Rule is deprecated. Please use `none_failed_min_one_success`.
[2025-07-15T19:39:12.965+0000] {processor.py:836} INFO - DAG(s) dict_keys(['dbt_build_monolith']) retrieved from /opt/airflow/dags/dbt_build_monolith.py
[2025-07-15T19:39:13.024+0000] {logging_mixin.py:150} INFO - [2025-07-15T19:39:13.024+0000] {dag.py:2742} INFO - Sync 1 DAGs
[2025-07-15T19:39:13.035+0000] {logging_mixin.py:150} INFO - [2025-07-15T19:39:13.035+0000] {dag.py:3508} INFO - Setting next_dagrun for dbt_build_monolith to 2025-07-15T19:36:26.226318+00:00, run_after=2025-07-15T19:39:26.226318+00:00
[2025-07-15T19:39:13.043+0000] {processor.py:179} INFO - Processing /opt/airflow/dags/dbt_build_monolith.py took 0.101 seconds
[2025-07-15T19:39:43.330+0000] {processor.py:157} INFO - Started process (PID=3608) to work on /opt/airflow/dags/dbt_build_monolith.py
[2025-07-15T19:39:43.331+0000] {processor.py:826} INFO - Processing file /opt/airflow/dags/dbt_build_monolith.py for tasks to queue
[2025-07-15T19:39:43.331+0000] {logging_mixin.py:150} INFO - [2025-07-15T19:39:43.331+0000] {dagbag.py:541} INFO - Filling up the DagBag from /opt/airflow/dags/dbt_build_monolith.py
[2025-07-15T19:39:43.341+0000] {logging_mixin.py:150} WARNING - /home/airflow/.local/lib/python3.7/site-packages/airflow/operators/python.py:166 RemovedInAirflow3Warning: none_failed_or_skipped Trigger Rule is deprecated. Please use `none_failed_min_one_success`.
[2025-07-15T19:39:43.343+0000] {processor.py:836} INFO - DAG(s) dict_keys(['dbt_build_monolith']) retrieved from /opt/airflow/dags/dbt_build_monolith.py
[2025-07-15T19:39:43.360+0000] {logging_mixin.py:150} INFO - [2025-07-15T19:39:43.360+0000] {dag.py:2742} INFO - Sync 1 DAGs
[2025-07-15T19:39:43.374+0000] {logging_mixin.py:150} INFO - [2025-07-15T19:39:43.374+0000] {dag.py:3508} INFO - Setting next_dagrun for dbt_build_monolith to 2025-07-15T19:36:43.374004+00:00, run_after=2025-07-15T19:39:43.374004+00:00
[2025-07-15T19:39:43.382+0000] {processor.py:179} INFO - Processing /opt/airflow/dags/dbt_build_monolith.py took 0.055 seconds
[2025-07-15T19:40:13.676+0000] {processor.py:157} INFO - Started process (PID=3671) to work on /opt/airflow/dags/dbt_build_monolith.py
[2025-07-15T19:40:13.678+0000] {processor.py:826} INFO - Processing file /opt/airflow/dags/dbt_build_monolith.py for tasks to queue
[2025-07-15T19:40:13.679+0000] {logging_mixin.py:150} INFO - [2025-07-15T19:40:13.679+0000] {dagbag.py:541} INFO - Filling up the DagBag from /opt/airflow/dags/dbt_build_monolith.py
[2025-07-15T19:40:13.685+0000] {logging_mixin.py:150} WARNING - /home/airflow/.local/lib/python3.7/site-packages/airflow/operators/python.py:166 RemovedInAirflow3Warning: none_failed_or_skipped Trigger Rule is deprecated. Please use `none_failed_min_one_success`.
[2025-07-15T19:40:13.687+0000] {processor.py:836} INFO - DAG(s) dict_keys(['dbt_build_monolith']) retrieved from /opt/airflow/dags/dbt_build_monolith.py
[2025-07-15T19:40:13.709+0000] {logging_mixin.py:150} INFO - [2025-07-15T19:40:13.709+0000] {dag.py:2742} INFO - Sync 1 DAGs
[2025-07-15T19:40:13.734+0000] {logging_mixin.py:150} INFO - [2025-07-15T19:40:13.734+0000] {dag.py:3508} INFO - Setting next_dagrun for dbt_build_monolith to 2025-07-15T19:39:43.374004+00:00, run_after=2025-07-15T19:42:43.374004+00:00
[2025-07-15T19:40:13.746+0000] {processor.py:179} INFO - Processing /opt/airflow/dags/dbt_build_monolith.py took 0.071 seconds
[2025-07-15T19:40:44.015+0000] {processor.py:157} INFO - Started process (PID=3720) to work on /opt/airflow/dags/dbt_build_monolith.py
[2025-07-15T19:40:44.016+0000] {processor.py:826} INFO - Processing file /opt/airflow/dags/dbt_build_monolith.py for tasks to queue
[2025-07-15T19:40:44.016+0000] {logging_mixin.py:150} INFO - [2025-07-15T19:40:44.016+0000] {dagbag.py:541} INFO - Filling up the DagBag from /opt/airflow/dags/dbt_build_monolith.py
[2025-07-15T19:40:44.025+0000] {logging_mixin.py:150} WARNING - /home/airflow/.local/lib/python3.7/site-packages/airflow/operators/python.py:166 RemovedInAirflow3Warning: none_failed_or_skipped Trigger Rule is deprecated. Please use `none_failed_min_one_success`.
[2025-07-15T19:40:44.028+0000] {processor.py:836} INFO - DAG(s) dict_keys(['dbt_build_monolith']) retrieved from /opt/airflow/dags/dbt_build_monolith.py
[2025-07-15T19:40:44.045+0000] {logging_mixin.py:150} INFO - [2025-07-15T19:40:44.045+0000] {dag.py:2742} INFO - Sync 1 DAGs
[2025-07-15T19:40:44.059+0000] {logging_mixin.py:150} INFO - [2025-07-15T19:40:44.059+0000] {dag.py:3508} INFO - Setting next_dagrun for dbt_build_monolith to 2025-07-15T19:39:43.374004+00:00, run_after=2025-07-15T19:42:43.374004+00:00
[2025-07-15T19:40:44.067+0000] {processor.py:179} INFO - Processing /opt/airflow/dags/dbt_build_monolith.py took 0.056 seconds
[2025-07-15T19:41:14.304+0000] {processor.py:157} INFO - Started process (PID=3774) to work on /opt/airflow/dags/dbt_build_monolith.py
[2025-07-15T19:41:14.304+0000] {processor.py:826} INFO - Processing file /opt/airflow/dags/dbt_build_monolith.py for tasks to queue
[2025-07-15T19:41:14.305+0000] {logging_mixin.py:150} INFO - [2025-07-15T19:41:14.305+0000] {dagbag.py:541} INFO - Filling up the DagBag from /opt/airflow/dags/dbt_build_monolith.py
[2025-07-15T19:41:14.311+0000] {logging_mixin.py:150} WARNING - /home/airflow/.local/lib/python3.7/site-packages/airflow/operators/python.py:166 RemovedInAirflow3Warning: none_failed_or_skipped Trigger Rule is deprecated. Please use `none_failed_min_one_success`.
[2025-07-15T19:41:14.313+0000] {processor.py:836} INFO - DAG(s) dict_keys(['dbt_build_monolith']) retrieved from /opt/airflow/dags/dbt_build_monolith.py
[2025-07-15T19:41:14.328+0000] {logging_mixin.py:150} INFO - [2025-07-15T19:41:14.327+0000] {dag.py:2742} INFO - Sync 1 DAGs
[2025-07-15T19:41:14.343+0000] {logging_mixin.py:150} INFO - [2025-07-15T19:41:14.343+0000] {dag.py:3508} INFO - Setting next_dagrun for dbt_build_monolith to 2025-07-15T19:39:43.374004+00:00, run_after=2025-07-15T19:42:43.374004+00:00
[2025-07-15T19:41:14.352+0000] {processor.py:179} INFO - Processing /opt/airflow/dags/dbt_build_monolith.py took 0.051 seconds
[2025-07-15T19:41:44.679+0000] {processor.py:157} INFO - Started process (PID=3820) to work on /opt/airflow/dags/dbt_build_monolith.py
[2025-07-15T19:41:44.680+0000] {processor.py:826} INFO - Processing file /opt/airflow/dags/dbt_build_monolith.py for tasks to queue
[2025-07-15T19:41:44.680+0000] {logging_mixin.py:150} INFO - [2025-07-15T19:41:44.680+0000] {dagbag.py:541} INFO - Filling up the DagBag from /opt/airflow/dags/dbt_build_monolith.py
[2025-07-15T19:41:44.689+0000] {logging_mixin.py:150} WARNING - /home/airflow/.local/lib/python3.7/site-packages/airflow/operators/python.py:166 RemovedInAirflow3Warning: none_failed_or_skipped Trigger Rule is deprecated. Please use `none_failed_min_one_success`.
[2025-07-15T19:41:44.691+0000] {processor.py:836} INFO - DAG(s) dict_keys(['dbt_build_monolith']) retrieved from /opt/airflow/dags/dbt_build_monolith.py
[2025-07-15T19:41:44.709+0000] {logging_mixin.py:150} INFO - [2025-07-15T19:41:44.708+0000] {dag.py:2742} INFO - Sync 1 DAGs
[2025-07-15T19:41:44.722+0000] {logging_mixin.py:150} INFO - [2025-07-15T19:41:44.722+0000] {dag.py:3508} INFO - Setting next_dagrun for dbt_build_monolith to 2025-07-15T19:39:43.374004+00:00, run_after=2025-07-15T19:42:43.374004+00:00
[2025-07-15T19:41:44.730+0000] {processor.py:179} INFO - Processing /opt/airflow/dags/dbt_build_monolith.py took 0.055 seconds
[2025-07-15T19:42:15.036+0000] {processor.py:157} INFO - Started process (PID=3879) to work on /opt/airflow/dags/dbt_build_monolith.py
[2025-07-15T19:42:15.036+0000] {processor.py:826} INFO - Processing file /opt/airflow/dags/dbt_build_monolith.py for tasks to queue
[2025-07-15T19:42:15.037+0000] {logging_mixin.py:150} INFO - [2025-07-15T19:42:15.037+0000] {dagbag.py:541} INFO - Filling up the DagBag from /opt/airflow/dags/dbt_build_monolith.py
[2025-07-15T19:42:15.046+0000] {logging_mixin.py:150} WARNING - /home/airflow/.local/lib/python3.7/site-packages/airflow/operators/python.py:166 RemovedInAirflow3Warning: none_failed_or_skipped Trigger Rule is deprecated. Please use `none_failed_min_one_success`.
[2025-07-15T19:42:15.049+0000] {processor.py:836} INFO - DAG(s) dict_keys(['dbt_build_monolith']) retrieved from /opt/airflow/dags/dbt_build_monolith.py
[2025-07-15T19:42:15.067+0000] {logging_mixin.py:150} INFO - [2025-07-15T19:42:15.066+0000] {dag.py:2742} INFO - Sync 1 DAGs
[2025-07-15T19:42:15.084+0000] {logging_mixin.py:150} INFO - [2025-07-15T19:42:15.084+0000] {dag.py:3508} INFO - Setting next_dagrun for dbt_build_monolith to 2025-07-15T19:39:43.374004+00:00, run_after=2025-07-15T19:42:43.374004+00:00
[2025-07-15T19:42:15.093+0000] {processor.py:179} INFO - Processing /opt/airflow/dags/dbt_build_monolith.py took 0.062 seconds
[2025-07-15T19:42:45.381+0000] {processor.py:157} INFO - Started process (PID=3942) to work on /opt/airflow/dags/dbt_build_monolith.py
[2025-07-15T19:42:45.382+0000] {processor.py:826} INFO - Processing file /opt/airflow/dags/dbt_build_monolith.py for tasks to queue
[2025-07-15T19:42:45.382+0000] {logging_mixin.py:150} INFO - [2025-07-15T19:42:45.382+0000] {dagbag.py:541} INFO - Filling up the DagBag from /opt/airflow/dags/dbt_build_monolith.py
[2025-07-15T19:42:45.391+0000] {logging_mixin.py:150} WARNING - /home/airflow/.local/lib/python3.7/site-packages/airflow/operators/python.py:166 RemovedInAirflow3Warning: none_failed_or_skipped Trigger Rule is deprecated. Please use `none_failed_min_one_success`.
[2025-07-15T19:42:45.393+0000] {processor.py:836} INFO - DAG(s) dict_keys(['dbt_build_monolith']) retrieved from /opt/airflow/dags/dbt_build_monolith.py
[2025-07-15T19:42:45.411+0000] {logging_mixin.py:150} INFO - [2025-07-15T19:42:45.410+0000] {dag.py:2742} INFO - Sync 1 DAGs
[2025-07-15T19:42:45.424+0000] {logging_mixin.py:150} INFO - [2025-07-15T19:42:45.424+0000] {dag.py:3508} INFO - Setting next_dagrun for dbt_build_monolith to 2025-07-15T19:42:43.374004+00:00, run_after=2025-07-15T19:45:43.374004+00:00
[2025-07-15T19:42:45.432+0000] {processor.py:179} INFO - Processing /opt/airflow/dags/dbt_build_monolith.py took 0.055 seconds
[2025-07-15T19:43:15.743+0000] {processor.py:157} INFO - Started process (PID=3997) to work on /opt/airflow/dags/dbt_build_monolith.py
[2025-07-15T19:43:15.744+0000] {processor.py:826} INFO - Processing file /opt/airflow/dags/dbt_build_monolith.py for tasks to queue
[2025-07-15T19:43:15.745+0000] {logging_mixin.py:150} INFO - [2025-07-15T19:43:15.744+0000] {dagbag.py:541} INFO - Filling up the DagBag from /opt/airflow/dags/dbt_build_monolith.py
[2025-07-15T19:43:15.752+0000] {logging_mixin.py:150} WARNING - /home/airflow/.local/lib/python3.7/site-packages/airflow/operators/python.py:166 RemovedInAirflow3Warning: none_failed_or_skipped Trigger Rule is deprecated. Please use `none_failed_min_one_success`.
[2025-07-15T19:43:15.754+0000] {processor.py:836} INFO - DAG(s) dict_keys(['dbt_build_monolith']) retrieved from /opt/airflow/dags/dbt_build_monolith.py
[2025-07-15T19:43:15.770+0000] {logging_mixin.py:150} INFO - [2025-07-15T19:43:15.770+0000] {dag.py:2742} INFO - Sync 1 DAGs
[2025-07-15T19:43:15.784+0000] {logging_mixin.py:150} INFO - [2025-07-15T19:43:15.784+0000] {dag.py:3508} INFO - Setting next_dagrun for dbt_build_monolith to 2025-07-15T19:42:43.374004+00:00, run_after=2025-07-15T19:45:43.374004+00:00
[2025-07-15T19:43:15.793+0000] {processor.py:179} INFO - Processing /opt/airflow/dags/dbt_build_monolith.py took 0.054 seconds
[2025-07-15T19:43:46.067+0000] {processor.py:157} INFO - Started process (PID=4050) to work on /opt/airflow/dags/dbt_build_monolith.py
[2025-07-15T19:43:46.068+0000] {processor.py:826} INFO - Processing file /opt/airflow/dags/dbt_build_monolith.py for tasks to queue
[2025-07-15T19:43:46.069+0000] {logging_mixin.py:150} INFO - [2025-07-15T19:43:46.068+0000] {dagbag.py:541} INFO - Filling up the DagBag from /opt/airflow/dags/dbt_build_monolith.py
[2025-07-15T19:43:46.078+0000] {logging_mixin.py:150} WARNING - /home/airflow/.local/lib/python3.7/site-packages/airflow/operators/python.py:166 RemovedInAirflow3Warning: none_failed_or_skipped Trigger Rule is deprecated. Please use `none_failed_min_one_success`.
[2025-07-15T19:43:46.081+0000] {processor.py:836} INFO - DAG(s) dict_keys(['dbt_build_monolith']) retrieved from /opt/airflow/dags/dbt_build_monolith.py
[2025-07-15T19:43:46.097+0000] {logging_mixin.py:150} INFO - [2025-07-15T19:43:46.097+0000] {dag.py:2742} INFO - Sync 1 DAGs
[2025-07-15T19:43:46.111+0000] {logging_mixin.py:150} INFO - [2025-07-15T19:43:46.111+0000] {dag.py:3508} INFO - Setting next_dagrun for dbt_build_monolith to 2025-07-15T19:42:43.374004+00:00, run_after=2025-07-15T19:45:43.374004+00:00
[2025-07-15T19:43:46.121+0000] {processor.py:179} INFO - Processing /opt/airflow/dags/dbt_build_monolith.py took 0.058 seconds
[2025-07-15T19:44:16.434+0000] {processor.py:157} INFO - Started process (PID=4098) to work on /opt/airflow/dags/dbt_build_monolith.py
[2025-07-15T19:44:16.435+0000] {processor.py:826} INFO - Processing file /opt/airflow/dags/dbt_build_monolith.py for tasks to queue
[2025-07-15T19:44:16.435+0000] {logging_mixin.py:150} INFO - [2025-07-15T19:44:16.435+0000] {dagbag.py:541} INFO - Filling up the DagBag from /opt/airflow/dags/dbt_build_monolith.py
[2025-07-15T19:44:16.445+0000] {logging_mixin.py:150} WARNING - /home/airflow/.local/lib/python3.7/site-packages/airflow/operators/python.py:166 RemovedInAirflow3Warning: none_failed_or_skipped Trigger Rule is deprecated. Please use `none_failed_min_one_success`.
[2025-07-15T19:44:16.448+0000] {processor.py:836} INFO - DAG(s) dict_keys(['dbt_build_monolith']) retrieved from /opt/airflow/dags/dbt_build_monolith.py
[2025-07-15T19:44:16.463+0000] {logging_mixin.py:150} INFO - [2025-07-15T19:44:16.463+0000] {dag.py:2742} INFO - Sync 1 DAGs
[2025-07-15T19:44:16.477+0000] {logging_mixin.py:150} INFO - [2025-07-15T19:44:16.477+0000] {dag.py:3508} INFO - Setting next_dagrun for dbt_build_monolith to 2025-07-15T19:42:43.374004+00:00, run_after=2025-07-15T19:45:43.374004+00:00
[2025-07-15T19:44:16.485+0000] {processor.py:179} INFO - Processing /opt/airflow/dags/dbt_build_monolith.py took 0.055 seconds
[2025-07-15T19:44:46.788+0000] {processor.py:157} INFO - Started process (PID=4159) to work on /opt/airflow/dags/dbt_build_monolith.py
[2025-07-15T19:44:46.789+0000] {processor.py:826} INFO - Processing file /opt/airflow/dags/dbt_build_monolith.py for tasks to queue
[2025-07-15T19:44:46.789+0000] {logging_mixin.py:150} INFO - [2025-07-15T19:44:46.789+0000] {dagbag.py:541} INFO - Filling up the DagBag from /opt/airflow/dags/dbt_build_monolith.py
[2025-07-15T19:44:46.795+0000] {logging_mixin.py:150} WARNING - /home/airflow/.local/lib/python3.7/site-packages/airflow/operators/python.py:166 RemovedInAirflow3Warning: none_failed_or_skipped Trigger Rule is deprecated. Please use `none_failed_min_one_success`.
[2025-07-15T19:44:46.797+0000] {processor.py:836} INFO - DAG(s) dict_keys(['dbt_build_monolith']) retrieved from /opt/airflow/dags/dbt_build_monolith.py
[2025-07-15T19:44:46.810+0000] {logging_mixin.py:150} INFO - [2025-07-15T19:44:46.810+0000] {dag.py:2742} INFO - Sync 1 DAGs
[2025-07-15T19:44:46.823+0000] {logging_mixin.py:150} INFO - [2025-07-15T19:44:46.823+0000] {dag.py:3508} INFO - Setting next_dagrun for dbt_build_monolith to 2025-07-15T19:42:43.374004+00:00, run_after=2025-07-15T19:45:43.374004+00:00
[2025-07-15T19:44:46.831+0000] {processor.py:179} INFO - Processing /opt/airflow/dags/dbt_build_monolith.py took 0.046 seconds
[2025-07-15T19:45:17.126+0000] {processor.py:157} INFO - Started process (PID=4208) to work on /opt/airflow/dags/dbt_build_monolith.py
[2025-07-15T19:45:17.127+0000] {processor.py:826} INFO - Processing file /opt/airflow/dags/dbt_build_monolith.py for tasks to queue
[2025-07-15T19:45:17.128+0000] {logging_mixin.py:150} INFO - [2025-07-15T19:45:17.128+0000] {dagbag.py:541} INFO - Filling up the DagBag from /opt/airflow/dags/dbt_build_monolith.py
[2025-07-15T19:45:17.135+0000] {logging_mixin.py:150} WARNING - /home/airflow/.local/lib/python3.7/site-packages/airflow/operators/python.py:166 RemovedInAirflow3Warning: none_failed_or_skipped Trigger Rule is deprecated. Please use `none_failed_min_one_success`.
[2025-07-15T19:45:17.137+0000] {processor.py:836} INFO - DAG(s) dict_keys(['dbt_build_monolith']) retrieved from /opt/airflow/dags/dbt_build_monolith.py
[2025-07-15T19:45:17.154+0000] {logging_mixin.py:150} INFO - [2025-07-15T19:45:17.154+0000] {dag.py:2742} INFO - Sync 1 DAGs
[2025-07-15T19:45:17.167+0000] {logging_mixin.py:150} INFO - [2025-07-15T19:45:17.167+0000] {dag.py:3508} INFO - Setting next_dagrun for dbt_build_monolith to 2025-07-15T19:42:43.374004+00:00, run_after=2025-07-15T19:45:43.374004+00:00
[2025-07-15T19:45:17.176+0000] {processor.py:179} INFO - Processing /opt/airflow/dags/dbt_build_monolith.py took 0.053 seconds
[2025-07-15T19:45:47.418+0000] {processor.py:157} INFO - Started process (PID=4264) to work on /opt/airflow/dags/dbt_build_monolith.py
[2025-07-15T19:45:47.419+0000] {processor.py:826} INFO - Processing file /opt/airflow/dags/dbt_build_monolith.py for tasks to queue
[2025-07-15T19:45:47.420+0000] {logging_mixin.py:150} INFO - [2025-07-15T19:45:47.420+0000] {dagbag.py:541} INFO - Filling up the DagBag from /opt/airflow/dags/dbt_build_monolith.py
[2025-07-15T19:45:47.429+0000] {logging_mixin.py:150} WARNING - /home/airflow/.local/lib/python3.7/site-packages/airflow/operators/python.py:166 RemovedInAirflow3Warning: none_failed_or_skipped Trigger Rule is deprecated. Please use `none_failed_min_one_success`.
[2025-07-15T19:45:47.431+0000] {processor.py:836} INFO - DAG(s) dict_keys(['dbt_build_monolith']) retrieved from /opt/airflow/dags/dbt_build_monolith.py
[2025-07-15T19:45:47.446+0000] {logging_mixin.py:150} INFO - [2025-07-15T19:45:47.446+0000] {dag.py:2742} INFO - Sync 1 DAGs
[2025-07-15T19:45:47.459+0000] {logging_mixin.py:150} INFO - [2025-07-15T19:45:47.459+0000] {dag.py:3508} INFO - Setting next_dagrun for dbt_build_monolith to 2025-07-15T19:45:43.374004+00:00, run_after=2025-07-15T19:48:43.374004+00:00
[2025-07-15T19:45:47.467+0000] {processor.py:179} INFO - Processing /opt/airflow/dags/dbt_build_monolith.py took 0.053 seconds
[2025-07-15T19:46:17.716+0000] {processor.py:157} INFO - Started process (PID=4315) to work on /opt/airflow/dags/dbt_build_monolith.py
[2025-07-15T19:46:17.717+0000] {processor.py:826} INFO - Processing file /opt/airflow/dags/dbt_build_monolith.py for tasks to queue
[2025-07-15T19:46:17.717+0000] {logging_mixin.py:150} INFO - [2025-07-15T19:46:17.717+0000] {dagbag.py:541} INFO - Filling up the DagBag from /opt/airflow/dags/dbt_build_monolith.py
[2025-07-15T19:46:17.725+0000] {logging_mixin.py:150} WARNING - /home/airflow/.local/lib/python3.7/site-packages/airflow/operators/python.py:166 RemovedInAirflow3Warning: none_failed_or_skipped Trigger Rule is deprecated. Please use `none_failed_min_one_success`.
[2025-07-15T19:46:17.727+0000] {processor.py:836} INFO - DAG(s) dict_keys(['dbt_build_monolith']) retrieved from /opt/airflow/dags/dbt_build_monolith.py
[2025-07-15T19:46:17.743+0000] {logging_mixin.py:150} INFO - [2025-07-15T19:46:17.743+0000] {dag.py:2742} INFO - Sync 1 DAGs
[2025-07-15T19:46:17.756+0000] {logging_mixin.py:150} INFO - [2025-07-15T19:46:17.756+0000] {dag.py:3508} INFO - Setting next_dagrun for dbt_build_monolith to 2025-07-15T19:45:43.374004+00:00, run_after=2025-07-15T19:48:43.374004+00:00
[2025-07-15T19:46:17.765+0000] {processor.py:179} INFO - Processing /opt/airflow/dags/dbt_build_monolith.py took 0.053 seconds
[2025-07-15T19:46:48.048+0000] {processor.py:157} INFO - Started process (PID=4378) to work on /opt/airflow/dags/dbt_build_monolith.py
[2025-07-15T19:46:48.049+0000] {processor.py:826} INFO - Processing file /opt/airflow/dags/dbt_build_monolith.py for tasks to queue
[2025-07-15T19:46:48.049+0000] {logging_mixin.py:150} INFO - [2025-07-15T19:46:48.049+0000] {dagbag.py:541} INFO - Filling up the DagBag from /opt/airflow/dags/dbt_build_monolith.py
[2025-07-15T19:46:48.058+0000] {logging_mixin.py:150} WARNING - /home/airflow/.local/lib/python3.7/site-packages/airflow/operators/python.py:166 RemovedInAirflow3Warning: none_failed_or_skipped Trigger Rule is deprecated. Please use `none_failed_min_one_success`.
[2025-07-15T19:46:48.060+0000] {processor.py:836} INFO - DAG(s) dict_keys(['dbt_build_monolith']) retrieved from /opt/airflow/dags/dbt_build_monolith.py
[2025-07-15T19:46:48.078+0000] {logging_mixin.py:150} INFO - [2025-07-15T19:46:48.078+0000] {dag.py:2742} INFO - Sync 1 DAGs
[2025-07-15T19:46:48.093+0000] {logging_mixin.py:150} INFO - [2025-07-15T19:46:48.093+0000] {dag.py:3508} INFO - Setting next_dagrun for dbt_build_monolith to 2025-07-15T19:45:43.374004+00:00, run_after=2025-07-15T19:48:43.374004+00:00
[2025-07-15T19:46:48.102+0000] {processor.py:179} INFO - Processing /opt/airflow/dags/dbt_build_monolith.py took 0.059 seconds
[2025-07-15T19:47:18.393+0000] {processor.py:157} INFO - Started process (PID=4425) to work on /opt/airflow/dags/dbt_build_monolith.py
[2025-07-15T19:47:18.394+0000] {processor.py:826} INFO - Processing file /opt/airflow/dags/dbt_build_monolith.py for tasks to queue
[2025-07-15T19:47:18.394+0000] {logging_mixin.py:150} INFO - [2025-07-15T19:47:18.394+0000] {dagbag.py:541} INFO - Filling up the DagBag from /opt/airflow/dags/dbt_build_monolith.py
[2025-07-15T19:47:18.402+0000] {logging_mixin.py:150} WARNING - /home/airflow/.local/lib/python3.7/site-packages/airflow/operators/python.py:166 RemovedInAirflow3Warning: none_failed_or_skipped Trigger Rule is deprecated. Please use `none_failed_min_one_success`.
[2025-07-15T19:47:18.404+0000] {processor.py:836} INFO - DAG(s) dict_keys(['dbt_build_monolith']) retrieved from /opt/airflow/dags/dbt_build_monolith.py
[2025-07-15T19:47:18.420+0000] {logging_mixin.py:150} INFO - [2025-07-15T19:47:18.420+0000] {dag.py:2742} INFO - Sync 1 DAGs
[2025-07-15T19:47:18.434+0000] {logging_mixin.py:150} INFO - [2025-07-15T19:47:18.434+0000] {dag.py:3508} INFO - Setting next_dagrun for dbt_build_monolith to 2025-07-15T19:45:43.374004+00:00, run_after=2025-07-15T19:48:43.374004+00:00
[2025-07-15T19:47:18.442+0000] {processor.py:179} INFO - Processing /opt/airflow/dags/dbt_build_monolith.py took 0.053 seconds
[2025-07-15T19:47:48.754+0000] {processor.py:157} INFO - Started process (PID=4489) to work on /opt/airflow/dags/dbt_build_monolith.py
[2025-07-15T19:47:48.755+0000] {processor.py:826} INFO - Processing file /opt/airflow/dags/dbt_build_monolith.py for tasks to queue
[2025-07-15T19:47:48.755+0000] {logging_mixin.py:150} INFO - [2025-07-15T19:47:48.755+0000] {dagbag.py:541} INFO - Filling up the DagBag from /opt/airflow/dags/dbt_build_monolith.py
[2025-07-15T19:47:48.763+0000] {logging_mixin.py:150} WARNING - /home/airflow/.local/lib/python3.7/site-packages/airflow/operators/python.py:166 RemovedInAirflow3Warning: none_failed_or_skipped Trigger Rule is deprecated. Please use `none_failed_min_one_success`.
[2025-07-15T19:47:48.766+0000] {processor.py:836} INFO - DAG(s) dict_keys(['dbt_build_monolith']) retrieved from /opt/airflow/dags/dbt_build_monolith.py
[2025-07-15T19:47:48.784+0000] {logging_mixin.py:150} INFO - [2025-07-15T19:47:48.784+0000] {dag.py:2742} INFO - Sync 1 DAGs
[2025-07-15T19:47:48.797+0000] {logging_mixin.py:150} INFO - [2025-07-15T19:47:48.797+0000] {dag.py:3508} INFO - Setting next_dagrun for dbt_build_monolith to 2025-07-15T19:45:43.374004+00:00, run_after=2025-07-15T19:48:43.374004+00:00
[2025-07-15T19:47:48.806+0000] {processor.py:179} INFO - Processing /opt/airflow/dags/dbt_build_monolith.py took 0.055 seconds
[2025-07-15T19:48:19.116+0000] {processor.py:157} INFO - Started process (PID=4536) to work on /opt/airflow/dags/dbt_build_monolith.py
[2025-07-15T19:48:19.118+0000] {processor.py:826} INFO - Processing file /opt/airflow/dags/dbt_build_monolith.py for tasks to queue
[2025-07-15T19:48:19.118+0000] {logging_mixin.py:150} INFO - [2025-07-15T19:48:19.118+0000] {dagbag.py:541} INFO - Filling up the DagBag from /opt/airflow/dags/dbt_build_monolith.py
[2025-07-15T19:48:19.126+0000] {logging_mixin.py:150} WARNING - /home/airflow/.local/lib/python3.7/site-packages/airflow/operators/python.py:166 RemovedInAirflow3Warning: none_failed_or_skipped Trigger Rule is deprecated. Please use `none_failed_min_one_success`.
[2025-07-15T19:48:19.128+0000] {processor.py:836} INFO - DAG(s) dict_keys(['dbt_build_monolith']) retrieved from /opt/airflow/dags/dbt_build_monolith.py
[2025-07-15T19:48:19.141+0000] {logging_mixin.py:150} INFO - [2025-07-15T19:48:19.141+0000] {dag.py:2742} INFO - Sync 1 DAGs
[2025-07-15T19:48:19.154+0000] {logging_mixin.py:150} INFO - [2025-07-15T19:48:19.154+0000] {dag.py:3508} INFO - Setting next_dagrun for dbt_build_monolith to 2025-07-15T19:45:43.374004+00:00, run_after=2025-07-15T19:48:43.374004+00:00
[2025-07-15T19:48:19.163+0000] {processor.py:179} INFO - Processing /opt/airflow/dags/dbt_build_monolith.py took 0.049 seconds
[2025-07-15T19:48:49.425+0000] {processor.py:157} INFO - Started process (PID=4612) to work on /opt/airflow/dags/dbt_build_monolith.py
[2025-07-15T19:48:49.427+0000] {processor.py:826} INFO - Processing file /opt/airflow/dags/dbt_build_monolith.py for tasks to queue
[2025-07-15T19:48:49.429+0000] {logging_mixin.py:150} INFO - [2025-07-15T19:48:49.429+0000] {dagbag.py:541} INFO - Filling up the DagBag from /opt/airflow/dags/dbt_build_monolith.py
[2025-07-15T19:48:49.439+0000] {logging_mixin.py:150} WARNING - /home/airflow/.local/lib/python3.7/site-packages/airflow/operators/python.py:166 RemovedInAirflow3Warning: none_failed_or_skipped Trigger Rule is deprecated. Please use `none_failed_min_one_success`.
[2025-07-15T19:48:49.441+0000] {processor.py:836} INFO - DAG(s) dict_keys(['dbt_build_monolith']) retrieved from /opt/airflow/dags/dbt_build_monolith.py
[2025-07-15T19:48:49.456+0000] {logging_mixin.py:150} INFO - [2025-07-15T19:48:49.456+0000] {dag.py:2742} INFO - Sync 1 DAGs
[2025-07-15T19:48:49.469+0000] {logging_mixin.py:150} INFO - [2025-07-15T19:48:49.469+0000] {dag.py:3508} INFO - Setting next_dagrun for dbt_build_monolith to 2025-07-15T19:48:43.374004+00:00, run_after=2025-07-15T19:51:43.374004+00:00
[2025-07-15T19:48:49.477+0000] {processor.py:179} INFO - Processing /opt/airflow/dags/dbt_build_monolith.py took 0.055 seconds
[2025-07-15T19:49:19.778+0000] {processor.py:157} INFO - Started process (PID=4678) to work on /opt/airflow/dags/dbt_build_monolith.py
[2025-07-15T19:49:19.779+0000] {processor.py:826} INFO - Processing file /opt/airflow/dags/dbt_build_monolith.py for tasks to queue
[2025-07-15T19:49:19.780+0000] {logging_mixin.py:150} INFO - [2025-07-15T19:49:19.780+0000] {dagbag.py:541} INFO - Filling up the DagBag from /opt/airflow/dags/dbt_build_monolith.py
[2025-07-15T19:49:19.787+0000] {logging_mixin.py:150} WARNING - /home/airflow/.local/lib/python3.7/site-packages/airflow/operators/python.py:166 RemovedInAirflow3Warning: none_failed_or_skipped Trigger Rule is deprecated. Please use `none_failed_min_one_success`.
[2025-07-15T19:49:19.789+0000] {processor.py:836} INFO - DAG(s) dict_keys(['dbt_build_monolith']) retrieved from /opt/airflow/dags/dbt_build_monolith.py
[2025-07-15T19:49:19.803+0000] {logging_mixin.py:150} INFO - [2025-07-15T19:49:19.803+0000] {dag.py:2742} INFO - Sync 1 DAGs
[2025-07-15T19:49:19.816+0000] {logging_mixin.py:150} INFO - [2025-07-15T19:49:19.815+0000] {dag.py:3508} INFO - Setting next_dagrun for dbt_build_monolith to 2025-07-15T19:48:43.374004+00:00, run_after=2025-07-15T19:51:43.374004+00:00
[2025-07-15T19:49:19.823+0000] {processor.py:179} INFO - Processing /opt/airflow/dags/dbt_build_monolith.py took 0.049 seconds
[2025-07-15T19:49:50.088+0000] {processor.py:157} INFO - Started process (PID=4746) to work on /opt/airflow/dags/dbt_build_monolith.py
[2025-07-15T19:49:50.089+0000] {processor.py:826} INFO - Processing file /opt/airflow/dags/dbt_build_monolith.py for tasks to queue
[2025-07-15T19:49:50.089+0000] {logging_mixin.py:150} INFO - [2025-07-15T19:49:50.089+0000] {dagbag.py:541} INFO - Filling up the DagBag from /opt/airflow/dags/dbt_build_monolith.py
[2025-07-15T19:49:50.097+0000] {logging_mixin.py:150} WARNING - /home/airflow/.local/lib/python3.7/site-packages/airflow/operators/python.py:166 RemovedInAirflow3Warning: none_failed_or_skipped Trigger Rule is deprecated. Please use `none_failed_min_one_success`.
[2025-07-15T19:49:50.100+0000] {processor.py:836} INFO - DAG(s) dict_keys(['dbt_build_monolith']) retrieved from /opt/airflow/dags/dbt_build_monolith.py
[2025-07-15T19:49:50.117+0000] {logging_mixin.py:150} INFO - [2025-07-15T19:49:50.116+0000] {dag.py:2742} INFO - Sync 1 DAGs
[2025-07-15T19:49:50.129+0000] {logging_mixin.py:150} INFO - [2025-07-15T19:49:50.129+0000] {dag.py:3508} INFO - Setting next_dagrun for dbt_build_monolith to 2025-07-15T19:48:43.374004+00:00, run_after=2025-07-15T19:51:43.374004+00:00
[2025-07-15T19:49:50.137+0000] {processor.py:179} INFO - Processing /opt/airflow/dags/dbt_build_monolith.py took 0.053 seconds
[2025-07-15T19:50:20.500+0000] {processor.py:157} INFO - Started process (PID=4808) to work on /opt/airflow/dags/dbt_build_monolith.py
[2025-07-15T19:50:20.501+0000] {processor.py:826} INFO - Processing file /opt/airflow/dags/dbt_build_monolith.py for tasks to queue
[2025-07-15T19:50:20.501+0000] {logging_mixin.py:150} INFO - [2025-07-15T19:50:20.501+0000] {dagbag.py:541} INFO - Filling up the DagBag from /opt/airflow/dags/dbt_build_monolith.py
[2025-07-15T19:50:20.509+0000] {logging_mixin.py:150} WARNING - /home/airflow/.local/lib/python3.7/site-packages/airflow/operators/python.py:166 RemovedInAirflow3Warning: none_failed_or_skipped Trigger Rule is deprecated. Please use `none_failed_min_one_success`.
[2025-07-15T19:50:20.511+0000] {processor.py:836} INFO - DAG(s) dict_keys(['dbt_build_monolith']) retrieved from /opt/airflow/dags/dbt_build_monolith.py
[2025-07-15T19:50:20.528+0000] {logging_mixin.py:150} INFO - [2025-07-15T19:50:20.528+0000] {dag.py:2742} INFO - Sync 1 DAGs
[2025-07-15T19:50:20.541+0000] {logging_mixin.py:150} INFO - [2025-07-15T19:50:20.541+0000] {dag.py:3508} INFO - Setting next_dagrun for dbt_build_monolith to 2025-07-15T19:48:43.374004+00:00, run_after=2025-07-15T19:51:43.374004+00:00
[2025-07-15T19:50:20.548+0000] {processor.py:179} INFO - Processing /opt/airflow/dags/dbt_build_monolith.py took 0.052 seconds
[2025-07-15T19:50:50.830+0000] {processor.py:157} INFO - Started process (PID=4876) to work on /opt/airflow/dags/dbt_build_monolith.py
[2025-07-15T19:50:50.830+0000] {processor.py:826} INFO - Processing file /opt/airflow/dags/dbt_build_monolith.py for tasks to queue
[2025-07-15T19:50:50.831+0000] {logging_mixin.py:150} INFO - [2025-07-15T19:50:50.831+0000] {dagbag.py:541} INFO - Filling up the DagBag from /opt/airflow/dags/dbt_build_monolith.py
[2025-07-15T19:50:50.835+0000] {logging_mixin.py:150} WARNING - /home/airflow/.local/lib/python3.7/site-packages/airflow/operators/python.py:166 RemovedInAirflow3Warning: none_failed_or_skipped Trigger Rule is deprecated. Please use `none_failed_min_one_success`.
[2025-07-15T19:50:50.836+0000] {processor.py:836} INFO - DAG(s) dict_keys(['dbt_build_monolith']) retrieved from /opt/airflow/dags/dbt_build_monolith.py
[2025-07-15T19:50:50.848+0000] {logging_mixin.py:150} INFO - [2025-07-15T19:50:50.848+0000] {dag.py:2742} INFO - Sync 1 DAGs
[2025-07-15T19:50:50.860+0000] {logging_mixin.py:150} INFO - [2025-07-15T19:50:50.860+0000] {dag.py:3508} INFO - Setting next_dagrun for dbt_build_monolith to 2025-07-15T19:48:43.374004+00:00, run_after=2025-07-15T19:51:43.374004+00:00
[2025-07-15T19:50:50.868+0000] {processor.py:179} INFO - Processing /opt/airflow/dags/dbt_build_monolith.py took 0.040 seconds
[2025-07-15T19:51:21.175+0000] {processor.py:157} INFO - Started process (PID=4928) to work on /opt/airflow/dags/dbt_build_monolith.py
[2025-07-15T19:51:21.176+0000] {processor.py:826} INFO - Processing file /opt/airflow/dags/dbt_build_monolith.py for tasks to queue
[2025-07-15T19:51:21.177+0000] {logging_mixin.py:150} INFO - [2025-07-15T19:51:21.176+0000] {dagbag.py:541} INFO - Filling up the DagBag from /opt/airflow/dags/dbt_build_monolith.py
[2025-07-15T19:51:21.186+0000] {logging_mixin.py:150} WARNING - /home/airflow/.local/lib/python3.7/site-packages/airflow/operators/python.py:166 RemovedInAirflow3Warning: none_failed_or_skipped Trigger Rule is deprecated. Please use `none_failed_min_one_success`.
[2025-07-15T19:51:21.189+0000] {processor.py:836} INFO - DAG(s) dict_keys(['dbt_build_monolith']) retrieved from /opt/airflow/dags/dbt_build_monolith.py
[2025-07-15T19:51:21.206+0000] {logging_mixin.py:150} INFO - [2025-07-15T19:51:21.206+0000] {dag.py:2742} INFO - Sync 1 DAGs
[2025-07-15T19:51:21.220+0000] {logging_mixin.py:150} INFO - [2025-07-15T19:51:21.220+0000] {dag.py:3508} INFO - Setting next_dagrun for dbt_build_monolith to 2025-07-15T19:48:43.374004+00:00, run_after=2025-07-15T19:51:43.374004+00:00
[2025-07-15T19:51:21.228+0000] {processor.py:179} INFO - Processing /opt/airflow/dags/dbt_build_monolith.py took 0.057 seconds
[2025-07-15T19:51:51.483+0000] {processor.py:157} INFO - Started process (PID=4982) to work on /opt/airflow/dags/dbt_build_monolith.py
[2025-07-15T19:51:51.484+0000] {processor.py:826} INFO - Processing file /opt/airflow/dags/dbt_build_monolith.py for tasks to queue
[2025-07-15T19:51:51.484+0000] {logging_mixin.py:150} INFO - [2025-07-15T19:51:51.484+0000] {dagbag.py:541} INFO - Filling up the DagBag from /opt/airflow/dags/dbt_build_monolith.py
[2025-07-15T19:51:51.488+0000] {logging_mixin.py:150} WARNING - /home/airflow/.local/lib/python3.7/site-packages/airflow/operators/python.py:166 RemovedInAirflow3Warning: none_failed_or_skipped Trigger Rule is deprecated. Please use `none_failed_min_one_success`.
[2025-07-15T19:51:51.490+0000] {processor.py:836} INFO - DAG(s) dict_keys(['dbt_build_monolith']) retrieved from /opt/airflow/dags/dbt_build_monolith.py
[2025-07-15T19:51:51.504+0000] {logging_mixin.py:150} INFO - [2025-07-15T19:51:51.504+0000] {dag.py:2742} INFO - Sync 1 DAGs
[2025-07-15T19:51:51.516+0000] {logging_mixin.py:150} INFO - [2025-07-15T19:51:51.516+0000] {dag.py:3508} INFO - Setting next_dagrun for dbt_build_monolith to 2025-07-15T19:51:43.374004+00:00, run_after=2025-07-15T19:54:43.374004+00:00
[2025-07-15T19:51:51.523+0000] {processor.py:179} INFO - Processing /opt/airflow/dags/dbt_build_monolith.py took 0.042 seconds
[2025-07-15T19:52:21.843+0000] {processor.py:157} INFO - Started process (PID=5033) to work on /opt/airflow/dags/dbt_build_monolith.py
[2025-07-15T19:52:21.844+0000] {processor.py:826} INFO - Processing file /opt/airflow/dags/dbt_build_monolith.py for tasks to queue
[2025-07-15T19:52:21.845+0000] {logging_mixin.py:150} INFO - [2025-07-15T19:52:21.845+0000] {dagbag.py:541} INFO - Filling up the DagBag from /opt/airflow/dags/dbt_build_monolith.py
[2025-07-15T19:52:21.854+0000] {logging_mixin.py:150} WARNING - /home/airflow/.local/lib/python3.7/site-packages/airflow/operators/python.py:166 RemovedInAirflow3Warning: none_failed_or_skipped Trigger Rule is deprecated. Please use `none_failed_min_one_success`.
[2025-07-15T19:52:21.856+0000] {processor.py:836} INFO - DAG(s) dict_keys(['dbt_build_monolith']) retrieved from /opt/airflow/dags/dbt_build_monolith.py
[2025-07-15T19:52:21.873+0000] {logging_mixin.py:150} INFO - [2025-07-15T19:52:21.873+0000] {dag.py:2742} INFO - Sync 1 DAGs
[2025-07-15T19:52:21.887+0000] {logging_mixin.py:150} INFO - [2025-07-15T19:52:21.887+0000] {dag.py:3508} INFO - Setting next_dagrun for dbt_build_monolith to 2025-07-15T19:51:43.374004+00:00, run_after=2025-07-15T19:54:43.374004+00:00
[2025-07-15T19:52:21.895+0000] {processor.py:179} INFO - Processing /opt/airflow/dags/dbt_build_monolith.py took 0.056 seconds
[2025-07-15T19:52:52.282+0000] {processor.py:157} INFO - Started process (PID=5080) to work on /opt/airflow/dags/dbt_build_monolith.py
[2025-07-15T19:52:52.283+0000] {processor.py:826} INFO - Processing file /opt/airflow/dags/dbt_build_monolith.py for tasks to queue
[2025-07-15T19:52:52.283+0000] {logging_mixin.py:150} INFO - [2025-07-15T19:52:52.283+0000] {dagbag.py:541} INFO - Filling up the DagBag from /opt/airflow/dags/dbt_build_monolith.py
[2025-07-15T19:52:52.288+0000] {logging_mixin.py:150} WARNING - /home/airflow/.local/lib/python3.7/site-packages/airflow/operators/python.py:166 RemovedInAirflow3Warning: none_failed_or_skipped Trigger Rule is deprecated. Please use `none_failed_min_one_success`.
[2025-07-15T19:52:52.290+0000] {processor.py:836} INFO - DAG(s) dict_keys(['dbt_build_monolith']) retrieved from /opt/airflow/dags/dbt_build_monolith.py
[2025-07-15T19:52:52.303+0000] {logging_mixin.py:150} INFO - [2025-07-15T19:52:52.303+0000] {dag.py:2742} INFO - Sync 1 DAGs
[2025-07-15T19:52:52.316+0000] {logging_mixin.py:150} INFO - [2025-07-15T19:52:52.316+0000] {dag.py:3508} INFO - Setting next_dagrun for dbt_build_monolith to 2025-07-15T19:51:43.374004+00:00, run_after=2025-07-15T19:54:43.374004+00:00
[2025-07-15T19:52:52.324+0000] {processor.py:179} INFO - Processing /opt/airflow/dags/dbt_build_monolith.py took 0.044 seconds
[2025-07-15T19:53:22.648+0000] {processor.py:157} INFO - Started process (PID=5126) to work on /opt/airflow/dags/dbt_build_monolith.py
[2025-07-15T19:53:22.648+0000] {processor.py:826} INFO - Processing file /opt/airflow/dags/dbt_build_monolith.py for tasks to queue
[2025-07-15T19:53:22.649+0000] {logging_mixin.py:150} INFO - [2025-07-15T19:53:22.649+0000] {dagbag.py:541} INFO - Filling up the DagBag from /opt/airflow/dags/dbt_build_monolith.py
[2025-07-15T19:53:22.655+0000] {logging_mixin.py:150} WARNING - /home/airflow/.local/lib/python3.7/site-packages/airflow/operators/python.py:166 RemovedInAirflow3Warning: none_failed_or_skipped Trigger Rule is deprecated. Please use `none_failed_min_one_success`.
[2025-07-15T19:53:22.656+0000] {processor.py:836} INFO - DAG(s) dict_keys(['dbt_build_monolith']) retrieved from /opt/airflow/dags/dbt_build_monolith.py
[2025-07-15T19:53:22.669+0000] {logging_mixin.py:150} INFO - [2025-07-15T19:53:22.669+0000] {dag.py:2742} INFO - Sync 1 DAGs
[2025-07-15T19:53:22.681+0000] {logging_mixin.py:150} INFO - [2025-07-15T19:53:22.681+0000] {dag.py:3508} INFO - Setting next_dagrun for dbt_build_monolith to 2025-07-15T19:51:43.374004+00:00, run_after=2025-07-15T19:54:43.374004+00:00
[2025-07-15T19:53:22.689+0000] {processor.py:179} INFO - Processing /opt/airflow/dags/dbt_build_monolith.py took 0.044 seconds
[2025-07-15T19:53:53.042+0000] {processor.py:157} INFO - Started process (PID=5163) to work on /opt/airflow/dags/dbt_build_monolith.py
[2025-07-15T19:53:53.043+0000] {processor.py:826} INFO - Processing file /opt/airflow/dags/dbt_build_monolith.py for tasks to queue
[2025-07-15T19:53:53.044+0000] {logging_mixin.py:150} INFO - [2025-07-15T19:53:53.044+0000] {dagbag.py:541} INFO - Filling up the DagBag from /opt/airflow/dags/dbt_build_monolith.py
[2025-07-15T19:53:53.052+0000] {logging_mixin.py:150} WARNING - /home/airflow/.local/lib/python3.7/site-packages/airflow/operators/python.py:166 RemovedInAirflow3Warning: none_failed_or_skipped Trigger Rule is deprecated. Please use `none_failed_min_one_success`.
[2025-07-15T19:53:53.055+0000] {processor.py:836} INFO - DAG(s) dict_keys(['dbt_build_monolith']) retrieved from /opt/airflow/dags/dbt_build_monolith.py
[2025-07-15T19:53:53.073+0000] {logging_mixin.py:150} INFO - [2025-07-15T19:53:53.073+0000] {dag.py:2742} INFO - Sync 1 DAGs
[2025-07-15T19:53:53.086+0000] {logging_mixin.py:150} INFO - [2025-07-15T19:53:53.086+0000] {dag.py:3508} INFO - Setting next_dagrun for dbt_build_monolith to 2025-07-15T19:51:43.374004+00:00, run_after=2025-07-15T19:54:43.374004+00:00
[2025-07-15T19:53:53.095+0000] {processor.py:179} INFO - Processing /opt/airflow/dags/dbt_build_monolith.py took 0.057 seconds
[2025-07-15T19:54:23.438+0000] {processor.py:157} INFO - Started process (PID=5207) to work on /opt/airflow/dags/dbt_build_monolith.py
[2025-07-15T19:54:23.439+0000] {processor.py:826} INFO - Processing file /opt/airflow/dags/dbt_build_monolith.py for tasks to queue
[2025-07-15T19:54:23.439+0000] {logging_mixin.py:150} INFO - [2025-07-15T19:54:23.439+0000] {dagbag.py:541} INFO - Filling up the DagBag from /opt/airflow/dags/dbt_build_monolith.py
[2025-07-15T19:54:23.446+0000] {logging_mixin.py:150} WARNING - /home/airflow/.local/lib/python3.7/site-packages/airflow/operators/python.py:166 RemovedInAirflow3Warning: none_failed_or_skipped Trigger Rule is deprecated. Please use `none_failed_min_one_success`.
[2025-07-15T19:54:23.449+0000] {processor.py:836} INFO - DAG(s) dict_keys(['dbt_build_monolith']) retrieved from /opt/airflow/dags/dbt_build_monolith.py
[2025-07-15T19:54:23.465+0000] {logging_mixin.py:150} INFO - [2025-07-15T19:54:23.465+0000] {dag.py:2742} INFO - Sync 1 DAGs
[2025-07-15T19:54:23.479+0000] {logging_mixin.py:150} INFO - [2025-07-15T19:54:23.479+0000] {dag.py:3508} INFO - Setting next_dagrun for dbt_build_monolith to 2025-07-15T19:51:43.374004+00:00, run_after=2025-07-15T19:54:43.374004+00:00
[2025-07-15T19:54:23.489+0000] {processor.py:179} INFO - Processing /opt/airflow/dags/dbt_build_monolith.py took 0.054 seconds
[2025-07-15T19:54:53.864+0000] {processor.py:157} INFO - Started process (PID=5258) to work on /opt/airflow/dags/dbt_build_monolith.py
[2025-07-15T19:54:53.865+0000] {processor.py:826} INFO - Processing file /opt/airflow/dags/dbt_build_monolith.py for tasks to queue
[2025-07-15T19:54:53.866+0000] {logging_mixin.py:150} INFO - [2025-07-15T19:54:53.866+0000] {dagbag.py:541} INFO - Filling up the DagBag from /opt/airflow/dags/dbt_build_monolith.py
[2025-07-15T19:54:53.875+0000] {logging_mixin.py:150} WARNING - /home/airflow/.local/lib/python3.7/site-packages/airflow/operators/python.py:166 RemovedInAirflow3Warning: none_failed_or_skipped Trigger Rule is deprecated. Please use `none_failed_min_one_success`.
[2025-07-15T19:54:53.877+0000] {processor.py:836} INFO - DAG(s) dict_keys(['dbt_build_monolith']) retrieved from /opt/airflow/dags/dbt_build_monolith.py
[2025-07-15T19:54:53.895+0000] {logging_mixin.py:150} INFO - [2025-07-15T19:54:53.895+0000] {dag.py:2742} INFO - Sync 1 DAGs
[2025-07-15T19:54:53.909+0000] {logging_mixin.py:150} INFO - [2025-07-15T19:54:53.908+0000] {dag.py:3508} INFO - Setting next_dagrun for dbt_build_monolith to 2025-07-15T19:54:43.374004+00:00, run_after=2025-07-15T19:57:43.374004+00:00
[2025-07-15T19:54:53.917+0000] {processor.py:179} INFO - Processing /opt/airflow/dags/dbt_build_monolith.py took 0.056 seconds
[2025-07-15T19:55:24.276+0000] {processor.py:157} INFO - Started process (PID=5308) to work on /opt/airflow/dags/dbt_build_monolith.py
[2025-07-15T19:55:24.277+0000] {processor.py:826} INFO - Processing file /opt/airflow/dags/dbt_build_monolith.py for tasks to queue
[2025-07-15T19:55:24.277+0000] {logging_mixin.py:150} INFO - [2025-07-15T19:55:24.277+0000] {dagbag.py:541} INFO - Filling up the DagBag from /opt/airflow/dags/dbt_build_monolith.py
[2025-07-15T19:55:24.286+0000] {logging_mixin.py:150} WARNING - /home/airflow/.local/lib/python3.7/site-packages/airflow/operators/python.py:166 RemovedInAirflow3Warning: none_failed_or_skipped Trigger Rule is deprecated. Please use `none_failed_min_one_success`.
[2025-07-15T19:55:24.288+0000] {processor.py:836} INFO - DAG(s) dict_keys(['dbt_build_monolith']) retrieved from /opt/airflow/dags/dbt_build_monolith.py
[2025-07-15T19:55:24.306+0000] {logging_mixin.py:150} INFO - [2025-07-15T19:55:24.306+0000] {dag.py:2742} INFO - Sync 1 DAGs
[2025-07-15T19:55:24.319+0000] {logging_mixin.py:150} INFO - [2025-07-15T19:55:24.319+0000] {dag.py:3508} INFO - Setting next_dagrun for dbt_build_monolith to 2025-07-15T19:54:43.374004+00:00, run_after=2025-07-15T19:57:43.374004+00:00
[2025-07-15T19:55:24.327+0000] {processor.py:179} INFO - Processing /opt/airflow/dags/dbt_build_monolith.py took 0.055 seconds
[2025-07-15T19:55:54.692+0000] {processor.py:157} INFO - Started process (PID=5351) to work on /opt/airflow/dags/dbt_build_monolith.py
[2025-07-15T19:55:54.692+0000] {processor.py:826} INFO - Processing file /opt/airflow/dags/dbt_build_monolith.py for tasks to queue
[2025-07-15T19:55:54.693+0000] {logging_mixin.py:150} INFO - [2025-07-15T19:55:54.693+0000] {dagbag.py:541} INFO - Filling up the DagBag from /opt/airflow/dags/dbt_build_monolith.py
[2025-07-15T19:55:54.699+0000] {logging_mixin.py:150} WARNING - /home/airflow/.local/lib/python3.7/site-packages/airflow/operators/python.py:166 RemovedInAirflow3Warning: none_failed_or_skipped Trigger Rule is deprecated. Please use `none_failed_min_one_success`.
[2025-07-15T19:55:54.702+0000] {processor.py:836} INFO - DAG(s) dict_keys(['dbt_build_monolith']) retrieved from /opt/airflow/dags/dbt_build_monolith.py
[2025-07-15T19:55:54.720+0000] {logging_mixin.py:150} INFO - [2025-07-15T19:55:54.720+0000] {dag.py:2742} INFO - Sync 1 DAGs
[2025-07-15T19:55:54.736+0000] {logging_mixin.py:150} INFO - [2025-07-15T19:55:54.736+0000] {dag.py:3508} INFO - Setting next_dagrun for dbt_build_monolith to 2025-07-15T19:54:43.374004+00:00, run_after=2025-07-15T19:57:43.374004+00:00
[2025-07-15T19:55:54.745+0000] {processor.py:179} INFO - Processing /opt/airflow/dags/dbt_build_monolith.py took 0.056 seconds
[2025-07-15T19:56:25.081+0000] {processor.py:157} INFO - Started process (PID=5398) to work on /opt/airflow/dags/dbt_build_monolith.py
[2025-07-15T19:56:25.082+0000] {processor.py:826} INFO - Processing file /opt/airflow/dags/dbt_build_monolith.py for tasks to queue
[2025-07-15T19:56:25.083+0000] {logging_mixin.py:150} INFO - [2025-07-15T19:56:25.082+0000] {dagbag.py:541} INFO - Filling up the DagBag from /opt/airflow/dags/dbt_build_monolith.py
[2025-07-15T19:56:25.092+0000] {logging_mixin.py:150} WARNING - /home/airflow/.local/lib/python3.7/site-packages/airflow/operators/python.py:166 RemovedInAirflow3Warning: none_failed_or_skipped Trigger Rule is deprecated. Please use `none_failed_min_one_success`.
[2025-07-15T19:56:25.095+0000] {processor.py:836} INFO - DAG(s) dict_keys(['dbt_build_monolith']) retrieved from /opt/airflow/dags/dbt_build_monolith.py
[2025-07-15T19:56:25.112+0000] {logging_mixin.py:150} INFO - [2025-07-15T19:56:25.112+0000] {dag.py:2742} INFO - Sync 1 DAGs
[2025-07-15T19:56:25.126+0000] {logging_mixin.py:150} INFO - [2025-07-15T19:56:25.126+0000] {dag.py:3508} INFO - Setting next_dagrun for dbt_build_monolith to 2025-07-15T19:54:43.374004+00:00, run_after=2025-07-15T19:57:43.374004+00:00
[2025-07-15T19:56:25.134+0000] {processor.py:179} INFO - Processing /opt/airflow/dags/dbt_build_monolith.py took 0.057 seconds
[2025-07-15T19:56:55.397+0000] {processor.py:157} INFO - Started process (PID=5444) to work on /opt/airflow/dags/dbt_build_monolith.py
[2025-07-15T19:56:55.398+0000] {processor.py:826} INFO - Processing file /opt/airflow/dags/dbt_build_monolith.py for tasks to queue
[2025-07-15T19:56:55.398+0000] {logging_mixin.py:150} INFO - [2025-07-15T19:56:55.398+0000] {dagbag.py:541} INFO - Filling up the DagBag from /opt/airflow/dags/dbt_build_monolith.py
[2025-07-15T19:56:55.405+0000] {logging_mixin.py:150} WARNING - /home/airflow/.local/lib/python3.7/site-packages/airflow/operators/python.py:166 RemovedInAirflow3Warning: none_failed_or_skipped Trigger Rule is deprecated. Please use `none_failed_min_one_success`.
[2025-07-15T19:56:55.407+0000] {processor.py:836} INFO - DAG(s) dict_keys(['dbt_build_monolith']) retrieved from /opt/airflow/dags/dbt_build_monolith.py
[2025-07-15T19:56:55.421+0000] {logging_mixin.py:150} INFO - [2025-07-15T19:56:55.421+0000] {dag.py:2742} INFO - Sync 1 DAGs
[2025-07-15T19:56:55.433+0000] {logging_mixin.py:150} INFO - [2025-07-15T19:56:55.432+0000] {dag.py:3508} INFO - Setting next_dagrun for dbt_build_monolith to 2025-07-15T19:54:43.374004+00:00, run_after=2025-07-15T19:57:43.374004+00:00
[2025-07-15T19:56:55.440+0000] {processor.py:179} INFO - Processing /opt/airflow/dags/dbt_build_monolith.py took 0.046 seconds
