[2025-07-15T19:37:17.920+0000] {taskinstance.py:1103} INFO - Dependencies all met for dep_context=non-requeueable deps ti=<TaskInstance: etl_failure_sensor.wait_for_etl_failure manual__2025-07-15T19:37:16.403985+00:00 [queued]>
[2025-07-15T19:37:17.923+0000] {taskinstance.py:1103} INFO - Dependencies all met for dep_context=requeueable deps ti=<TaskInstance: etl_failure_sensor.wait_for_etl_failure manual__2025-07-15T19:37:16.403985+00:00 [queued]>
[2025-07-15T19:37:17.923+0000] {taskinstance.py:1308} INFO - Starting attempt 1 of 2
[2025-07-15T19:37:17.930+0000] {taskinstance.py:1327} INFO - Executing <Task(RecentExternalTaskSensor): wait_for_etl_failure> on 2025-07-15 19:37:16.403985+00:00
[2025-07-15T19:37:17.931+0000] {standard_task_runner.py:57} INFO - Started process 3369 to run task
[2025-07-15T19:37:17.933+0000] {standard_task_runner.py:84} INFO - Running: ['***', 'tasks', 'run', 'etl_failure_sensor', 'wait_for_etl_failure', 'manual__2025-07-15T19:37:16.403985+00:00', '--job-id', '6', '--raw', '--subdir', 'DAGS_FOLDER/failure_sensor_dag.py', '--cfg-path', '/tmp/tmpkfz77ycj']
[2025-07-15T19:37:17.934+0000] {standard_task_runner.py:85} INFO - Job 6: Subtask wait_for_etl_failure
[2025-07-15T19:37:17.953+0000] {task_command.py:410} INFO - Running <TaskInstance: etl_failure_sensor.wait_for_etl_failure manual__2025-07-15T19:37:16.403985+00:00 [running]> on host 1e79179934e4
[2025-07-15T19:37:17.984+0000] {taskinstance.py:1547} INFO - Exporting env vars: AIRFLOW_CTX_DAG_OWNER='***' AIRFLOW_CTX_DAG_ID='etl_failure_sensor' AIRFLOW_CTX_TASK_ID='wait_for_etl_failure' AIRFLOW_CTX_EXECUTION_DATE='2025-07-15T19:37:16.403985+00:00' AIRFLOW_CTX_TRY_NUMBER='1' AIRFLOW_CTX_DAG_RUN_ID='manual__2025-07-15T19:37:16.403985+00:00'
[2025-07-15T19:37:17.988+0000] {recent_external_task_sensor.py:41} INFO - Poking for dbt_build_monolith.fail_task between 2025-07-15T17:37:17.988306+00:00 and 2025-07-15T19:37:17.988306+00:00, looking for states: ['failed']
[2025-07-15T19:37:17.993+0000] {recent_external_task_sensor.py:64} INFO - No matching task instances found within the time window.
[2025-07-15T19:37:18.000+0000] {taskinstance.py:1784} INFO - Rescheduling task, marking task as UP_FOR_RESCHEDULE
[2025-07-15T19:37:18.032+0000] {local_task_job_runner.py:225} INFO - Task exited with return code 0
[2025-07-15T19:37:18.046+0000] {taskinstance.py:2653} INFO - 0 downstream tasks scheduled from follow-on schedule check
[2025-07-15T19:37:48.231+0000] {taskinstance.py:1103} INFO - Dependencies all met for dep_context=non-requeueable deps ti=<TaskInstance: etl_failure_sensor.wait_for_etl_failure manual__2025-07-15T19:37:16.403985+00:00 [queued]>
[2025-07-15T19:37:48.235+0000] {taskinstance.py:1103} INFO - Dependencies all met for dep_context=requeueable deps ti=<TaskInstance: etl_failure_sensor.wait_for_etl_failure manual__2025-07-15T19:37:16.403985+00:00 [queued]>
[2025-07-15T19:37:48.235+0000] {taskinstance.py:1308} INFO - Starting attempt 1 of 2
[2025-07-15T19:37:48.241+0000] {taskinstance.py:1327} INFO - Executing <Task(RecentExternalTaskSensor): wait_for_etl_failure> on 2025-07-15 19:37:16.403985+00:00
[2025-07-15T19:37:48.243+0000] {standard_task_runner.py:57} INFO - Started process 3420 to run task
[2025-07-15T19:37:48.244+0000] {standard_task_runner.py:84} INFO - Running: ['***', 'tasks', 'run', 'etl_failure_sensor', 'wait_for_etl_failure', 'manual__2025-07-15T19:37:16.403985+00:00', '--job-id', '8', '--raw', '--subdir', 'DAGS_FOLDER/failure_sensor_dag.py', '--cfg-path', '/tmp/tmpcn1z7h8o']
[2025-07-15T19:37:48.245+0000] {standard_task_runner.py:85} INFO - Job 8: Subtask wait_for_etl_failure
[2025-07-15T19:37:48.266+0000] {task_command.py:410} INFO - Running <TaskInstance: etl_failure_sensor.wait_for_etl_failure manual__2025-07-15T19:37:16.403985+00:00 [running]> on host 1e79179934e4
[2025-07-15T19:37:48.300+0000] {taskinstance.py:1547} INFO - Exporting env vars: AIRFLOW_CTX_DAG_OWNER='***' AIRFLOW_CTX_DAG_ID='etl_failure_sensor' AIRFLOW_CTX_TASK_ID='wait_for_etl_failure' AIRFLOW_CTX_EXECUTION_DATE='2025-07-15T19:37:16.403985+00:00' AIRFLOW_CTX_TRY_NUMBER='1' AIRFLOW_CTX_DAG_RUN_ID='manual__2025-07-15T19:37:16.403985+00:00'
[2025-07-15T19:37:48.303+0000] {recent_external_task_sensor.py:41} INFO - Poking for dbt_build_monolith.fail_task between 2025-07-15T17:37:48.303840+00:00 and 2025-07-15T19:37:48.303840+00:00, looking for states: ['failed']
[2025-07-15T19:37:48.308+0000] {recent_external_task_sensor.py:64} INFO - No matching task instances found within the time window.
[2025-07-15T19:37:48.316+0000] {taskinstance.py:1784} INFO - Rescheduling task, marking task as UP_FOR_RESCHEDULE
[2025-07-15T19:37:48.344+0000] {local_task_job_runner.py:225} INFO - Task exited with return code 0
[2025-07-15T19:37:48.357+0000] {taskinstance.py:2653} INFO - 0 downstream tasks scheduled from follow-on schedule check
[2025-07-15T19:38:18.596+0000] {taskinstance.py:1103} INFO - Dependencies all met for dep_context=non-requeueable deps ti=<TaskInstance: etl_failure_sensor.wait_for_etl_failure manual__2025-07-15T19:37:16.403985+00:00 [queued]>
[2025-07-15T19:38:18.600+0000] {taskinstance.py:1103} INFO - Dependencies all met for dep_context=requeueable deps ti=<TaskInstance: etl_failure_sensor.wait_for_etl_failure manual__2025-07-15T19:37:16.403985+00:00 [queued]>
[2025-07-15T19:38:18.600+0000] {taskinstance.py:1308} INFO - Starting attempt 1 of 2
[2025-07-15T19:38:18.606+0000] {taskinstance.py:1327} INFO - Executing <Task(RecentExternalTaskSensor): wait_for_etl_failure> on 2025-07-15 19:37:16.403985+00:00
[2025-07-15T19:38:18.608+0000] {standard_task_runner.py:57} INFO - Started process 3471 to run task
[2025-07-15T19:38:18.610+0000] {standard_task_runner.py:84} INFO - Running: ['***', 'tasks', 'run', 'etl_failure_sensor', 'wait_for_etl_failure', 'manual__2025-07-15T19:37:16.403985+00:00', '--job-id', '10', '--raw', '--subdir', 'DAGS_FOLDER/failure_sensor_dag.py', '--cfg-path', '/tmp/tmpobfcd0l1']
[2025-07-15T19:38:18.611+0000] {standard_task_runner.py:85} INFO - Job 10: Subtask wait_for_etl_failure
[2025-07-15T19:38:18.631+0000] {task_command.py:410} INFO - Running <TaskInstance: etl_failure_sensor.wait_for_etl_failure manual__2025-07-15T19:37:16.403985+00:00 [running]> on host 1e79179934e4
[2025-07-15T19:38:18.662+0000] {taskinstance.py:1547} INFO - Exporting env vars: AIRFLOW_CTX_DAG_OWNER='***' AIRFLOW_CTX_DAG_ID='etl_failure_sensor' AIRFLOW_CTX_TASK_ID='wait_for_etl_failure' AIRFLOW_CTX_EXECUTION_DATE='2025-07-15T19:37:16.403985+00:00' AIRFLOW_CTX_TRY_NUMBER='1' AIRFLOW_CTX_DAG_RUN_ID='manual__2025-07-15T19:37:16.403985+00:00'
[2025-07-15T19:38:18.666+0000] {recent_external_task_sensor.py:41} INFO - Poking for dbt_build_monolith.fail_task between 2025-07-15T17:38:18.666084+00:00 and 2025-07-15T19:38:18.666084+00:00, looking for states: ['failed']
[2025-07-15T19:38:18.670+0000] {recent_external_task_sensor.py:64} INFO - No matching task instances found within the time window.
[2025-07-15T19:38:18.678+0000] {taskinstance.py:1784} INFO - Rescheduling task, marking task as UP_FOR_RESCHEDULE
[2025-07-15T19:38:18.708+0000] {local_task_job_runner.py:225} INFO - Task exited with return code 0
[2025-07-15T19:38:18.722+0000] {taskinstance.py:2653} INFO - 0 downstream tasks scheduled from follow-on schedule check
[2025-07-15T19:38:48.995+0000] {taskinstance.py:1103} INFO - Dependencies all met for dep_context=non-requeueable deps ti=<TaskInstance: etl_failure_sensor.wait_for_etl_failure manual__2025-07-15T19:37:16.403985+00:00 [queued]>
[2025-07-15T19:38:48.999+0000] {taskinstance.py:1103} INFO - Dependencies all met for dep_context=requeueable deps ti=<TaskInstance: etl_failure_sensor.wait_for_etl_failure manual__2025-07-15T19:37:16.403985+00:00 [queued]>
[2025-07-15T19:38:48.999+0000] {taskinstance.py:1308} INFO - Starting attempt 1 of 2
[2025-07-15T19:38:49.005+0000] {taskinstance.py:1327} INFO - Executing <Task(RecentExternalTaskSensor): wait_for_etl_failure> on 2025-07-15 19:37:16.403985+00:00
[2025-07-15T19:38:49.007+0000] {standard_task_runner.py:57} INFO - Started process 3518 to run task
[2025-07-15T19:38:49.009+0000] {standard_task_runner.py:84} INFO - Running: ['***', 'tasks', 'run', 'etl_failure_sensor', 'wait_for_etl_failure', 'manual__2025-07-15T19:37:16.403985+00:00', '--job-id', '12', '--raw', '--subdir', 'DAGS_FOLDER/failure_sensor_dag.py', '--cfg-path', '/tmp/tmp5ckgu0y0']
[2025-07-15T19:38:49.010+0000] {standard_task_runner.py:85} INFO - Job 12: Subtask wait_for_etl_failure
[2025-07-15T19:38:49.029+0000] {task_command.py:410} INFO - Running <TaskInstance: etl_failure_sensor.wait_for_etl_failure manual__2025-07-15T19:37:16.403985+00:00 [running]> on host 1e79179934e4
[2025-07-15T19:38:49.060+0000] {taskinstance.py:1547} INFO - Exporting env vars: AIRFLOW_CTX_DAG_OWNER='***' AIRFLOW_CTX_DAG_ID='etl_failure_sensor' AIRFLOW_CTX_TASK_ID='wait_for_etl_failure' AIRFLOW_CTX_EXECUTION_DATE='2025-07-15T19:37:16.403985+00:00' AIRFLOW_CTX_TRY_NUMBER='1' AIRFLOW_CTX_DAG_RUN_ID='manual__2025-07-15T19:37:16.403985+00:00'
[2025-07-15T19:38:49.064+0000] {recent_external_task_sensor.py:41} INFO - Poking for dbt_build_monolith.fail_task between 2025-07-15T17:38:49.064377+00:00 and 2025-07-15T19:38:49.064377+00:00, looking for states: ['failed']
[2025-07-15T19:38:49.069+0000] {recent_external_task_sensor.py:64} INFO - No matching task instances found within the time window.
[2025-07-15T19:38:49.079+0000] {taskinstance.py:1784} INFO - Rescheduling task, marking task as UP_FOR_RESCHEDULE
[2025-07-15T19:38:49.108+0000] {local_task_job_runner.py:225} INFO - Task exited with return code 0
[2025-07-15T19:38:49.122+0000] {taskinstance.py:2653} INFO - 0 downstream tasks scheduled from follow-on schedule check
[2025-07-15T19:39:19.333+0000] {taskinstance.py:1103} INFO - Dependencies all met for dep_context=non-requeueable deps ti=<TaskInstance: etl_failure_sensor.wait_for_etl_failure manual__2025-07-15T19:37:16.403985+00:00 [queued]>
[2025-07-15T19:39:19.337+0000] {taskinstance.py:1103} INFO - Dependencies all met for dep_context=requeueable deps ti=<TaskInstance: etl_failure_sensor.wait_for_etl_failure manual__2025-07-15T19:37:16.403985+00:00 [queued]>
[2025-07-15T19:39:19.337+0000] {taskinstance.py:1308} INFO - Starting attempt 1 of 2
[2025-07-15T19:39:19.344+0000] {taskinstance.py:1327} INFO - Executing <Task(RecentExternalTaskSensor): wait_for_etl_failure> on 2025-07-15 19:37:16.403985+00:00
[2025-07-15T19:39:19.346+0000] {standard_task_runner.py:57} INFO - Started process 3573 to run task
[2025-07-15T19:39:19.347+0000] {standard_task_runner.py:84} INFO - Running: ['***', 'tasks', 'run', 'etl_failure_sensor', 'wait_for_etl_failure', 'manual__2025-07-15T19:37:16.403985+00:00', '--job-id', '14', '--raw', '--subdir', 'DAGS_FOLDER/failure_sensor_dag.py', '--cfg-path', '/tmp/tmpsahmws3u']
[2025-07-15T19:39:19.348+0000] {standard_task_runner.py:85} INFO - Job 14: Subtask wait_for_etl_failure
[2025-07-15T19:39:19.368+0000] {task_command.py:410} INFO - Running <TaskInstance: etl_failure_sensor.wait_for_etl_failure manual__2025-07-15T19:37:16.403985+00:00 [running]> on host 1e79179934e4
[2025-07-15T19:39:19.400+0000] {taskinstance.py:1547} INFO - Exporting env vars: AIRFLOW_CTX_DAG_OWNER='***' AIRFLOW_CTX_DAG_ID='etl_failure_sensor' AIRFLOW_CTX_TASK_ID='wait_for_etl_failure' AIRFLOW_CTX_EXECUTION_DATE='2025-07-15T19:37:16.403985+00:00' AIRFLOW_CTX_TRY_NUMBER='1' AIRFLOW_CTX_DAG_RUN_ID='manual__2025-07-15T19:37:16.403985+00:00'
[2025-07-15T19:39:19.404+0000] {recent_external_task_sensor.py:41} INFO - Poking for dbt_build_monolith.fail_task between 2025-07-15T17:39:19.404526+00:00 and 2025-07-15T19:39:19.404526+00:00, looking for states: ['failed']
[2025-07-15T19:39:19.409+0000] {recent_external_task_sensor.py:64} INFO - No matching task instances found within the time window.
[2025-07-15T19:39:19.417+0000] {taskinstance.py:1784} INFO - Rescheduling task, marking task as UP_FOR_RESCHEDULE
[2025-07-15T19:39:19.444+0000] {local_task_job_runner.py:225} INFO - Task exited with return code 0
[2025-07-15T19:39:19.458+0000] {taskinstance.py:2653} INFO - 0 downstream tasks scheduled from follow-on schedule check
