[2025-07-17T07:16:46.185+0000] {processor.py:157} INFO - Started process (PID=185) to work on /opt/airflow/dags/messages/__init__.py
[2025-07-17T07:16:46.186+0000] {processor.py:826} INFO - Processing file /opt/airflow/dags/messages/__init__.py for tasks to queue
[2025-07-17T07:16:46.187+0000] {logging_mixin.py:150} INFO - [2025-07-17T07:16:46.187+0000] {dagbag.py:541} INFO - Filling up the DagBag from /opt/airflow/dags/messages/__init__.py
[2025-07-17T07:16:46.189+0000] {processor.py:838} WARNING - No viable dags retrieved from /opt/airflow/dags/messages/__init__.py
[2025-07-17T07:16:46.197+0000] {processor.py:179} INFO - Processing /opt/airflow/dags/messages/__init__.py took 0.013 seconds
[2025-07-17T07:17:16.652+0000] {processor.py:157} INFO - Started process (PID=246) to work on /opt/airflow/dags/messages/__init__.py
[2025-07-17T07:17:16.653+0000] {processor.py:826} INFO - Processing file /opt/airflow/dags/messages/__init__.py for tasks to queue
[2025-07-17T07:17:16.653+0000] {logging_mixin.py:150} INFO - [2025-07-17T07:17:16.653+0000] {dagbag.py:541} INFO - Filling up the DagBag from /opt/airflow/dags/messages/__init__.py
[2025-07-17T07:17:16.655+0000] {processor.py:838} WARNING - No viable dags retrieved from /opt/airflow/dags/messages/__init__.py
[2025-07-17T07:17:16.662+0000] {processor.py:179} INFO - Processing /opt/airflow/dags/messages/__init__.py took 0.012 seconds
[2025-07-17T07:17:47.145+0000] {processor.py:157} INFO - Started process (PID=307) to work on /opt/airflow/dags/messages/__init__.py
[2025-07-17T07:17:47.145+0000] {processor.py:826} INFO - Processing file /opt/airflow/dags/messages/__init__.py for tasks to queue
[2025-07-17T07:17:47.145+0000] {logging_mixin.py:150} INFO - [2025-07-17T07:17:47.145+0000] {dagbag.py:541} INFO - Filling up the DagBag from /opt/airflow/dags/messages/__init__.py
[2025-07-17T07:17:47.147+0000] {processor.py:838} WARNING - No viable dags retrieved from /opt/airflow/dags/messages/__init__.py
[2025-07-17T07:17:47.154+0000] {processor.py:179} INFO - Processing /opt/airflow/dags/messages/__init__.py took 0.011 seconds
[2025-07-17T07:18:17.656+0000] {processor.py:157} INFO - Started process (PID=367) to work on /opt/airflow/dags/messages/__init__.py
[2025-07-17T07:18:17.657+0000] {processor.py:826} INFO - Processing file /opt/airflow/dags/messages/__init__.py for tasks to queue
[2025-07-17T07:18:17.658+0000] {logging_mixin.py:150} INFO - [2025-07-17T07:18:17.657+0000] {dagbag.py:541} INFO - Filling up the DagBag from /opt/airflow/dags/messages/__init__.py
[2025-07-17T07:18:17.659+0000] {processor.py:838} WARNING - No viable dags retrieved from /opt/airflow/dags/messages/__init__.py
[2025-07-17T07:18:17.668+0000] {processor.py:179} INFO - Processing /opt/airflow/dags/messages/__init__.py took 0.014 seconds
[2025-07-17T07:18:48.164+0000] {processor.py:157} INFO - Started process (PID=426) to work on /opt/airflow/dags/messages/__init__.py
[2025-07-17T07:18:48.164+0000] {processor.py:826} INFO - Processing file /opt/airflow/dags/messages/__init__.py for tasks to queue
[2025-07-17T07:18:48.164+0000] {logging_mixin.py:150} INFO - [2025-07-17T07:18:48.164+0000] {dagbag.py:541} INFO - Filling up the DagBag from /opt/airflow/dags/messages/__init__.py
[2025-07-17T07:18:48.166+0000] {processor.py:838} WARNING - No viable dags retrieved from /opt/airflow/dags/messages/__init__.py
[2025-07-17T07:18:48.173+0000] {processor.py:179} INFO - Processing /opt/airflow/dags/messages/__init__.py took 0.012 seconds
[2025-07-17T07:19:18.639+0000] {processor.py:157} INFO - Started process (PID=487) to work on /opt/airflow/dags/messages/__init__.py
[2025-07-17T07:19:18.640+0000] {processor.py:826} INFO - Processing file /opt/airflow/dags/messages/__init__.py for tasks to queue
[2025-07-17T07:19:18.640+0000] {logging_mixin.py:150} INFO - [2025-07-17T07:19:18.640+0000] {dagbag.py:541} INFO - Filling up the DagBag from /opt/airflow/dags/messages/__init__.py
[2025-07-17T07:19:18.641+0000] {processor.py:838} WARNING - No viable dags retrieved from /opt/airflow/dags/messages/__init__.py
[2025-07-17T07:19:18.649+0000] {processor.py:179} INFO - Processing /opt/airflow/dags/messages/__init__.py took 0.012 seconds
[2025-07-17T07:19:49.113+0000] {processor.py:157} INFO - Started process (PID=549) to work on /opt/airflow/dags/messages/__init__.py
[2025-07-17T07:19:49.114+0000] {processor.py:826} INFO - Processing file /opt/airflow/dags/messages/__init__.py for tasks to queue
[2025-07-17T07:19:49.115+0000] {logging_mixin.py:150} INFO - [2025-07-17T07:19:49.114+0000] {dagbag.py:541} INFO - Filling up the DagBag from /opt/airflow/dags/messages/__init__.py
[2025-07-17T07:19:49.117+0000] {processor.py:838} WARNING - No viable dags retrieved from /opt/airflow/dags/messages/__init__.py
[2025-07-17T07:19:49.126+0000] {processor.py:179} INFO - Processing /opt/airflow/dags/messages/__init__.py took 0.015 seconds
[2025-07-17T07:20:19.662+0000] {processor.py:157} INFO - Started process (PID=610) to work on /opt/airflow/dags/messages/__init__.py
[2025-07-17T07:20:19.663+0000] {processor.py:826} INFO - Processing file /opt/airflow/dags/messages/__init__.py for tasks to queue
[2025-07-17T07:20:19.663+0000] {logging_mixin.py:150} INFO - [2025-07-17T07:20:19.663+0000] {dagbag.py:541} INFO - Filling up the DagBag from /opt/airflow/dags/messages/__init__.py
[2025-07-17T07:20:19.664+0000] {processor.py:838} WARNING - No viable dags retrieved from /opt/airflow/dags/messages/__init__.py
[2025-07-17T07:20:19.671+0000] {processor.py:179} INFO - Processing /opt/airflow/dags/messages/__init__.py took 0.011 seconds
[2025-07-17T07:20:50.229+0000] {processor.py:157} INFO - Started process (PID=658) to work on /opt/airflow/dags/messages/__init__.py
[2025-07-17T07:20:50.230+0000] {processor.py:826} INFO - Processing file /opt/airflow/dags/messages/__init__.py for tasks to queue
[2025-07-17T07:20:50.230+0000] {logging_mixin.py:150} INFO - [2025-07-17T07:20:50.230+0000] {dagbag.py:541} INFO - Filling up the DagBag from /opt/airflow/dags/messages/__init__.py
[2025-07-17T07:20:50.232+0000] {processor.py:838} WARNING - No viable dags retrieved from /opt/airflow/dags/messages/__init__.py
[2025-07-17T07:20:50.238+0000] {processor.py:179} INFO - Processing /opt/airflow/dags/messages/__init__.py took 0.010 seconds
[2025-07-17T07:21:20.567+0000] {processor.py:157} INFO - Started process (PID=701) to work on /opt/airflow/dags/messages/__init__.py
[2025-07-17T07:21:20.570+0000] {processor.py:826} INFO - Processing file /opt/airflow/dags/messages/__init__.py for tasks to queue
[2025-07-17T07:21:20.571+0000] {logging_mixin.py:150} INFO - [2025-07-17T07:21:20.571+0000] {dagbag.py:541} INFO - Filling up the DagBag from /opt/airflow/dags/messages/__init__.py
[2025-07-17T07:21:20.574+0000] {processor.py:838} WARNING - No viable dags retrieved from /opt/airflow/dags/messages/__init__.py
[2025-07-17T07:21:20.586+0000] {processor.py:179} INFO - Processing /opt/airflow/dags/messages/__init__.py took 0.021 seconds
[2025-07-17T07:21:51.167+0000] {processor.py:157} INFO - Started process (PID=763) to work on /opt/airflow/dags/messages/__init__.py
[2025-07-17T07:21:51.168+0000] {processor.py:826} INFO - Processing file /opt/airflow/dags/messages/__init__.py for tasks to queue
[2025-07-17T07:21:51.169+0000] {logging_mixin.py:150} INFO - [2025-07-17T07:21:51.169+0000] {dagbag.py:541} INFO - Filling up the DagBag from /opt/airflow/dags/messages/__init__.py
[2025-07-17T07:21:51.172+0000] {processor.py:838} WARNING - No viable dags retrieved from /opt/airflow/dags/messages/__init__.py
[2025-07-17T07:21:51.185+0000] {processor.py:179} INFO - Processing /opt/airflow/dags/messages/__init__.py took 0.021 seconds
[2025-07-17T07:22:21.595+0000] {processor.py:157} INFO - Started process (PID=820) to work on /opt/airflow/dags/messages/__init__.py
[2025-07-17T07:22:21.596+0000] {processor.py:826} INFO - Processing file /opt/airflow/dags/messages/__init__.py for tasks to queue
[2025-07-17T07:22:21.596+0000] {logging_mixin.py:150} INFO - [2025-07-17T07:22:21.596+0000] {dagbag.py:541} INFO - Filling up the DagBag from /opt/airflow/dags/messages/__init__.py
[2025-07-17T07:22:21.597+0000] {processor.py:838} WARNING - No viable dags retrieved from /opt/airflow/dags/messages/__init__.py
[2025-07-17T07:22:21.686+0000] {processor.py:179} INFO - Processing /opt/airflow/dags/messages/__init__.py took 0.093 seconds
[2025-07-17T07:22:51.957+0000] {processor.py:157} INFO - Started process (PID=867) to work on /opt/airflow/dags/messages/__init__.py
[2025-07-17T07:22:51.958+0000] {processor.py:826} INFO - Processing file /opt/airflow/dags/messages/__init__.py for tasks to queue
[2025-07-17T07:22:51.960+0000] {logging_mixin.py:150} INFO - [2025-07-17T07:22:51.959+0000] {dagbag.py:541} INFO - Filling up the DagBag from /opt/airflow/dags/messages/__init__.py
[2025-07-17T07:22:51.963+0000] {processor.py:838} WARNING - No viable dags retrieved from /opt/airflow/dags/messages/__init__.py
[2025-07-17T07:22:51.972+0000] {processor.py:179} INFO - Processing /opt/airflow/dags/messages/__init__.py took 0.018 seconds
[2025-07-17T07:23:22.376+0000] {processor.py:157} INFO - Started process (PID=924) to work on /opt/airflow/dags/messages/__init__.py
[2025-07-17T07:23:22.376+0000] {processor.py:826} INFO - Processing file /opt/airflow/dags/messages/__init__.py for tasks to queue
[2025-07-17T07:23:22.377+0000] {logging_mixin.py:150} INFO - [2025-07-17T07:23:22.377+0000] {dagbag.py:541} INFO - Filling up the DagBag from /opt/airflow/dags/messages/__init__.py
[2025-07-17T07:23:22.380+0000] {processor.py:838} WARNING - No viable dags retrieved from /opt/airflow/dags/messages/__init__.py
[2025-07-17T07:23:22.392+0000] {processor.py:179} INFO - Processing /opt/airflow/dags/messages/__init__.py took 0.020 seconds
[2025-07-17T07:23:52.655+0000] {processor.py:157} INFO - Started process (PID=981) to work on /opt/airflow/dags/messages/__init__.py
[2025-07-17T07:23:52.656+0000] {processor.py:826} INFO - Processing file /opt/airflow/dags/messages/__init__.py for tasks to queue
[2025-07-17T07:23:52.657+0000] {logging_mixin.py:150} INFO - [2025-07-17T07:23:52.656+0000] {dagbag.py:541} INFO - Filling up the DagBag from /opt/airflow/dags/messages/__init__.py
[2025-07-17T07:23:52.660+0000] {processor.py:838} WARNING - No viable dags retrieved from /opt/airflow/dags/messages/__init__.py
[2025-07-17T07:23:52.672+0000] {processor.py:179} INFO - Processing /opt/airflow/dags/messages/__init__.py took 0.020 seconds
[2025-07-17T07:24:22.981+0000] {processor.py:157} INFO - Started process (PID=1037) to work on /opt/airflow/dags/messages/__init__.py
[2025-07-17T07:24:22.983+0000] {processor.py:826} INFO - Processing file /opt/airflow/dags/messages/__init__.py for tasks to queue
[2025-07-17T07:24:22.984+0000] {logging_mixin.py:150} INFO - [2025-07-17T07:24:22.984+0000] {dagbag.py:541} INFO - Filling up the DagBag from /opt/airflow/dags/messages/__init__.py
[2025-07-17T07:24:22.986+0000] {processor.py:838} WARNING - No viable dags retrieved from /opt/airflow/dags/messages/__init__.py
[2025-07-17T07:24:22.996+0000] {processor.py:179} INFO - Processing /opt/airflow/dags/messages/__init__.py took 0.017 seconds
[2025-07-17T07:24:53.222+0000] {processor.py:157} INFO - Started process (PID=1085) to work on /opt/airflow/dags/messages/__init__.py
[2025-07-17T07:24:53.223+0000] {processor.py:826} INFO - Processing file /opt/airflow/dags/messages/__init__.py for tasks to queue
[2025-07-17T07:24:53.224+0000] {logging_mixin.py:150} INFO - [2025-07-17T07:24:53.224+0000] {dagbag.py:541} INFO - Filling up the DagBag from /opt/airflow/dags/messages/__init__.py
[2025-07-17T07:24:53.228+0000] {processor.py:838} WARNING - No viable dags retrieved from /opt/airflow/dags/messages/__init__.py
[2025-07-17T07:24:53.237+0000] {processor.py:179} INFO - Processing /opt/airflow/dags/messages/__init__.py took 0.018 seconds
[2025-07-17T07:25:23.600+0000] {processor.py:157} INFO - Started process (PID=1142) to work on /opt/airflow/dags/messages/__init__.py
[2025-07-17T07:25:23.603+0000] {processor.py:826} INFO - Processing file /opt/airflow/dags/messages/__init__.py for tasks to queue
[2025-07-17T07:25:23.604+0000] {logging_mixin.py:150} INFO - [2025-07-17T07:25:23.604+0000] {dagbag.py:541} INFO - Filling up the DagBag from /opt/airflow/dags/messages/__init__.py
[2025-07-17T07:25:23.608+0000] {processor.py:838} WARNING - No viable dags retrieved from /opt/airflow/dags/messages/__init__.py
[2025-07-17T07:25:23.621+0000] {processor.py:179} INFO - Processing /opt/airflow/dags/messages/__init__.py took 0.025 seconds
[2025-07-17T07:25:53.993+0000] {processor.py:157} INFO - Started process (PID=1199) to work on /opt/airflow/dags/messages/__init__.py
[2025-07-17T07:25:53.996+0000] {processor.py:826} INFO - Processing file /opt/airflow/dags/messages/__init__.py for tasks to queue
[2025-07-17T07:25:53.996+0000] {logging_mixin.py:150} INFO - [2025-07-17T07:25:53.996+0000] {dagbag.py:541} INFO - Filling up the DagBag from /opt/airflow/dags/messages/__init__.py
[2025-07-17T07:25:54.002+0000] {processor.py:838} WARNING - No viable dags retrieved from /opt/airflow/dags/messages/__init__.py
[2025-07-17T07:25:54.012+0000] {processor.py:179} INFO - Processing /opt/airflow/dags/messages/__init__.py took 0.022 seconds
[2025-07-17T07:26:24.366+0000] {processor.py:157} INFO - Started process (PID=1256) to work on /opt/airflow/dags/messages/__init__.py
[2025-07-17T07:26:24.367+0000] {processor.py:826} INFO - Processing file /opt/airflow/dags/messages/__init__.py for tasks to queue
[2025-07-17T07:26:24.368+0000] {logging_mixin.py:150} INFO - [2025-07-17T07:26:24.367+0000] {dagbag.py:541} INFO - Filling up the DagBag from /opt/airflow/dags/messages/__init__.py
[2025-07-17T07:26:24.370+0000] {processor.py:838} WARNING - No viable dags retrieved from /opt/airflow/dags/messages/__init__.py
[2025-07-17T07:26:24.382+0000] {processor.py:179} INFO - Processing /opt/airflow/dags/messages/__init__.py took 0.018 seconds
[2025-07-17T07:26:54.745+0000] {processor.py:157} INFO - Started process (PID=1302) to work on /opt/airflow/dags/messages/__init__.py
[2025-07-17T07:26:54.745+0000] {processor.py:826} INFO - Processing file /opt/airflow/dags/messages/__init__.py for tasks to queue
[2025-07-17T07:26:54.746+0000] {logging_mixin.py:150} INFO - [2025-07-17T07:26:54.746+0000] {dagbag.py:541} INFO - Filling up the DagBag from /opt/airflow/dags/messages/__init__.py
[2025-07-17T07:26:54.750+0000] {processor.py:838} WARNING - No viable dags retrieved from /opt/airflow/dags/messages/__init__.py
[2025-07-17T07:26:54.761+0000] {processor.py:179} INFO - Processing /opt/airflow/dags/messages/__init__.py took 0.019 seconds
[2025-07-17T07:27:25.107+0000] {processor.py:157} INFO - Started process (PID=1359) to work on /opt/airflow/dags/messages/__init__.py
[2025-07-17T07:27:25.107+0000] {processor.py:826} INFO - Processing file /opt/airflow/dags/messages/__init__.py for tasks to queue
[2025-07-17T07:27:25.108+0000] {logging_mixin.py:150} INFO - [2025-07-17T07:27:25.108+0000] {dagbag.py:541} INFO - Filling up the DagBag from /opt/airflow/dags/messages/__init__.py
[2025-07-17T07:27:25.111+0000] {processor.py:838} WARNING - No viable dags retrieved from /opt/airflow/dags/messages/__init__.py
[2025-07-17T07:27:25.122+0000] {processor.py:179} INFO - Processing /opt/airflow/dags/messages/__init__.py took 0.019 seconds
[2025-07-17T07:27:55.467+0000] {processor.py:157} INFO - Started process (PID=1416) to work on /opt/airflow/dags/messages/__init__.py
[2025-07-17T07:27:55.469+0000] {processor.py:826} INFO - Processing file /opt/airflow/dags/messages/__init__.py for tasks to queue
[2025-07-17T07:27:55.469+0000] {logging_mixin.py:150} INFO - [2025-07-17T07:27:55.469+0000] {dagbag.py:541} INFO - Filling up the DagBag from /opt/airflow/dags/messages/__init__.py
[2025-07-17T07:27:55.473+0000] {processor.py:838} WARNING - No viable dags retrieved from /opt/airflow/dags/messages/__init__.py
[2025-07-17T07:27:55.483+0000] {processor.py:179} INFO - Processing /opt/airflow/dags/messages/__init__.py took 0.019 seconds
[2025-07-17T07:28:25.850+0000] {processor.py:157} INFO - Started process (PID=1472) to work on /opt/airflow/dags/messages/__init__.py
[2025-07-17T07:28:25.851+0000] {processor.py:826} INFO - Processing file /opt/airflow/dags/messages/__init__.py for tasks to queue
[2025-07-17T07:28:25.852+0000] {logging_mixin.py:150} INFO - [2025-07-17T07:28:25.851+0000] {dagbag.py:541} INFO - Filling up the DagBag from /opt/airflow/dags/messages/__init__.py
[2025-07-17T07:28:25.857+0000] {processor.py:838} WARNING - No viable dags retrieved from /opt/airflow/dags/messages/__init__.py
[2025-07-17T07:28:25.866+0000] {processor.py:179} INFO - Processing /opt/airflow/dags/messages/__init__.py took 0.019 seconds
[2025-07-17T07:28:56.186+0000] {processor.py:157} INFO - Started process (PID=1520) to work on /opt/airflow/dags/messages/__init__.py
[2025-07-17T07:28:56.186+0000] {processor.py:826} INFO - Processing file /opt/airflow/dags/messages/__init__.py for tasks to queue
[2025-07-17T07:28:56.187+0000] {logging_mixin.py:150} INFO - [2025-07-17T07:28:56.187+0000] {dagbag.py:541} INFO - Filling up the DagBag from /opt/airflow/dags/messages/__init__.py
[2025-07-17T07:28:56.191+0000] {processor.py:838} WARNING - No viable dags retrieved from /opt/airflow/dags/messages/__init__.py
[2025-07-17T07:28:56.204+0000] {processor.py:179} INFO - Processing /opt/airflow/dags/messages/__init__.py took 0.021 seconds
[2025-07-17T07:29:26.567+0000] {processor.py:157} INFO - Started process (PID=1577) to work on /opt/airflow/dags/messages/__init__.py
[2025-07-17T07:29:26.568+0000] {processor.py:826} INFO - Processing file /opt/airflow/dags/messages/__init__.py for tasks to queue
[2025-07-17T07:29:26.568+0000] {logging_mixin.py:150} INFO - [2025-07-17T07:29:26.568+0000] {dagbag.py:541} INFO - Filling up the DagBag from /opt/airflow/dags/messages/__init__.py
[2025-07-17T07:29:26.572+0000] {processor.py:838} WARNING - No viable dags retrieved from /opt/airflow/dags/messages/__init__.py
[2025-07-17T07:29:26.585+0000] {processor.py:179} INFO - Processing /opt/airflow/dags/messages/__init__.py took 0.022 seconds
[2025-07-17T07:29:56.967+0000] {processor.py:157} INFO - Started process (PID=1634) to work on /opt/airflow/dags/messages/__init__.py
[2025-07-17T07:29:56.968+0000] {processor.py:826} INFO - Processing file /opt/airflow/dags/messages/__init__.py for tasks to queue
[2025-07-17T07:29:56.969+0000] {logging_mixin.py:150} INFO - [2025-07-17T07:29:56.969+0000] {dagbag.py:541} INFO - Filling up the DagBag from /opt/airflow/dags/messages/__init__.py
[2025-07-17T07:29:56.971+0000] {processor.py:838} WARNING - No viable dags retrieved from /opt/airflow/dags/messages/__init__.py
[2025-07-17T07:29:56.984+0000] {processor.py:179} INFO - Processing /opt/airflow/dags/messages/__init__.py took 0.020 seconds
[2025-07-17T07:30:27.394+0000] {processor.py:157} INFO - Started process (PID=1691) to work on /opt/airflow/dags/messages/__init__.py
[2025-07-17T07:30:27.395+0000] {processor.py:826} INFO - Processing file /opt/airflow/dags/messages/__init__.py for tasks to queue
[2025-07-17T07:30:27.395+0000] {logging_mixin.py:150} INFO - [2025-07-17T07:30:27.395+0000] {dagbag.py:541} INFO - Filling up the DagBag from /opt/airflow/dags/messages/__init__.py
[2025-07-17T07:30:27.398+0000] {processor.py:838} WARNING - No viable dags retrieved from /opt/airflow/dags/messages/__init__.py
[2025-07-17T07:30:27.410+0000] {processor.py:179} INFO - Processing /opt/airflow/dags/messages/__init__.py took 0.020 seconds
[2025-07-17T07:30:57.771+0000] {processor.py:157} INFO - Started process (PID=1739) to work on /opt/airflow/dags/messages/__init__.py
[2025-07-17T07:30:57.772+0000] {processor.py:826} INFO - Processing file /opt/airflow/dags/messages/__init__.py for tasks to queue
[2025-07-17T07:30:57.773+0000] {logging_mixin.py:150} INFO - [2025-07-17T07:30:57.772+0000] {dagbag.py:541} INFO - Filling up the DagBag from /opt/airflow/dags/messages/__init__.py
[2025-07-17T07:30:57.776+0000] {processor.py:838} WARNING - No viable dags retrieved from /opt/airflow/dags/messages/__init__.py
[2025-07-17T07:30:57.788+0000] {processor.py:179} INFO - Processing /opt/airflow/dags/messages/__init__.py took 0.020 seconds
[2025-07-17T07:31:28.131+0000] {processor.py:157} INFO - Started process (PID=1808) to work on /opt/airflow/dags/messages/__init__.py
[2025-07-17T07:31:28.132+0000] {processor.py:826} INFO - Processing file /opt/airflow/dags/messages/__init__.py for tasks to queue
[2025-07-17T07:31:28.133+0000] {logging_mixin.py:150} INFO - [2025-07-17T07:31:28.132+0000] {dagbag.py:541} INFO - Filling up the DagBag from /opt/airflow/dags/messages/__init__.py
[2025-07-17T07:31:28.135+0000] {processor.py:838} WARNING - No viable dags retrieved from /opt/airflow/dags/messages/__init__.py
[2025-07-17T07:31:28.149+0000] {processor.py:179} INFO - Processing /opt/airflow/dags/messages/__init__.py took 0.021 seconds
[2025-07-17T07:31:58.596+0000] {processor.py:157} INFO - Started process (PID=1876) to work on /opt/airflow/dags/messages/__init__.py
[2025-07-17T07:31:58.597+0000] {processor.py:826} INFO - Processing file /opt/airflow/dags/messages/__init__.py for tasks to queue
[2025-07-17T07:31:58.598+0000] {logging_mixin.py:150} INFO - [2025-07-17T07:31:58.598+0000] {dagbag.py:541} INFO - Filling up the DagBag from /opt/airflow/dags/messages/__init__.py
[2025-07-17T07:31:58.600+0000] {processor.py:838} WARNING - No viable dags retrieved from /opt/airflow/dags/messages/__init__.py
[2025-07-17T07:31:58.613+0000] {processor.py:179} INFO - Processing /opt/airflow/dags/messages/__init__.py took 0.019 seconds
[2025-07-17T07:32:28.962+0000] {processor.py:157} INFO - Started process (PID=1933) to work on /opt/airflow/dags/messages/__init__.py
[2025-07-17T07:32:28.962+0000] {processor.py:826} INFO - Processing file /opt/airflow/dags/messages/__init__.py for tasks to queue
[2025-07-17T07:32:28.963+0000] {logging_mixin.py:150} INFO - [2025-07-17T07:32:28.963+0000] {dagbag.py:541} INFO - Filling up the DagBag from /opt/airflow/dags/messages/__init__.py
[2025-07-17T07:32:28.966+0000] {processor.py:838} WARNING - No viable dags retrieved from /opt/airflow/dags/messages/__init__.py
[2025-07-17T07:32:28.976+0000] {processor.py:179} INFO - Processing /opt/airflow/dags/messages/__init__.py took 0.017 seconds
[2025-07-17T07:32:59.306+0000] {processor.py:157} INFO - Started process (PID=1994) to work on /opt/airflow/dags/messages/__init__.py
[2025-07-17T07:32:59.308+0000] {processor.py:826} INFO - Processing file /opt/airflow/dags/messages/__init__.py for tasks to queue
[2025-07-17T07:32:59.309+0000] {logging_mixin.py:150} INFO - [2025-07-17T07:32:59.309+0000] {dagbag.py:541} INFO - Filling up the DagBag from /opt/airflow/dags/messages/__init__.py
[2025-07-17T07:32:59.311+0000] {processor.py:838} WARNING - No viable dags retrieved from /opt/airflow/dags/messages/__init__.py
[2025-07-17T07:32:59.321+0000] {processor.py:179} INFO - Processing /opt/airflow/dags/messages/__init__.py took 0.017 seconds
[2025-07-17T07:33:29.730+0000] {processor.py:157} INFO - Started process (PID=2047) to work on /opt/airflow/dags/messages/__init__.py
[2025-07-17T07:33:29.741+0000] {processor.py:826} INFO - Processing file /opt/airflow/dags/messages/__init__.py for tasks to queue
[2025-07-17T07:33:29.742+0000] {logging_mixin.py:150} INFO - [2025-07-17T07:33:29.742+0000] {dagbag.py:541} INFO - Filling up the DagBag from /opt/airflow/dags/messages/__init__.py
[2025-07-17T07:33:29.747+0000] {processor.py:838} WARNING - No viable dags retrieved from /opt/airflow/dags/messages/__init__.py
[2025-07-17T07:33:29.760+0000] {processor.py:179} INFO - Processing /opt/airflow/dags/messages/__init__.py took 0.032 seconds
[2025-07-17T07:34:00.102+0000] {processor.py:157} INFO - Started process (PID=2116) to work on /opt/airflow/dags/messages/__init__.py
[2025-07-17T07:34:00.103+0000] {processor.py:826} INFO - Processing file /opt/airflow/dags/messages/__init__.py for tasks to queue
[2025-07-17T07:34:00.104+0000] {logging_mixin.py:150} INFO - [2025-07-17T07:34:00.104+0000] {dagbag.py:541} INFO - Filling up the DagBag from /opt/airflow/dags/messages/__init__.py
[2025-07-17T07:34:00.106+0000] {processor.py:838} WARNING - No viable dags retrieved from /opt/airflow/dags/messages/__init__.py
[2025-07-17T07:34:00.117+0000] {processor.py:179} INFO - Processing /opt/airflow/dags/messages/__init__.py took 0.019 seconds
[2025-07-17T07:34:30.516+0000] {processor.py:157} INFO - Started process (PID=2174) to work on /opt/airflow/dags/messages/__init__.py
[2025-07-17T07:34:30.519+0000] {processor.py:826} INFO - Processing file /opt/airflow/dags/messages/__init__.py for tasks to queue
[2025-07-17T07:34:30.520+0000] {logging_mixin.py:150} INFO - [2025-07-17T07:34:30.520+0000] {dagbag.py:541} INFO - Filling up the DagBag from /opt/airflow/dags/messages/__init__.py
[2025-07-17T07:34:30.523+0000] {processor.py:838} WARNING - No viable dags retrieved from /opt/airflow/dags/messages/__init__.py
[2025-07-17T07:34:30.534+0000] {processor.py:179} INFO - Processing /opt/airflow/dags/messages/__init__.py took 0.021 seconds
[2025-07-17T07:35:00.821+0000] {processor.py:157} INFO - Started process (PID=2236) to work on /opt/airflow/dags/messages/__init__.py
[2025-07-17T07:35:00.822+0000] {processor.py:826} INFO - Processing file /opt/airflow/dags/messages/__init__.py for tasks to queue
[2025-07-17T07:35:00.822+0000] {logging_mixin.py:150} INFO - [2025-07-17T07:35:00.822+0000] {dagbag.py:541} INFO - Filling up the DagBag from /opt/airflow/dags/messages/__init__.py
[2025-07-17T07:35:00.824+0000] {processor.py:838} WARNING - No viable dags retrieved from /opt/airflow/dags/messages/__init__.py
[2025-07-17T07:35:00.835+0000] {processor.py:179} INFO - Processing /opt/airflow/dags/messages/__init__.py took 0.015 seconds
[2025-07-17T07:35:31.182+0000] {processor.py:157} INFO - Started process (PID=2286) to work on /opt/airflow/dags/messages/__init__.py
[2025-07-17T07:35:31.182+0000] {processor.py:826} INFO - Processing file /opt/airflow/dags/messages/__init__.py for tasks to queue
[2025-07-17T07:35:31.183+0000] {logging_mixin.py:150} INFO - [2025-07-17T07:35:31.183+0000] {dagbag.py:541} INFO - Filling up the DagBag from /opt/airflow/dags/messages/__init__.py
[2025-07-17T07:35:31.188+0000] {processor.py:838} WARNING - No viable dags retrieved from /opt/airflow/dags/messages/__init__.py
[2025-07-17T07:35:31.199+0000] {processor.py:179} INFO - Processing /opt/airflow/dags/messages/__init__.py took 0.021 seconds
[2025-07-17T07:36:01.603+0000] {processor.py:157} INFO - Started process (PID=2355) to work on /opt/airflow/dags/messages/__init__.py
[2025-07-17T07:36:01.604+0000] {processor.py:826} INFO - Processing file /opt/airflow/dags/messages/__init__.py for tasks to queue
[2025-07-17T07:36:01.605+0000] {logging_mixin.py:150} INFO - [2025-07-17T07:36:01.604+0000] {dagbag.py:541} INFO - Filling up the DagBag from /opt/airflow/dags/messages/__init__.py
[2025-07-17T07:36:01.608+0000] {processor.py:838} WARNING - No viable dags retrieved from /opt/airflow/dags/messages/__init__.py
[2025-07-17T07:36:01.619+0000] {processor.py:179} INFO - Processing /opt/airflow/dags/messages/__init__.py took 0.020 seconds
[2025-07-17T07:36:32.017+0000] {processor.py:157} INFO - Started process (PID=2416) to work on /opt/airflow/dags/messages/__init__.py
[2025-07-17T07:36:32.018+0000] {processor.py:826} INFO - Processing file /opt/airflow/dags/messages/__init__.py for tasks to queue
[2025-07-17T07:36:32.018+0000] {logging_mixin.py:150} INFO - [2025-07-17T07:36:32.018+0000] {dagbag.py:541} INFO - Filling up the DagBag from /opt/airflow/dags/messages/__init__.py
[2025-07-17T07:36:32.020+0000] {processor.py:838} WARNING - No viable dags retrieved from /opt/airflow/dags/messages/__init__.py
[2025-07-17T07:36:32.032+0000] {processor.py:179} INFO - Processing /opt/airflow/dags/messages/__init__.py took 0.018 seconds
[2025-07-17T07:37:02.352+0000] {processor.py:157} INFO - Started process (PID=2477) to work on /opt/airflow/dags/messages/__init__.py
[2025-07-17T07:37:02.353+0000] {processor.py:826} INFO - Processing file /opt/airflow/dags/messages/__init__.py for tasks to queue
[2025-07-17T07:37:02.353+0000] {logging_mixin.py:150} INFO - [2025-07-17T07:37:02.353+0000] {dagbag.py:541} INFO - Filling up the DagBag from /opt/airflow/dags/messages/__init__.py
[2025-07-17T07:37:02.355+0000] {processor.py:838} WARNING - No viable dags retrieved from /opt/airflow/dags/messages/__init__.py
[2025-07-17T07:37:02.366+0000] {processor.py:179} INFO - Processing /opt/airflow/dags/messages/__init__.py took 0.016 seconds
[2025-07-17T07:37:32.657+0000] {processor.py:157} INFO - Started process (PID=2535) to work on /opt/airflow/dags/messages/__init__.py
[2025-07-17T07:37:32.658+0000] {processor.py:826} INFO - Processing file /opt/airflow/dags/messages/__init__.py for tasks to queue
[2025-07-17T07:37:32.659+0000] {logging_mixin.py:150} INFO - [2025-07-17T07:37:32.659+0000] {dagbag.py:541} INFO - Filling up the DagBag from /opt/airflow/dags/messages/__init__.py
[2025-07-17T07:37:32.663+0000] {processor.py:838} WARNING - No viable dags retrieved from /opt/airflow/dags/messages/__init__.py
[2025-07-17T07:37:32.678+0000] {processor.py:179} INFO - Processing /opt/airflow/dags/messages/__init__.py took 0.024 seconds
[2025-07-17T07:38:03.038+0000] {processor.py:157} INFO - Started process (PID=2592) to work on /opt/airflow/dags/messages/__init__.py
[2025-07-17T07:38:03.039+0000] {processor.py:826} INFO - Processing file /opt/airflow/dags/messages/__init__.py for tasks to queue
[2025-07-17T07:38:03.040+0000] {logging_mixin.py:150} INFO - [2025-07-17T07:38:03.040+0000] {dagbag.py:541} INFO - Filling up the DagBag from /opt/airflow/dags/messages/__init__.py
[2025-07-17T07:38:03.043+0000] {processor.py:838} WARNING - No viable dags retrieved from /opt/airflow/dags/messages/__init__.py
[2025-07-17T07:38:03.056+0000] {processor.py:179} INFO - Processing /opt/airflow/dags/messages/__init__.py took 0.021 seconds
[2025-07-17T07:38:33.404+0000] {processor.py:157} INFO - Started process (PID=2657) to work on /opt/airflow/dags/messages/__init__.py
[2025-07-17T07:38:33.405+0000] {processor.py:826} INFO - Processing file /opt/airflow/dags/messages/__init__.py for tasks to queue
[2025-07-17T07:38:33.406+0000] {logging_mixin.py:150} INFO - [2025-07-17T07:38:33.405+0000] {dagbag.py:541} INFO - Filling up the DagBag from /opt/airflow/dags/messages/__init__.py
[2025-07-17T07:38:33.407+0000] {processor.py:838} WARNING - No viable dags retrieved from /opt/airflow/dags/messages/__init__.py
[2025-07-17T07:38:33.418+0000] {processor.py:179} INFO - Processing /opt/airflow/dags/messages/__init__.py took 0.016 seconds
[2025-07-17T07:39:03.813+0000] {processor.py:157} INFO - Started process (PID=2714) to work on /opt/airflow/dags/messages/__init__.py
[2025-07-17T07:39:03.814+0000] {processor.py:826} INFO - Processing file /opt/airflow/dags/messages/__init__.py for tasks to queue
[2025-07-17T07:39:03.814+0000] {logging_mixin.py:150} INFO - [2025-07-17T07:39:03.814+0000] {dagbag.py:541} INFO - Filling up the DagBag from /opt/airflow/dags/messages/__init__.py
[2025-07-17T07:39:03.815+0000] {processor.py:838} WARNING - No viable dags retrieved from /opt/airflow/dags/messages/__init__.py
[2025-07-17T07:39:03.825+0000] {processor.py:179} INFO - Processing /opt/airflow/dags/messages/__init__.py took 0.013 seconds
[2025-07-17T07:39:34.156+0000] {processor.py:157} INFO - Started process (PID=2772) to work on /opt/airflow/dags/messages/__init__.py
[2025-07-17T07:39:34.157+0000] {processor.py:826} INFO - Processing file /opt/airflow/dags/messages/__init__.py for tasks to queue
[2025-07-17T07:39:34.157+0000] {logging_mixin.py:150} INFO - [2025-07-17T07:39:34.157+0000] {dagbag.py:541} INFO - Filling up the DagBag from /opt/airflow/dags/messages/__init__.py
[2025-07-17T07:39:34.160+0000] {processor.py:838} WARNING - No viable dags retrieved from /opt/airflow/dags/messages/__init__.py
[2025-07-17T07:39:34.176+0000] {processor.py:179} INFO - Processing /opt/airflow/dags/messages/__init__.py took 0.023 seconds
[2025-07-17T07:40:04.579+0000] {processor.py:157} INFO - Started process (PID=2829) to work on /opt/airflow/dags/messages/__init__.py
[2025-07-17T07:40:04.580+0000] {processor.py:826} INFO - Processing file /opt/airflow/dags/messages/__init__.py for tasks to queue
[2025-07-17T07:40:04.580+0000] {logging_mixin.py:150} INFO - [2025-07-17T07:40:04.580+0000] {dagbag.py:541} INFO - Filling up the DagBag from /opt/airflow/dags/messages/__init__.py
[2025-07-17T07:40:04.583+0000] {processor.py:838} WARNING - No viable dags retrieved from /opt/airflow/dags/messages/__init__.py
[2025-07-17T07:40:04.598+0000] {processor.py:179} INFO - Processing /opt/airflow/dags/messages/__init__.py took 0.023 seconds
[2025-07-17T07:40:34.993+0000] {processor.py:157} INFO - Started process (PID=2894) to work on /opt/airflow/dags/messages/__init__.py
[2025-07-17T07:40:34.995+0000] {processor.py:826} INFO - Processing file /opt/airflow/dags/messages/__init__.py for tasks to queue
[2025-07-17T07:40:34.999+0000] {logging_mixin.py:150} INFO - [2025-07-17T07:40:34.999+0000] {dagbag.py:541} INFO - Filling up the DagBag from /opt/airflow/dags/messages/__init__.py
[2025-07-17T07:40:35.005+0000] {processor.py:838} WARNING - No viable dags retrieved from /opt/airflow/dags/messages/__init__.py
[2025-07-17T07:40:35.019+0000] {processor.py:179} INFO - Processing /opt/airflow/dags/messages/__init__.py took 0.029 seconds
[2025-07-17T07:41:05.408+0000] {processor.py:157} INFO - Started process (PID=2951) to work on /opt/airflow/dags/messages/__init__.py
[2025-07-17T07:41:05.410+0000] {processor.py:826} INFO - Processing file /opt/airflow/dags/messages/__init__.py for tasks to queue
[2025-07-17T07:41:05.412+0000] {logging_mixin.py:150} INFO - [2025-07-17T07:41:05.412+0000] {dagbag.py:541} INFO - Filling up the DagBag from /opt/airflow/dags/messages/__init__.py
[2025-07-17T07:41:05.415+0000] {processor.py:838} WARNING - No viable dags retrieved from /opt/airflow/dags/messages/__init__.py
[2025-07-17T07:41:05.424+0000] {processor.py:179} INFO - Processing /opt/airflow/dags/messages/__init__.py took 0.018 seconds
