[2025-07-17T07:21:46.825+0000] {processor.py:157} INFO - Started process (PID=734) to work on /opt/airflow/dags/data_ops.py
[2025-07-17T07:21:46.827+0000] {processor.py:826} INFO - Processing file /opt/airflow/dags/data_ops.py for tasks to queue
[2025-07-17T07:21:46.828+0000] {logging_mixin.py:150} INFO - [2025-07-17T07:21:46.828+0000] {dagbag.py:541} INFO - Filling up the DagBag from /opt/airflow/dags/data_ops.py
[2025-07-17T07:21:46.838+0000] {processor.py:836} INFO - DAG(s) dict_keys(['data_ops_dag']) retrieved from /opt/airflow/dags/data_ops.py
[2025-07-17T07:21:46.954+0000] {logging_mixin.py:150} INFO - [2025-07-17T07:21:46.954+0000] {dag.py:2742} INFO - Sync 1 DAGs
[2025-07-17T07:21:46.964+0000] {logging_mixin.py:150} INFO - [2025-07-17T07:21:46.964+0000] {dag.py:3508} INFO - Setting next_dagrun for data_ops_dag to None, run_after=None
[2025-07-17T07:21:46.976+0000] {processor.py:179} INFO - Processing /opt/airflow/dags/data_ops.py took 0.154 seconds
[2025-07-17T07:21:50.146+0000] {processor.py:157} INFO - Started process (PID=758) to work on /opt/airflow/dags/data_ops.py
[2025-07-17T07:21:50.147+0000] {processor.py:826} INFO - Processing file /opt/airflow/dags/data_ops.py for tasks to queue
[2025-07-17T07:21:50.148+0000] {logging_mixin.py:150} INFO - [2025-07-17T07:21:50.148+0000] {dagbag.py:541} INFO - Filling up the DagBag from /opt/airflow/dags/data_ops.py
[2025-07-17T07:21:50.161+0000] {processor.py:836} INFO - DAG(s) dict_keys(['data_ops']) retrieved from /opt/airflow/dags/data_ops.py
[2025-07-17T07:21:50.265+0000] {logging_mixin.py:150} INFO - [2025-07-17T07:21:50.265+0000] {manager.py:504} INFO - Created Permission View: can read on DAG:data_ops
[2025-07-17T07:21:50.270+0000] {logging_mixin.py:150} INFO - [2025-07-17T07:21:50.270+0000] {manager.py:504} INFO - Created Permission View: can edit on DAG:data_ops
[2025-07-17T07:21:50.272+0000] {logging_mixin.py:150} INFO - [2025-07-17T07:21:50.272+0000] {manager.py:504} INFO - Created Permission View: can delete on DAG:data_ops
[2025-07-17T07:21:50.278+0000] {logging_mixin.py:150} INFO - [2025-07-17T07:21:50.278+0000] {dag.py:2742} INFO - Sync 1 DAGs
[2025-07-17T07:21:50.283+0000] {logging_mixin.py:150} INFO - [2025-07-17T07:21:50.283+0000] {dag.py:2763} INFO - Creating ORM DAG for data_ops
[2025-07-17T07:21:50.288+0000] {logging_mixin.py:150} INFO - [2025-07-17T07:21:50.288+0000] {dag.py:3508} INFO - Setting next_dagrun for data_ops to None, run_after=None
[2025-07-17T07:21:50.295+0000] {processor.py:179} INFO - Processing /opt/airflow/dags/data_ops.py took 0.152 seconds
[2025-07-17T07:22:20.587+0000] {processor.py:157} INFO - Started process (PID=806) to work on /opt/airflow/dags/data_ops.py
[2025-07-17T07:22:20.587+0000] {processor.py:826} INFO - Processing file /opt/airflow/dags/data_ops.py for tasks to queue
[2025-07-17T07:22:20.588+0000] {logging_mixin.py:150} INFO - [2025-07-17T07:22:20.588+0000] {dagbag.py:541} INFO - Filling up the DagBag from /opt/airflow/dags/data_ops.py
[2025-07-17T07:22:20.668+0000] {processor.py:836} INFO - DAG(s) dict_keys(['data_ops']) retrieved from /opt/airflow/dags/data_ops.py
[2025-07-17T07:22:20.677+0000] {logging_mixin.py:150} INFO - [2025-07-17T07:22:20.677+0000] {dag.py:2742} INFO - Sync 1 DAGs
[2025-07-17T07:22:20.686+0000] {logging_mixin.py:150} INFO - [2025-07-17T07:22:20.686+0000] {dag.py:3508} INFO - Setting next_dagrun for data_ops to None, run_after=None
[2025-07-17T07:22:20.695+0000] {processor.py:179} INFO - Processing /opt/airflow/dags/data_ops.py took 0.111 seconds
[2025-07-17T07:22:50.889+0000] {processor.py:157} INFO - Started process (PID=862) to work on /opt/airflow/dags/data_ops.py
[2025-07-17T07:22:50.890+0000] {processor.py:826} INFO - Processing file /opt/airflow/dags/data_ops.py for tasks to queue
[2025-07-17T07:22:50.891+0000] {logging_mixin.py:150} INFO - [2025-07-17T07:22:50.891+0000] {dagbag.py:541} INFO - Filling up the DagBag from /opt/airflow/dags/data_ops.py
[2025-07-17T07:22:50.903+0000] {processor.py:836} INFO - DAG(s) dict_keys(['data_ops']) retrieved from /opt/airflow/dags/data_ops.py
[2025-07-17T07:22:50.924+0000] {logging_mixin.py:150} INFO - [2025-07-17T07:22:50.924+0000] {dag.py:2742} INFO - Sync 1 DAGs
[2025-07-17T07:22:50.942+0000] {logging_mixin.py:150} INFO - [2025-07-17T07:22:50.942+0000] {dag.py:3508} INFO - Setting next_dagrun for data_ops to None, run_after=None
[2025-07-17T07:22:50.951+0000] {processor.py:179} INFO - Processing /opt/airflow/dags/data_ops.py took 0.065 seconds
[2025-07-17T07:23:21.349+0000] {processor.py:157} INFO - Started process (PID=919) to work on /opt/airflow/dags/data_ops.py
[2025-07-17T07:23:21.349+0000] {processor.py:826} INFO - Processing file /opt/airflow/dags/data_ops.py for tasks to queue
[2025-07-17T07:23:21.350+0000] {logging_mixin.py:150} INFO - [2025-07-17T07:23:21.350+0000] {dagbag.py:541} INFO - Filling up the DagBag from /opt/airflow/dags/data_ops.py
[2025-07-17T07:23:21.358+0000] {processor.py:836} INFO - DAG(s) dict_keys(['data_ops']) retrieved from /opt/airflow/dags/data_ops.py
[2025-07-17T07:23:21.372+0000] {logging_mixin.py:150} INFO - [2025-07-17T07:23:21.372+0000] {dag.py:2742} INFO - Sync 1 DAGs
[2025-07-17T07:23:21.388+0000] {logging_mixin.py:150} INFO - [2025-07-17T07:23:21.387+0000] {dag.py:3508} INFO - Setting next_dagrun for data_ops to None, run_after=None
[2025-07-17T07:23:21.397+0000] {processor.py:179} INFO - Processing /opt/airflow/dags/data_ops.py took 0.051 seconds
[2025-07-17T07:23:51.627+0000] {processor.py:157} INFO - Started process (PID=976) to work on /opt/airflow/dags/data_ops.py
[2025-07-17T07:23:51.628+0000] {processor.py:826} INFO - Processing file /opt/airflow/dags/data_ops.py for tasks to queue
[2025-07-17T07:23:51.628+0000] {logging_mixin.py:150} INFO - [2025-07-17T07:23:51.628+0000] {dagbag.py:541} INFO - Filling up the DagBag from /opt/airflow/dags/data_ops.py
[2025-07-17T07:23:51.637+0000] {processor.py:836} INFO - DAG(s) dict_keys(['data_ops']) retrieved from /opt/airflow/dags/data_ops.py
[2025-07-17T07:23:51.651+0000] {logging_mixin.py:150} INFO - [2025-07-17T07:23:51.651+0000] {dag.py:2742} INFO - Sync 1 DAGs
[2025-07-17T07:23:51.665+0000] {logging_mixin.py:150} INFO - [2025-07-17T07:23:51.665+0000] {dag.py:3508} INFO - Setting next_dagrun for data_ops to None, run_after=None
[2025-07-17T07:23:51.673+0000] {processor.py:179} INFO - Processing /opt/airflow/dags/data_ops.py took 0.049 seconds
[2025-07-17T07:24:21.969+0000] {processor.py:157} INFO - Started process (PID=1030) to work on /opt/airflow/dags/data_ops.py
[2025-07-17T07:24:21.969+0000] {processor.py:826} INFO - Processing file /opt/airflow/dags/data_ops.py for tasks to queue
[2025-07-17T07:24:21.970+0000] {logging_mixin.py:150} INFO - [2025-07-17T07:24:21.970+0000] {dagbag.py:541} INFO - Filling up the DagBag from /opt/airflow/dags/data_ops.py
[2025-07-17T07:24:21.975+0000] {processor.py:836} INFO - DAG(s) dict_keys(['data_ops']) retrieved from /opt/airflow/dags/data_ops.py
[2025-07-17T07:24:21.985+0000] {logging_mixin.py:150} INFO - [2025-07-17T07:24:21.985+0000] {dag.py:2742} INFO - Sync 1 DAGs
[2025-07-17T07:24:21.997+0000] {logging_mixin.py:150} INFO - [2025-07-17T07:24:21.996+0000] {dag.py:3508} INFO - Setting next_dagrun for data_ops to None, run_after=None
[2025-07-17T07:24:22.004+0000] {processor.py:179} INFO - Processing /opt/airflow/dags/data_ops.py took 0.037 seconds
[2025-07-17T07:24:52.205+0000] {processor.py:157} INFO - Started process (PID=1080) to work on /opt/airflow/dags/data_ops.py
[2025-07-17T07:24:52.205+0000] {processor.py:826} INFO - Processing file /opt/airflow/dags/data_ops.py for tasks to queue
[2025-07-17T07:24:52.206+0000] {logging_mixin.py:150} INFO - [2025-07-17T07:24:52.206+0000] {dagbag.py:541} INFO - Filling up the DagBag from /opt/airflow/dags/data_ops.py
[2025-07-17T07:24:52.214+0000] {processor.py:836} INFO - DAG(s) dict_keys(['data_ops']) retrieved from /opt/airflow/dags/data_ops.py
[2025-07-17T07:24:52.228+0000] {logging_mixin.py:150} INFO - [2025-07-17T07:24:52.228+0000] {dag.py:2742} INFO - Sync 1 DAGs
[2025-07-17T07:24:52.241+0000] {logging_mixin.py:150} INFO - [2025-07-17T07:24:52.241+0000] {dag.py:3508} INFO - Setting next_dagrun for data_ops to None, run_after=None
[2025-07-17T07:24:52.250+0000] {processor.py:179} INFO - Processing /opt/airflow/dags/data_ops.py took 0.047 seconds
[2025-07-17T07:25:22.572+0000] {processor.py:157} INFO - Started process (PID=1137) to work on /opt/airflow/dags/data_ops.py
[2025-07-17T07:25:22.573+0000] {processor.py:826} INFO - Processing file /opt/airflow/dags/data_ops.py for tasks to queue
[2025-07-17T07:25:22.573+0000] {logging_mixin.py:150} INFO - [2025-07-17T07:25:22.573+0000] {dagbag.py:541} INFO - Filling up the DagBag from /opt/airflow/dags/data_ops.py
[2025-07-17T07:25:22.579+0000] {processor.py:836} INFO - DAG(s) dict_keys(['data_ops']) retrieved from /opt/airflow/dags/data_ops.py
[2025-07-17T07:25:22.593+0000] {logging_mixin.py:150} INFO - [2025-07-17T07:25:22.593+0000] {dag.py:2742} INFO - Sync 1 DAGs
[2025-07-17T07:25:22.607+0000] {logging_mixin.py:150} INFO - [2025-07-17T07:25:22.607+0000] {dag.py:3508} INFO - Setting next_dagrun for data_ops to None, run_after=None
[2025-07-17T07:25:22.616+0000] {processor.py:179} INFO - Processing /opt/airflow/dags/data_ops.py took 0.046 seconds
[2025-07-17T07:25:52.974+0000] {processor.py:157} INFO - Started process (PID=1194) to work on /opt/airflow/dags/data_ops.py
[2025-07-17T07:25:52.974+0000] {processor.py:826} INFO - Processing file /opt/airflow/dags/data_ops.py for tasks to queue
[2025-07-17T07:25:52.975+0000] {logging_mixin.py:150} INFO - [2025-07-17T07:25:52.975+0000] {dagbag.py:541} INFO - Filling up the DagBag from /opt/airflow/dags/data_ops.py
[2025-07-17T07:25:52.986+0000] {processor.py:836} INFO - DAG(s) dict_keys(['data_ops']) retrieved from /opt/airflow/dags/data_ops.py
[2025-07-17T07:25:53.001+0000] {logging_mixin.py:150} INFO - [2025-07-17T07:25:53.001+0000] {dag.py:2742} INFO - Sync 1 DAGs
[2025-07-17T07:25:53.015+0000] {logging_mixin.py:150} INFO - [2025-07-17T07:25:53.015+0000] {dag.py:3508} INFO - Setting next_dagrun for data_ops to None, run_after=None
[2025-07-17T07:25:53.024+0000] {processor.py:179} INFO - Processing /opt/airflow/dags/data_ops.py took 0.053 seconds
[2025-07-17T07:26:23.336+0000] {processor.py:157} INFO - Started process (PID=1251) to work on /opt/airflow/dags/data_ops.py
[2025-07-17T07:26:23.337+0000] {processor.py:826} INFO - Processing file /opt/airflow/dags/data_ops.py for tasks to queue
[2025-07-17T07:26:23.337+0000] {logging_mixin.py:150} INFO - [2025-07-17T07:26:23.337+0000] {dagbag.py:541} INFO - Filling up the DagBag from /opt/airflow/dags/data_ops.py
[2025-07-17T07:26:23.343+0000] {processor.py:836} INFO - DAG(s) dict_keys(['data_ops']) retrieved from /opt/airflow/dags/data_ops.py
[2025-07-17T07:26:23.353+0000] {logging_mixin.py:150} INFO - [2025-07-17T07:26:23.353+0000] {dag.py:2742} INFO - Sync 1 DAGs
[2025-07-17T07:26:23.364+0000] {logging_mixin.py:150} INFO - [2025-07-17T07:26:23.364+0000] {dag.py:3508} INFO - Setting next_dagrun for data_ops to None, run_after=None
[2025-07-17T07:26:23.372+0000] {processor.py:179} INFO - Processing /opt/airflow/dags/data_ops.py took 0.038 seconds
[2025-07-17T07:26:53.718+0000] {processor.py:157} INFO - Started process (PID=1297) to work on /opt/airflow/dags/data_ops.py
[2025-07-17T07:26:53.719+0000] {processor.py:826} INFO - Processing file /opt/airflow/dags/data_ops.py for tasks to queue
[2025-07-17T07:26:53.719+0000] {logging_mixin.py:150} INFO - [2025-07-17T07:26:53.719+0000] {dagbag.py:541} INFO - Filling up the DagBag from /opt/airflow/dags/data_ops.py
[2025-07-17T07:26:53.725+0000] {processor.py:836} INFO - DAG(s) dict_keys(['data_ops']) retrieved from /opt/airflow/dags/data_ops.py
[2025-07-17T07:26:53.735+0000] {logging_mixin.py:150} INFO - [2025-07-17T07:26:53.735+0000] {dag.py:2742} INFO - Sync 1 DAGs
[2025-07-17T07:26:53.746+0000] {logging_mixin.py:150} INFO - [2025-07-17T07:26:53.746+0000] {dag.py:3508} INFO - Setting next_dagrun for data_ops to None, run_after=None
[2025-07-17T07:26:53.754+0000] {processor.py:179} INFO - Processing /opt/airflow/dags/data_ops.py took 0.039 seconds
[2025-07-17T07:27:24.081+0000] {processor.py:157} INFO - Started process (PID=1354) to work on /opt/airflow/dags/data_ops.py
[2025-07-17T07:27:24.082+0000] {processor.py:826} INFO - Processing file /opt/airflow/dags/data_ops.py for tasks to queue
[2025-07-17T07:27:24.083+0000] {logging_mixin.py:150} INFO - [2025-07-17T07:27:24.082+0000] {dagbag.py:541} INFO - Filling up the DagBag from /opt/airflow/dags/data_ops.py
[2025-07-17T07:27:24.093+0000] {processor.py:836} INFO - DAG(s) dict_keys(['data_ops']) retrieved from /opt/airflow/dags/data_ops.py
[2025-07-17T07:27:24.109+0000] {logging_mixin.py:150} INFO - [2025-07-17T07:27:24.109+0000] {dag.py:2742} INFO - Sync 1 DAGs
[2025-07-17T07:27:24.122+0000] {logging_mixin.py:150} INFO - [2025-07-17T07:27:24.122+0000] {dag.py:3508} INFO - Setting next_dagrun for data_ops to None, run_after=None
[2025-07-17T07:27:24.132+0000] {processor.py:179} INFO - Processing /opt/airflow/dags/data_ops.py took 0.054 seconds
[2025-07-17T07:27:54.409+0000] {processor.py:157} INFO - Started process (PID=1411) to work on /opt/airflow/dags/data_ops.py
[2025-07-17T07:27:54.410+0000] {processor.py:826} INFO - Processing file /opt/airflow/dags/data_ops.py for tasks to queue
[2025-07-17T07:27:54.410+0000] {logging_mixin.py:150} INFO - [2025-07-17T07:27:54.410+0000] {dagbag.py:541} INFO - Filling up the DagBag from /opt/airflow/dags/data_ops.py
[2025-07-17T07:27:54.421+0000] {processor.py:836} INFO - DAG(s) dict_keys(['data_ops']) retrieved from /opt/airflow/dags/data_ops.py
[2025-07-17T07:27:54.438+0000] {logging_mixin.py:150} INFO - [2025-07-17T07:27:54.438+0000] {dag.py:2742} INFO - Sync 1 DAGs
[2025-07-17T07:27:54.452+0000] {logging_mixin.py:150} INFO - [2025-07-17T07:27:54.452+0000] {dag.py:3508} INFO - Setting next_dagrun for data_ops to None, run_after=None
[2025-07-17T07:27:54.460+0000] {processor.py:179} INFO - Processing /opt/airflow/dags/data_ops.py took 0.055 seconds
[2025-07-17T07:28:24.817+0000] {processor.py:157} INFO - Started process (PID=1467) to work on /opt/airflow/dags/data_ops.py
[2025-07-17T07:28:24.818+0000] {processor.py:826} INFO - Processing file /opt/airflow/dags/data_ops.py for tasks to queue
[2025-07-17T07:28:24.818+0000] {logging_mixin.py:150} INFO - [2025-07-17T07:28:24.818+0000] {dagbag.py:541} INFO - Filling up the DagBag from /opt/airflow/dags/data_ops.py
[2025-07-17T07:28:24.825+0000] {processor.py:836} INFO - DAG(s) dict_keys(['data_ops']) retrieved from /opt/airflow/dags/data_ops.py
[2025-07-17T07:28:24.837+0000] {logging_mixin.py:150} INFO - [2025-07-17T07:28:24.837+0000] {dag.py:2742} INFO - Sync 1 DAGs
[2025-07-17T07:28:24.850+0000] {logging_mixin.py:150} INFO - [2025-07-17T07:28:24.850+0000] {dag.py:3508} INFO - Setting next_dagrun for data_ops to None, run_after=None
[2025-07-17T07:28:24.859+0000] {processor.py:179} INFO - Processing /opt/airflow/dags/data_ops.py took 0.043 seconds
[2025-07-17T07:28:55.157+0000] {processor.py:157} INFO - Started process (PID=1515) to work on /opt/airflow/dags/data_ops.py
[2025-07-17T07:28:55.158+0000] {processor.py:826} INFO - Processing file /opt/airflow/dags/data_ops.py for tasks to queue
[2025-07-17T07:28:55.158+0000] {logging_mixin.py:150} INFO - [2025-07-17T07:28:55.158+0000] {dagbag.py:541} INFO - Filling up the DagBag from /opt/airflow/dags/data_ops.py
[2025-07-17T07:28:55.165+0000] {processor.py:836} INFO - DAG(s) dict_keys(['data_ops']) retrieved from /opt/airflow/dags/data_ops.py
[2025-07-17T07:28:55.178+0000] {logging_mixin.py:150} INFO - [2025-07-17T07:28:55.178+0000] {dag.py:2742} INFO - Sync 1 DAGs
[2025-07-17T07:28:55.192+0000] {logging_mixin.py:150} INFO - [2025-07-17T07:28:55.191+0000] {dag.py:3508} INFO - Setting next_dagrun for data_ops to None, run_after=None
[2025-07-17T07:28:55.200+0000] {processor.py:179} INFO - Processing /opt/airflow/dags/data_ops.py took 0.044 seconds
[2025-07-17T07:29:25.543+0000] {processor.py:157} INFO - Started process (PID=1572) to work on /opt/airflow/dags/data_ops.py
[2025-07-17T07:29:25.544+0000] {processor.py:826} INFO - Processing file /opt/airflow/dags/data_ops.py for tasks to queue
[2025-07-17T07:29:25.544+0000] {logging_mixin.py:150} INFO - [2025-07-17T07:29:25.544+0000] {dagbag.py:541} INFO - Filling up the DagBag from /opt/airflow/dags/data_ops.py
[2025-07-17T07:29:25.554+0000] {processor.py:836} INFO - DAG(s) dict_keys(['data_ops']) retrieved from /opt/airflow/dags/data_ops.py
[2025-07-17T07:29:25.570+0000] {logging_mixin.py:150} INFO - [2025-07-17T07:29:25.570+0000] {dag.py:2742} INFO - Sync 1 DAGs
[2025-07-17T07:29:25.584+0000] {logging_mixin.py:150} INFO - [2025-07-17T07:29:25.584+0000] {dag.py:3508} INFO - Setting next_dagrun for data_ops to None, run_after=None
[2025-07-17T07:29:25.592+0000] {processor.py:179} INFO - Processing /opt/airflow/dags/data_ops.py took 0.053 seconds
[2025-07-17T07:29:55.938+0000] {processor.py:157} INFO - Started process (PID=1629) to work on /opt/airflow/dags/data_ops.py
[2025-07-17T07:29:55.939+0000] {processor.py:826} INFO - Processing file /opt/airflow/dags/data_ops.py for tasks to queue
[2025-07-17T07:29:55.939+0000] {logging_mixin.py:150} INFO - [2025-07-17T07:29:55.939+0000] {dagbag.py:541} INFO - Filling up the DagBag from /opt/airflow/dags/data_ops.py
[2025-07-17T07:29:55.950+0000] {processor.py:836} INFO - DAG(s) dict_keys(['data_ops']) retrieved from /opt/airflow/dags/data_ops.py
[2025-07-17T07:29:55.966+0000] {logging_mixin.py:150} INFO - [2025-07-17T07:29:55.966+0000] {dag.py:2742} INFO - Sync 1 DAGs
[2025-07-17T07:29:55.980+0000] {logging_mixin.py:150} INFO - [2025-07-17T07:29:55.980+0000] {dag.py:3508} INFO - Setting next_dagrun for data_ops to None, run_after=None
[2025-07-17T07:29:55.988+0000] {processor.py:179} INFO - Processing /opt/airflow/dags/data_ops.py took 0.053 seconds
[2025-07-17T07:30:26.364+0000] {processor.py:157} INFO - Started process (PID=1686) to work on /opt/airflow/dags/data_ops.py
[2025-07-17T07:30:26.365+0000] {processor.py:826} INFO - Processing file /opt/airflow/dags/data_ops.py for tasks to queue
[2025-07-17T07:30:26.366+0000] {logging_mixin.py:150} INFO - [2025-07-17T07:30:26.366+0000] {dagbag.py:541} INFO - Filling up the DagBag from /opt/airflow/dags/data_ops.py
[2025-07-17T07:30:26.377+0000] {processor.py:836} INFO - DAG(s) dict_keys(['data_ops']) retrieved from /opt/airflow/dags/data_ops.py
[2025-07-17T07:30:26.393+0000] {logging_mixin.py:150} INFO - [2025-07-17T07:30:26.392+0000] {dag.py:2742} INFO - Sync 1 DAGs
[2025-07-17T07:30:26.406+0000] {logging_mixin.py:150} INFO - [2025-07-17T07:30:26.406+0000] {dag.py:3508} INFO - Setting next_dagrun for data_ops to None, run_after=None
[2025-07-17T07:30:26.415+0000] {processor.py:179} INFO - Processing /opt/airflow/dags/data_ops.py took 0.054 seconds
[2025-07-17T07:30:56.738+0000] {processor.py:157} INFO - Started process (PID=1734) to work on /opt/airflow/dags/data_ops.py
[2025-07-17T07:30:56.739+0000] {processor.py:826} INFO - Processing file /opt/airflow/dags/data_ops.py for tasks to queue
[2025-07-17T07:30:56.739+0000] {logging_mixin.py:150} INFO - [2025-07-17T07:30:56.739+0000] {dagbag.py:541} INFO - Filling up the DagBag from /opt/airflow/dags/data_ops.py
[2025-07-17T07:30:56.744+0000] {processor.py:836} INFO - DAG(s) dict_keys(['data_ops']) retrieved from /opt/airflow/dags/data_ops.py
[2025-07-17T07:30:56.757+0000] {logging_mixin.py:150} INFO - [2025-07-17T07:30:56.757+0000] {dag.py:2742} INFO - Sync 1 DAGs
[2025-07-17T07:30:56.781+0000] {logging_mixin.py:150} INFO - [2025-07-17T07:30:56.781+0000] {dag.py:3508} INFO - Setting next_dagrun for data_ops to None, run_after=None
[2025-07-17T07:30:56.794+0000] {processor.py:179} INFO - Processing /opt/airflow/dags/data_ops.py took 0.057 seconds
[2025-07-17T07:31:27.102+0000] {processor.py:157} INFO - Started process (PID=1803) to work on /opt/airflow/dags/data_ops.py
[2025-07-17T07:31:27.103+0000] {processor.py:826} INFO - Processing file /opt/airflow/dags/data_ops.py for tasks to queue
[2025-07-17T07:31:27.104+0000] {logging_mixin.py:150} INFO - [2025-07-17T07:31:27.104+0000] {dagbag.py:541} INFO - Filling up the DagBag from /opt/airflow/dags/data_ops.py
[2025-07-17T07:31:27.112+0000] {processor.py:836} INFO - DAG(s) dict_keys(['data_ops']) retrieved from /opt/airflow/dags/data_ops.py
[2025-07-17T07:31:27.132+0000] {logging_mixin.py:150} INFO - [2025-07-17T07:31:27.132+0000] {dag.py:2742} INFO - Sync 1 DAGs
[2025-07-17T07:31:27.154+0000] {logging_mixin.py:150} INFO - [2025-07-17T07:31:27.154+0000] {dag.py:3508} INFO - Setting next_dagrun for data_ops to None, run_after=None
[2025-07-17T07:31:27.163+0000] {processor.py:179} INFO - Processing /opt/airflow/dags/data_ops.py took 0.063 seconds
[2025-07-17T07:31:57.575+0000] {processor.py:157} INFO - Started process (PID=1871) to work on /opt/airflow/dags/data_ops.py
[2025-07-17T07:31:57.576+0000] {processor.py:826} INFO - Processing file /opt/airflow/dags/data_ops.py for tasks to queue
[2025-07-17T07:31:57.577+0000] {logging_mixin.py:150} INFO - [2025-07-17T07:31:57.577+0000] {dagbag.py:541} INFO - Filling up the DagBag from /opt/airflow/dags/data_ops.py
[2025-07-17T07:31:57.586+0000] {processor.py:836} INFO - DAG(s) dict_keys(['data_ops']) retrieved from /opt/airflow/dags/data_ops.py
[2025-07-17T07:31:57.602+0000] {logging_mixin.py:150} INFO - [2025-07-17T07:31:57.602+0000] {dag.py:2742} INFO - Sync 1 DAGs
[2025-07-17T07:31:57.617+0000] {logging_mixin.py:150} INFO - [2025-07-17T07:31:57.616+0000] {dag.py:3508} INFO - Setting next_dagrun for data_ops to None, run_after=None
[2025-07-17T07:31:57.625+0000] {processor.py:179} INFO - Processing /opt/airflow/dags/data_ops.py took 0.052 seconds
[2025-07-17T07:32:27.948+0000] {processor.py:157} INFO - Started process (PID=1928) to work on /opt/airflow/dags/data_ops.py
[2025-07-17T07:32:27.949+0000] {processor.py:826} INFO - Processing file /opt/airflow/dags/data_ops.py for tasks to queue
[2025-07-17T07:32:27.949+0000] {logging_mixin.py:150} INFO - [2025-07-17T07:32:27.949+0000] {dagbag.py:541} INFO - Filling up the DagBag from /opt/airflow/dags/data_ops.py
[2025-07-17T07:32:27.958+0000] {processor.py:836} INFO - DAG(s) dict_keys(['data_ops']) retrieved from /opt/airflow/dags/data_ops.py
[2025-07-17T07:32:27.971+0000] {logging_mixin.py:150} INFO - [2025-07-17T07:32:27.971+0000] {dag.py:2742} INFO - Sync 1 DAGs
[2025-07-17T07:32:27.986+0000] {logging_mixin.py:150} INFO - [2025-07-17T07:32:27.986+0000] {dag.py:3508} INFO - Setting next_dagrun for data_ops to None, run_after=None
[2025-07-17T07:32:27.995+0000] {processor.py:179} INFO - Processing /opt/airflow/dags/data_ops.py took 0.050 seconds
[2025-07-17T07:32:58.297+0000] {processor.py:157} INFO - Started process (PID=1982) to work on /opt/airflow/dags/data_ops.py
[2025-07-17T07:32:58.298+0000] {processor.py:826} INFO - Processing file /opt/airflow/dags/data_ops.py for tasks to queue
[2025-07-17T07:32:58.298+0000] {logging_mixin.py:150} INFO - [2025-07-17T07:32:58.298+0000] {dagbag.py:541} INFO - Filling up the DagBag from /opt/airflow/dags/data_ops.py
[2025-07-17T07:32:58.306+0000] {processor.py:836} INFO - DAG(s) dict_keys(['data_ops']) retrieved from /opt/airflow/dags/data_ops.py
[2025-07-17T07:32:58.318+0000] {logging_mixin.py:150} INFO - [2025-07-17T07:32:58.318+0000] {dag.py:2742} INFO - Sync 1 DAGs
[2025-07-17T07:32:58.332+0000] {logging_mixin.py:150} INFO - [2025-07-17T07:32:58.332+0000] {dag.py:3508} INFO - Setting next_dagrun for data_ops to None, run_after=None
[2025-07-17T07:32:58.340+0000] {processor.py:179} INFO - Processing /opt/airflow/dags/data_ops.py took 0.045 seconds
[2025-07-17T07:33:28.697+0000] {processor.py:157} INFO - Started process (PID=2039) to work on /opt/airflow/dags/data_ops.py
[2025-07-17T07:33:28.698+0000] {processor.py:826} INFO - Processing file /opt/airflow/dags/data_ops.py for tasks to queue
[2025-07-17T07:33:28.698+0000] {logging_mixin.py:150} INFO - [2025-07-17T07:33:28.698+0000] {dagbag.py:541} INFO - Filling up the DagBag from /opt/airflow/dags/data_ops.py
[2025-07-17T07:33:28.705+0000] {processor.py:836} INFO - DAG(s) dict_keys(['data_ops']) retrieved from /opt/airflow/dags/data_ops.py
[2025-07-17T07:33:28.719+0000] {logging_mixin.py:150} INFO - [2025-07-17T07:33:28.718+0000] {dag.py:2742} INFO - Sync 1 DAGs
[2025-07-17T07:33:28.734+0000] {logging_mixin.py:150} INFO - [2025-07-17T07:33:28.734+0000] {dag.py:3508} INFO - Setting next_dagrun for data_ops to None, run_after=None
[2025-07-17T07:33:28.748+0000] {processor.py:179} INFO - Processing /opt/airflow/dags/data_ops.py took 0.053 seconds
[2025-07-17T07:33:29.726+0000] {processor.py:157} INFO - Started process (PID=2044) to work on /opt/airflow/dags/data_ops.py
[2025-07-17T07:33:29.727+0000] {processor.py:826} INFO - Processing file /opt/airflow/dags/data_ops.py for tasks to queue
[2025-07-17T07:33:29.728+0000] {logging_mixin.py:150} INFO - [2025-07-17T07:33:29.727+0000] {dagbag.py:541} INFO - Filling up the DagBag from /opt/airflow/dags/data_ops.py
[2025-07-17T07:33:29.752+0000] {processor.py:836} INFO - DAG(s) dict_keys(['data_ops']) retrieved from /opt/airflow/dags/data_ops.py
[2025-07-17T07:33:29.766+0000] {logging_mixin.py:150} INFO - [2025-07-17T07:33:29.766+0000] {dag.py:2742} INFO - Sync 1 DAGs
[2025-07-17T07:33:29.780+0000] {logging_mixin.py:150} INFO - [2025-07-17T07:33:29.780+0000] {dag.py:3508} INFO - Setting next_dagrun for data_ops to None, run_after=None
[2025-07-17T07:33:29.796+0000] {processor.py:179} INFO - Processing /opt/airflow/dags/data_ops.py took 0.073 seconds
[2025-07-17T07:34:00.099+0000] {processor.py:157} INFO - Started process (PID=2113) to work on /opt/airflow/dags/data_ops.py
[2025-07-17T07:34:00.100+0000] {processor.py:826} INFO - Processing file /opt/airflow/dags/data_ops.py for tasks to queue
[2025-07-17T07:34:00.101+0000] {logging_mixin.py:150} INFO - [2025-07-17T07:34:00.101+0000] {dagbag.py:541} INFO - Filling up the DagBag from /opt/airflow/dags/data_ops.py
[2025-07-17T07:34:00.113+0000] {processor.py:836} INFO - DAG(s) dict_keys(['data_ops']) retrieved from /opt/airflow/dags/data_ops.py
[2025-07-17T07:34:00.127+0000] {logging_mixin.py:150} INFO - [2025-07-17T07:34:00.127+0000] {dag.py:2742} INFO - Sync 1 DAGs
[2025-07-17T07:34:00.150+0000] {processor.py:179} INFO - Processing /opt/airflow/dags/data_ops.py took 0.055 seconds
[2025-07-17T07:34:27.478+0000] {processor.py:157} INFO - Started process (PID=2167) to work on /opt/airflow/dags/data_ops.py
[2025-07-17T07:34:27.479+0000] {processor.py:826} INFO - Processing file /opt/airflow/dags/data_ops.py for tasks to queue
[2025-07-17T07:34:27.479+0000] {logging_mixin.py:150} INFO - [2025-07-17T07:34:27.479+0000] {dagbag.py:541} INFO - Filling up the DagBag from /opt/airflow/dags/data_ops.py
[2025-07-17T07:34:27.487+0000] {processor.py:836} INFO - DAG(s) dict_keys(['data_ops']) retrieved from /opt/airflow/dags/data_ops.py
[2025-07-17T07:34:27.499+0000] {logging_mixin.py:150} INFO - [2025-07-17T07:34:27.499+0000] {dag.py:2742} INFO - Sync 1 DAGs
[2025-07-17T07:34:27.512+0000] {logging_mixin.py:150} INFO - [2025-07-17T07:34:27.512+0000] {dag.py:3508} INFO - Setting next_dagrun for data_ops to None, run_after=None
[2025-07-17T07:34:27.521+0000] {processor.py:179} INFO - Processing /opt/airflow/dags/data_ops.py took 0.045 seconds
[2025-07-17T07:34:57.792+0000] {processor.py:157} INFO - Started process (PID=2225) to work on /opt/airflow/dags/data_ops.py
[2025-07-17T07:34:57.793+0000] {processor.py:826} INFO - Processing file /opt/airflow/dags/data_ops.py for tasks to queue
[2025-07-17T07:34:57.793+0000] {logging_mixin.py:150} INFO - [2025-07-17T07:34:57.793+0000] {dagbag.py:541} INFO - Filling up the DagBag from /opt/airflow/dags/data_ops.py
[2025-07-17T07:34:57.802+0000] {processor.py:836} INFO - DAG(s) dict_keys(['data_ops']) retrieved from /opt/airflow/dags/data_ops.py
[2025-07-17T07:34:57.819+0000] {logging_mixin.py:150} INFO - [2025-07-17T07:34:57.819+0000] {dag.py:2742} INFO - Sync 1 DAGs
[2025-07-17T07:34:57.833+0000] {logging_mixin.py:150} INFO - [2025-07-17T07:34:57.833+0000] {dag.py:3508} INFO - Setting next_dagrun for data_ops to None, run_after=None
[2025-07-17T07:34:57.842+0000] {processor.py:179} INFO - Processing /opt/airflow/dags/data_ops.py took 0.052 seconds
[2025-07-17T07:35:28.099+0000] {processor.py:157} INFO - Started process (PID=2281) to work on /opt/airflow/dags/data_ops.py
[2025-07-17T07:35:28.100+0000] {processor.py:826} INFO - Processing file /opt/airflow/dags/data_ops.py for tasks to queue
[2025-07-17T07:35:28.101+0000] {logging_mixin.py:150} INFO - [2025-07-17T07:35:28.101+0000] {dagbag.py:541} INFO - Filling up the DagBag from /opt/airflow/dags/data_ops.py
[2025-07-17T07:35:28.113+0000] {processor.py:836} INFO - DAG(s) dict_keys(['data_ops']) retrieved from /opt/airflow/dags/data_ops.py
[2025-07-17T07:35:28.130+0000] {logging_mixin.py:150} INFO - [2025-07-17T07:35:28.130+0000] {dag.py:2742} INFO - Sync 1 DAGs
[2025-07-17T07:35:28.145+0000] {logging_mixin.py:150} INFO - [2025-07-17T07:35:28.145+0000] {dag.py:3508} INFO - Setting next_dagrun for data_ops to None, run_after=None
[2025-07-17T07:35:28.153+0000] {processor.py:179} INFO - Processing /opt/airflow/dags/data_ops.py took 0.058 seconds
[2025-07-17T07:35:58.556+0000] {processor.py:157} INFO - Started process (PID=2350) to work on /opt/airflow/dags/data_ops.py
[2025-07-17T07:35:58.557+0000] {processor.py:826} INFO - Processing file /opt/airflow/dags/data_ops.py for tasks to queue
[2025-07-17T07:35:58.557+0000] {logging_mixin.py:150} INFO - [2025-07-17T07:35:58.557+0000] {dagbag.py:541} INFO - Filling up the DagBag from /opt/airflow/dags/data_ops.py
[2025-07-17T07:35:58.566+0000] {processor.py:836} INFO - DAG(s) dict_keys(['data_ops']) retrieved from /opt/airflow/dags/data_ops.py
[2025-07-17T07:35:58.583+0000] {logging_mixin.py:150} INFO - [2025-07-17T07:35:58.583+0000] {dag.py:2742} INFO - Sync 1 DAGs
[2025-07-17T07:35:58.597+0000] {logging_mixin.py:150} INFO - [2025-07-17T07:35:58.597+0000] {dag.py:3508} INFO - Setting next_dagrun for data_ops to None, run_after=None
[2025-07-17T07:35:58.606+0000] {processor.py:179} INFO - Processing /opt/airflow/dags/data_ops.py took 0.053 seconds
[2025-07-17T07:36:13.767+0000] {processor.py:157} INFO - Started process (PID=2378) to work on /opt/airflow/dags/data_ops.py
[2025-07-17T07:36:13.768+0000] {processor.py:826} INFO - Processing file /opt/airflow/dags/data_ops.py for tasks to queue
[2025-07-17T07:36:13.769+0000] {logging_mixin.py:150} INFO - [2025-07-17T07:36:13.768+0000] {dagbag.py:541} INFO - Filling up the DagBag from /opt/airflow/dags/data_ops.py
[2025-07-17T07:36:13.780+0000] {processor.py:836} INFO - DAG(s) dict_keys(['data_ops']) retrieved from /opt/airflow/dags/data_ops.py
[2025-07-17T07:36:13.795+0000] {logging_mixin.py:150} INFO - [2025-07-17T07:36:13.795+0000] {dag.py:2742} INFO - Sync 1 DAGs
[2025-07-17T07:36:13.810+0000] {logging_mixin.py:150} INFO - [2025-07-17T07:36:13.809+0000] {dag.py:3508} INFO - Setting next_dagrun for data_ops to None, run_after=None
[2025-07-17T07:36:13.819+0000] {processor.py:179} INFO - Processing /opt/airflow/dags/data_ops.py took 0.055 seconds
[2025-07-17T07:36:28.970+0000] {processor.py:157} INFO - Started process (PID=2411) to work on /opt/airflow/dags/data_ops.py
[2025-07-17T07:36:28.971+0000] {processor.py:826} INFO - Processing file /opt/airflow/dags/data_ops.py for tasks to queue
[2025-07-17T07:36:28.971+0000] {logging_mixin.py:150} INFO - [2025-07-17T07:36:28.971+0000] {dagbag.py:541} INFO - Filling up the DagBag from /opt/airflow/dags/data_ops.py
[2025-07-17T07:36:28.978+0000] {processor.py:836} INFO - DAG(s) dict_keys(['data_ops']) retrieved from /opt/airflow/dags/data_ops.py
[2025-07-17T07:36:28.989+0000] {logging_mixin.py:150} INFO - [2025-07-17T07:36:28.989+0000] {dag.py:2742} INFO - Sync 1 DAGs
[2025-07-17T07:36:29.000+0000] {logging_mixin.py:150} INFO - [2025-07-17T07:36:29.000+0000] {dag.py:3508} INFO - Setting next_dagrun for data_ops to None, run_after=None
[2025-07-17T07:36:29.009+0000] {processor.py:179} INFO - Processing /opt/airflow/dags/data_ops.py took 0.040 seconds
[2025-07-17T07:36:59.329+0000] {processor.py:157} INFO - Started process (PID=2463) to work on /opt/airflow/dags/data_ops.py
[2025-07-17T07:36:59.330+0000] {processor.py:826} INFO - Processing file /opt/airflow/dags/data_ops.py for tasks to queue
[2025-07-17T07:36:59.330+0000] {logging_mixin.py:150} INFO - [2025-07-17T07:36:59.330+0000] {dagbag.py:541} INFO - Filling up the DagBag from /opt/airflow/dags/data_ops.py
[2025-07-17T07:36:59.336+0000] {processor.py:836} INFO - DAG(s) dict_keys(['data_ops']) retrieved from /opt/airflow/dags/data_ops.py
[2025-07-17T07:36:59.349+0000] {logging_mixin.py:150} INFO - [2025-07-17T07:36:59.349+0000] {dag.py:2742} INFO - Sync 1 DAGs
[2025-07-17T07:36:59.361+0000] {logging_mixin.py:150} INFO - [2025-07-17T07:36:59.361+0000] {dag.py:3508} INFO - Setting next_dagrun for data_ops to None, run_after=None
[2025-07-17T07:36:59.369+0000] {processor.py:179} INFO - Processing /opt/airflow/dags/data_ops.py took 0.043 seconds
[2025-07-17T07:37:29.569+0000] {processor.py:157} INFO - Started process (PID=2530) to work on /opt/airflow/dags/data_ops.py
[2025-07-17T07:37:29.569+0000] {processor.py:826} INFO - Processing file /opt/airflow/dags/data_ops.py for tasks to queue
[2025-07-17T07:37:29.570+0000] {logging_mixin.py:150} INFO - [2025-07-17T07:37:29.570+0000] {dagbag.py:541} INFO - Filling up the DagBag from /opt/airflow/dags/data_ops.py
[2025-07-17T07:37:29.579+0000] {processor.py:836} INFO - DAG(s) dict_keys(['data_ops']) retrieved from /opt/airflow/dags/data_ops.py
[2025-07-17T07:37:29.595+0000] {logging_mixin.py:150} INFO - [2025-07-17T07:37:29.595+0000] {dag.py:2742} INFO - Sync 1 DAGs
[2025-07-17T07:37:29.621+0000] {processor.py:179} INFO - Processing /opt/airflow/dags/data_ops.py took 0.055 seconds
[2025-07-17T07:37:59.985+0000] {processor.py:157} INFO - Started process (PID=2587) to work on /opt/airflow/dags/data_ops.py
[2025-07-17T07:37:59.986+0000] {processor.py:826} INFO - Processing file /opt/airflow/dags/data_ops.py for tasks to queue
[2025-07-17T07:37:59.987+0000] {logging_mixin.py:150} INFO - [2025-07-17T07:37:59.987+0000] {dagbag.py:541} INFO - Filling up the DagBag from /opt/airflow/dags/data_ops.py
[2025-07-17T07:37:59.997+0000] {processor.py:836} INFO - DAG(s) dict_keys(['data_ops']) retrieved from /opt/airflow/dags/data_ops.py
[2025-07-17T07:38:00.013+0000] {logging_mixin.py:150} INFO - [2025-07-17T07:38:00.013+0000] {dag.py:2742} INFO - Sync 1 DAGs
[2025-07-17T07:38:00.036+0000] {processor.py:179} INFO - Processing /opt/airflow/dags/data_ops.py took 0.053 seconds
[2025-07-17T07:38:30.358+0000] {processor.py:157} INFO - Started process (PID=2652) to work on /opt/airflow/dags/data_ops.py
[2025-07-17T07:38:30.358+0000] {processor.py:826} INFO - Processing file /opt/airflow/dags/data_ops.py for tasks to queue
[2025-07-17T07:38:30.358+0000] {logging_mixin.py:150} INFO - [2025-07-17T07:38:30.358+0000] {dagbag.py:541} INFO - Filling up the DagBag from /opt/airflow/dags/data_ops.py
[2025-07-17T07:38:30.364+0000] {processor.py:836} INFO - DAG(s) dict_keys(['data_ops']) retrieved from /opt/airflow/dags/data_ops.py
[2025-07-17T07:38:30.375+0000] {logging_mixin.py:150} INFO - [2025-07-17T07:38:30.375+0000] {dag.py:2742} INFO - Sync 1 DAGs
[2025-07-17T07:38:30.393+0000] {processor.py:179} INFO - Processing /opt/airflow/dags/data_ops.py took 0.037 seconds
[2025-07-17T07:39:00.791+0000] {processor.py:157} INFO - Started process (PID=2700) to work on /opt/airflow/dags/data_ops.py
[2025-07-17T07:39:00.792+0000] {processor.py:826} INFO - Processing file /opt/airflow/dags/data_ops.py for tasks to queue
[2025-07-17T07:39:00.793+0000] {logging_mixin.py:150} INFO - [2025-07-17T07:39:00.792+0000] {dagbag.py:541} INFO - Filling up the DagBag from /opt/airflow/dags/data_ops.py
[2025-07-17T07:39:00.803+0000] {processor.py:836} INFO - DAG(s) dict_keys(['data_ops']) retrieved from /opt/airflow/dags/data_ops.py
[2025-07-17T07:39:00.819+0000] {logging_mixin.py:150} INFO - [2025-07-17T07:39:00.819+0000] {dag.py:2742} INFO - Sync 1 DAGs
[2025-07-17T07:39:00.841+0000] {processor.py:179} INFO - Processing /opt/airflow/dags/data_ops.py took 0.054 seconds
[2025-07-17T07:39:31.072+0000] {processor.py:157} INFO - Started process (PID=2767) to work on /opt/airflow/dags/data_ops.py
[2025-07-17T07:39:31.073+0000] {processor.py:826} INFO - Processing file /opt/airflow/dags/data_ops.py for tasks to queue
[2025-07-17T07:39:31.074+0000] {logging_mixin.py:150} INFO - [2025-07-17T07:39:31.074+0000] {dagbag.py:541} INFO - Filling up the DagBag from /opt/airflow/dags/data_ops.py
[2025-07-17T07:39:31.084+0000] {processor.py:836} INFO - DAG(s) dict_keys(['data_ops']) retrieved from /opt/airflow/dags/data_ops.py
[2025-07-17T07:39:31.102+0000] {logging_mixin.py:150} INFO - [2025-07-17T07:39:31.102+0000] {dag.py:2742} INFO - Sync 1 DAGs
[2025-07-17T07:39:31.126+0000] {processor.py:179} INFO - Processing /opt/airflow/dags/data_ops.py took 0.057 seconds
[2025-07-17T07:40:01.540+0000] {processor.py:157} INFO - Started process (PID=2824) to work on /opt/airflow/dags/data_ops.py
[2025-07-17T07:40:01.540+0000] {processor.py:826} INFO - Processing file /opt/airflow/dags/data_ops.py for tasks to queue
[2025-07-17T07:40:01.541+0000] {logging_mixin.py:150} INFO - [2025-07-17T07:40:01.541+0000] {dagbag.py:541} INFO - Filling up the DagBag from /opt/airflow/dags/data_ops.py
[2025-07-17T07:40:01.551+0000] {processor.py:836} INFO - DAG(s) dict_keys(['data_ops']) retrieved from /opt/airflow/dags/data_ops.py
[2025-07-17T07:40:01.568+0000] {logging_mixin.py:150} INFO - [2025-07-17T07:40:01.568+0000] {dag.py:2742} INFO - Sync 1 DAGs
[2025-07-17T07:40:01.589+0000] {processor.py:179} INFO - Processing /opt/airflow/dags/data_ops.py took 0.053 seconds
[2025-07-17T07:40:31.940+0000] {processor.py:157} INFO - Started process (PID=2889) to work on /opt/airflow/dags/data_ops.py
[2025-07-17T07:40:31.940+0000] {processor.py:826} INFO - Processing file /opt/airflow/dags/data_ops.py for tasks to queue
[2025-07-17T07:40:31.941+0000] {logging_mixin.py:150} INFO - [2025-07-17T07:40:31.941+0000] {dagbag.py:541} INFO - Filling up the DagBag from /opt/airflow/dags/data_ops.py
[2025-07-17T07:40:31.946+0000] {processor.py:836} INFO - DAG(s) dict_keys(['data_ops']) retrieved from /opt/airflow/dags/data_ops.py
[2025-07-17T07:40:31.957+0000] {logging_mixin.py:150} INFO - [2025-07-17T07:40:31.957+0000] {dag.py:2742} INFO - Sync 1 DAGs
[2025-07-17T07:40:31.977+0000] {processor.py:179} INFO - Processing /opt/airflow/dags/data_ops.py took 0.039 seconds
[2025-07-17T07:41:02.390+0000] {processor.py:157} INFO - Started process (PID=2937) to work on /opt/airflow/dags/data_ops.py
[2025-07-17T07:41:02.391+0000] {processor.py:826} INFO - Processing file /opt/airflow/dags/data_ops.py for tasks to queue
[2025-07-17T07:41:02.392+0000] {logging_mixin.py:150} INFO - [2025-07-17T07:41:02.391+0000] {dagbag.py:541} INFO - Filling up the DagBag from /opt/airflow/dags/data_ops.py
[2025-07-17T07:41:02.401+0000] {processor.py:836} INFO - DAG(s) dict_keys(['data_ops']) retrieved from /opt/airflow/dags/data_ops.py
[2025-07-17T07:41:02.417+0000] {logging_mixin.py:150} INFO - [2025-07-17T07:41:02.417+0000] {dag.py:2742} INFO - Sync 1 DAGs
[2025-07-17T07:41:02.440+0000] {processor.py:179} INFO - Processing /opt/airflow/dags/data_ops.py took 0.053 seconds
