[2025-07-17T07:16:46.060+0000] {processor.py:157} INFO - Started process (PID=173) to work on /opt/airflow/dags/data_ops_dag.py
[2025-07-17T07:16:46.061+0000] {processor.py:826} INFO - Processing file /opt/airflow/dags/data_ops_dag.py for tasks to queue
[2025-07-17T07:16:46.062+0000] {logging_mixin.py:150} INFO - [2025-07-17T07:16:46.062+0000] {dagbag.py:541} INFO - Filling up the DagBag from /opt/airflow/dags/data_ops_dag.py
[2025-07-17T07:16:46.081+0000] {processor.py:836} INFO - DAG(s) dict_keys(['data_ops_dag']) retrieved from /opt/airflow/dags/data_ops_dag.py
[2025-07-17T07:16:46.099+0000] {logging_mixin.py:150} INFO - [2025-07-17T07:16:46.099+0000] {dag.py:2742} INFO - Sync 1 DAGs
[2025-07-17T07:16:46.114+0000] {logging_mixin.py:150} INFO - [2025-07-17T07:16:46.113+0000] {dag.py:3508} INFO - Setting next_dagrun for data_ops_dag to None, run_after=None
[2025-07-17T07:16:46.127+0000] {processor.py:179} INFO - Processing /opt/airflow/dags/data_ops_dag.py took 0.070 seconds
[2025-07-17T07:17:16.530+0000] {processor.py:157} INFO - Started process (PID=235) to work on /opt/airflow/dags/data_ops_dag.py
[2025-07-17T07:17:16.531+0000] {processor.py:826} INFO - Processing file /opt/airflow/dags/data_ops_dag.py for tasks to queue
[2025-07-17T07:17:16.531+0000] {logging_mixin.py:150} INFO - [2025-07-17T07:17:16.531+0000] {dagbag.py:541} INFO - Filling up the DagBag from /opt/airflow/dags/data_ops_dag.py
[2025-07-17T07:17:16.543+0000] {processor.py:836} INFO - DAG(s) dict_keys(['data_ops_dag']) retrieved from /opt/airflow/dags/data_ops_dag.py
[2025-07-17T07:17:16.561+0000] {logging_mixin.py:150} INFO - [2025-07-17T07:17:16.561+0000] {dag.py:2742} INFO - Sync 1 DAGs
[2025-07-17T07:17:16.578+0000] {logging_mixin.py:150} INFO - [2025-07-17T07:17:16.578+0000] {dag.py:3508} INFO - Setting next_dagrun for data_ops_dag to None, run_after=None
[2025-07-17T07:17:16.587+0000] {processor.py:179} INFO - Processing /opt/airflow/dags/data_ops_dag.py took 0.060 seconds
[2025-07-17T07:17:47.034+0000] {processor.py:157} INFO - Started process (PID=297) to work on /opt/airflow/dags/data_ops_dag.py
[2025-07-17T07:17:47.034+0000] {processor.py:826} INFO - Processing file /opt/airflow/dags/data_ops_dag.py for tasks to queue
[2025-07-17T07:17:47.036+0000] {logging_mixin.py:150} INFO - [2025-07-17T07:17:47.036+0000] {dagbag.py:541} INFO - Filling up the DagBag from /opt/airflow/dags/data_ops_dag.py
[2025-07-17T07:17:47.046+0000] {processor.py:836} INFO - DAG(s) dict_keys(['data_ops_dag']) retrieved from /opt/airflow/dags/data_ops_dag.py
[2025-07-17T07:17:47.061+0000] {logging_mixin.py:150} INFO - [2025-07-17T07:17:47.061+0000] {dag.py:2742} INFO - Sync 1 DAGs
[2025-07-17T07:17:47.075+0000] {logging_mixin.py:150} INFO - [2025-07-17T07:17:47.075+0000] {dag.py:3508} INFO - Setting next_dagrun for data_ops_dag to None, run_after=None
[2025-07-17T07:17:47.084+0000] {processor.py:179} INFO - Processing /opt/airflow/dags/data_ops_dag.py took 0.053 seconds
[2025-07-17T07:18:17.536+0000] {processor.py:157} INFO - Started process (PID=350) to work on /opt/airflow/dags/data_ops_dag.py
[2025-07-17T07:18:17.537+0000] {processor.py:826} INFO - Processing file /opt/airflow/dags/data_ops_dag.py for tasks to queue
[2025-07-17T07:18:17.538+0000] {logging_mixin.py:150} INFO - [2025-07-17T07:18:17.538+0000] {dagbag.py:541} INFO - Filling up the DagBag from /opt/airflow/dags/data_ops_dag.py
[2025-07-17T07:18:17.547+0000] {processor.py:836} INFO - DAG(s) dict_keys(['data_ops_dag']) retrieved from /opt/airflow/dags/data_ops_dag.py
[2025-07-17T07:18:17.563+0000] {logging_mixin.py:150} INFO - [2025-07-17T07:18:17.562+0000] {dag.py:2742} INFO - Sync 1 DAGs
[2025-07-17T07:18:17.576+0000] {logging_mixin.py:150} INFO - [2025-07-17T07:18:17.576+0000] {dag.py:3508} INFO - Setting next_dagrun for data_ops_dag to None, run_after=None
[2025-07-17T07:18:17.586+0000] {processor.py:179} INFO - Processing /opt/airflow/dags/data_ops_dag.py took 0.053 seconds
[2025-07-17T07:18:47.977+0000] {processor.py:157} INFO - Started process (PID=416) to work on /opt/airflow/dags/data_ops_dag.py
[2025-07-17T07:18:47.978+0000] {processor.py:826} INFO - Processing file /opt/airflow/dags/data_ops_dag.py for tasks to queue
[2025-07-17T07:18:47.979+0000] {logging_mixin.py:150} INFO - [2025-07-17T07:18:47.979+0000] {dagbag.py:541} INFO - Filling up the DagBag from /opt/airflow/dags/data_ops_dag.py
[2025-07-17T07:18:47.993+0000] {processor.py:836} INFO - DAG(s) dict_keys(['data_ops_dag']) retrieved from /opt/airflow/dags/data_ops_dag.py
[2025-07-17T07:18:48.009+0000] {logging_mixin.py:150} INFO - [2025-07-17T07:18:48.009+0000] {dag.py:2742} INFO - Sync 1 DAGs
[2025-07-17T07:18:48.024+0000] {logging_mixin.py:150} INFO - [2025-07-17T07:18:48.024+0000] {dag.py:3508} INFO - Setting next_dagrun for data_ops_dag to None, run_after=None
[2025-07-17T07:18:48.033+0000] {processor.py:179} INFO - Processing /opt/airflow/dags/data_ops_dag.py took 0.058 seconds
[2025-07-17T07:19:18.519+0000] {processor.py:157} INFO - Started process (PID=477) to work on /opt/airflow/dags/data_ops_dag.py
[2025-07-17T07:19:18.520+0000] {processor.py:826} INFO - Processing file /opt/airflow/dags/data_ops_dag.py for tasks to queue
[2025-07-17T07:19:18.521+0000] {logging_mixin.py:150} INFO - [2025-07-17T07:19:18.521+0000] {dagbag.py:541} INFO - Filling up the DagBag from /opt/airflow/dags/data_ops_dag.py
[2025-07-17T07:19:18.531+0000] {processor.py:836} INFO - DAG(s) dict_keys(['data_ops_dag']) retrieved from /opt/airflow/dags/data_ops_dag.py
[2025-07-17T07:19:18.550+0000] {logging_mixin.py:150} INFO - [2025-07-17T07:19:18.550+0000] {dag.py:2742} INFO - Sync 1 DAGs
[2025-07-17T07:19:18.567+0000] {logging_mixin.py:150} INFO - [2025-07-17T07:19:18.566+0000] {dag.py:3508} INFO - Setting next_dagrun for data_ops_dag to None, run_after=None
[2025-07-17T07:19:18.576+0000] {processor.py:179} INFO - Processing /opt/airflow/dags/data_ops_dag.py took 0.060 seconds
[2025-07-17T07:19:48.997+0000] {processor.py:157} INFO - Started process (PID=539) to work on /opt/airflow/dags/data_ops_dag.py
[2025-07-17T07:19:48.997+0000] {processor.py:826} INFO - Processing file /opt/airflow/dags/data_ops_dag.py for tasks to queue
[2025-07-17T07:19:48.998+0000] {logging_mixin.py:150} INFO - [2025-07-17T07:19:48.998+0000] {dagbag.py:541} INFO - Filling up the DagBag from /opt/airflow/dags/data_ops_dag.py
[2025-07-17T07:19:49.015+0000] {processor.py:836} INFO - DAG(s) dict_keys(['data_ops_dag']) retrieved from /opt/airflow/dags/data_ops_dag.py
[2025-07-17T07:19:49.029+0000] {logging_mixin.py:150} INFO - [2025-07-17T07:19:49.029+0000] {dag.py:2742} INFO - Sync 1 DAGs
[2025-07-17T07:19:49.043+0000] {logging_mixin.py:150} INFO - [2025-07-17T07:19:49.043+0000] {dag.py:3508} INFO - Setting next_dagrun for data_ops_dag to None, run_after=None
[2025-07-17T07:19:49.052+0000] {processor.py:179} INFO - Processing /opt/airflow/dags/data_ops_dag.py took 0.057 seconds
[2025-07-17T07:20:19.496+0000] {processor.py:157} INFO - Started process (PID=600) to work on /opt/airflow/dags/data_ops_dag.py
[2025-07-17T07:20:19.496+0000] {processor.py:826} INFO - Processing file /opt/airflow/dags/data_ops_dag.py for tasks to queue
[2025-07-17T07:20:19.497+0000] {logging_mixin.py:150} INFO - [2025-07-17T07:20:19.497+0000] {dagbag.py:541} INFO - Filling up the DagBag from /opt/airflow/dags/data_ops_dag.py
[2025-07-17T07:20:19.506+0000] {processor.py:836} INFO - DAG(s) dict_keys(['data_ops_dag']) retrieved from /opt/airflow/dags/data_ops_dag.py
[2025-07-17T07:20:19.520+0000] {logging_mixin.py:150} INFO - [2025-07-17T07:20:19.519+0000] {dag.py:2742} INFO - Sync 1 DAGs
[2025-07-17T07:20:19.532+0000] {logging_mixin.py:150} INFO - [2025-07-17T07:20:19.532+0000] {dag.py:3508} INFO - Setting next_dagrun for data_ops_dag to None, run_after=None
[2025-07-17T07:20:19.541+0000] {processor.py:179} INFO - Processing /opt/airflow/dags/data_ops_dag.py took 0.047 seconds
