[2025-07-17T07:16:46.056+0000] {processor.py:157} INFO - Started process (PID=170) to work on /opt/airflow/dags/dbt_build_monolith.py
[2025-07-17T07:16:46.057+0000] {processor.py:826} INFO - Processing file /opt/airflow/dags/dbt_build_monolith.py for tasks to queue
[2025-07-17T07:16:46.060+0000] {logging_mixin.py:150} INFO - [2025-07-17T07:16:46.060+0000] {dagbag.py:541} INFO - Filling up the DagBag from /opt/airflow/dags/dbt_build_monolith.py
[2025-07-17T07:16:46.079+0000] {logging_mixin.py:150} WARNING - /home/airflow/.local/lib/python3.7/site-packages/airflow/operators/python.py:166 RemovedInAirflow3Warning: none_failed_or_skipped Trigger Rule is deprecated. Please use `none_failed_min_one_success`.
[2025-07-17T07:16:46.083+0000] {processor.py:836} INFO - DAG(s) dict_keys(['dbt_build_monolith']) retrieved from /opt/airflow/dags/dbt_build_monolith.py
[2025-07-17T07:16:46.098+0000] {logging_mixin.py:150} INFO - [2025-07-17T07:16:46.098+0000] {dag.py:2742} INFO - Sync 1 DAGs
[2025-07-17T07:16:46.113+0000] {logging_mixin.py:150} INFO - [2025-07-17T07:16:46.113+0000] {dag.py:3508} INFO - Setting next_dagrun for dbt_build_monolith to 2025-07-17T07:15:46.112892+00:00, run_after=2025-07-17T07:16:46.112892+00:00
[2025-07-17T07:16:46.126+0000] {processor.py:179} INFO - Processing /opt/airflow/dags/dbt_build_monolith.py took 0.072 seconds
[2025-07-17T07:17:16.527+0000] {processor.py:157} INFO - Started process (PID=232) to work on /opt/airflow/dags/dbt_build_monolith.py
[2025-07-17T07:17:16.528+0000] {processor.py:826} INFO - Processing file /opt/airflow/dags/dbt_build_monolith.py for tasks to queue
[2025-07-17T07:17:16.529+0000] {logging_mixin.py:150} INFO - [2025-07-17T07:17:16.528+0000] {dagbag.py:541} INFO - Filling up the DagBag from /opt/airflow/dags/dbt_build_monolith.py
[2025-07-17T07:17:16.542+0000] {logging_mixin.py:150} WARNING - /home/airflow/.local/lib/python3.7/site-packages/airflow/operators/python.py:166 RemovedInAirflow3Warning: none_failed_or_skipped Trigger Rule is deprecated. Please use `none_failed_min_one_success`.
[2025-07-17T07:17:16.544+0000] {processor.py:836} INFO - DAG(s) dict_keys(['dbt_build_monolith']) retrieved from /opt/airflow/dags/dbt_build_monolith.py
[2025-07-17T07:17:16.615+0000] {logging_mixin.py:150} INFO - [2025-07-17T07:17:16.615+0000] {dag.py:2742} INFO - Sync 1 DAGs
[2025-07-17T07:17:16.626+0000] {logging_mixin.py:150} INFO - [2025-07-17T07:17:16.626+0000] {dag.py:3508} INFO - Setting next_dagrun for dbt_build_monolith to 2025-07-17T07:16:16.626606+00:00, run_after=2025-07-17T07:17:16.626606+00:00
[2025-07-17T07:17:16.639+0000] {processor.py:179} INFO - Processing /opt/airflow/dags/dbt_build_monolith.py took 0.115 seconds
[2025-07-17T07:17:47.032+0000] {processor.py:157} INFO - Started process (PID=294) to work on /opt/airflow/dags/dbt_build_monolith.py
[2025-07-17T07:17:47.033+0000] {processor.py:826} INFO - Processing file /opt/airflow/dags/dbt_build_monolith.py for tasks to queue
[2025-07-17T07:17:47.034+0000] {logging_mixin.py:150} INFO - [2025-07-17T07:17:47.033+0000] {dagbag.py:541} INFO - Filling up the DagBag from /opt/airflow/dags/dbt_build_monolith.py
[2025-07-17T07:17:47.046+0000] {logging_mixin.py:150} WARNING - /home/airflow/.local/lib/python3.7/site-packages/airflow/operators/python.py:166 RemovedInAirflow3Warning: none_failed_or_skipped Trigger Rule is deprecated. Please use `none_failed_min_one_success`.
[2025-07-17T07:17:47.048+0000] {processor.py:836} INFO - DAG(s) dict_keys(['dbt_build_monolith']) retrieved from /opt/airflow/dags/dbt_build_monolith.py
[2025-07-17T07:17:47.115+0000] {logging_mixin.py:150} INFO - [2025-07-17T07:17:47.114+0000] {dag.py:2742} INFO - Sync 1 DAGs
[2025-07-17T07:17:47.129+0000] {logging_mixin.py:150} INFO - [2025-07-17T07:17:47.129+0000] {dag.py:3508} INFO - Setting next_dagrun for dbt_build_monolith to 2025-07-17T07:16:47.128930+00:00, run_after=2025-07-17T07:17:47.128930+00:00
[2025-07-17T07:17:47.201+0000] {processor.py:179} INFO - Processing /opt/airflow/dags/dbt_build_monolith.py took 0.172 seconds
[2025-07-17T07:18:17.534+0000] {processor.py:157} INFO - Started process (PID=347) to work on /opt/airflow/dags/dbt_build_monolith.py
[2025-07-17T07:18:17.535+0000] {processor.py:826} INFO - Processing file /opt/airflow/dags/dbt_build_monolith.py for tasks to queue
[2025-07-17T07:18:17.536+0000] {logging_mixin.py:150} INFO - [2025-07-17T07:18:17.536+0000] {dagbag.py:541} INFO - Filling up the DagBag from /opt/airflow/dags/dbt_build_monolith.py
[2025-07-17T07:18:17.546+0000] {logging_mixin.py:150} WARNING - /home/airflow/.local/lib/python3.7/site-packages/airflow/operators/python.py:166 RemovedInAirflow3Warning: none_failed_or_skipped Trigger Rule is deprecated. Please use `none_failed_min_one_success`.
[2025-07-17T07:18:17.549+0000] {processor.py:836} INFO - DAG(s) dict_keys(['dbt_build_monolith']) retrieved from /opt/airflow/dags/dbt_build_monolith.py
[2025-07-17T07:18:17.614+0000] {logging_mixin.py:150} INFO - [2025-07-17T07:18:17.614+0000] {dag.py:2742} INFO - Sync 1 DAGs
[2025-07-17T07:18:17.696+0000] {logging_mixin.py:150} INFO - [2025-07-17T07:18:17.696+0000] {dag.py:3508} INFO - Setting next_dagrun for dbt_build_monolith to 2025-07-17T07:17:17.696540+00:00, run_after=2025-07-17T07:18:17.696540+00:00
[2025-07-17T07:18:17.707+0000] {processor.py:179} INFO - Processing /opt/airflow/dags/dbt_build_monolith.py took 0.177 seconds
[2025-07-17T07:18:47.976+0000] {processor.py:157} INFO - Started process (PID=413) to work on /opt/airflow/dags/dbt_build_monolith.py
[2025-07-17T07:18:47.977+0000] {processor.py:826} INFO - Processing file /opt/airflow/dags/dbt_build_monolith.py for tasks to queue
[2025-07-17T07:18:47.978+0000] {logging_mixin.py:150} INFO - [2025-07-17T07:18:47.977+0000] {dagbag.py:541} INFO - Filling up the DagBag from /opt/airflow/dags/dbt_build_monolith.py
[2025-07-17T07:18:47.988+0000] {logging_mixin.py:150} WARNING - /home/airflow/.local/lib/python3.7/site-packages/airflow/operators/python.py:166 RemovedInAirflow3Warning: none_failed_or_skipped Trigger Rule is deprecated. Please use `none_failed_min_one_success`.
[2025-07-17T07:18:47.992+0000] {processor.py:836} INFO - DAG(s) dict_keys(['dbt_build_monolith']) retrieved from /opt/airflow/dags/dbt_build_monolith.py
[2025-07-17T07:18:48.061+0000] {logging_mixin.py:150} INFO - [2025-07-17T07:18:48.061+0000] {dag.py:2742} INFO - Sync 1 DAGs
[2025-07-17T07:18:48.128+0000] {logging_mixin.py:150} INFO - [2025-07-17T07:18:48.127+0000] {dag.py:3508} INFO - Setting next_dagrun for dbt_build_monolith to 2025-07-17T07:18:17.696540+00:00, run_after=2025-07-17T07:19:17.696540+00:00
[2025-07-17T07:18:48.151+0000] {processor.py:179} INFO - Processing /opt/airflow/dags/dbt_build_monolith.py took 0.178 seconds
[2025-07-17T07:19:18.514+0000] {processor.py:157} INFO - Started process (PID=474) to work on /opt/airflow/dags/dbt_build_monolith.py
[2025-07-17T07:19:18.516+0000] {processor.py:826} INFO - Processing file /opt/airflow/dags/dbt_build_monolith.py for tasks to queue
[2025-07-17T07:19:18.517+0000] {logging_mixin.py:150} INFO - [2025-07-17T07:19:18.516+0000] {dagbag.py:541} INFO - Filling up the DagBag from /opt/airflow/dags/dbt_build_monolith.py
[2025-07-17T07:19:18.532+0000] {logging_mixin.py:150} WARNING - /home/airflow/.local/lib/python3.7/site-packages/airflow/operators/python.py:166 RemovedInAirflow3Warning: none_failed_or_skipped Trigger Rule is deprecated. Please use `none_failed_min_one_success`.
[2025-07-17T07:19:18.536+0000] {processor.py:836} INFO - DAG(s) dict_keys(['dbt_build_monolith']) retrieved from /opt/airflow/dags/dbt_build_monolith.py
[2025-07-17T07:19:18.671+0000] {logging_mixin.py:150} INFO - [2025-07-17T07:19:18.671+0000] {dag.py:2742} INFO - Sync 1 DAGs
[2025-07-17T07:19:18.684+0000] {logging_mixin.py:150} INFO - [2025-07-17T07:19:18.684+0000] {dag.py:3508} INFO - Setting next_dagrun for dbt_build_monolith to 2025-07-17T07:18:18.684276+00:00, run_after=2025-07-17T07:19:18.684276+00:00
[2025-07-17T07:19:18.695+0000] {processor.py:179} INFO - Processing /opt/airflow/dags/dbt_build_monolith.py took 0.184 seconds
[2025-07-17T07:19:48.995+0000] {processor.py:157} INFO - Started process (PID=536) to work on /opt/airflow/dags/dbt_build_monolith.py
[2025-07-17T07:19:48.995+0000] {processor.py:826} INFO - Processing file /opt/airflow/dags/dbt_build_monolith.py for tasks to queue
[2025-07-17T07:19:48.996+0000] {logging_mixin.py:150} INFO - [2025-07-17T07:19:48.996+0000] {dagbag.py:541} INFO - Filling up the DagBag from /opt/airflow/dags/dbt_build_monolith.py
[2025-07-17T07:19:49.006+0000] {logging_mixin.py:150} WARNING - /home/airflow/.local/lib/python3.7/site-packages/airflow/operators/python.py:166 RemovedInAirflow3Warning: none_failed_or_skipped Trigger Rule is deprecated. Please use `none_failed_min_one_success`.
[2025-07-17T07:19:49.009+0000] {processor.py:836} INFO - DAG(s) dict_keys(['dbt_build_monolith']) retrieved from /opt/airflow/dags/dbt_build_monolith.py
[2025-07-17T07:19:49.138+0000] {logging_mixin.py:150} INFO - [2025-07-17T07:19:49.138+0000] {dag.py:2742} INFO - Sync 1 DAGs
[2025-07-17T07:19:49.151+0000] {logging_mixin.py:150} INFO - [2025-07-17T07:19:49.151+0000] {dag.py:3508} INFO - Setting next_dagrun for dbt_build_monolith to 2025-07-17T07:18:49.150956+00:00, run_after=2025-07-17T07:19:49.150956+00:00
[2025-07-17T07:19:49.160+0000] {processor.py:179} INFO - Processing /opt/airflow/dags/dbt_build_monolith.py took 0.168 seconds
[2025-07-17T07:20:19.496+0000] {processor.py:157} INFO - Started process (PID=597) to work on /opt/airflow/dags/dbt_build_monolith.py
[2025-07-17T07:20:19.496+0000] {processor.py:826} INFO - Processing file /opt/airflow/dags/dbt_build_monolith.py for tasks to queue
[2025-07-17T07:20:19.497+0000] {logging_mixin.py:150} INFO - [2025-07-17T07:20:19.497+0000] {dagbag.py:541} INFO - Filling up the DagBag from /opt/airflow/dags/dbt_build_monolith.py
[2025-07-17T07:20:19.505+0000] {logging_mixin.py:150} WARNING - /home/airflow/.local/lib/python3.7/site-packages/airflow/operators/python.py:166 RemovedInAirflow3Warning: none_failed_or_skipped Trigger Rule is deprecated. Please use `none_failed_min_one_success`.
[2025-07-17T07:20:19.507+0000] {processor.py:836} INFO - DAG(s) dict_keys(['dbt_build_monolith']) retrieved from /opt/airflow/dags/dbt_build_monolith.py
[2025-07-17T07:20:19.675+0000] {logging_mixin.py:150} INFO - [2025-07-17T07:20:19.675+0000] {dag.py:2742} INFO - Sync 1 DAGs
[2025-07-17T07:20:19.689+0000] {logging_mixin.py:150} INFO - [2025-07-17T07:20:19.689+0000] {dag.py:3508} INFO - Setting next_dagrun for dbt_build_monolith to 2025-07-17T07:19:19.689430+00:00, run_after=2025-07-17T07:20:19.689430+00:00
[2025-07-17T07:20:19.702+0000] {processor.py:179} INFO - Processing /opt/airflow/dags/dbt_build_monolith.py took 0.207 seconds
[2025-07-17T07:20:50.098+0000] {processor.py:157} INFO - Started process (PID=650) to work on /opt/airflow/dags/dbt_build_monolith.py
[2025-07-17T07:20:50.099+0000] {processor.py:826} INFO - Processing file /opt/airflow/dags/dbt_build_monolith.py for tasks to queue
[2025-07-17T07:20:50.100+0000] {logging_mixin.py:150} INFO - [2025-07-17T07:20:50.099+0000] {dagbag.py:541} INFO - Filling up the DagBag from /opt/airflow/dags/dbt_build_monolith.py
[2025-07-17T07:20:50.114+0000] {logging_mixin.py:150} WARNING - /home/airflow/.local/lib/python3.7/site-packages/airflow/operators/python.py:166 RemovedInAirflow3Warning: none_failed_or_skipped Trigger Rule is deprecated. Please use `none_failed_min_one_success`.
[2025-07-17T07:20:50.116+0000] {processor.py:836} INFO - DAG(s) dict_keys(['dbt_build_monolith']) retrieved from /opt/airflow/dags/dbt_build_monolith.py
[2025-07-17T07:20:50.249+0000] {logging_mixin.py:150} INFO - [2025-07-17T07:20:50.248+0000] {dag.py:2742} INFO - Sync 1 DAGs
[2025-07-17T07:20:50.261+0000] {logging_mixin.py:150} INFO - [2025-07-17T07:20:50.261+0000] {dag.py:3508} INFO - Setting next_dagrun for dbt_build_monolith to 2025-07-17T07:19:50.261469+00:00, run_after=2025-07-17T07:20:50.261469+00:00
[2025-07-17T07:20:50.273+0000] {processor.py:179} INFO - Processing /opt/airflow/dags/dbt_build_monolith.py took 0.179 seconds
[2025-07-17T07:21:10.473+0000] {processor.py:157} INFO - Started process (PID=688) to work on /opt/airflow/dags/dbt_build_monolith.py
[2025-07-17T07:21:10.474+0000] {processor.py:826} INFO - Processing file /opt/airflow/dags/dbt_build_monolith.py for tasks to queue
[2025-07-17T07:21:10.474+0000] {logging_mixin.py:150} INFO - [2025-07-17T07:21:10.474+0000] {dagbag.py:541} INFO - Filling up the DagBag from /opt/airflow/dags/dbt_build_monolith.py
[2025-07-17T07:21:10.487+0000] {logging_mixin.py:150} WARNING - /home/airflow/.local/lib/python3.7/site-packages/airflow/operators/python.py:166 RemovedInAirflow3Warning: none_failed_or_skipped Trigger Rule is deprecated. Please use `none_failed_min_one_success`.
[2025-07-17T07:21:10.489+0000] {processor.py:836} INFO - DAG(s) dict_keys(['dbt_build_monolith']) retrieved from /opt/airflow/dags/dbt_build_monolith.py
[2025-07-17T07:21:10.498+0000] {logging_mixin.py:150} INFO - [2025-07-17T07:21:10.498+0000] {dag.py:2742} INFO - Sync 1 DAGs
[2025-07-17T07:21:10.514+0000] {logging_mixin.py:150} INFO - [2025-07-17T07:21:10.513+0000] {dag.py:3508} INFO - Setting next_dagrun for dbt_build_monolith to 2025-07-17T07:20:10.513864+00:00, run_after=2025-07-17T07:21:10.513864+00:00
[2025-07-17T07:21:10.576+0000] {processor.py:179} INFO - Processing /opt/airflow/dags/dbt_build_monolith.py took 0.106 seconds
[2025-07-17T07:21:40.728+0000] {processor.py:157} INFO - Started process (PID=729) to work on /opt/airflow/dags/dbt_build_monolith.py
[2025-07-17T07:21:40.729+0000] {processor.py:826} INFO - Processing file /opt/airflow/dags/dbt_build_monolith.py for tasks to queue
[2025-07-17T07:21:40.730+0000] {logging_mixin.py:150} INFO - [2025-07-17T07:21:40.730+0000] {dagbag.py:541} INFO - Filling up the DagBag from /opt/airflow/dags/dbt_build_monolith.py
[2025-07-17T07:21:40.738+0000] {logging_mixin.py:150} WARNING - /home/airflow/.local/lib/python3.7/site-packages/airflow/operators/python.py:166 RemovedInAirflow3Warning: none_failed_or_skipped Trigger Rule is deprecated. Please use `none_failed_min_one_success`.
[2025-07-17T07:21:40.740+0000] {processor.py:836} INFO - DAG(s) dict_keys(['dbt_build_monolith']) retrieved from /opt/airflow/dags/dbt_build_monolith.py
[2025-07-17T07:21:40.854+0000] {logging_mixin.py:150} INFO - [2025-07-17T07:21:40.854+0000] {dag.py:2742} INFO - Sync 1 DAGs
[2025-07-17T07:21:40.863+0000] {logging_mixin.py:150} INFO - [2025-07-17T07:21:40.863+0000] {dag.py:3508} INFO - Setting next_dagrun for dbt_build_monolith to 2025-07-17T07:20:40.863621+00:00, run_after=2025-07-17T07:21:40.863621+00:00
[2025-07-17T07:21:40.872+0000] {processor.py:179} INFO - Processing /opt/airflow/dags/dbt_build_monolith.py took 0.146 seconds
[2025-07-17T07:22:11.349+0000] {processor.py:157} INFO - Started process (PID=791) to work on /opt/airflow/dags/dbt_build_monolith.py
[2025-07-17T07:22:11.349+0000] {processor.py:826} INFO - Processing file /opt/airflow/dags/dbt_build_monolith.py for tasks to queue
[2025-07-17T07:22:11.350+0000] {logging_mixin.py:150} INFO - [2025-07-17T07:22:11.350+0000] {dagbag.py:541} INFO - Filling up the DagBag from /opt/airflow/dags/dbt_build_monolith.py
[2025-07-17T07:22:11.359+0000] {logging_mixin.py:150} WARNING - /home/airflow/.local/lib/python3.7/site-packages/airflow/operators/python.py:166 RemovedInAirflow3Warning: none_failed_or_skipped Trigger Rule is deprecated. Please use `none_failed_min_one_success`.
[2025-07-17T07:22:11.361+0000] {processor.py:836} INFO - DAG(s) dict_keys(['dbt_build_monolith']) retrieved from /opt/airflow/dags/dbt_build_monolith.py
[2025-07-17T07:22:11.470+0000] {logging_mixin.py:150} INFO - [2025-07-17T07:22:11.470+0000] {dag.py:2742} INFO - Sync 1 DAGs
[2025-07-17T07:22:11.479+0000] {logging_mixin.py:150} INFO - [2025-07-17T07:22:11.479+0000] {dag.py:3508} INFO - Setting next_dagrun for dbt_build_monolith to 2025-07-17T07:21:11.479705+00:00, run_after=2025-07-17T07:22:11.479705+00:00
[2025-07-17T07:22:11.488+0000] {processor.py:179} INFO - Processing /opt/airflow/dags/dbt_build_monolith.py took 0.142 seconds
[2025-07-17T07:22:32.691+0000] {processor.py:157} INFO - Started process (PID=839) to work on /opt/airflow/dags/dbt_build_monolith.py
[2025-07-17T07:22:32.691+0000] {processor.py:826} INFO - Processing file /opt/airflow/dags/dbt_build_monolith.py for tasks to queue
[2025-07-17T07:22:32.692+0000] {logging_mixin.py:150} INFO - [2025-07-17T07:22:32.692+0000] {dagbag.py:541} INFO - Filling up the DagBag from /opt/airflow/dags/dbt_build_monolith.py
[2025-07-17T07:22:32.701+0000] {logging_mixin.py:150} WARNING - /home/airflow/.local/lib/python3.7/site-packages/airflow/operators/python.py:166 RemovedInAirflow3Warning: none_failed_or_skipped Trigger Rule is deprecated. Please use `none_failed_min_one_success`.
[2025-07-17T07:22:32.703+0000] {processor.py:836} INFO - DAG(s) dict_keys(['dbt_build_monolith']) retrieved from /opt/airflow/dags/dbt_build_monolith.py
[2025-07-17T07:22:32.710+0000] {logging_mixin.py:150} INFO - [2025-07-17T07:22:32.710+0000] {dag.py:2742} INFO - Sync 1 DAGs
[2025-07-17T07:22:32.723+0000] {logging_mixin.py:150} INFO - [2025-07-17T07:22:32.723+0000] {dag.py:3508} INFO - Setting next_dagrun for dbt_build_monolith to 2025-07-17T07:21:32.723727+00:00, run_after=2025-07-17T07:22:32.723727+00:00
[2025-07-17T07:22:32.733+0000] {processor.py:179} INFO - Processing /opt/airflow/dags/dbt_build_monolith.py took 0.044 seconds
[2025-07-17T07:23:03.097+0000] {processor.py:157} INFO - Started process (PID=886) to work on /opt/airflow/dags/dbt_build_monolith.py
[2025-07-17T07:23:03.098+0000] {processor.py:826} INFO - Processing file /opt/airflow/dags/dbt_build_monolith.py for tasks to queue
[2025-07-17T07:23:03.099+0000] {logging_mixin.py:150} INFO - [2025-07-17T07:23:03.099+0000] {dagbag.py:541} INFO - Filling up the DagBag from /opt/airflow/dags/dbt_build_monolith.py
[2025-07-17T07:23:03.109+0000] {logging_mixin.py:150} WARNING - /home/airflow/.local/lib/python3.7/site-packages/airflow/operators/python.py:166 RemovedInAirflow3Warning: none_failed_or_skipped Trigger Rule is deprecated. Please use `none_failed_min_one_success`.
[2025-07-17T07:23:03.111+0000] {processor.py:836} INFO - DAG(s) dict_keys(['dbt_build_monolith']) retrieved from /opt/airflow/dags/dbt_build_monolith.py
[2025-07-17T07:23:03.173+0000] {logging_mixin.py:150} INFO - [2025-07-17T07:23:03.173+0000] {dag.py:2742} INFO - Sync 1 DAGs
[2025-07-17T07:23:03.184+0000] {logging_mixin.py:150} INFO - [2025-07-17T07:23:03.184+0000] {dag.py:3508} INFO - Setting next_dagrun for dbt_build_monolith to 2025-07-17T07:22:03.184521+00:00, run_after=2025-07-17T07:23:03.184521+00:00
[2025-07-17T07:23:03.194+0000] {processor.py:179} INFO - Processing /opt/airflow/dags/dbt_build_monolith.py took 0.099 seconds
[2025-07-17T07:23:33.471+0000] {processor.py:157} INFO - Started process (PID=943) to work on /opt/airflow/dags/dbt_build_monolith.py
[2025-07-17T07:23:33.472+0000] {processor.py:826} INFO - Processing file /opt/airflow/dags/dbt_build_monolith.py for tasks to queue
[2025-07-17T07:23:33.472+0000] {logging_mixin.py:150} INFO - [2025-07-17T07:23:33.472+0000] {dagbag.py:541} INFO - Filling up the DagBag from /opt/airflow/dags/dbt_build_monolith.py
[2025-07-17T07:23:33.483+0000] {logging_mixin.py:150} WARNING - /home/airflow/.local/lib/python3.7/site-packages/airflow/operators/python.py:166 RemovedInAirflow3Warning: none_failed_or_skipped Trigger Rule is deprecated. Please use `none_failed_min_one_success`.
[2025-07-17T07:23:33.486+0000] {processor.py:836} INFO - DAG(s) dict_keys(['dbt_build_monolith']) retrieved from /opt/airflow/dags/dbt_build_monolith.py
[2025-07-17T07:23:33.550+0000] {logging_mixin.py:150} INFO - [2025-07-17T07:23:33.550+0000] {dag.py:2742} INFO - Sync 1 DAGs
[2025-07-17T07:23:33.561+0000] {logging_mixin.py:150} INFO - [2025-07-17T07:23:33.561+0000] {dag.py:3508} INFO - Setting next_dagrun for dbt_build_monolith to 2025-07-17T07:22:33.561594+00:00, run_after=2025-07-17T07:23:33.561594+00:00
[2025-07-17T07:23:33.570+0000] {processor.py:179} INFO - Processing /opt/airflow/dags/dbt_build_monolith.py took 0.101 seconds
[2025-07-17T07:24:03.757+0000] {processor.py:157} INFO - Started process (PID=999) to work on /opt/airflow/dags/dbt_build_monolith.py
[2025-07-17T07:24:03.758+0000] {processor.py:826} INFO - Processing file /opt/airflow/dags/dbt_build_monolith.py for tasks to queue
[2025-07-17T07:24:03.759+0000] {logging_mixin.py:150} INFO - [2025-07-17T07:24:03.758+0000] {dagbag.py:541} INFO - Filling up the DagBag from /opt/airflow/dags/dbt_build_monolith.py
[2025-07-17T07:24:03.769+0000] {logging_mixin.py:150} WARNING - /home/airflow/.local/lib/python3.7/site-packages/airflow/operators/python.py:166 RemovedInAirflow3Warning: none_failed_or_skipped Trigger Rule is deprecated. Please use `none_failed_min_one_success`.
[2025-07-17T07:24:03.771+0000] {processor.py:836} INFO - DAG(s) dict_keys(['dbt_build_monolith']) retrieved from /opt/airflow/dags/dbt_build_monolith.py
[2025-07-17T07:24:03.834+0000] {logging_mixin.py:150} INFO - [2025-07-17T07:24:03.834+0000] {dag.py:2742} INFO - Sync 1 DAGs
[2025-07-17T07:24:03.845+0000] {logging_mixin.py:150} INFO - [2025-07-17T07:24:03.845+0000] {dag.py:3508} INFO - Setting next_dagrun for dbt_build_monolith to 2025-07-17T07:23:03.845096+00:00, run_after=2025-07-17T07:24:03.845096+00:00
[2025-07-17T07:24:03.855+0000] {processor.py:179} INFO - Processing /opt/airflow/dags/dbt_build_monolith.py took 0.100 seconds
[2025-07-17T07:24:34.072+0000] {processor.py:157} INFO - Started process (PID=1056) to work on /opt/airflow/dags/dbt_build_monolith.py
[2025-07-17T07:24:34.073+0000] {processor.py:826} INFO - Processing file /opt/airflow/dags/dbt_build_monolith.py for tasks to queue
[2025-07-17T07:24:34.074+0000] {logging_mixin.py:150} INFO - [2025-07-17T07:24:34.074+0000] {dagbag.py:541} INFO - Filling up the DagBag from /opt/airflow/dags/dbt_build_monolith.py
[2025-07-17T07:24:34.084+0000] {logging_mixin.py:150} WARNING - /home/airflow/.local/lib/python3.7/site-packages/airflow/operators/python.py:166 RemovedInAirflow3Warning: none_failed_or_skipped Trigger Rule is deprecated. Please use `none_failed_min_one_success`.
[2025-07-17T07:24:34.087+0000] {processor.py:836} INFO - DAG(s) dict_keys(['dbt_build_monolith']) retrieved from /opt/airflow/dags/dbt_build_monolith.py
[2025-07-17T07:24:34.153+0000] {logging_mixin.py:150} INFO - [2025-07-17T07:24:34.152+0000] {dag.py:2742} INFO - Sync 1 DAGs
[2025-07-17T07:24:34.163+0000] {logging_mixin.py:150} INFO - [2025-07-17T07:24:34.163+0000] {dag.py:3508} INFO - Setting next_dagrun for dbt_build_monolith to 2025-07-17T07:23:34.163394+00:00, run_after=2025-07-17T07:24:34.163394+00:00
[2025-07-17T07:24:34.172+0000] {processor.py:179} INFO - Processing /opt/airflow/dags/dbt_build_monolith.py took 0.103 seconds
[2025-07-17T07:25:04.329+0000] {processor.py:157} INFO - Started process (PID=1104) to work on /opt/airflow/dags/dbt_build_monolith.py
[2025-07-17T07:25:04.330+0000] {processor.py:826} INFO - Processing file /opt/airflow/dags/dbt_build_monolith.py for tasks to queue
[2025-07-17T07:25:04.331+0000] {logging_mixin.py:150} INFO - [2025-07-17T07:25:04.330+0000] {dagbag.py:541} INFO - Filling up the DagBag from /opt/airflow/dags/dbt_build_monolith.py
[2025-07-17T07:25:04.339+0000] {logging_mixin.py:150} WARNING - /home/airflow/.local/lib/python3.7/site-packages/airflow/operators/python.py:166 RemovedInAirflow3Warning: none_failed_or_skipped Trigger Rule is deprecated. Please use `none_failed_min_one_success`.
[2025-07-17T07:25:04.342+0000] {processor.py:836} INFO - DAG(s) dict_keys(['dbt_build_monolith']) retrieved from /opt/airflow/dags/dbt_build_monolith.py
[2025-07-17T07:25:04.404+0000] {logging_mixin.py:150} INFO - [2025-07-17T07:25:04.403+0000] {dag.py:2742} INFO - Sync 1 DAGs
[2025-07-17T07:25:04.416+0000] {logging_mixin.py:150} INFO - [2025-07-17T07:25:04.416+0000] {dag.py:3508} INFO - Setting next_dagrun for dbt_build_monolith to 2025-07-17T07:24:04.416073+00:00, run_after=2025-07-17T07:25:04.416073+00:00
[2025-07-17T07:25:04.425+0000] {processor.py:179} INFO - Processing /opt/airflow/dags/dbt_build_monolith.py took 0.098 seconds
[2025-07-17T07:25:34.725+0000] {processor.py:157} INFO - Started process (PID=1161) to work on /opt/airflow/dags/dbt_build_monolith.py
[2025-07-17T07:25:34.726+0000] {processor.py:826} INFO - Processing file /opt/airflow/dags/dbt_build_monolith.py for tasks to queue
[2025-07-17T07:25:34.727+0000] {logging_mixin.py:150} INFO - [2025-07-17T07:25:34.726+0000] {dagbag.py:541} INFO - Filling up the DagBag from /opt/airflow/dags/dbt_build_monolith.py
[2025-07-17T07:25:34.734+0000] {logging_mixin.py:150} WARNING - /home/airflow/.local/lib/python3.7/site-packages/airflow/operators/python.py:166 RemovedInAirflow3Warning: none_failed_or_skipped Trigger Rule is deprecated. Please use `none_failed_min_one_success`.
[2025-07-17T07:25:34.736+0000] {processor.py:836} INFO - DAG(s) dict_keys(['dbt_build_monolith']) retrieved from /opt/airflow/dags/dbt_build_monolith.py
[2025-07-17T07:25:34.797+0000] {logging_mixin.py:150} INFO - [2025-07-17T07:25:34.797+0000] {dag.py:2742} INFO - Sync 1 DAGs
[2025-07-17T07:25:34.807+0000] {logging_mixin.py:150} INFO - [2025-07-17T07:25:34.807+0000] {dag.py:3508} INFO - Setting next_dagrun for dbt_build_monolith to 2025-07-17T07:24:34.807734+00:00, run_after=2025-07-17T07:25:34.807734+00:00
[2025-07-17T07:25:34.817+0000] {processor.py:179} INFO - Processing /opt/airflow/dags/dbt_build_monolith.py took 0.095 seconds
[2025-07-17T07:26:05.082+0000] {processor.py:157} INFO - Started process (PID=1218) to work on /opt/airflow/dags/dbt_build_monolith.py
[2025-07-17T07:26:05.083+0000] {processor.py:826} INFO - Processing file /opt/airflow/dags/dbt_build_monolith.py for tasks to queue
[2025-07-17T07:26:05.084+0000] {logging_mixin.py:150} INFO - [2025-07-17T07:26:05.084+0000] {dagbag.py:541} INFO - Filling up the DagBag from /opt/airflow/dags/dbt_build_monolith.py
[2025-07-17T07:26:05.092+0000] {logging_mixin.py:150} WARNING - /home/airflow/.local/lib/python3.7/site-packages/airflow/operators/python.py:166 RemovedInAirflow3Warning: none_failed_or_skipped Trigger Rule is deprecated. Please use `none_failed_min_one_success`.
[2025-07-17T07:26:05.094+0000] {processor.py:836} INFO - DAG(s) dict_keys(['dbt_build_monolith']) retrieved from /opt/airflow/dags/dbt_build_monolith.py
[2025-07-17T07:26:05.154+0000] {logging_mixin.py:150} INFO - [2025-07-17T07:26:05.153+0000] {dag.py:2742} INFO - Sync 1 DAGs
[2025-07-17T07:26:05.164+0000] {logging_mixin.py:150} INFO - [2025-07-17T07:26:05.163+0000] {dag.py:3508} INFO - Setting next_dagrun for dbt_build_monolith to 2025-07-17T07:25:05.163887+00:00, run_after=2025-07-17T07:26:05.163887+00:00
[2025-07-17T07:26:05.172+0000] {processor.py:179} INFO - Processing /opt/airflow/dags/dbt_build_monolith.py took 0.093 seconds
[2025-07-17T07:26:35.482+0000] {processor.py:157} INFO - Started process (PID=1274) to work on /opt/airflow/dags/dbt_build_monolith.py
[2025-07-17T07:26:35.482+0000] {processor.py:826} INFO - Processing file /opt/airflow/dags/dbt_build_monolith.py for tasks to queue
[2025-07-17T07:26:35.483+0000] {logging_mixin.py:150} INFO - [2025-07-17T07:26:35.482+0000] {dagbag.py:541} INFO - Filling up the DagBag from /opt/airflow/dags/dbt_build_monolith.py
[2025-07-17T07:26:35.490+0000] {logging_mixin.py:150} WARNING - /home/airflow/.local/lib/python3.7/site-packages/airflow/operators/python.py:166 RemovedInAirflow3Warning: none_failed_or_skipped Trigger Rule is deprecated. Please use `none_failed_min_one_success`.
[2025-07-17T07:26:35.491+0000] {processor.py:836} INFO - DAG(s) dict_keys(['dbt_build_monolith']) retrieved from /opt/airflow/dags/dbt_build_monolith.py
[2025-07-17T07:26:35.548+0000] {logging_mixin.py:150} INFO - [2025-07-17T07:26:35.548+0000] {dag.py:2742} INFO - Sync 1 DAGs
[2025-07-17T07:26:35.559+0000] {logging_mixin.py:150} INFO - [2025-07-17T07:26:35.559+0000] {dag.py:3508} INFO - Setting next_dagrun for dbt_build_monolith to 2025-07-17T07:25:35.559078+00:00, run_after=2025-07-17T07:26:35.559078+00:00
[2025-07-17T07:26:35.567+0000] {processor.py:179} INFO - Processing /opt/airflow/dags/dbt_build_monolith.py took 0.087 seconds
[2025-07-17T07:27:05.860+0000] {processor.py:157} INFO - Started process (PID=1321) to work on /opt/airflow/dags/dbt_build_monolith.py
[2025-07-17T07:27:05.861+0000] {processor.py:826} INFO - Processing file /opt/airflow/dags/dbt_build_monolith.py for tasks to queue
[2025-07-17T07:27:05.861+0000] {logging_mixin.py:150} INFO - [2025-07-17T07:27:05.861+0000] {dagbag.py:541} INFO - Filling up the DagBag from /opt/airflow/dags/dbt_build_monolith.py
[2025-07-17T07:27:05.868+0000] {logging_mixin.py:150} WARNING - /home/airflow/.local/lib/python3.7/site-packages/airflow/operators/python.py:166 RemovedInAirflow3Warning: none_failed_or_skipped Trigger Rule is deprecated. Please use `none_failed_min_one_success`.
[2025-07-17T07:27:05.870+0000] {processor.py:836} INFO - DAG(s) dict_keys(['dbt_build_monolith']) retrieved from /opt/airflow/dags/dbt_build_monolith.py
[2025-07-17T07:27:05.928+0000] {logging_mixin.py:150} INFO - [2025-07-17T07:27:05.928+0000] {dag.py:2742} INFO - Sync 1 DAGs
[2025-07-17T07:27:05.939+0000] {logging_mixin.py:150} INFO - [2025-07-17T07:27:05.939+0000] {dag.py:3508} INFO - Setting next_dagrun for dbt_build_monolith to 2025-07-17T07:26:05.938916+00:00, run_after=2025-07-17T07:27:05.938916+00:00
[2025-07-17T07:27:05.947+0000] {processor.py:179} INFO - Processing /opt/airflow/dags/dbt_build_monolith.py took 0.089 seconds
[2025-07-17T07:27:36.226+0000] {processor.py:157} INFO - Started process (PID=1378) to work on /opt/airflow/dags/dbt_build_monolith.py
[2025-07-17T07:27:36.226+0000] {processor.py:826} INFO - Processing file /opt/airflow/dags/dbt_build_monolith.py for tasks to queue
[2025-07-17T07:27:36.227+0000] {logging_mixin.py:150} INFO - [2025-07-17T07:27:36.226+0000] {dagbag.py:541} INFO - Filling up the DagBag from /opt/airflow/dags/dbt_build_monolith.py
[2025-07-17T07:27:36.233+0000] {logging_mixin.py:150} WARNING - /home/airflow/.local/lib/python3.7/site-packages/airflow/operators/python.py:166 RemovedInAirflow3Warning: none_failed_or_skipped Trigger Rule is deprecated. Please use `none_failed_min_one_success`.
[2025-07-17T07:27:36.235+0000] {processor.py:836} INFO - DAG(s) dict_keys(['dbt_build_monolith']) retrieved from /opt/airflow/dags/dbt_build_monolith.py
[2025-07-17T07:27:36.292+0000] {logging_mixin.py:150} INFO - [2025-07-17T07:27:36.292+0000] {dag.py:2742} INFO - Sync 1 DAGs
[2025-07-17T07:27:36.302+0000] {logging_mixin.py:150} INFO - [2025-07-17T07:27:36.302+0000] {dag.py:3508} INFO - Setting next_dagrun for dbt_build_monolith to 2025-07-17T07:26:36.302427+00:00, run_after=2025-07-17T07:27:36.302427+00:00
[2025-07-17T07:27:36.310+0000] {processor.py:179} INFO - Processing /opt/airflow/dags/dbt_build_monolith.py took 0.086 seconds
[2025-07-17T07:28:06.585+0000] {processor.py:157} INFO - Started process (PID=1434) to work on /opt/airflow/dags/dbt_build_monolith.py
[2025-07-17T07:28:06.585+0000] {processor.py:826} INFO - Processing file /opt/airflow/dags/dbt_build_monolith.py for tasks to queue
[2025-07-17T07:28:06.586+0000] {logging_mixin.py:150} INFO - [2025-07-17T07:28:06.585+0000] {dagbag.py:541} INFO - Filling up the DagBag from /opt/airflow/dags/dbt_build_monolith.py
[2025-07-17T07:28:06.592+0000] {logging_mixin.py:150} WARNING - /home/airflow/.local/lib/python3.7/site-packages/airflow/operators/python.py:166 RemovedInAirflow3Warning: none_failed_or_skipped Trigger Rule is deprecated. Please use `none_failed_min_one_success`.
[2025-07-17T07:28:06.594+0000] {processor.py:836} INFO - DAG(s) dict_keys(['dbt_build_monolith']) retrieved from /opt/airflow/dags/dbt_build_monolith.py
[2025-07-17T07:28:06.650+0000] {logging_mixin.py:150} INFO - [2025-07-17T07:28:06.650+0000] {dag.py:2742} INFO - Sync 1 DAGs
[2025-07-17T07:28:06.660+0000] {logging_mixin.py:150} INFO - [2025-07-17T07:28:06.660+0000] {dag.py:3508} INFO - Setting next_dagrun for dbt_build_monolith to 2025-07-17T07:27:06.660436+00:00, run_after=2025-07-17T07:28:06.660436+00:00
[2025-07-17T07:28:06.669+0000] {processor.py:179} INFO - Processing /opt/airflow/dags/dbt_build_monolith.py took 0.086 seconds
[2025-07-17T07:28:36.968+0000] {processor.py:157} INFO - Started process (PID=1491) to work on /opt/airflow/dags/dbt_build_monolith.py
[2025-07-17T07:28:36.968+0000] {processor.py:826} INFO - Processing file /opt/airflow/dags/dbt_build_monolith.py for tasks to queue
[2025-07-17T07:28:36.969+0000] {logging_mixin.py:150} INFO - [2025-07-17T07:28:36.969+0000] {dagbag.py:541} INFO - Filling up the DagBag from /opt/airflow/dags/dbt_build_monolith.py
[2025-07-17T07:28:36.976+0000] {logging_mixin.py:150} WARNING - /home/airflow/.local/lib/python3.7/site-packages/airflow/operators/python.py:166 RemovedInAirflow3Warning: none_failed_or_skipped Trigger Rule is deprecated. Please use `none_failed_min_one_success`.
[2025-07-17T07:28:36.978+0000] {processor.py:836} INFO - DAG(s) dict_keys(['dbt_build_monolith']) retrieved from /opt/airflow/dags/dbt_build_monolith.py
[2025-07-17T07:28:37.037+0000] {logging_mixin.py:150} INFO - [2025-07-17T07:28:37.037+0000] {dag.py:2742} INFO - Sync 1 DAGs
[2025-07-17T07:28:37.048+0000] {logging_mixin.py:150} INFO - [2025-07-17T07:28:37.048+0000] {dag.py:3508} INFO - Setting next_dagrun for dbt_build_monolith to 2025-07-17T07:27:37.048556+00:00, run_after=2025-07-17T07:28:37.048556+00:00
[2025-07-17T07:28:37.057+0000] {processor.py:179} INFO - Processing /opt/airflow/dags/dbt_build_monolith.py took 0.090 seconds
[2025-07-17T07:29:07.315+0000] {processor.py:157} INFO - Started process (PID=1539) to work on /opt/airflow/dags/dbt_build_monolith.py
[2025-07-17T07:29:07.315+0000] {processor.py:826} INFO - Processing file /opt/airflow/dags/dbt_build_monolith.py for tasks to queue
[2025-07-17T07:29:07.316+0000] {logging_mixin.py:150} INFO - [2025-07-17T07:29:07.316+0000] {dagbag.py:541} INFO - Filling up the DagBag from /opt/airflow/dags/dbt_build_monolith.py
[2025-07-17T07:29:07.324+0000] {logging_mixin.py:150} WARNING - /home/airflow/.local/lib/python3.7/site-packages/airflow/operators/python.py:166 RemovedInAirflow3Warning: none_failed_or_skipped Trigger Rule is deprecated. Please use `none_failed_min_one_success`.
[2025-07-17T07:29:07.326+0000] {processor.py:836} INFO - DAG(s) dict_keys(['dbt_build_monolith']) retrieved from /opt/airflow/dags/dbt_build_monolith.py
[2025-07-17T07:29:07.386+0000] {logging_mixin.py:150} INFO - [2025-07-17T07:29:07.385+0000] {dag.py:2742} INFO - Sync 1 DAGs
[2025-07-17T07:29:07.396+0000] {logging_mixin.py:150} INFO - [2025-07-17T07:29:07.396+0000] {dag.py:3508} INFO - Setting next_dagrun for dbt_build_monolith to 2025-07-17T07:28:07.396156+00:00, run_after=2025-07-17T07:29:07.396156+00:00
[2025-07-17T07:29:07.405+0000] {processor.py:179} INFO - Processing /opt/airflow/dags/dbt_build_monolith.py took 0.092 seconds
[2025-07-17T07:29:37.688+0000] {processor.py:157} INFO - Started process (PID=1596) to work on /opt/airflow/dags/dbt_build_monolith.py
[2025-07-17T07:29:37.689+0000] {processor.py:826} INFO - Processing file /opt/airflow/dags/dbt_build_monolith.py for tasks to queue
[2025-07-17T07:29:37.690+0000] {logging_mixin.py:150} INFO - [2025-07-17T07:29:37.690+0000] {dagbag.py:541} INFO - Filling up the DagBag from /opt/airflow/dags/dbt_build_monolith.py
[2025-07-17T07:29:37.700+0000] {logging_mixin.py:150} WARNING - /home/airflow/.local/lib/python3.7/site-packages/airflow/operators/python.py:166 RemovedInAirflow3Warning: none_failed_or_skipped Trigger Rule is deprecated. Please use `none_failed_min_one_success`.
[2025-07-17T07:29:37.703+0000] {processor.py:836} INFO - DAG(s) dict_keys(['dbt_build_monolith']) retrieved from /opt/airflow/dags/dbt_build_monolith.py
[2025-07-17T07:29:37.763+0000] {logging_mixin.py:150} INFO - [2025-07-17T07:29:37.763+0000] {dag.py:2742} INFO - Sync 1 DAGs
[2025-07-17T07:29:37.774+0000] {logging_mixin.py:150} INFO - [2025-07-17T07:29:37.774+0000] {dag.py:3508} INFO - Setting next_dagrun for dbt_build_monolith to 2025-07-17T07:28:37.774029+00:00, run_after=2025-07-17T07:29:37.774029+00:00
[2025-07-17T07:29:37.782+0000] {processor.py:179} INFO - Processing /opt/airflow/dags/dbt_build_monolith.py took 0.097 seconds
[2025-07-17T07:30:08.101+0000] {processor.py:157} INFO - Started process (PID=1653) to work on /opt/airflow/dags/dbt_build_monolith.py
[2025-07-17T07:30:08.102+0000] {processor.py:826} INFO - Processing file /opt/airflow/dags/dbt_build_monolith.py for tasks to queue
[2025-07-17T07:30:08.103+0000] {logging_mixin.py:150} INFO - [2025-07-17T07:30:08.102+0000] {dagbag.py:541} INFO - Filling up the DagBag from /opt/airflow/dags/dbt_build_monolith.py
[2025-07-17T07:30:08.113+0000] {logging_mixin.py:150} WARNING - /home/airflow/.local/lib/python3.7/site-packages/airflow/operators/python.py:166 RemovedInAirflow3Warning: none_failed_or_skipped Trigger Rule is deprecated. Please use `none_failed_min_one_success`.
[2025-07-17T07:30:08.116+0000] {processor.py:836} INFO - DAG(s) dict_keys(['dbt_build_monolith']) retrieved from /opt/airflow/dags/dbt_build_monolith.py
[2025-07-17T07:30:08.177+0000] {logging_mixin.py:150} INFO - [2025-07-17T07:30:08.177+0000] {dag.py:2742} INFO - Sync 1 DAGs
[2025-07-17T07:30:08.187+0000] {logging_mixin.py:150} INFO - [2025-07-17T07:30:08.187+0000] {dag.py:3508} INFO - Setting next_dagrun for dbt_build_monolith to 2025-07-17T07:29:08.187558+00:00, run_after=2025-07-17T07:30:08.187558+00:00
[2025-07-17T07:30:08.195+0000] {processor.py:179} INFO - Processing /opt/airflow/dags/dbt_build_monolith.py took 0.097 seconds
[2025-07-17T07:30:38.520+0000] {processor.py:157} INFO - Started process (PID=1710) to work on /opt/airflow/dags/dbt_build_monolith.py
[2025-07-17T07:30:38.520+0000] {processor.py:826} INFO - Processing file /opt/airflow/dags/dbt_build_monolith.py for tasks to queue
[2025-07-17T07:30:38.521+0000] {logging_mixin.py:150} INFO - [2025-07-17T07:30:38.521+0000] {dagbag.py:541} INFO - Filling up the DagBag from /opt/airflow/dags/dbt_build_monolith.py
[2025-07-17T07:30:38.532+0000] {logging_mixin.py:150} WARNING - /home/airflow/.local/lib/python3.7/site-packages/airflow/operators/python.py:166 RemovedInAirflow3Warning: none_failed_or_skipped Trigger Rule is deprecated. Please use `none_failed_min_one_success`.
[2025-07-17T07:30:38.534+0000] {processor.py:836} INFO - DAG(s) dict_keys(['dbt_build_monolith']) retrieved from /opt/airflow/dags/dbt_build_monolith.py
[2025-07-17T07:30:38.597+0000] {logging_mixin.py:150} INFO - [2025-07-17T07:30:38.597+0000] {dag.py:2742} INFO - Sync 1 DAGs
[2025-07-17T07:30:38.607+0000] {logging_mixin.py:150} INFO - [2025-07-17T07:30:38.607+0000] {dag.py:3508} INFO - Setting next_dagrun for dbt_build_monolith to 2025-07-17T07:29:38.607193+00:00, run_after=2025-07-17T07:30:38.607193+00:00
[2025-07-17T07:30:38.615+0000] {processor.py:179} INFO - Processing /opt/airflow/dags/dbt_build_monolith.py took 0.098 seconds
[2025-07-17T07:31:08.886+0000] {processor.py:157} INFO - Started process (PID=1762) to work on /opt/airflow/dags/dbt_build_monolith.py
[2025-07-17T07:31:08.886+0000] {processor.py:826} INFO - Processing file /opt/airflow/dags/dbt_build_monolith.py for tasks to queue
[2025-07-17T07:31:08.887+0000] {logging_mixin.py:150} INFO - [2025-07-17T07:31:08.887+0000] {dagbag.py:541} INFO - Filling up the DagBag from /opt/airflow/dags/dbt_build_monolith.py
[2025-07-17T07:31:08.898+0000] {logging_mixin.py:150} WARNING - /home/airflow/.local/lib/python3.7/site-packages/airflow/operators/python.py:166 RemovedInAirflow3Warning: none_failed_or_skipped Trigger Rule is deprecated. Please use `none_failed_min_one_success`.
[2025-07-17T07:31:08.901+0000] {processor.py:836} INFO - DAG(s) dict_keys(['dbt_build_monolith']) retrieved from /opt/airflow/dags/dbt_build_monolith.py
[2025-07-17T07:31:08.964+0000] {logging_mixin.py:150} INFO - [2025-07-17T07:31:08.964+0000] {dag.py:2742} INFO - Sync 1 DAGs
[2025-07-17T07:31:08.974+0000] {logging_mixin.py:150} INFO - [2025-07-17T07:31:08.974+0000] {dag.py:3508} INFO - Setting next_dagrun for dbt_build_monolith to 2025-07-17T07:30:38.607193+00:00, run_after=2025-07-17T07:31:38.607193+00:00
[2025-07-17T07:31:08.984+0000] {processor.py:179} INFO - Processing /opt/airflow/dags/dbt_build_monolith.py took 0.101 seconds
[2025-07-17T07:31:39.283+0000] {processor.py:157} INFO - Started process (PID=1826) to work on /opt/airflow/dags/dbt_build_monolith.py
[2025-07-17T07:31:39.284+0000] {processor.py:826} INFO - Processing file /opt/airflow/dags/dbt_build_monolith.py for tasks to queue
[2025-07-17T07:31:39.285+0000] {logging_mixin.py:150} INFO - [2025-07-17T07:31:39.285+0000] {dagbag.py:541} INFO - Filling up the DagBag from /opt/airflow/dags/dbt_build_monolith.py
[2025-07-17T07:31:39.295+0000] {logging_mixin.py:150} WARNING - /home/airflow/.local/lib/python3.7/site-packages/airflow/operators/python.py:166 RemovedInAirflow3Warning: none_failed_or_skipped Trigger Rule is deprecated. Please use `none_failed_min_one_success`.
[2025-07-17T07:31:39.298+0000] {processor.py:836} INFO - DAG(s) dict_keys(['dbt_build_monolith']) retrieved from /opt/airflow/dags/dbt_build_monolith.py
[2025-07-17T07:31:39.358+0000] {logging_mixin.py:150} INFO - [2025-07-17T07:31:39.358+0000] {dag.py:2742} INFO - Sync 1 DAGs
[2025-07-17T07:31:39.369+0000] {logging_mixin.py:150} INFO - [2025-07-17T07:31:39.369+0000] {dag.py:3508} INFO - Setting next_dagrun for dbt_build_monolith to 2025-07-17T07:30:39.368956+00:00, run_after=2025-07-17T07:31:39.368956+00:00
[2025-07-17T07:31:39.378+0000] {processor.py:179} INFO - Processing /opt/airflow/dags/dbt_build_monolith.py took 0.098 seconds
[2025-07-17T07:32:09.731+0000] {processor.py:157} INFO - Started process (PID=1895) to work on /opt/airflow/dags/dbt_build_monolith.py
[2025-07-17T07:32:09.732+0000] {processor.py:826} INFO - Processing file /opt/airflow/dags/dbt_build_monolith.py for tasks to queue
[2025-07-17T07:32:09.732+0000] {logging_mixin.py:150} INFO - [2025-07-17T07:32:09.732+0000] {dagbag.py:541} INFO - Filling up the DagBag from /opt/airflow/dags/dbt_build_monolith.py
[2025-07-17T07:32:09.741+0000] {logging_mixin.py:150} WARNING - /home/airflow/.local/lib/python3.7/site-packages/airflow/operators/python.py:166 RemovedInAirflow3Warning: none_failed_or_skipped Trigger Rule is deprecated. Please use `none_failed_min_one_success`.
[2025-07-17T07:32:09.743+0000] {processor.py:836} INFO - DAG(s) dict_keys(['dbt_build_monolith']) retrieved from /opt/airflow/dags/dbt_build_monolith.py
[2025-07-17T07:32:09.805+0000] {logging_mixin.py:150} INFO - [2025-07-17T07:32:09.805+0000] {dag.py:2742} INFO - Sync 1 DAGs
[2025-07-17T07:32:09.815+0000] {logging_mixin.py:150} INFO - [2025-07-17T07:32:09.815+0000] {dag.py:3508} INFO - Setting next_dagrun for dbt_build_monolith to 2025-07-17T07:31:39.368956+00:00, run_after=2025-07-17T07:32:39.368956+00:00
[2025-07-17T07:32:09.823+0000] {processor.py:179} INFO - Processing /opt/airflow/dags/dbt_build_monolith.py took 0.095 seconds
[2025-07-17T07:32:40.077+0000] {processor.py:157} INFO - Started process (PID=1952) to work on /opt/airflow/dags/dbt_build_monolith.py
[2025-07-17T07:32:40.077+0000] {processor.py:826} INFO - Processing file /opt/airflow/dags/dbt_build_monolith.py for tasks to queue
[2025-07-17T07:32:40.078+0000] {logging_mixin.py:150} INFO - [2025-07-17T07:32:40.078+0000] {dagbag.py:541} INFO - Filling up the DagBag from /opt/airflow/dags/dbt_build_monolith.py
[2025-07-17T07:32:40.084+0000] {logging_mixin.py:150} WARNING - /home/airflow/.local/lib/python3.7/site-packages/airflow/operators/python.py:166 RemovedInAirflow3Warning: none_failed_or_skipped Trigger Rule is deprecated. Please use `none_failed_min_one_success`.
[2025-07-17T07:32:40.085+0000] {processor.py:836} INFO - DAG(s) dict_keys(['dbt_build_monolith']) retrieved from /opt/airflow/dags/dbt_build_monolith.py
[2025-07-17T07:32:40.143+0000] {logging_mixin.py:150} INFO - [2025-07-17T07:32:40.143+0000] {dag.py:2742} INFO - Sync 1 DAGs
[2025-07-17T07:32:40.155+0000] {logging_mixin.py:150} INFO - [2025-07-17T07:32:40.154+0000] {dag.py:3508} INFO - Setting next_dagrun for dbt_build_monolith to 2025-07-17T07:32:39.368956+00:00, run_after=2025-07-17T07:33:39.368956+00:00
[2025-07-17T07:32:40.163+0000] {processor.py:179} INFO - Processing /opt/airflow/dags/dbt_build_monolith.py took 0.087 seconds
[2025-07-17T07:33:10.407+0000] {processor.py:157} INFO - Started process (PID=2013) to work on /opt/airflow/dags/dbt_build_monolith.py
[2025-07-17T07:33:10.408+0000] {processor.py:826} INFO - Processing file /opt/airflow/dags/dbt_build_monolith.py for tasks to queue
[2025-07-17T07:33:10.408+0000] {logging_mixin.py:150} INFO - [2025-07-17T07:33:10.408+0000] {dagbag.py:541} INFO - Filling up the DagBag from /opt/airflow/dags/dbt_build_monolith.py
[2025-07-17T07:33:10.414+0000] {logging_mixin.py:150} WARNING - /home/airflow/.local/lib/python3.7/site-packages/airflow/operators/python.py:166 RemovedInAirflow3Warning: none_failed_or_skipped Trigger Rule is deprecated. Please use `none_failed_min_one_success`.
[2025-07-17T07:33:10.415+0000] {processor.py:836} INFO - DAG(s) dict_keys(['dbt_build_monolith']) retrieved from /opt/airflow/dags/dbt_build_monolith.py
[2025-07-17T07:33:10.469+0000] {logging_mixin.py:150} INFO - [2025-07-17T07:33:10.468+0000] {dag.py:2742} INFO - Sync 1 DAGs
[2025-07-17T07:33:10.479+0000] {logging_mixin.py:150} INFO - [2025-07-17T07:33:10.479+0000] {dag.py:3508} INFO - Setting next_dagrun for dbt_build_monolith to 2025-07-17T07:32:39.368956+00:00, run_after=2025-07-17T07:33:39.368956+00:00
[2025-07-17T07:33:10.488+0000] {processor.py:179} INFO - Processing /opt/airflow/dags/dbt_build_monolith.py took 0.082 seconds
[2025-07-17T07:33:40.885+0000] {processor.py:157} INFO - Started process (PID=2072) to work on /opt/airflow/dags/dbt_build_monolith.py
[2025-07-17T07:33:40.886+0000] {processor.py:826} INFO - Processing file /opt/airflow/dags/dbt_build_monolith.py for tasks to queue
[2025-07-17T07:33:40.887+0000] {logging_mixin.py:150} INFO - [2025-07-17T07:33:40.887+0000] {dagbag.py:541} INFO - Filling up the DagBag from /opt/airflow/dags/dbt_build_monolith.py
[2025-07-17T07:33:40.897+0000] {logging_mixin.py:150} WARNING - /home/airflow/.local/lib/python3.7/site-packages/airflow/operators/python.py:166 RemovedInAirflow3Warning: none_failed_or_skipped Trigger Rule is deprecated. Please use `none_failed_min_one_success`.
[2025-07-17T07:33:40.899+0000] {processor.py:836} INFO - DAG(s) dict_keys(['dbt_build_monolith']) retrieved from /opt/airflow/dags/dbt_build_monolith.py
[2025-07-17T07:33:40.961+0000] {logging_mixin.py:150} INFO - [2025-07-17T07:33:40.961+0000] {dag.py:2742} INFO - Sync 1 DAGs
[2025-07-17T07:33:40.971+0000] {logging_mixin.py:150} INFO - [2025-07-17T07:33:40.971+0000] {dag.py:3508} INFO - Setting next_dagrun for dbt_build_monolith to 2025-07-17T07:33:39.368956+00:00, run_after=2025-07-17T07:34:39.368956+00:00
[2025-07-17T07:33:40.979+0000] {processor.py:179} INFO - Processing /opt/airflow/dags/dbt_build_monolith.py took 0.097 seconds
[2025-07-17T07:34:11.261+0000] {processor.py:157} INFO - Started process (PID=2136) to work on /opt/airflow/dags/dbt_build_monolith.py
[2025-07-17T07:34:11.261+0000] {processor.py:826} INFO - Processing file /opt/airflow/dags/dbt_build_monolith.py for tasks to queue
[2025-07-17T07:34:11.262+0000] {logging_mixin.py:150} INFO - [2025-07-17T07:34:11.262+0000] {dagbag.py:541} INFO - Filling up the DagBag from /opt/airflow/dags/dbt_build_monolith.py
[2025-07-17T07:34:11.272+0000] {logging_mixin.py:150} WARNING - /home/airflow/.local/lib/python3.7/site-packages/airflow/operators/python.py:166 RemovedInAirflow3Warning: none_failed_or_skipped Trigger Rule is deprecated. Please use `none_failed_min_one_success`.
[2025-07-17T07:34:11.274+0000] {processor.py:836} INFO - DAG(s) dict_keys(['dbt_build_monolith']) retrieved from /opt/airflow/dags/dbt_build_monolith.py
[2025-07-17T07:34:11.337+0000] {logging_mixin.py:150} INFO - [2025-07-17T07:34:11.337+0000] {dag.py:2742} INFO - Sync 1 DAGs
[2025-07-17T07:34:11.348+0000] {logging_mixin.py:150} INFO - [2025-07-17T07:34:11.348+0000] {dag.py:3508} INFO - Setting next_dagrun for dbt_build_monolith to 2025-07-17T07:33:39.368956+00:00, run_after=2025-07-17T07:34:39.368956+00:00
[2025-07-17T07:34:11.357+0000] {processor.py:179} INFO - Processing /opt/airflow/dags/dbt_build_monolith.py took 0.099 seconds
[2025-07-17T07:34:41.594+0000] {processor.py:157} INFO - Started process (PID=2197) to work on /opt/airflow/dags/dbt_build_monolith.py
[2025-07-17T07:34:41.595+0000] {processor.py:826} INFO - Processing file /opt/airflow/dags/dbt_build_monolith.py for tasks to queue
[2025-07-17T07:34:41.596+0000] {logging_mixin.py:150} INFO - [2025-07-17T07:34:41.596+0000] {dagbag.py:541} INFO - Filling up the DagBag from /opt/airflow/dags/dbt_build_monolith.py
[2025-07-17T07:34:41.605+0000] {logging_mixin.py:150} WARNING - /home/airflow/.local/lib/python3.7/site-packages/airflow/operators/python.py:166 RemovedInAirflow3Warning: none_failed_or_skipped Trigger Rule is deprecated. Please use `none_failed_min_one_success`.
[2025-07-17T07:34:41.607+0000] {processor.py:836} INFO - DAG(s) dict_keys(['dbt_build_monolith']) retrieved from /opt/airflow/dags/dbt_build_monolith.py
[2025-07-17T07:34:41.676+0000] {logging_mixin.py:150} INFO - [2025-07-17T07:34:41.676+0000] {dag.py:2742} INFO - Sync 1 DAGs
[2025-07-17T07:34:41.686+0000] {logging_mixin.py:150} INFO - [2025-07-17T07:34:41.686+0000] {dag.py:3508} INFO - Setting next_dagrun for dbt_build_monolith to 2025-07-17T07:34:39.368956+00:00, run_after=2025-07-17T07:35:39.368956+00:00
[2025-07-17T07:34:41.694+0000] {processor.py:179} INFO - Processing /opt/airflow/dags/dbt_build_monolith.py took 0.103 seconds
[2025-07-17T07:35:11.920+0000] {processor.py:157} INFO - Started process (PID=2257) to work on /opt/airflow/dags/dbt_build_monolith.py
[2025-07-17T07:35:11.920+0000] {processor.py:826} INFO - Processing file /opt/airflow/dags/dbt_build_monolith.py for tasks to queue
[2025-07-17T07:35:11.921+0000] {logging_mixin.py:150} INFO - [2025-07-17T07:35:11.921+0000] {dagbag.py:541} INFO - Filling up the DagBag from /opt/airflow/dags/dbt_build_monolith.py
[2025-07-17T07:35:11.927+0000] {logging_mixin.py:150} WARNING - /home/airflow/.local/lib/python3.7/site-packages/airflow/operators/python.py:166 RemovedInAirflow3Warning: none_failed_or_skipped Trigger Rule is deprecated. Please use `none_failed_min_one_success`.
[2025-07-17T07:35:11.928+0000] {processor.py:836} INFO - DAG(s) dict_keys(['dbt_build_monolith']) retrieved from /opt/airflow/dags/dbt_build_monolith.py
[2025-07-17T07:35:11.982+0000] {logging_mixin.py:150} INFO - [2025-07-17T07:35:11.982+0000] {dag.py:2742} INFO - Sync 1 DAGs
[2025-07-17T07:35:11.993+0000] {logging_mixin.py:150} INFO - [2025-07-17T07:35:11.993+0000] {dag.py:3508} INFO - Setting next_dagrun for dbt_build_monolith to 2025-07-17T07:34:39.368956+00:00, run_after=2025-07-17T07:35:39.368956+00:00
[2025-07-17T07:35:12.002+0000] {processor.py:179} INFO - Processing /opt/airflow/dags/dbt_build_monolith.py took 0.083 seconds
[2025-07-17T07:35:42.327+0000] {processor.py:157} INFO - Started process (PID=2309) to work on /opt/airflow/dags/dbt_build_monolith.py
[2025-07-17T07:35:42.328+0000] {processor.py:826} INFO - Processing file /opt/airflow/dags/dbt_build_monolith.py for tasks to queue
[2025-07-17T07:35:42.329+0000] {logging_mixin.py:150} INFO - [2025-07-17T07:35:42.328+0000] {dagbag.py:541} INFO - Filling up the DagBag from /opt/airflow/dags/dbt_build_monolith.py
[2025-07-17T07:35:42.339+0000] {logging_mixin.py:150} WARNING - /home/airflow/.local/lib/python3.7/site-packages/airflow/operators/python.py:166 RemovedInAirflow3Warning: none_failed_or_skipped Trigger Rule is deprecated. Please use `none_failed_min_one_success`.
[2025-07-17T07:35:42.342+0000] {processor.py:836} INFO - DAG(s) dict_keys(['dbt_build_monolith']) retrieved from /opt/airflow/dags/dbt_build_monolith.py
[2025-07-17T07:35:42.404+0000] {logging_mixin.py:150} INFO - [2025-07-17T07:35:42.403+0000] {dag.py:2742} INFO - Sync 1 DAGs
[2025-07-17T07:35:42.414+0000] {logging_mixin.py:150} INFO - [2025-07-17T07:35:42.414+0000] {dag.py:3508} INFO - Setting next_dagrun for dbt_build_monolith to 2025-07-17T07:35:39.368956+00:00, run_after=2025-07-17T07:36:39.368956+00:00
[2025-07-17T07:35:42.422+0000] {processor.py:179} INFO - Processing /opt/airflow/dags/dbt_build_monolith.py took 0.099 seconds
[2025-07-17T07:36:12.736+0000] {processor.py:157} INFO - Started process (PID=2373) to work on /opt/airflow/dags/dbt_build_monolith.py
[2025-07-17T07:36:12.736+0000] {processor.py:826} INFO - Processing file /opt/airflow/dags/dbt_build_monolith.py for tasks to queue
[2025-07-17T07:36:12.737+0000] {logging_mixin.py:150} INFO - [2025-07-17T07:36:12.737+0000] {dagbag.py:541} INFO - Filling up the DagBag from /opt/airflow/dags/dbt_build_monolith.py
[2025-07-17T07:36:12.744+0000] {logging_mixin.py:150} WARNING - /home/airflow/.local/lib/python3.7/site-packages/airflow/operators/python.py:166 RemovedInAirflow3Warning: none_failed_or_skipped Trigger Rule is deprecated. Please use `none_failed_min_one_success`.
[2025-07-17T07:36:12.747+0000] {processor.py:836} INFO - DAG(s) dict_keys(['dbt_build_monolith']) retrieved from /opt/airflow/dags/dbt_build_monolith.py
[2025-07-17T07:36:12.819+0000] {logging_mixin.py:150} INFO - [2025-07-17T07:36:12.819+0000] {dag.py:2742} INFO - Sync 1 DAGs
[2025-07-17T07:36:12.834+0000] {logging_mixin.py:150} INFO - [2025-07-17T07:36:12.834+0000] {dag.py:3508} INFO - Setting next_dagrun for dbt_build_monolith to 2025-07-17T07:35:39.368956+00:00, run_after=2025-07-17T07:36:39.368956+00:00
[2025-07-17T07:36:12.845+0000] {processor.py:179} INFO - Processing /opt/airflow/dags/dbt_build_monolith.py took 0.111 seconds
[2025-07-17T07:36:43.122+0000] {processor.py:157} INFO - Started process (PID=2439) to work on /opt/airflow/dags/dbt_build_monolith.py
[2025-07-17T07:36:43.122+0000] {processor.py:826} INFO - Processing file /opt/airflow/dags/dbt_build_monolith.py for tasks to queue
[2025-07-17T07:36:43.123+0000] {logging_mixin.py:150} INFO - [2025-07-17T07:36:43.122+0000] {dagbag.py:541} INFO - Filling up the DagBag from /opt/airflow/dags/dbt_build_monolith.py
[2025-07-17T07:36:43.131+0000] {logging_mixin.py:150} WARNING - /home/airflow/.local/lib/python3.7/site-packages/airflow/operators/python.py:166 RemovedInAirflow3Warning: none_failed_or_skipped Trigger Rule is deprecated. Please use `none_failed_min_one_success`.
[2025-07-17T07:36:43.133+0000] {processor.py:836} INFO - DAG(s) dict_keys(['dbt_build_monolith']) retrieved from /opt/airflow/dags/dbt_build_monolith.py
[2025-07-17T07:36:43.191+0000] {logging_mixin.py:150} INFO - [2025-07-17T07:36:43.191+0000] {dag.py:2742} INFO - Sync 1 DAGs
[2025-07-17T07:36:43.202+0000] {logging_mixin.py:150} INFO - [2025-07-17T07:36:43.202+0000] {dag.py:3508} INFO - Setting next_dagrun for dbt_build_monolith to 2025-07-17T07:36:39.368956+00:00, run_after=2025-07-17T07:37:39.368956+00:00
[2025-07-17T07:36:43.210+0000] {processor.py:179} INFO - Processing /opt/airflow/dags/dbt_build_monolith.py took 0.091 seconds
[2025-07-17T07:37:13.450+0000] {processor.py:157} INFO - Started process (PID=2496) to work on /opt/airflow/dags/dbt_build_monolith.py
[2025-07-17T07:37:13.450+0000] {processor.py:826} INFO - Processing file /opt/airflow/dags/dbt_build_monolith.py for tasks to queue
[2025-07-17T07:37:13.450+0000] {logging_mixin.py:150} INFO - [2025-07-17T07:37:13.450+0000] {dagbag.py:541} INFO - Filling up the DagBag from /opt/airflow/dags/dbt_build_monolith.py
[2025-07-17T07:37:13.456+0000] {logging_mixin.py:150} WARNING - /home/airflow/.local/lib/python3.7/site-packages/airflow/operators/python.py:166 RemovedInAirflow3Warning: none_failed_or_skipped Trigger Rule is deprecated. Please use `none_failed_min_one_success`.
[2025-07-17T07:37:13.458+0000] {processor.py:836} INFO - DAG(s) dict_keys(['dbt_build_monolith']) retrieved from /opt/airflow/dags/dbt_build_monolith.py
[2025-07-17T07:37:13.518+0000] {logging_mixin.py:150} INFO - [2025-07-17T07:37:13.518+0000] {dag.py:2742} INFO - Sync 1 DAGs
[2025-07-17T07:37:13.531+0000] {logging_mixin.py:150} INFO - [2025-07-17T07:37:13.530+0000] {dag.py:3508} INFO - Setting next_dagrun for dbt_build_monolith to 2025-07-17T07:36:13.530844+00:00, run_after=2025-07-17T07:37:13.530844+00:00
[2025-07-17T07:37:13.540+0000] {processor.py:179} INFO - Processing /opt/airflow/dags/dbt_build_monolith.py took 0.091 seconds
[2025-07-17T07:37:43.786+0000] {processor.py:157} INFO - Started process (PID=2554) to work on /opt/airflow/dags/dbt_build_monolith.py
[2025-07-17T07:37:43.786+0000] {processor.py:826} INFO - Processing file /opt/airflow/dags/dbt_build_monolith.py for tasks to queue
[2025-07-17T07:37:43.787+0000] {logging_mixin.py:150} INFO - [2025-07-17T07:37:43.787+0000] {dagbag.py:541} INFO - Filling up the DagBag from /opt/airflow/dags/dbt_build_monolith.py
[2025-07-17T07:37:43.797+0000] {logging_mixin.py:150} WARNING - /home/airflow/.local/lib/python3.7/site-packages/airflow/operators/python.py:166 RemovedInAirflow3Warning: none_failed_or_skipped Trigger Rule is deprecated. Please use `none_failed_min_one_success`.
[2025-07-17T07:37:43.799+0000] {processor.py:836} INFO - DAG(s) dict_keys(['dbt_build_monolith']) retrieved from /opt/airflow/dags/dbt_build_monolith.py
[2025-07-17T07:37:43.863+0000] {logging_mixin.py:150} INFO - [2025-07-17T07:37:43.863+0000] {dag.py:2742} INFO - Sync 1 DAGs
[2025-07-17T07:37:43.873+0000] {logging_mixin.py:150} INFO - [2025-07-17T07:37:43.873+0000] {dag.py:3508} INFO - Setting next_dagrun for dbt_build_monolith to 2025-07-17T07:37:13.530844+00:00, run_after=2025-07-17T07:38:13.530844+00:00
[2025-07-17T07:37:43.882+0000] {processor.py:179} INFO - Processing /opt/airflow/dags/dbt_build_monolith.py took 0.098 seconds
[2025-07-17T07:38:14.160+0000] {processor.py:157} INFO - Started process (PID=2612) to work on /opt/airflow/dags/dbt_build_monolith.py
[2025-07-17T07:38:14.161+0000] {processor.py:826} INFO - Processing file /opt/airflow/dags/dbt_build_monolith.py for tasks to queue
[2025-07-17T07:38:14.162+0000] {logging_mixin.py:150} INFO - [2025-07-17T07:38:14.162+0000] {dagbag.py:541} INFO - Filling up the DagBag from /opt/airflow/dags/dbt_build_monolith.py
[2025-07-17T07:38:14.169+0000] {logging_mixin.py:150} WARNING - /home/airflow/.local/lib/python3.7/site-packages/airflow/operators/python.py:166 RemovedInAirflow3Warning: none_failed_or_skipped Trigger Rule is deprecated. Please use `none_failed_min_one_success`.
[2025-07-17T07:38:14.173+0000] {processor.py:836} INFO - DAG(s) dict_keys(['dbt_build_monolith']) retrieved from /opt/airflow/dags/dbt_build_monolith.py
[2025-07-17T07:38:14.235+0000] {logging_mixin.py:150} INFO - [2025-07-17T07:38:14.235+0000] {dag.py:2742} INFO - Sync 1 DAGs
[2025-07-17T07:38:14.247+0000] {logging_mixin.py:150} INFO - [2025-07-17T07:38:14.247+0000] {dag.py:3508} INFO - Setting next_dagrun for dbt_build_monolith to 2025-07-17T07:38:13.530844+00:00, run_after=2025-07-17T07:39:13.530844+00:00
[2025-07-17T07:38:14.255+0000] {processor.py:179} INFO - Processing /opt/airflow/dags/dbt_build_monolith.py took 0.097 seconds
[2025-07-17T07:38:44.540+0000] {processor.py:157} INFO - Started process (PID=2676) to work on /opt/airflow/dags/dbt_build_monolith.py
[2025-07-17T07:38:44.541+0000] {processor.py:826} INFO - Processing file /opt/airflow/dags/dbt_build_monolith.py for tasks to queue
[2025-07-17T07:38:44.542+0000] {logging_mixin.py:150} INFO - [2025-07-17T07:38:44.542+0000] {dagbag.py:541} INFO - Filling up the DagBag from /opt/airflow/dags/dbt_build_monolith.py
[2025-07-17T07:38:44.552+0000] {logging_mixin.py:150} WARNING - /home/airflow/.local/lib/python3.7/site-packages/airflow/operators/python.py:166 RemovedInAirflow3Warning: none_failed_or_skipped Trigger Rule is deprecated. Please use `none_failed_min_one_success`.
[2025-07-17T07:38:44.555+0000] {processor.py:836} INFO - DAG(s) dict_keys(['dbt_build_monolith']) retrieved from /opt/airflow/dags/dbt_build_monolith.py
[2025-07-17T07:38:44.618+0000] {logging_mixin.py:150} INFO - [2025-07-17T07:38:44.617+0000] {dag.py:2742} INFO - Sync 1 DAGs
[2025-07-17T07:38:44.627+0000] {logging_mixin.py:150} INFO - [2025-07-17T07:38:44.627+0000] {dag.py:3508} INFO - Setting next_dagrun for dbt_build_monolith to 2025-07-17T07:38:13.530844+00:00, run_after=2025-07-17T07:39:13.530844+00:00
[2025-07-17T07:38:44.636+0000] {processor.py:179} INFO - Processing /opt/airflow/dags/dbt_build_monolith.py took 0.099 seconds
[2025-07-17T07:39:14.940+0000] {processor.py:157} INFO - Started process (PID=2735) to work on /opt/airflow/dags/dbt_build_monolith.py
[2025-07-17T07:39:14.941+0000] {processor.py:826} INFO - Processing file /opt/airflow/dags/dbt_build_monolith.py for tasks to queue
[2025-07-17T07:39:14.941+0000] {logging_mixin.py:150} INFO - [2025-07-17T07:39:14.941+0000] {dagbag.py:541} INFO - Filling up the DagBag from /opt/airflow/dags/dbt_build_monolith.py
[2025-07-17T07:39:14.947+0000] {logging_mixin.py:150} WARNING - /home/airflow/.local/lib/python3.7/site-packages/airflow/operators/python.py:166 RemovedInAirflow3Warning: none_failed_or_skipped Trigger Rule is deprecated. Please use `none_failed_min_one_success`.
[2025-07-17T07:39:14.948+0000] {processor.py:836} INFO - DAG(s) dict_keys(['dbt_build_monolith']) retrieved from /opt/airflow/dags/dbt_build_monolith.py
[2025-07-17T07:39:15.003+0000] {logging_mixin.py:150} INFO - [2025-07-17T07:39:15.002+0000] {dag.py:2742} INFO - Sync 1 DAGs
[2025-07-17T07:39:15.013+0000] {logging_mixin.py:150} INFO - [2025-07-17T07:39:15.013+0000] {dag.py:3508} INFO - Setting next_dagrun for dbt_build_monolith to 2025-07-17T07:39:13.530844+00:00, run_after=2025-07-17T07:40:13.530844+00:00
[2025-07-17T07:39:15.021+0000] {processor.py:179} INFO - Processing /opt/airflow/dags/dbt_build_monolith.py took 0.083 seconds
[2025-07-17T07:39:45.293+0000] {processor.py:157} INFO - Started process (PID=2791) to work on /opt/airflow/dags/dbt_build_monolith.py
[2025-07-17T07:39:45.293+0000] {processor.py:826} INFO - Processing file /opt/airflow/dags/dbt_build_monolith.py for tasks to queue
[2025-07-17T07:39:45.294+0000] {logging_mixin.py:150} INFO - [2025-07-17T07:39:45.294+0000] {dagbag.py:541} INFO - Filling up the DagBag from /opt/airflow/dags/dbt_build_monolith.py
[2025-07-17T07:39:45.305+0000] {logging_mixin.py:150} WARNING - /home/airflow/.local/lib/python3.7/site-packages/airflow/operators/python.py:166 RemovedInAirflow3Warning: none_failed_or_skipped Trigger Rule is deprecated. Please use `none_failed_min_one_success`.
[2025-07-17T07:39:45.308+0000] {processor.py:836} INFO - DAG(s) dict_keys(['dbt_build_monolith']) retrieved from /opt/airflow/dags/dbt_build_monolith.py
[2025-07-17T07:39:45.370+0000] {logging_mixin.py:150} INFO - [2025-07-17T07:39:45.370+0000] {dag.py:2742} INFO - Sync 1 DAGs
[2025-07-17T07:39:45.381+0000] {logging_mixin.py:150} INFO - [2025-07-17T07:39:45.381+0000] {dag.py:3508} INFO - Setting next_dagrun for dbt_build_monolith to 2025-07-17T07:39:13.530844+00:00, run_after=2025-07-17T07:40:13.530844+00:00
[2025-07-17T07:39:45.390+0000] {processor.py:179} INFO - Processing /opt/airflow/dags/dbt_build_monolith.py took 0.100 seconds
[2025-07-17T07:40:15.742+0000] {processor.py:157} INFO - Started process (PID=2852) to work on /opt/airflow/dags/dbt_build_monolith.py
[2025-07-17T07:40:15.743+0000] {processor.py:826} INFO - Processing file /opt/airflow/dags/dbt_build_monolith.py for tasks to queue
[2025-07-17T07:40:15.743+0000] {logging_mixin.py:150} INFO - [2025-07-17T07:40:15.743+0000] {dagbag.py:541} INFO - Filling up the DagBag from /opt/airflow/dags/dbt_build_monolith.py
[2025-07-17T07:40:15.754+0000] {logging_mixin.py:150} WARNING - /home/airflow/.local/lib/python3.7/site-packages/airflow/operators/python.py:166 RemovedInAirflow3Warning: none_failed_or_skipped Trigger Rule is deprecated. Please use `none_failed_min_one_success`.
[2025-07-17T07:40:15.756+0000] {processor.py:836} INFO - DAG(s) dict_keys(['dbt_build_monolith']) retrieved from /opt/airflow/dags/dbt_build_monolith.py
[2025-07-17T07:40:15.818+0000] {logging_mixin.py:150} INFO - [2025-07-17T07:40:15.818+0000] {dag.py:2742} INFO - Sync 1 DAGs
[2025-07-17T07:40:15.828+0000] {logging_mixin.py:150} INFO - [2025-07-17T07:40:15.828+0000] {dag.py:3508} INFO - Setting next_dagrun for dbt_build_monolith to 2025-07-17T07:40:13.530844+00:00, run_after=2025-07-17T07:41:13.530844+00:00
[2025-07-17T07:40:15.836+0000] {processor.py:179} INFO - Processing /opt/airflow/dags/dbt_build_monolith.py took 0.098 seconds
[2025-07-17T07:40:46.142+0000] {processor.py:157} INFO - Started process (PID=2913) to work on /opt/airflow/dags/dbt_build_monolith.py
[2025-07-17T07:40:46.142+0000] {processor.py:826} INFO - Processing file /opt/airflow/dags/dbt_build_monolith.py for tasks to queue
[2025-07-17T07:40:46.143+0000] {logging_mixin.py:150} INFO - [2025-07-17T07:40:46.143+0000] {dagbag.py:541} INFO - Filling up the DagBag from /opt/airflow/dags/dbt_build_monolith.py
[2025-07-17T07:40:46.153+0000] {logging_mixin.py:150} WARNING - /home/airflow/.local/lib/python3.7/site-packages/airflow/operators/python.py:166 RemovedInAirflow3Warning: none_failed_or_skipped Trigger Rule is deprecated. Please use `none_failed_min_one_success`.
[2025-07-17T07:40:46.156+0000] {processor.py:836} INFO - DAG(s) dict_keys(['dbt_build_monolith']) retrieved from /opt/airflow/dags/dbt_build_monolith.py
[2025-07-17T07:40:46.219+0000] {logging_mixin.py:150} INFO - [2025-07-17T07:40:46.219+0000] {dag.py:2742} INFO - Sync 1 DAGs
[2025-07-17T07:40:46.230+0000] {logging_mixin.py:150} INFO - [2025-07-17T07:40:46.229+0000] {dag.py:3508} INFO - Setting next_dagrun for dbt_build_monolith to 2025-07-17T07:40:13.530844+00:00, run_after=2025-07-17T07:41:13.530844+00:00
[2025-07-17T07:40:46.238+0000] {processor.py:179} INFO - Processing /opt/airflow/dags/dbt_build_monolith.py took 0.099 seconds
