[2025-07-17T07:16:46.211+0000] {processor.py:157} INFO - Started process (PID=193) to work on /opt/airflow/dags/failure_sensor_dag.py
[2025-07-17T07:16:46.213+0000] {processor.py:826} INFO - Processing file /opt/airflow/dags/failure_sensor_dag.py for tasks to queue
[2025-07-17T07:16:46.213+0000] {logging_mixin.py:150} INFO - [2025-07-17T07:16:46.213+0000] {dagbag.py:541} INFO - Filling up the DagBag from /opt/airflow/dags/failure_sensor_dag.py
[2025-07-17T07:16:46.222+0000] {processor.py:836} INFO - DAG(s) dict_keys(['etl_failure_sensor']) retrieved from /opt/airflow/dags/failure_sensor_dag.py
[2025-07-17T07:16:46.231+0000] {logging_mixin.py:150} INFO - [2025-07-17T07:16:46.231+0000] {dag.py:2742} INFO - Sync 1 DAGs
[2025-07-17T07:16:46.245+0000] {logging_mixin.py:150} INFO - [2025-07-17T07:16:46.245+0000] {dag.py:3508} INFO - Setting next_dagrun for etl_failure_sensor to None, run_after=None
[2025-07-17T07:16:46.259+0000] {processor.py:179} INFO - Processing /opt/airflow/dags/failure_sensor_dag.py took 0.050 seconds
[2025-07-17T07:17:16.675+0000] {processor.py:157} INFO - Started process (PID=255) to work on /opt/airflow/dags/failure_sensor_dag.py
[2025-07-17T07:17:16.675+0000] {processor.py:826} INFO - Processing file /opt/airflow/dags/failure_sensor_dag.py for tasks to queue
[2025-07-17T07:17:16.676+0000] {logging_mixin.py:150} INFO - [2025-07-17T07:17:16.675+0000] {dagbag.py:541} INFO - Filling up the DagBag from /opt/airflow/dags/failure_sensor_dag.py
[2025-07-17T07:17:16.682+0000] {processor.py:836} INFO - DAG(s) dict_keys(['etl_failure_sensor']) retrieved from /opt/airflow/dags/failure_sensor_dag.py
[2025-07-17T07:17:16.696+0000] {logging_mixin.py:150} INFO - [2025-07-17T07:17:16.696+0000] {dag.py:2742} INFO - Sync 1 DAGs
[2025-07-17T07:17:16.709+0000] {logging_mixin.py:150} INFO - [2025-07-17T07:17:16.709+0000] {dag.py:3508} INFO - Setting next_dagrun for etl_failure_sensor to None, run_after=None
[2025-07-17T07:17:16.717+0000] {processor.py:179} INFO - Processing /opt/airflow/dags/failure_sensor_dag.py took 0.044 seconds
[2025-07-17T07:17:47.214+0000] {processor.py:157} INFO - Started process (PID=319) to work on /opt/airflow/dags/failure_sensor_dag.py
[2025-07-17T07:17:47.214+0000] {processor.py:826} INFO - Processing file /opt/airflow/dags/failure_sensor_dag.py for tasks to queue
[2025-07-17T07:17:47.215+0000] {logging_mixin.py:150} INFO - [2025-07-17T07:17:47.215+0000] {dagbag.py:541} INFO - Filling up the DagBag from /opt/airflow/dags/failure_sensor_dag.py
[2025-07-17T07:17:47.220+0000] {processor.py:836} INFO - DAG(s) dict_keys(['etl_failure_sensor']) retrieved from /opt/airflow/dags/failure_sensor_dag.py
[2025-07-17T07:17:47.230+0000] {logging_mixin.py:150} INFO - [2025-07-17T07:17:47.230+0000] {dag.py:2742} INFO - Sync 1 DAGs
[2025-07-17T07:17:47.241+0000] {logging_mixin.py:150} INFO - [2025-07-17T07:17:47.241+0000] {dag.py:3508} INFO - Setting next_dagrun for etl_failure_sensor to None, run_after=None
[2025-07-17T07:17:47.248+0000] {processor.py:179} INFO - Processing /opt/airflow/dags/failure_sensor_dag.py took 0.035 seconds
[2025-07-17T07:18:17.726+0000] {processor.py:157} INFO - Started process (PID=377) to work on /opt/airflow/dags/failure_sensor_dag.py
[2025-07-17T07:18:17.727+0000] {processor.py:826} INFO - Processing file /opt/airflow/dags/failure_sensor_dag.py for tasks to queue
[2025-07-17T07:18:17.727+0000] {logging_mixin.py:150} INFO - [2025-07-17T07:18:17.727+0000] {dagbag.py:541} INFO - Filling up the DagBag from /opt/airflow/dags/failure_sensor_dag.py
[2025-07-17T07:18:17.737+0000] {processor.py:836} INFO - DAG(s) dict_keys(['etl_failure_sensor']) retrieved from /opt/airflow/dags/failure_sensor_dag.py
[2025-07-17T07:18:17.751+0000] {logging_mixin.py:150} INFO - [2025-07-17T07:18:17.751+0000] {dag.py:2742} INFO - Sync 1 DAGs
[2025-07-17T07:18:17.768+0000] {logging_mixin.py:150} INFO - [2025-07-17T07:18:17.768+0000] {dag.py:3508} INFO - Setting next_dagrun for etl_failure_sensor to None, run_after=None
[2025-07-17T07:18:17.776+0000] {processor.py:179} INFO - Processing /opt/airflow/dags/failure_sensor_dag.py took 0.053 seconds
[2025-07-17T07:18:48.218+0000] {processor.py:157} INFO - Started process (PID=436) to work on /opt/airflow/dags/failure_sensor_dag.py
[2025-07-17T07:18:48.221+0000] {processor.py:826} INFO - Processing file /opt/airflow/dags/failure_sensor_dag.py for tasks to queue
[2025-07-17T07:18:48.222+0000] {logging_mixin.py:150} INFO - [2025-07-17T07:18:48.222+0000] {dagbag.py:541} INFO - Filling up the DagBag from /opt/airflow/dags/failure_sensor_dag.py
[2025-07-17T07:18:48.231+0000] {processor.py:836} INFO - DAG(s) dict_keys(['etl_failure_sensor']) retrieved from /opt/airflow/dags/failure_sensor_dag.py
[2025-07-17T07:18:48.246+0000] {logging_mixin.py:150} INFO - [2025-07-17T07:18:48.246+0000] {dag.py:2742} INFO - Sync 1 DAGs
[2025-07-17T07:18:48.259+0000] {logging_mixin.py:150} INFO - [2025-07-17T07:18:48.259+0000] {dag.py:3508} INFO - Setting next_dagrun for etl_failure_sensor to None, run_after=None
[2025-07-17T07:18:48.270+0000] {processor.py:179} INFO - Processing /opt/airflow/dags/failure_sensor_dag.py took 0.054 seconds
[2025-07-17T07:19:18.709+0000] {processor.py:157} INFO - Started process (PID=497) to work on /opt/airflow/dags/failure_sensor_dag.py
[2025-07-17T07:19:18.710+0000] {processor.py:826} INFO - Processing file /opt/airflow/dags/failure_sensor_dag.py for tasks to queue
[2025-07-17T07:19:18.710+0000] {logging_mixin.py:150} INFO - [2025-07-17T07:19:18.710+0000] {dagbag.py:541} INFO - Filling up the DagBag from /opt/airflow/dags/failure_sensor_dag.py
[2025-07-17T07:19:18.717+0000] {processor.py:836} INFO - DAG(s) dict_keys(['etl_failure_sensor']) retrieved from /opt/airflow/dags/failure_sensor_dag.py
[2025-07-17T07:19:18.730+0000] {logging_mixin.py:150} INFO - [2025-07-17T07:19:18.730+0000] {dag.py:2742} INFO - Sync 1 DAGs
[2025-07-17T07:19:18.742+0000] {logging_mixin.py:150} INFO - [2025-07-17T07:19:18.742+0000] {dag.py:3508} INFO - Setting next_dagrun for etl_failure_sensor to None, run_after=None
[2025-07-17T07:19:18.751+0000] {processor.py:179} INFO - Processing /opt/airflow/dags/failure_sensor_dag.py took 0.044 seconds
[2025-07-17T07:19:49.172+0000] {processor.py:157} INFO - Started process (PID=559) to work on /opt/airflow/dags/failure_sensor_dag.py
[2025-07-17T07:19:49.173+0000] {processor.py:826} INFO - Processing file /opt/airflow/dags/failure_sensor_dag.py for tasks to queue
[2025-07-17T07:19:49.173+0000] {logging_mixin.py:150} INFO - [2025-07-17T07:19:49.173+0000] {dagbag.py:541} INFO - Filling up the DagBag from /opt/airflow/dags/failure_sensor_dag.py
[2025-07-17T07:19:49.180+0000] {processor.py:836} INFO - DAG(s) dict_keys(['etl_failure_sensor']) retrieved from /opt/airflow/dags/failure_sensor_dag.py
[2025-07-17T07:19:49.192+0000] {logging_mixin.py:150} INFO - [2025-07-17T07:19:49.192+0000] {dag.py:2742} INFO - Sync 1 DAGs
[2025-07-17T07:19:49.205+0000] {logging_mixin.py:150} INFO - [2025-07-17T07:19:49.205+0000] {dag.py:3508} INFO - Setting next_dagrun for etl_failure_sensor to None, run_after=None
[2025-07-17T07:19:49.216+0000] {processor.py:179} INFO - Processing /opt/airflow/dags/failure_sensor_dag.py took 0.046 seconds
[2025-07-17T07:20:19.718+0000] {processor.py:157} INFO - Started process (PID=620) to work on /opt/airflow/dags/failure_sensor_dag.py
[2025-07-17T07:20:19.720+0000] {processor.py:826} INFO - Processing file /opt/airflow/dags/failure_sensor_dag.py for tasks to queue
[2025-07-17T07:20:19.722+0000] {logging_mixin.py:150} INFO - [2025-07-17T07:20:19.722+0000] {dagbag.py:541} INFO - Filling up the DagBag from /opt/airflow/dags/failure_sensor_dag.py
[2025-07-17T07:20:19.730+0000] {processor.py:836} INFO - DAG(s) dict_keys(['etl_failure_sensor']) retrieved from /opt/airflow/dags/failure_sensor_dag.py
[2025-07-17T07:20:19.746+0000] {logging_mixin.py:150} INFO - [2025-07-17T07:20:19.746+0000] {dag.py:2742} INFO - Sync 1 DAGs
[2025-07-17T07:20:19.763+0000] {logging_mixin.py:150} INFO - [2025-07-17T07:20:19.762+0000] {dag.py:3508} INFO - Setting next_dagrun for etl_failure_sensor to None, run_after=None
[2025-07-17T07:20:19.776+0000] {processor.py:179} INFO - Processing /opt/airflow/dags/failure_sensor_dag.py took 0.059 seconds
