[2025-07-17T07:21:46.990+0000] {processor.py:157} INFO - Started process (PID=743) to work on /opt/airflow/dags/failure_sensor.py
[2025-07-17T07:21:46.991+0000] {processor.py:826} INFO - Processing file /opt/airflow/dags/failure_sensor.py for tasks to queue
[2025-07-17T07:21:46.991+0000] {logging_mixin.py:150} INFO - [2025-07-17T07:21:46.991+0000] {dagbag.py:541} INFO - Filling up the DagBag from /opt/airflow/dags/failure_sensor.py
[2025-07-17T07:21:46.997+0000] {processor.py:836} INFO - DAG(s) dict_keys(['etl_failure_sensor']) retrieved from /opt/airflow/dags/failure_sensor.py
[2025-07-17T07:21:47.094+0000] {logging_mixin.py:150} INFO - [2025-07-17T07:21:47.094+0000] {dag.py:2742} INFO - Sync 1 DAGs
[2025-07-17T07:21:47.103+0000] {logging_mixin.py:150} INFO - [2025-07-17T07:21:47.103+0000] {dag.py:3508} INFO - Setting next_dagrun for etl_failure_sensor to None, run_after=None
[2025-07-17T07:21:47.112+0000] {processor.py:179} INFO - Processing /opt/airflow/dags/failure_sensor.py took 0.123 seconds
[2025-07-17T07:22:17.414+0000] {processor.py:157} INFO - Started process (PID=799) to work on /opt/airflow/dags/failure_sensor.py
[2025-07-17T07:22:17.415+0000] {processor.py:826} INFO - Processing file /opt/airflow/dags/failure_sensor.py for tasks to queue
[2025-07-17T07:22:17.416+0000] {logging_mixin.py:150} INFO - [2025-07-17T07:22:17.416+0000] {dagbag.py:541} INFO - Filling up the DagBag from /opt/airflow/dags/failure_sensor.py
[2025-07-17T07:22:17.498+0000] {processor.py:836} INFO - DAG(s) dict_keys(['etl_failure_sensor']) retrieved from /opt/airflow/dags/failure_sensor.py
[2025-07-17T07:22:17.511+0000] {logging_mixin.py:150} INFO - [2025-07-17T07:22:17.511+0000] {dag.py:2742} INFO - Sync 1 DAGs
[2025-07-17T07:22:17.524+0000] {logging_mixin.py:150} INFO - [2025-07-17T07:22:17.524+0000] {dag.py:3508} INFO - Setting next_dagrun for etl_failure_sensor to None, run_after=None
[2025-07-17T07:22:17.535+0000] {processor.py:179} INFO - Processing /opt/airflow/dags/failure_sensor.py took 0.124 seconds
[2025-07-17T07:22:47.851+0000] {processor.py:157} INFO - Started process (PID=855) to work on /opt/airflow/dags/failure_sensor.py
[2025-07-17T07:22:47.852+0000] {processor.py:826} INFO - Processing file /opt/airflow/dags/failure_sensor.py for tasks to queue
[2025-07-17T07:22:47.853+0000] {logging_mixin.py:150} INFO - [2025-07-17T07:22:47.853+0000] {dagbag.py:541} INFO - Filling up the DagBag from /opt/airflow/dags/failure_sensor.py
[2025-07-17T07:22:47.864+0000] {processor.py:836} INFO - DAG(s) dict_keys(['etl_failure_sensor']) retrieved from /opt/airflow/dags/failure_sensor.py
[2025-07-17T07:22:47.880+0000] {logging_mixin.py:150} INFO - [2025-07-17T07:22:47.880+0000] {dag.py:2742} INFO - Sync 1 DAGs
[2025-07-17T07:22:47.895+0000] {logging_mixin.py:150} INFO - [2025-07-17T07:22:47.895+0000] {dag.py:3508} INFO - Setting next_dagrun for etl_failure_sensor to None, run_after=None
[2025-07-17T07:22:47.907+0000] {processor.py:179} INFO - Processing /opt/airflow/dags/failure_sensor.py took 0.058 seconds
[2025-07-17T07:23:18.247+0000] {processor.py:157} INFO - Started process (PID=912) to work on /opt/airflow/dags/failure_sensor.py
[2025-07-17T07:23:18.247+0000] {processor.py:826} INFO - Processing file /opt/airflow/dags/failure_sensor.py for tasks to queue
[2025-07-17T07:23:18.248+0000] {logging_mixin.py:150} INFO - [2025-07-17T07:23:18.248+0000] {dagbag.py:541} INFO - Filling up the DagBag from /opt/airflow/dags/failure_sensor.py
[2025-07-17T07:23:18.257+0000] {processor.py:836} INFO - DAG(s) dict_keys(['etl_failure_sensor']) retrieved from /opt/airflow/dags/failure_sensor.py
[2025-07-17T07:23:18.279+0000] {logging_mixin.py:150} INFO - [2025-07-17T07:23:18.278+0000] {dag.py:2742} INFO - Sync 1 DAGs
[2025-07-17T07:23:18.297+0000] {logging_mixin.py:150} INFO - [2025-07-17T07:23:18.297+0000] {dag.py:3508} INFO - Setting next_dagrun for etl_failure_sensor to None, run_after=None
[2025-07-17T07:23:18.308+0000] {processor.py:179} INFO - Processing /opt/airflow/dags/failure_sensor.py took 0.063 seconds
[2025-07-17T07:23:48.605+0000] {processor.py:157} INFO - Started process (PID=960) to work on /opt/airflow/dags/failure_sensor.py
[2025-07-17T07:23:48.606+0000] {processor.py:826} INFO - Processing file /opt/airflow/dags/failure_sensor.py for tasks to queue
[2025-07-17T07:23:48.606+0000] {logging_mixin.py:150} INFO - [2025-07-17T07:23:48.606+0000] {dagbag.py:541} INFO - Filling up the DagBag from /opt/airflow/dags/failure_sensor.py
[2025-07-17T07:23:48.617+0000] {processor.py:836} INFO - DAG(s) dict_keys(['etl_failure_sensor']) retrieved from /opt/airflow/dags/failure_sensor.py
[2025-07-17T07:23:48.634+0000] {logging_mixin.py:150} INFO - [2025-07-17T07:23:48.633+0000] {dag.py:2742} INFO - Sync 1 DAGs
[2025-07-17T07:23:48.651+0000] {logging_mixin.py:150} INFO - [2025-07-17T07:23:48.650+0000] {dag.py:3508} INFO - Setting next_dagrun for etl_failure_sensor to None, run_after=None
[2025-07-17T07:23:48.661+0000] {processor.py:179} INFO - Processing /opt/airflow/dags/failure_sensor.py took 0.059 seconds
[2025-07-17T07:24:18.894+0000] {processor.py:157} INFO - Started process (PID=1016) to work on /opt/airflow/dags/failure_sensor.py
[2025-07-17T07:24:18.896+0000] {processor.py:826} INFO - Processing file /opt/airflow/dags/failure_sensor.py for tasks to queue
[2025-07-17T07:24:18.897+0000] {logging_mixin.py:150} INFO - [2025-07-17T07:24:18.897+0000] {dagbag.py:541} INFO - Filling up the DagBag from /opt/airflow/dags/failure_sensor.py
[2025-07-17T07:24:18.905+0000] {processor.py:836} INFO - DAG(s) dict_keys(['etl_failure_sensor']) retrieved from /opt/airflow/dags/failure_sensor.py
[2025-07-17T07:24:18.918+0000] {logging_mixin.py:150} INFO - [2025-07-17T07:24:18.918+0000] {dag.py:2742} INFO - Sync 1 DAGs
[2025-07-17T07:24:18.931+0000] {logging_mixin.py:150} INFO - [2025-07-17T07:24:18.931+0000] {dag.py:3508} INFO - Setting next_dagrun for etl_failure_sensor to None, run_after=None
[2025-07-17T07:24:18.942+0000] {processor.py:179} INFO - Processing /opt/airflow/dags/failure_sensor.py took 0.049 seconds
[2025-07-17T07:24:49.182+0000] {processor.py:157} INFO - Started process (PID=1073) to work on /opt/airflow/dags/failure_sensor.py
[2025-07-17T07:24:49.183+0000] {processor.py:826} INFO - Processing file /opt/airflow/dags/failure_sensor.py for tasks to queue
[2025-07-17T07:24:49.184+0000] {logging_mixin.py:150} INFO - [2025-07-17T07:24:49.184+0000] {dagbag.py:541} INFO - Filling up the DagBag from /opt/airflow/dags/failure_sensor.py
[2025-07-17T07:24:49.196+0000] {processor.py:836} INFO - DAG(s) dict_keys(['etl_failure_sensor']) retrieved from /opt/airflow/dags/failure_sensor.py
[2025-07-17T07:24:49.211+0000] {logging_mixin.py:150} INFO - [2025-07-17T07:24:49.211+0000] {dag.py:2742} INFO - Sync 1 DAGs
[2025-07-17T07:24:49.225+0000] {logging_mixin.py:150} INFO - [2025-07-17T07:24:49.225+0000] {dag.py:3508} INFO - Setting next_dagrun for etl_failure_sensor to None, run_after=None
[2025-07-17T07:24:49.236+0000] {processor.py:179} INFO - Processing /opt/airflow/dags/failure_sensor.py took 0.055 seconds
[2025-07-17T07:25:19.479+0000] {processor.py:157} INFO - Started process (PID=1130) to work on /opt/airflow/dags/failure_sensor.py
[2025-07-17T07:25:19.479+0000] {processor.py:826} INFO - Processing file /opt/airflow/dags/failure_sensor.py for tasks to queue
[2025-07-17T07:25:19.480+0000] {logging_mixin.py:150} INFO - [2025-07-17T07:25:19.480+0000] {dagbag.py:541} INFO - Filling up the DagBag from /opt/airflow/dags/failure_sensor.py
[2025-07-17T07:25:19.495+0000] {processor.py:836} INFO - DAG(s) dict_keys(['etl_failure_sensor']) retrieved from /opt/airflow/dags/failure_sensor.py
[2025-07-17T07:25:19.512+0000] {logging_mixin.py:150} INFO - [2025-07-17T07:25:19.512+0000] {dag.py:2742} INFO - Sync 1 DAGs
[2025-07-17T07:25:19.526+0000] {logging_mixin.py:150} INFO - [2025-07-17T07:25:19.526+0000] {dag.py:3508} INFO - Setting next_dagrun for etl_failure_sensor to None, run_after=None
[2025-07-17T07:25:19.536+0000] {processor.py:179} INFO - Processing /opt/airflow/dags/failure_sensor.py took 0.060 seconds
[2025-07-17T07:25:49.880+0000] {processor.py:157} INFO - Started process (PID=1184) to work on /opt/airflow/dags/failure_sensor.py
[2025-07-17T07:25:49.881+0000] {processor.py:826} INFO - Processing file /opt/airflow/dags/failure_sensor.py for tasks to queue
[2025-07-17T07:25:49.882+0000] {logging_mixin.py:150} INFO - [2025-07-17T07:25:49.882+0000] {dagbag.py:541} INFO - Filling up the DagBag from /opt/airflow/dags/failure_sensor.py
[2025-07-17T07:25:49.893+0000] {processor.py:836} INFO - DAG(s) dict_keys(['etl_failure_sensor']) retrieved from /opt/airflow/dags/failure_sensor.py
[2025-07-17T07:25:49.910+0000] {logging_mixin.py:150} INFO - [2025-07-17T07:25:49.910+0000] {dag.py:2742} INFO - Sync 1 DAGs
[2025-07-17T07:25:49.924+0000] {logging_mixin.py:150} INFO - [2025-07-17T07:25:49.924+0000] {dag.py:3508} INFO - Setting next_dagrun for etl_failure_sensor to None, run_after=None
[2025-07-17T07:25:49.938+0000] {processor.py:179} INFO - Processing /opt/airflow/dags/failure_sensor.py took 0.061 seconds
[2025-07-17T07:26:20.243+0000] {processor.py:157} INFO - Started process (PID=1235) to work on /opt/airflow/dags/failure_sensor.py
[2025-07-17T07:26:20.244+0000] {processor.py:826} INFO - Processing file /opt/airflow/dags/failure_sensor.py for tasks to queue
[2025-07-17T07:26:20.245+0000] {logging_mixin.py:150} INFO - [2025-07-17T07:26:20.245+0000] {dagbag.py:541} INFO - Filling up the DagBag from /opt/airflow/dags/failure_sensor.py
[2025-07-17T07:26:20.255+0000] {processor.py:836} INFO - DAG(s) dict_keys(['etl_failure_sensor']) retrieved from /opt/airflow/dags/failure_sensor.py
[2025-07-17T07:26:20.271+0000] {logging_mixin.py:150} INFO - [2025-07-17T07:26:20.271+0000] {dag.py:2742} INFO - Sync 1 DAGs
[2025-07-17T07:26:20.285+0000] {logging_mixin.py:150} INFO - [2025-07-17T07:26:20.285+0000] {dag.py:3508} INFO - Setting next_dagrun for etl_failure_sensor to None, run_after=None
[2025-07-17T07:26:20.298+0000] {processor.py:179} INFO - Processing /opt/airflow/dags/failure_sensor.py took 0.057 seconds
[2025-07-17T07:26:50.623+0000] {processor.py:157} INFO - Started process (PID=1290) to work on /opt/airflow/dags/failure_sensor.py
[2025-07-17T07:26:50.624+0000] {processor.py:826} INFO - Processing file /opt/airflow/dags/failure_sensor.py for tasks to queue
[2025-07-17T07:26:50.624+0000] {logging_mixin.py:150} INFO - [2025-07-17T07:26:50.624+0000] {dagbag.py:541} INFO - Filling up the DagBag from /opt/airflow/dags/failure_sensor.py
[2025-07-17T07:26:50.637+0000] {processor.py:836} INFO - DAG(s) dict_keys(['etl_failure_sensor']) retrieved from /opt/airflow/dags/failure_sensor.py
[2025-07-17T07:26:50.651+0000] {logging_mixin.py:150} INFO - [2025-07-17T07:26:50.651+0000] {dag.py:2742} INFO - Sync 1 DAGs
[2025-07-17T07:26:50.666+0000] {logging_mixin.py:150} INFO - [2025-07-17T07:26:50.666+0000] {dag.py:3508} INFO - Setting next_dagrun for etl_failure_sensor to None, run_after=None
[2025-07-17T07:26:50.677+0000] {processor.py:179} INFO - Processing /opt/airflow/dags/failure_sensor.py took 0.056 seconds
[2025-07-17T07:27:20.972+0000] {processor.py:157} INFO - Started process (PID=1347) to work on /opt/airflow/dags/failure_sensor.py
[2025-07-17T07:27:20.973+0000] {processor.py:826} INFO - Processing file /opt/airflow/dags/failure_sensor.py for tasks to queue
[2025-07-17T07:27:20.975+0000] {logging_mixin.py:150} INFO - [2025-07-17T07:27:20.974+0000] {dagbag.py:541} INFO - Filling up the DagBag from /opt/airflow/dags/failure_sensor.py
[2025-07-17T07:27:20.983+0000] {processor.py:836} INFO - DAG(s) dict_keys(['etl_failure_sensor']) retrieved from /opt/airflow/dags/failure_sensor.py
[2025-07-17T07:27:20.999+0000] {logging_mixin.py:150} INFO - [2025-07-17T07:27:20.999+0000] {dag.py:2742} INFO - Sync 1 DAGs
[2025-07-17T07:27:21.014+0000] {logging_mixin.py:150} INFO - [2025-07-17T07:27:21.014+0000] {dag.py:3508} INFO - Setting next_dagrun for etl_failure_sensor to None, run_after=None
[2025-07-17T07:27:21.026+0000] {processor.py:179} INFO - Processing /opt/airflow/dags/failure_sensor.py took 0.057 seconds
[2025-07-17T07:27:51.361+0000] {processor.py:157} INFO - Started process (PID=1404) to work on /opt/airflow/dags/failure_sensor.py
[2025-07-17T07:27:51.362+0000] {processor.py:826} INFO - Processing file /opt/airflow/dags/failure_sensor.py for tasks to queue
[2025-07-17T07:27:51.362+0000] {logging_mixin.py:150} INFO - [2025-07-17T07:27:51.362+0000] {dagbag.py:541} INFO - Filling up the DagBag from /opt/airflow/dags/failure_sensor.py
[2025-07-17T07:27:51.375+0000] {processor.py:836} INFO - DAG(s) dict_keys(['etl_failure_sensor']) retrieved from /opt/airflow/dags/failure_sensor.py
[2025-07-17T07:27:51.386+0000] {logging_mixin.py:150} INFO - [2025-07-17T07:27:51.386+0000] {dag.py:2742} INFO - Sync 1 DAGs
[2025-07-17T07:27:51.400+0000] {logging_mixin.py:150} INFO - [2025-07-17T07:27:51.400+0000] {dag.py:3508} INFO - Setting next_dagrun for etl_failure_sensor to None, run_after=None
[2025-07-17T07:27:51.413+0000] {processor.py:179} INFO - Processing /opt/airflow/dags/failure_sensor.py took 0.055 seconds
[2025-07-17T07:28:21.736+0000] {processor.py:157} INFO - Started process (PID=1451) to work on /opt/airflow/dags/failure_sensor.py
[2025-07-17T07:28:21.737+0000] {processor.py:826} INFO - Processing file /opt/airflow/dags/failure_sensor.py for tasks to queue
[2025-07-17T07:28:21.737+0000] {logging_mixin.py:150} INFO - [2025-07-17T07:28:21.737+0000] {dagbag.py:541} INFO - Filling up the DagBag from /opt/airflow/dags/failure_sensor.py
[2025-07-17T07:28:21.749+0000] {processor.py:836} INFO - DAG(s) dict_keys(['etl_failure_sensor']) retrieved from /opt/airflow/dags/failure_sensor.py
[2025-07-17T07:28:21.764+0000] {logging_mixin.py:150} INFO - [2025-07-17T07:28:21.763+0000] {dag.py:2742} INFO - Sync 1 DAGs
[2025-07-17T07:28:21.778+0000] {logging_mixin.py:150} INFO - [2025-07-17T07:28:21.777+0000] {dag.py:3508} INFO - Setting next_dagrun for etl_failure_sensor to None, run_after=None
[2025-07-17T07:28:21.788+0000] {processor.py:179} INFO - Processing /opt/airflow/dags/failure_sensor.py took 0.054 seconds
[2025-07-17T07:28:52.063+0000] {processor.py:157} INFO - Started process (PID=1508) to work on /opt/airflow/dags/failure_sensor.py
[2025-07-17T07:28:52.063+0000] {processor.py:826} INFO - Processing file /opt/airflow/dags/failure_sensor.py for tasks to queue
[2025-07-17T07:28:52.064+0000] {logging_mixin.py:150} INFO - [2025-07-17T07:28:52.064+0000] {dagbag.py:541} INFO - Filling up the DagBag from /opt/airflow/dags/failure_sensor.py
[2025-07-17T07:28:52.076+0000] {processor.py:836} INFO - DAG(s) dict_keys(['etl_failure_sensor']) retrieved from /opt/airflow/dags/failure_sensor.py
[2025-07-17T07:28:52.097+0000] {logging_mixin.py:150} INFO - [2025-07-17T07:28:52.097+0000] {dag.py:2742} INFO - Sync 1 DAGs
[2025-07-17T07:28:52.110+0000] {logging_mixin.py:150} INFO - [2025-07-17T07:28:52.110+0000] {dag.py:3508} INFO - Setting next_dagrun for etl_failure_sensor to None, run_after=None
[2025-07-17T07:28:52.119+0000] {processor.py:179} INFO - Processing /opt/airflow/dags/failure_sensor.py took 0.059 seconds
[2025-07-17T07:29:22.433+0000] {processor.py:157} INFO - Started process (PID=1565) to work on /opt/airflow/dags/failure_sensor.py
[2025-07-17T07:29:22.433+0000] {processor.py:826} INFO - Processing file /opt/airflow/dags/failure_sensor.py for tasks to queue
[2025-07-17T07:29:22.434+0000] {logging_mixin.py:150} INFO - [2025-07-17T07:29:22.434+0000] {dagbag.py:541} INFO - Filling up the DagBag from /opt/airflow/dags/failure_sensor.py
[2025-07-17T07:29:22.448+0000] {processor.py:836} INFO - DAG(s) dict_keys(['etl_failure_sensor']) retrieved from /opt/airflow/dags/failure_sensor.py
[2025-07-17T07:29:22.462+0000] {logging_mixin.py:150} INFO - [2025-07-17T07:29:22.462+0000] {dag.py:2742} INFO - Sync 1 DAGs
[2025-07-17T07:29:22.475+0000] {logging_mixin.py:150} INFO - [2025-07-17T07:29:22.475+0000] {dag.py:3508} INFO - Setting next_dagrun for etl_failure_sensor to None, run_after=None
[2025-07-17T07:29:22.487+0000] {processor.py:179} INFO - Processing /opt/airflow/dags/failure_sensor.py took 0.056 seconds
[2025-07-17T07:29:52.835+0000] {processor.py:157} INFO - Started process (PID=1622) to work on /opt/airflow/dags/failure_sensor.py
[2025-07-17T07:29:52.839+0000] {processor.py:826} INFO - Processing file /opt/airflow/dags/failure_sensor.py for tasks to queue
[2025-07-17T07:29:52.841+0000] {logging_mixin.py:150} INFO - [2025-07-17T07:29:52.841+0000] {dagbag.py:541} INFO - Filling up the DagBag from /opt/airflow/dags/failure_sensor.py
[2025-07-17T07:29:52.851+0000] {processor.py:836} INFO - DAG(s) dict_keys(['etl_failure_sensor']) retrieved from /opt/airflow/dags/failure_sensor.py
[2025-07-17T07:29:52.871+0000] {logging_mixin.py:150} INFO - [2025-07-17T07:29:52.871+0000] {dag.py:2742} INFO - Sync 1 DAGs
[2025-07-17T07:29:52.886+0000] {logging_mixin.py:150} INFO - [2025-07-17T07:29:52.886+0000] {dag.py:3508} INFO - Setting next_dagrun for etl_failure_sensor to None, run_after=None
[2025-07-17T07:29:52.896+0000] {processor.py:179} INFO - Processing /opt/airflow/dags/failure_sensor.py took 0.063 seconds
[2025-07-17T07:30:23.254+0000] {processor.py:157} INFO - Started process (PID=1670) to work on /opt/airflow/dags/failure_sensor.py
[2025-07-17T07:30:23.255+0000] {processor.py:826} INFO - Processing file /opt/airflow/dags/failure_sensor.py for tasks to queue
[2025-07-17T07:30:23.256+0000] {logging_mixin.py:150} INFO - [2025-07-17T07:30:23.256+0000] {dagbag.py:541} INFO - Filling up the DagBag from /opt/airflow/dags/failure_sensor.py
[2025-07-17T07:30:23.271+0000] {processor.py:836} INFO - DAG(s) dict_keys(['etl_failure_sensor']) retrieved from /opt/airflow/dags/failure_sensor.py
[2025-07-17T07:30:23.290+0000] {logging_mixin.py:150} INFO - [2025-07-17T07:30:23.290+0000] {dag.py:2742} INFO - Sync 1 DAGs
[2025-07-17T07:30:23.305+0000] {logging_mixin.py:150} INFO - [2025-07-17T07:30:23.305+0000] {dag.py:3508} INFO - Setting next_dagrun for etl_failure_sensor to None, run_after=None
[2025-07-17T07:30:23.317+0000] {processor.py:179} INFO - Processing /opt/airflow/dags/failure_sensor.py took 0.066 seconds
[2025-07-17T07:30:53.649+0000] {processor.py:157} INFO - Started process (PID=1727) to work on /opt/airflow/dags/failure_sensor.py
[2025-07-17T07:30:53.649+0000] {processor.py:826} INFO - Processing file /opt/airflow/dags/failure_sensor.py for tasks to queue
[2025-07-17T07:30:53.650+0000] {logging_mixin.py:150} INFO - [2025-07-17T07:30:53.650+0000] {dagbag.py:541} INFO - Filling up the DagBag from /opt/airflow/dags/failure_sensor.py
[2025-07-17T07:30:53.659+0000] {processor.py:836} INFO - DAG(s) dict_keys(['etl_failure_sensor']) retrieved from /opt/airflow/dags/failure_sensor.py
[2025-07-17T07:30:53.677+0000] {logging_mixin.py:150} INFO - [2025-07-17T07:30:53.677+0000] {dag.py:2742} INFO - Sync 1 DAGs
[2025-07-17T07:30:53.695+0000] {logging_mixin.py:150} INFO - [2025-07-17T07:30:53.695+0000] {dag.py:3508} INFO - Setting next_dagrun for etl_failure_sensor to None, run_after=None
[2025-07-17T07:30:53.707+0000] {processor.py:179} INFO - Processing /opt/airflow/dags/failure_sensor.py took 0.060 seconds
[2025-07-17T07:31:24.007+0000] {processor.py:157} INFO - Started process (PID=1796) to work on /opt/airflow/dags/failure_sensor.py
[2025-07-17T07:31:24.007+0000] {processor.py:826} INFO - Processing file /opt/airflow/dags/failure_sensor.py for tasks to queue
[2025-07-17T07:31:24.008+0000] {logging_mixin.py:150} INFO - [2025-07-17T07:31:24.008+0000] {dagbag.py:541} INFO - Filling up the DagBag from /opt/airflow/dags/failure_sensor.py
[2025-07-17T07:31:24.017+0000] {processor.py:836} INFO - DAG(s) dict_keys(['etl_failure_sensor']) retrieved from /opt/airflow/dags/failure_sensor.py
[2025-07-17T07:31:24.031+0000] {logging_mixin.py:150} INFO - [2025-07-17T07:31:24.031+0000] {dag.py:2742} INFO - Sync 1 DAGs
[2025-07-17T07:31:24.044+0000] {logging_mixin.py:150} INFO - [2025-07-17T07:31:24.044+0000] {dag.py:3508} INFO - Setting next_dagrun for etl_failure_sensor to None, run_after=None
[2025-07-17T07:31:24.056+0000] {processor.py:179} INFO - Processing /opt/airflow/dags/failure_sensor.py took 0.051 seconds
[2025-07-17T07:31:54.466+0000] {processor.py:157} INFO - Started process (PID=1862) to work on /opt/airflow/dags/failure_sensor.py
[2025-07-17T07:31:54.467+0000] {processor.py:826} INFO - Processing file /opt/airflow/dags/failure_sensor.py for tasks to queue
[2025-07-17T07:31:54.468+0000] {logging_mixin.py:150} INFO - [2025-07-17T07:31:54.468+0000] {dagbag.py:541} INFO - Filling up the DagBag from /opt/airflow/dags/failure_sensor.py
[2025-07-17T07:31:54.479+0000] {processor.py:836} INFO - DAG(s) dict_keys(['etl_failure_sensor']) retrieved from /opt/airflow/dags/failure_sensor.py
[2025-07-17T07:31:54.496+0000] {logging_mixin.py:150} INFO - [2025-07-17T07:31:54.496+0000] {dag.py:2742} INFO - Sync 1 DAGs
[2025-07-17T07:31:54.511+0000] {logging_mixin.py:150} INFO - [2025-07-17T07:31:54.511+0000] {dag.py:3508} INFO - Setting next_dagrun for etl_failure_sensor to None, run_after=None
[2025-07-17T07:31:54.524+0000] {processor.py:179} INFO - Processing /opt/airflow/dags/failure_sensor.py took 0.060 seconds
[2025-07-17T07:32:24.849+0000] {processor.py:157} INFO - Started process (PID=1912) to work on /opt/airflow/dags/failure_sensor.py
[2025-07-17T07:32:24.850+0000] {processor.py:826} INFO - Processing file /opt/airflow/dags/failure_sensor.py for tasks to queue
[2025-07-17T07:32:24.850+0000] {logging_mixin.py:150} INFO - [2025-07-17T07:32:24.850+0000] {dagbag.py:541} INFO - Filling up the DagBag from /opt/airflow/dags/failure_sensor.py
[2025-07-17T07:32:24.864+0000] {processor.py:836} INFO - DAG(s) dict_keys(['etl_failure_sensor']) retrieved from /opt/airflow/dags/failure_sensor.py
[2025-07-17T07:32:24.883+0000] {logging_mixin.py:150} INFO - [2025-07-17T07:32:24.883+0000] {dag.py:2742} INFO - Sync 1 DAGs
[2025-07-17T07:32:24.898+0000] {logging_mixin.py:150} INFO - [2025-07-17T07:32:24.898+0000] {dag.py:3508} INFO - Setting next_dagrun for etl_failure_sensor to None, run_after=None
[2025-07-17T07:32:24.910+0000] {processor.py:179} INFO - Processing /opt/airflow/dags/failure_sensor.py took 0.064 seconds
[2025-07-17T07:32:55.187+0000] {processor.py:157} INFO - Started process (PID=1975) to work on /opt/airflow/dags/failure_sensor.py
[2025-07-17T07:32:55.190+0000] {processor.py:826} INFO - Processing file /opt/airflow/dags/failure_sensor.py for tasks to queue
[2025-07-17T07:32:55.192+0000] {logging_mixin.py:150} INFO - [2025-07-17T07:32:55.192+0000] {dagbag.py:541} INFO - Filling up the DagBag from /opt/airflow/dags/failure_sensor.py
[2025-07-17T07:32:55.204+0000] {processor.py:836} INFO - DAG(s) dict_keys(['etl_failure_sensor']) retrieved from /opt/airflow/dags/failure_sensor.py
[2025-07-17T07:32:55.224+0000] {logging_mixin.py:150} INFO - [2025-07-17T07:32:55.224+0000] {dag.py:2742} INFO - Sync 1 DAGs
[2025-07-17T07:32:55.239+0000] {logging_mixin.py:150} INFO - [2025-07-17T07:32:55.239+0000] {dag.py:3508} INFO - Setting next_dagrun for etl_failure_sensor to None, run_after=None
[2025-07-17T07:32:55.251+0000] {processor.py:179} INFO - Processing /opt/airflow/dags/failure_sensor.py took 0.069 seconds
[2025-07-17T07:33:25.551+0000] {processor.py:157} INFO - Started process (PID=2032) to work on /opt/airflow/dags/failure_sensor.py
[2025-07-17T07:33:25.552+0000] {processor.py:826} INFO - Processing file /opt/airflow/dags/failure_sensor.py for tasks to queue
[2025-07-17T07:33:25.554+0000] {logging_mixin.py:150} INFO - [2025-07-17T07:33:25.553+0000] {dagbag.py:541} INFO - Filling up the DagBag from /opt/airflow/dags/failure_sensor.py
[2025-07-17T07:33:25.568+0000] {processor.py:836} INFO - DAG(s) dict_keys(['etl_failure_sensor']) retrieved from /opt/airflow/dags/failure_sensor.py
[2025-07-17T07:33:25.630+0000] {logging_mixin.py:150} INFO - [2025-07-17T07:33:25.630+0000] {dag.py:2742} INFO - Sync 1 DAGs
[2025-07-17T07:33:25.646+0000] {logging_mixin.py:150} INFO - [2025-07-17T07:33:25.646+0000] {dag.py:3508} INFO - Setting next_dagrun for etl_failure_sensor to None, run_after=None
[2025-07-17T07:33:25.658+0000] {processor.py:179} INFO - Processing /opt/airflow/dags/failure_sensor.py took 0.111 seconds
[2025-07-17T07:33:56.044+0000] {processor.py:157} INFO - Started process (PID=2106) to work on /opt/airflow/dags/failure_sensor.py
[2025-07-17T07:33:56.045+0000] {processor.py:826} INFO - Processing file /opt/airflow/dags/failure_sensor.py for tasks to queue
[2025-07-17T07:33:56.045+0000] {logging_mixin.py:150} INFO - [2025-07-17T07:33:56.045+0000] {dagbag.py:541} INFO - Filling up the DagBag from /opt/airflow/dags/failure_sensor.py
[2025-07-17T07:33:56.053+0000] {processor.py:836} INFO - DAG(s) dict_keys(['etl_failure_sensor']) retrieved from /opt/airflow/dags/failure_sensor.py
[2025-07-17T07:33:56.069+0000] {logging_mixin.py:150} INFO - [2025-07-17T07:33:56.069+0000] {dag.py:2742} INFO - Sync 1 DAGs
[2025-07-17T07:33:56.084+0000] {logging_mixin.py:150} INFO - [2025-07-17T07:33:56.083+0000] {dag.py:3508} INFO - Setting next_dagrun for etl_failure_sensor to None, run_after=None
[2025-07-17T07:33:56.092+0000] {processor.py:179} INFO - Processing /opt/airflow/dags/failure_sensor.py took 0.051 seconds
[2025-07-17T07:34:26.389+0000] {processor.py:157} INFO - Started process (PID=2153) to work on /opt/airflow/dags/failure_sensor.py
[2025-07-17T07:34:26.389+0000] {processor.py:826} INFO - Processing file /opt/airflow/dags/failure_sensor.py for tasks to queue
[2025-07-17T07:34:26.391+0000] {logging_mixin.py:150} INFO - [2025-07-17T07:34:26.390+0000] {dagbag.py:541} INFO - Filling up the DagBag from /opt/airflow/dags/failure_sensor.py
[2025-07-17T07:34:26.405+0000] {processor.py:836} INFO - DAG(s) dict_keys(['etl_failure_sensor']) retrieved from /opt/airflow/dags/failure_sensor.py
[2025-07-17T07:34:26.430+0000] {logging_mixin.py:150} INFO - [2025-07-17T07:34:26.430+0000] {dag.py:2742} INFO - Sync 1 DAGs
[2025-07-17T07:34:26.448+0000] {logging_mixin.py:150} INFO - [2025-07-17T07:34:26.447+0000] {dag.py:3508} INFO - Setting next_dagrun for etl_failure_sensor to None, run_after=None
[2025-07-17T07:34:26.463+0000] {processor.py:179} INFO - Processing /opt/airflow/dags/failure_sensor.py took 0.078 seconds
[2025-07-17T07:34:56.711+0000] {processor.py:157} INFO - Started process (PID=2218) to work on /opt/airflow/dags/failure_sensor.py
[2025-07-17T07:34:56.712+0000] {processor.py:826} INFO - Processing file /opt/airflow/dags/failure_sensor.py for tasks to queue
[2025-07-17T07:34:56.713+0000] {logging_mixin.py:150} INFO - [2025-07-17T07:34:56.713+0000] {dagbag.py:541} INFO - Filling up the DagBag from /opt/airflow/dags/failure_sensor.py
[2025-07-17T07:34:56.726+0000] {processor.py:836} INFO - DAG(s) dict_keys(['etl_failure_sensor']) retrieved from /opt/airflow/dags/failure_sensor.py
[2025-07-17T07:34:56.740+0000] {logging_mixin.py:150} INFO - [2025-07-17T07:34:56.740+0000] {dag.py:2742} INFO - Sync 1 DAGs
[2025-07-17T07:34:56.754+0000] {logging_mixin.py:150} INFO - [2025-07-17T07:34:56.754+0000] {dag.py:3508} INFO - Setting next_dagrun for etl_failure_sensor to None, run_after=None
[2025-07-17T07:34:56.764+0000] {processor.py:179} INFO - Processing /opt/airflow/dags/failure_sensor.py took 0.055 seconds
[2025-07-17T07:35:27.076+0000] {processor.py:157} INFO - Started process (PID=2274) to work on /opt/airflow/dags/failure_sensor.py
[2025-07-17T07:35:27.078+0000] {processor.py:826} INFO - Processing file /opt/airflow/dags/failure_sensor.py for tasks to queue
[2025-07-17T07:35:27.079+0000] {logging_mixin.py:150} INFO - [2025-07-17T07:35:27.078+0000] {dagbag.py:541} INFO - Filling up the DagBag from /opt/airflow/dags/failure_sensor.py
[2025-07-17T07:35:27.093+0000] {processor.py:836} INFO - DAG(s) dict_keys(['etl_failure_sensor']) retrieved from /opt/airflow/dags/failure_sensor.py
[2025-07-17T07:35:27.107+0000] {logging_mixin.py:150} INFO - [2025-07-17T07:35:27.107+0000] {dag.py:2742} INFO - Sync 1 DAGs
[2025-07-17T07:35:27.121+0000] {logging_mixin.py:150} INFO - [2025-07-17T07:35:27.121+0000] {dag.py:3508} INFO - Setting next_dagrun for etl_failure_sensor to None, run_after=None
[2025-07-17T07:35:27.132+0000] {processor.py:179} INFO - Processing /opt/airflow/dags/failure_sensor.py took 0.059 seconds
[2025-07-17T07:35:57.473+0000] {processor.py:157} INFO - Started process (PID=2343) to work on /opt/airflow/dags/failure_sensor.py
[2025-07-17T07:35:57.474+0000] {processor.py:826} INFO - Processing file /opt/airflow/dags/failure_sensor.py for tasks to queue
[2025-07-17T07:35:57.477+0000] {logging_mixin.py:150} INFO - [2025-07-17T07:35:57.476+0000] {dagbag.py:541} INFO - Filling up the DagBag from /opt/airflow/dags/failure_sensor.py
[2025-07-17T07:35:57.490+0000] {processor.py:836} INFO - DAG(s) dict_keys(['etl_failure_sensor']) retrieved from /opt/airflow/dags/failure_sensor.py
[2025-07-17T07:35:57.504+0000] {logging_mixin.py:150} INFO - [2025-07-17T07:35:57.504+0000] {dag.py:2742} INFO - Sync 1 DAGs
[2025-07-17T07:35:57.518+0000] {logging_mixin.py:150} INFO - [2025-07-17T07:35:57.518+0000] {dag.py:3508} INFO - Setting next_dagrun for etl_failure_sensor to None, run_after=None
[2025-07-17T07:35:57.530+0000] {processor.py:179} INFO - Processing /opt/airflow/dags/failure_sensor.py took 0.059 seconds
[2025-07-17T07:36:27.901+0000] {processor.py:157} INFO - Started process (PID=2395) to work on /opt/airflow/dags/failure_sensor.py
[2025-07-17T07:36:27.902+0000] {processor.py:826} INFO - Processing file /opt/airflow/dags/failure_sensor.py for tasks to queue
[2025-07-17T07:36:27.903+0000] {logging_mixin.py:150} INFO - [2025-07-17T07:36:27.903+0000] {dagbag.py:541} INFO - Filling up the DagBag from /opt/airflow/dags/failure_sensor.py
[2025-07-17T07:36:27.917+0000] {processor.py:836} INFO - DAG(s) dict_keys(['etl_failure_sensor']) retrieved from /opt/airflow/dags/failure_sensor.py
[2025-07-17T07:36:27.935+0000] {logging_mixin.py:150} INFO - [2025-07-17T07:36:27.935+0000] {dag.py:2742} INFO - Sync 1 DAGs
[2025-07-17T07:36:27.950+0000] {logging_mixin.py:150} INFO - [2025-07-17T07:36:27.950+0000] {dag.py:3508} INFO - Setting next_dagrun for etl_failure_sensor to None, run_after=None
[2025-07-17T07:36:27.961+0000] {processor.py:179} INFO - Processing /opt/airflow/dags/failure_sensor.py took 0.062 seconds
[2025-07-17T07:36:58.254+0000] {processor.py:157} INFO - Started process (PID=2456) to work on /opt/airflow/dags/failure_sensor.py
[2025-07-17T07:36:58.254+0000] {processor.py:826} INFO - Processing file /opt/airflow/dags/failure_sensor.py for tasks to queue
[2025-07-17T07:36:58.255+0000] {logging_mixin.py:150} INFO - [2025-07-17T07:36:58.255+0000] {dagbag.py:541} INFO - Filling up the DagBag from /opt/airflow/dags/failure_sensor.py
[2025-07-17T07:36:58.271+0000] {processor.py:836} INFO - DAG(s) dict_keys(['etl_failure_sensor']) retrieved from /opt/airflow/dags/failure_sensor.py
[2025-07-17T07:36:58.289+0000] {logging_mixin.py:150} INFO - [2025-07-17T07:36:58.289+0000] {dag.py:2742} INFO - Sync 1 DAGs
[2025-07-17T07:36:58.304+0000] {logging_mixin.py:150} INFO - [2025-07-17T07:36:58.304+0000] {dag.py:3508} INFO - Setting next_dagrun for etl_failure_sensor to None, run_after=None
[2025-07-17T07:36:58.313+0000] {processor.py:179} INFO - Processing /opt/airflow/dags/failure_sensor.py took 0.062 seconds
[2025-07-17T07:37:28.551+0000] {processor.py:157} INFO - Started process (PID=2521) to work on /opt/airflow/dags/failure_sensor.py
[2025-07-17T07:37:28.552+0000] {processor.py:826} INFO - Processing file /opt/airflow/dags/failure_sensor.py for tasks to queue
[2025-07-17T07:37:28.552+0000] {logging_mixin.py:150} INFO - [2025-07-17T07:37:28.552+0000] {dagbag.py:541} INFO - Filling up the DagBag from /opt/airflow/dags/failure_sensor.py
[2025-07-17T07:37:28.565+0000] {processor.py:836} INFO - DAG(s) dict_keys(['etl_failure_sensor']) retrieved from /opt/airflow/dags/failure_sensor.py
[2025-07-17T07:37:28.582+0000] {logging_mixin.py:150} INFO - [2025-07-17T07:37:28.582+0000] {dag.py:2742} INFO - Sync 1 DAGs
[2025-07-17T07:37:28.596+0000] {logging_mixin.py:150} INFO - [2025-07-17T07:37:28.596+0000] {dag.py:3508} INFO - Setting next_dagrun for etl_failure_sensor to None, run_after=None
[2025-07-17T07:37:28.605+0000] {processor.py:179} INFO - Processing /opt/airflow/dags/failure_sensor.py took 0.056 seconds
[2025-07-17T07:37:58.891+0000] {processor.py:157} INFO - Started process (PID=2580) to work on /opt/airflow/dags/failure_sensor.py
[2025-07-17T07:37:58.892+0000] {processor.py:826} INFO - Processing file /opt/airflow/dags/failure_sensor.py for tasks to queue
[2025-07-17T07:37:58.893+0000] {logging_mixin.py:150} INFO - [2025-07-17T07:37:58.893+0000] {dagbag.py:541} INFO - Filling up the DagBag from /opt/airflow/dags/failure_sensor.py
[2025-07-17T07:37:58.904+0000] {processor.py:836} INFO - DAG(s) dict_keys(['etl_failure_sensor']) retrieved from /opt/airflow/dags/failure_sensor.py
[2025-07-17T07:37:58.920+0000] {logging_mixin.py:150} INFO - [2025-07-17T07:37:58.920+0000] {dag.py:2742} INFO - Sync 1 DAGs
[2025-07-17T07:37:58.935+0000] {logging_mixin.py:150} INFO - [2025-07-17T07:37:58.935+0000] {dag.py:3508} INFO - Setting next_dagrun for etl_failure_sensor to None, run_after=None
[2025-07-17T07:37:58.949+0000] {processor.py:179} INFO - Processing /opt/airflow/dags/failure_sensor.py took 0.060 seconds
[2025-07-17T07:38:29.290+0000] {processor.py:157} INFO - Started process (PID=2636) to work on /opt/airflow/dags/failure_sensor.py
[2025-07-17T07:38:29.291+0000] {processor.py:826} INFO - Processing file /opt/airflow/dags/failure_sensor.py for tasks to queue
[2025-07-17T07:38:29.291+0000] {logging_mixin.py:150} INFO - [2025-07-17T07:38:29.291+0000] {dagbag.py:541} INFO - Filling up the DagBag from /opt/airflow/dags/failure_sensor.py
[2025-07-17T07:38:29.301+0000] {processor.py:836} INFO - DAG(s) dict_keys(['etl_failure_sensor']) retrieved from /opt/airflow/dags/failure_sensor.py
[2025-07-17T07:38:29.317+0000] {logging_mixin.py:150} INFO - [2025-07-17T07:38:29.317+0000] {dag.py:2742} INFO - Sync 1 DAGs
[2025-07-17T07:38:29.330+0000] {logging_mixin.py:150} INFO - [2025-07-17T07:38:29.330+0000] {dag.py:3508} INFO - Setting next_dagrun for etl_failure_sensor to None, run_after=None
[2025-07-17T07:38:29.343+0000] {processor.py:179} INFO - Processing /opt/airflow/dags/failure_sensor.py took 0.055 seconds
[2025-07-17T07:38:59.693+0000] {processor.py:157} INFO - Started process (PID=2693) to work on /opt/airflow/dags/failure_sensor.py
[2025-07-17T07:38:59.694+0000] {processor.py:826} INFO - Processing file /opt/airflow/dags/failure_sensor.py for tasks to queue
[2025-07-17T07:38:59.696+0000] {logging_mixin.py:150} INFO - [2025-07-17T07:38:59.696+0000] {dagbag.py:541} INFO - Filling up the DagBag from /opt/airflow/dags/failure_sensor.py
[2025-07-17T07:38:59.707+0000] {processor.py:836} INFO - DAG(s) dict_keys(['etl_failure_sensor']) retrieved from /opt/airflow/dags/failure_sensor.py
[2025-07-17T07:38:59.732+0000] {logging_mixin.py:150} INFO - [2025-07-17T07:38:59.732+0000] {dag.py:2742} INFO - Sync 1 DAGs
[2025-07-17T07:38:59.745+0000] {logging_mixin.py:150} INFO - [2025-07-17T07:38:59.745+0000] {dag.py:3508} INFO - Setting next_dagrun for etl_failure_sensor to None, run_after=None
[2025-07-17T07:38:59.755+0000] {processor.py:179} INFO - Processing /opt/airflow/dags/failure_sensor.py took 0.064 seconds
[2025-07-17T07:39:30.051+0000] {processor.py:157} INFO - Started process (PID=2760) to work on /opt/airflow/dags/failure_sensor.py
[2025-07-17T07:39:30.052+0000] {processor.py:826} INFO - Processing file /opt/airflow/dags/failure_sensor.py for tasks to queue
[2025-07-17T07:39:30.052+0000] {logging_mixin.py:150} INFO - [2025-07-17T07:39:30.052+0000] {dagbag.py:541} INFO - Filling up the DagBag from /opt/airflow/dags/failure_sensor.py
[2025-07-17T07:39:30.062+0000] {processor.py:836} INFO - DAG(s) dict_keys(['etl_failure_sensor']) retrieved from /opt/airflow/dags/failure_sensor.py
[2025-07-17T07:39:30.079+0000] {logging_mixin.py:150} INFO - [2025-07-17T07:39:30.079+0000] {dag.py:2742} INFO - Sync 1 DAGs
[2025-07-17T07:39:30.095+0000] {logging_mixin.py:150} INFO - [2025-07-17T07:39:30.095+0000] {dag.py:3508} INFO - Setting next_dagrun for etl_failure_sensor to None, run_after=None
[2025-07-17T07:39:30.108+0000] {processor.py:179} INFO - Processing /opt/airflow/dags/failure_sensor.py took 0.059 seconds
[2025-07-17T07:40:00.456+0000] {processor.py:157} INFO - Started process (PID=2817) to work on /opt/airflow/dags/failure_sensor.py
[2025-07-17T07:40:00.457+0000] {processor.py:826} INFO - Processing file /opt/airflow/dags/failure_sensor.py for tasks to queue
[2025-07-17T07:40:00.458+0000] {logging_mixin.py:150} INFO - [2025-07-17T07:40:00.458+0000] {dagbag.py:541} INFO - Filling up the DagBag from /opt/airflow/dags/failure_sensor.py
[2025-07-17T07:40:00.468+0000] {processor.py:836} INFO - DAG(s) dict_keys(['etl_failure_sensor']) retrieved from /opt/airflow/dags/failure_sensor.py
[2025-07-17T07:40:00.486+0000] {logging_mixin.py:150} INFO - [2025-07-17T07:40:00.485+0000] {dag.py:2742} INFO - Sync 1 DAGs
[2025-07-17T07:40:00.499+0000] {logging_mixin.py:150} INFO - [2025-07-17T07:40:00.499+0000] {dag.py:3508} INFO - Setting next_dagrun for etl_failure_sensor to None, run_after=None
[2025-07-17T07:40:00.512+0000] {processor.py:179} INFO - Processing /opt/airflow/dags/failure_sensor.py took 0.059 seconds
[2025-07-17T07:40:30.895+0000] {processor.py:157} INFO - Started process (PID=2873) to work on /opt/airflow/dags/failure_sensor.py
[2025-07-17T07:40:30.896+0000] {processor.py:826} INFO - Processing file /opt/airflow/dags/failure_sensor.py for tasks to queue
[2025-07-17T07:40:30.897+0000] {logging_mixin.py:150} INFO - [2025-07-17T07:40:30.897+0000] {dagbag.py:541} INFO - Filling up the DagBag from /opt/airflow/dags/failure_sensor.py
[2025-07-17T07:40:30.908+0000] {processor.py:836} INFO - DAG(s) dict_keys(['etl_failure_sensor']) retrieved from /opt/airflow/dags/failure_sensor.py
[2025-07-17T07:40:30.925+0000] {logging_mixin.py:150} INFO - [2025-07-17T07:40:30.925+0000] {dag.py:2742} INFO - Sync 1 DAGs
[2025-07-17T07:40:30.939+0000] {logging_mixin.py:150} INFO - [2025-07-17T07:40:30.939+0000] {dag.py:3508} INFO - Setting next_dagrun for etl_failure_sensor to None, run_after=None
[2025-07-17T07:40:30.953+0000] {processor.py:179} INFO - Processing /opt/airflow/dags/failure_sensor.py took 0.060 seconds
[2025-07-17T07:41:01.301+0000] {processor.py:157} INFO - Started process (PID=2930) to work on /opt/airflow/dags/failure_sensor.py
[2025-07-17T07:41:01.302+0000] {processor.py:826} INFO - Processing file /opt/airflow/dags/failure_sensor.py for tasks to queue
[2025-07-17T07:41:01.303+0000] {logging_mixin.py:150} INFO - [2025-07-17T07:41:01.303+0000] {dagbag.py:541} INFO - Filling up the DagBag from /opt/airflow/dags/failure_sensor.py
[2025-07-17T07:41:01.316+0000] {processor.py:836} INFO - DAG(s) dict_keys(['etl_failure_sensor']) retrieved from /opt/airflow/dags/failure_sensor.py
[2025-07-17T07:41:01.336+0000] {logging_mixin.py:150} INFO - [2025-07-17T07:41:01.335+0000] {dag.py:2742} INFO - Sync 1 DAGs
[2025-07-17T07:41:01.350+0000] {logging_mixin.py:150} INFO - [2025-07-17T07:41:01.350+0000] {dag.py:3508} INFO - Setting next_dagrun for etl_failure_sensor to None, run_after=None
[2025-07-17T07:41:01.361+0000] {processor.py:179} INFO - Processing /opt/airflow/dags/failure_sensor.py took 0.062 seconds
