[2025-07-17T07:21:46.826+0000] {processor.py:157} INFO - Started process (PID=737) to work on /opt/airflow/dags/success_sensor.py
[2025-07-17T07:21:46.827+0000] {processor.py:826} INFO - Processing file /opt/airflow/dags/success_sensor.py for tasks to queue
[2025-07-17T07:21:46.827+0000] {logging_mixin.py:150} INFO - [2025-07-17T07:21:46.827+0000] {dagbag.py:541} INFO - Filling up the DagBag from /opt/airflow/dags/success_sensor.py
[2025-07-17T07:21:46.841+0000] {processor.py:836} INFO - DAG(s) dict_keys(['etl_success_sensor']) retrieved from /opt/airflow/dags/success_sensor.py
[2025-07-17T07:21:46.958+0000] {logging_mixin.py:150} INFO - [2025-07-17T07:21:46.958+0000] {dag.py:2742} INFO - Sync 1 DAGs
[2025-07-17T07:21:46.968+0000] {logging_mixin.py:150} INFO - [2025-07-17T07:21:46.968+0000] {dag.py:3508} INFO - Setting next_dagrun for etl_success_sensor to None, run_after=None
[2025-07-17T07:21:46.983+0000] {processor.py:179} INFO - Processing /opt/airflow/dags/success_sensor.py took 0.159 seconds
[2025-07-17T07:22:17.410+0000] {processor.py:157} INFO - Started process (PID=796) to work on /opt/airflow/dags/success_sensor.py
[2025-07-17T07:22:17.413+0000] {processor.py:826} INFO - Processing file /opt/airflow/dags/success_sensor.py for tasks to queue
[2025-07-17T07:22:17.414+0000] {logging_mixin.py:150} INFO - [2025-07-17T07:22:17.414+0000] {dagbag.py:541} INFO - Filling up the DagBag from /opt/airflow/dags/success_sensor.py
[2025-07-17T07:22:17.498+0000] {processor.py:836} INFO - DAG(s) dict_keys(['etl_success_sensor']) retrieved from /opt/airflow/dags/success_sensor.py
[2025-07-17T07:22:17.513+0000] {logging_mixin.py:150} INFO - [2025-07-17T07:22:17.512+0000] {dag.py:2742} INFO - Sync 1 DAGs
[2025-07-17T07:22:17.525+0000] {logging_mixin.py:150} INFO - [2025-07-17T07:22:17.525+0000] {dag.py:3508} INFO - Setting next_dagrun for etl_success_sensor to None, run_after=None
[2025-07-17T07:22:17.536+0000] {processor.py:179} INFO - Processing /opt/airflow/dags/success_sensor.py took 0.128 seconds
[2025-07-17T07:22:47.849+0000] {processor.py:157} INFO - Started process (PID=852) to work on /opt/airflow/dags/success_sensor.py
[2025-07-17T07:22:47.852+0000] {processor.py:826} INFO - Processing file /opt/airflow/dags/success_sensor.py for tasks to queue
[2025-07-17T07:22:47.852+0000] {logging_mixin.py:150} INFO - [2025-07-17T07:22:47.852+0000] {dagbag.py:541} INFO - Filling up the DagBag from /opt/airflow/dags/success_sensor.py
[2025-07-17T07:22:47.862+0000] {processor.py:836} INFO - DAG(s) dict_keys(['etl_success_sensor']) retrieved from /opt/airflow/dags/success_sensor.py
[2025-07-17T07:22:47.879+0000] {logging_mixin.py:150} INFO - [2025-07-17T07:22:47.879+0000] {dag.py:2742} INFO - Sync 1 DAGs
[2025-07-17T07:22:47.893+0000] {logging_mixin.py:150} INFO - [2025-07-17T07:22:47.893+0000] {dag.py:3508} INFO - Setting next_dagrun for etl_success_sensor to None, run_after=None
[2025-07-17T07:22:47.905+0000] {processor.py:179} INFO - Processing /opt/airflow/dags/success_sensor.py took 0.059 seconds
[2025-07-17T07:23:18.244+0000] {processor.py:157} INFO - Started process (PID=909) to work on /opt/airflow/dags/success_sensor.py
[2025-07-17T07:23:18.247+0000] {processor.py:826} INFO - Processing file /opt/airflow/dags/success_sensor.py for tasks to queue
[2025-07-17T07:23:18.248+0000] {logging_mixin.py:150} INFO - [2025-07-17T07:23:18.248+0000] {dagbag.py:541} INFO - Filling up the DagBag from /opt/airflow/dags/success_sensor.py
[2025-07-17T07:23:18.259+0000] {processor.py:836} INFO - DAG(s) dict_keys(['etl_success_sensor']) retrieved from /opt/airflow/dags/success_sensor.py
[2025-07-17T07:23:18.283+0000] {logging_mixin.py:150} INFO - [2025-07-17T07:23:18.282+0000] {dag.py:2742} INFO - Sync 1 DAGs
[2025-07-17T07:23:18.297+0000] {logging_mixin.py:150} INFO - [2025-07-17T07:23:18.297+0000] {dag.py:3508} INFO - Setting next_dagrun for etl_success_sensor to None, run_after=None
[2025-07-17T07:23:18.309+0000] {processor.py:179} INFO - Processing /opt/airflow/dags/success_sensor.py took 0.067 seconds
[2025-07-17T07:23:48.602+0000] {processor.py:157} INFO - Started process (PID=957) to work on /opt/airflow/dags/success_sensor.py
[2025-07-17T07:23:48.603+0000] {processor.py:826} INFO - Processing file /opt/airflow/dags/success_sensor.py for tasks to queue
[2025-07-17T07:23:48.604+0000] {logging_mixin.py:150} INFO - [2025-07-17T07:23:48.603+0000] {dagbag.py:541} INFO - Filling up the DagBag from /opt/airflow/dags/success_sensor.py
[2025-07-17T07:23:48.616+0000] {processor.py:836} INFO - DAG(s) dict_keys(['etl_success_sensor']) retrieved from /opt/airflow/dags/success_sensor.py
[2025-07-17T07:23:48.633+0000] {logging_mixin.py:150} INFO - [2025-07-17T07:23:48.633+0000] {dag.py:2742} INFO - Sync 1 DAGs
[2025-07-17T07:23:48.649+0000] {logging_mixin.py:150} INFO - [2025-07-17T07:23:48.649+0000] {dag.py:3508} INFO - Setting next_dagrun for etl_success_sensor to None, run_after=None
[2025-07-17T07:23:48.661+0000] {processor.py:179} INFO - Processing /opt/airflow/dags/success_sensor.py took 0.062 seconds
[2025-07-17T07:24:18.888+0000] {processor.py:157} INFO - Started process (PID=1013) to work on /opt/airflow/dags/success_sensor.py
[2025-07-17T07:24:18.889+0000] {processor.py:826} INFO - Processing file /opt/airflow/dags/success_sensor.py for tasks to queue
[2025-07-17T07:24:18.890+0000] {logging_mixin.py:150} INFO - [2025-07-17T07:24:18.890+0000] {dagbag.py:541} INFO - Filling up the DagBag from /opt/airflow/dags/success_sensor.py
[2025-07-17T07:24:18.897+0000] {processor.py:836} INFO - DAG(s) dict_keys(['etl_success_sensor']) retrieved from /opt/airflow/dags/success_sensor.py
[2025-07-17T07:24:18.913+0000] {logging_mixin.py:150} INFO - [2025-07-17T07:24:18.913+0000] {dag.py:2742} INFO - Sync 1 DAGs
[2025-07-17T07:24:18.927+0000] {logging_mixin.py:150} INFO - [2025-07-17T07:24:18.927+0000] {dag.py:3508} INFO - Setting next_dagrun for etl_success_sensor to None, run_after=None
[2025-07-17T07:24:18.939+0000] {processor.py:179} INFO - Processing /opt/airflow/dags/success_sensor.py took 0.054 seconds
[2025-07-17T07:24:49.180+0000] {processor.py:157} INFO - Started process (PID=1070) to work on /opt/airflow/dags/success_sensor.py
[2025-07-17T07:24:49.183+0000] {processor.py:826} INFO - Processing file /opt/airflow/dags/success_sensor.py for tasks to queue
[2025-07-17T07:24:49.184+0000] {logging_mixin.py:150} INFO - [2025-07-17T07:24:49.184+0000] {dagbag.py:541} INFO - Filling up the DagBag from /opt/airflow/dags/success_sensor.py
[2025-07-17T07:24:49.195+0000] {processor.py:836} INFO - DAG(s) dict_keys(['etl_success_sensor']) retrieved from /opt/airflow/dags/success_sensor.py
[2025-07-17T07:24:49.210+0000] {logging_mixin.py:150} INFO - [2025-07-17T07:24:49.210+0000] {dag.py:2742} INFO - Sync 1 DAGs
[2025-07-17T07:24:49.223+0000] {logging_mixin.py:150} INFO - [2025-07-17T07:24:49.223+0000] {dag.py:3508} INFO - Setting next_dagrun for etl_success_sensor to None, run_after=None
[2025-07-17T07:24:49.234+0000] {processor.py:179} INFO - Processing /opt/airflow/dags/success_sensor.py took 0.057 seconds
[2025-07-17T07:25:19.475+0000] {processor.py:157} INFO - Started process (PID=1127) to work on /opt/airflow/dags/success_sensor.py
[2025-07-17T07:25:19.476+0000] {processor.py:826} INFO - Processing file /opt/airflow/dags/success_sensor.py for tasks to queue
[2025-07-17T07:25:19.477+0000] {logging_mixin.py:150} INFO - [2025-07-17T07:25:19.477+0000] {dagbag.py:541} INFO - Filling up the DagBag from /opt/airflow/dags/success_sensor.py
[2025-07-17T07:25:19.486+0000] {processor.py:836} INFO - DAG(s) dict_keys(['etl_success_sensor']) retrieved from /opt/airflow/dags/success_sensor.py
[2025-07-17T07:25:19.503+0000] {logging_mixin.py:150} INFO - [2025-07-17T07:25:19.503+0000] {dag.py:2742} INFO - Sync 1 DAGs
[2025-07-17T07:25:19.518+0000] {logging_mixin.py:150} INFO - [2025-07-17T07:25:19.517+0000] {dag.py:3508} INFO - Setting next_dagrun for etl_success_sensor to None, run_after=None
[2025-07-17T07:25:19.530+0000] {processor.py:179} INFO - Processing /opt/airflow/dags/success_sensor.py took 0.058 seconds
[2025-07-17T07:25:49.879+0000] {processor.py:157} INFO - Started process (PID=1175) to work on /opt/airflow/dags/success_sensor.py
[2025-07-17T07:25:49.879+0000] {processor.py:826} INFO - Processing file /opt/airflow/dags/success_sensor.py for tasks to queue
[2025-07-17T07:25:49.880+0000] {logging_mixin.py:150} INFO - [2025-07-17T07:25:49.880+0000] {dagbag.py:541} INFO - Filling up the DagBag from /opt/airflow/dags/success_sensor.py
[2025-07-17T07:25:49.892+0000] {processor.py:836} INFO - DAG(s) dict_keys(['etl_success_sensor']) retrieved from /opt/airflow/dags/success_sensor.py
[2025-07-17T07:25:49.910+0000] {logging_mixin.py:150} INFO - [2025-07-17T07:25:49.910+0000] {dag.py:2742} INFO - Sync 1 DAGs
[2025-07-17T07:25:49.926+0000] {logging_mixin.py:150} INFO - [2025-07-17T07:25:49.926+0000] {dag.py:3508} INFO - Setting next_dagrun for etl_success_sensor to None, run_after=None
[2025-07-17T07:25:49.938+0000] {processor.py:179} INFO - Processing /opt/airflow/dags/success_sensor.py took 0.062 seconds
[2025-07-17T07:26:20.241+0000] {processor.py:157} INFO - Started process (PID=1232) to work on /opt/airflow/dags/success_sensor.py
[2025-07-17T07:26:20.241+0000] {processor.py:826} INFO - Processing file /opt/airflow/dags/success_sensor.py for tasks to queue
[2025-07-17T07:26:20.242+0000] {logging_mixin.py:150} INFO - [2025-07-17T07:26:20.242+0000] {dagbag.py:541} INFO - Filling up the DagBag from /opt/airflow/dags/success_sensor.py
[2025-07-17T07:26:20.254+0000] {processor.py:836} INFO - DAG(s) dict_keys(['etl_success_sensor']) retrieved from /opt/airflow/dags/success_sensor.py
[2025-07-17T07:26:20.272+0000] {logging_mixin.py:150} INFO - [2025-07-17T07:26:20.272+0000] {dag.py:2742} INFO - Sync 1 DAGs
[2025-07-17T07:26:20.288+0000] {logging_mixin.py:150} INFO - [2025-07-17T07:26:20.288+0000] {dag.py:3508} INFO - Setting next_dagrun for etl_success_sensor to None, run_after=None
[2025-07-17T07:26:20.301+0000] {processor.py:179} INFO - Processing /opt/airflow/dags/success_sensor.py took 0.064 seconds
[2025-07-17T07:26:50.619+0000] {processor.py:157} INFO - Started process (PID=1287) to work on /opt/airflow/dags/success_sensor.py
[2025-07-17T07:26:50.619+0000] {processor.py:826} INFO - Processing file /opt/airflow/dags/success_sensor.py for tasks to queue
[2025-07-17T07:26:50.621+0000] {logging_mixin.py:150} INFO - [2025-07-17T07:26:50.620+0000] {dagbag.py:541} INFO - Filling up the DagBag from /opt/airflow/dags/success_sensor.py
[2025-07-17T07:26:50.629+0000] {processor.py:836} INFO - DAG(s) dict_keys(['etl_success_sensor']) retrieved from /opt/airflow/dags/success_sensor.py
[2025-07-17T07:26:50.648+0000] {logging_mixin.py:150} INFO - [2025-07-17T07:26:50.648+0000] {dag.py:2742} INFO - Sync 1 DAGs
[2025-07-17T07:26:50.661+0000] {logging_mixin.py:150} INFO - [2025-07-17T07:26:50.660+0000] {dag.py:3508} INFO - Setting next_dagrun for etl_success_sensor to None, run_after=None
[2025-07-17T07:26:50.673+0000] {processor.py:179} INFO - Processing /opt/airflow/dags/success_sensor.py took 0.057 seconds
[2025-07-17T07:27:20.969+0000] {processor.py:157} INFO - Started process (PID=1344) to work on /opt/airflow/dags/success_sensor.py
[2025-07-17T07:27:20.971+0000] {processor.py:826} INFO - Processing file /opt/airflow/dags/success_sensor.py for tasks to queue
[2025-07-17T07:27:20.973+0000] {logging_mixin.py:150} INFO - [2025-07-17T07:27:20.973+0000] {dagbag.py:541} INFO - Filling up the DagBag from /opt/airflow/dags/success_sensor.py
[2025-07-17T07:27:20.985+0000] {processor.py:836} INFO - DAG(s) dict_keys(['etl_success_sensor']) retrieved from /opt/airflow/dags/success_sensor.py
[2025-07-17T07:27:21.002+0000] {logging_mixin.py:150} INFO - [2025-07-17T07:27:21.001+0000] {dag.py:2742} INFO - Sync 1 DAGs
[2025-07-17T07:27:21.014+0000] {logging_mixin.py:150} INFO - [2025-07-17T07:27:21.014+0000] {dag.py:3508} INFO - Setting next_dagrun for etl_success_sensor to None, run_after=None
[2025-07-17T07:27:21.025+0000] {processor.py:179} INFO - Processing /opt/airflow/dags/success_sensor.py took 0.058 seconds
[2025-07-17T07:27:51.357+0000] {processor.py:157} INFO - Started process (PID=1401) to work on /opt/airflow/dags/success_sensor.py
[2025-07-17T07:27:51.358+0000] {processor.py:826} INFO - Processing file /opt/airflow/dags/success_sensor.py for tasks to queue
[2025-07-17T07:27:51.358+0000] {logging_mixin.py:150} INFO - [2025-07-17T07:27:51.358+0000] {dagbag.py:541} INFO - Filling up the DagBag from /opt/airflow/dags/success_sensor.py
[2025-07-17T07:27:51.367+0000] {processor.py:836} INFO - DAG(s) dict_keys(['etl_success_sensor']) retrieved from /opt/airflow/dags/success_sensor.py
[2025-07-17T07:27:51.381+0000] {logging_mixin.py:150} INFO - [2025-07-17T07:27:51.381+0000] {dag.py:2742} INFO - Sync 1 DAGs
[2025-07-17T07:27:51.399+0000] {logging_mixin.py:150} INFO - [2025-07-17T07:27:51.399+0000] {dag.py:3508} INFO - Setting next_dagrun for etl_success_sensor to None, run_after=None
[2025-07-17T07:27:51.413+0000] {processor.py:179} INFO - Processing /opt/airflow/dags/success_sensor.py took 0.057 seconds
[2025-07-17T07:28:21.734+0000] {processor.py:157} INFO - Started process (PID=1448) to work on /opt/airflow/dags/success_sensor.py
[2025-07-17T07:28:21.735+0000] {processor.py:826} INFO - Processing file /opt/airflow/dags/success_sensor.py for tasks to queue
[2025-07-17T07:28:21.736+0000] {logging_mixin.py:150} INFO - [2025-07-17T07:28:21.735+0000] {dagbag.py:541} INFO - Filling up the DagBag from /opt/airflow/dags/success_sensor.py
[2025-07-17T07:28:21.743+0000] {processor.py:836} INFO - DAG(s) dict_keys(['etl_success_sensor']) retrieved from /opt/airflow/dags/success_sensor.py
[2025-07-17T07:28:21.760+0000] {logging_mixin.py:150} INFO - [2025-07-17T07:28:21.760+0000] {dag.py:2742} INFO - Sync 1 DAGs
[2025-07-17T07:28:21.772+0000] {logging_mixin.py:150} INFO - [2025-07-17T07:28:21.772+0000] {dag.py:3508} INFO - Setting next_dagrun for etl_success_sensor to None, run_after=None
[2025-07-17T07:28:21.783+0000] {processor.py:179} INFO - Processing /opt/airflow/dags/success_sensor.py took 0.051 seconds
[2025-07-17T07:28:52.060+0000] {processor.py:157} INFO - Started process (PID=1505) to work on /opt/airflow/dags/success_sensor.py
[2025-07-17T07:28:52.060+0000] {processor.py:826} INFO - Processing file /opt/airflow/dags/success_sensor.py for tasks to queue
[2025-07-17T07:28:52.061+0000] {logging_mixin.py:150} INFO - [2025-07-17T07:28:52.061+0000] {dagbag.py:541} INFO - Filling up the DagBag from /opt/airflow/dags/success_sensor.py
[2025-07-17T07:28:52.070+0000] {processor.py:836} INFO - DAG(s) dict_keys(['etl_success_sensor']) retrieved from /opt/airflow/dags/success_sensor.py
[2025-07-17T07:28:52.087+0000] {logging_mixin.py:150} INFO - [2025-07-17T07:28:52.087+0000] {dag.py:2742} INFO - Sync 1 DAGs
[2025-07-17T07:28:52.100+0000] {logging_mixin.py:150} INFO - [2025-07-17T07:28:52.100+0000] {dag.py:3508} INFO - Setting next_dagrun for etl_success_sensor to None, run_after=None
[2025-07-17T07:28:52.112+0000] {processor.py:179} INFO - Processing /opt/airflow/dags/success_sensor.py took 0.054 seconds
[2025-07-17T07:29:22.431+0000] {processor.py:157} INFO - Started process (PID=1562) to work on /opt/airflow/dags/success_sensor.py
[2025-07-17T07:29:22.433+0000] {processor.py:826} INFO - Processing file /opt/airflow/dags/success_sensor.py for tasks to queue
[2025-07-17T07:29:22.434+0000] {logging_mixin.py:150} INFO - [2025-07-17T07:29:22.434+0000] {dagbag.py:541} INFO - Filling up the DagBag from /opt/airflow/dags/success_sensor.py
[2025-07-17T07:29:22.446+0000] {processor.py:836} INFO - DAG(s) dict_keys(['etl_success_sensor']) retrieved from /opt/airflow/dags/success_sensor.py
[2025-07-17T07:29:22.462+0000] {logging_mixin.py:150} INFO - [2025-07-17T07:29:22.462+0000] {dag.py:2742} INFO - Sync 1 DAGs
[2025-07-17T07:29:22.475+0000] {logging_mixin.py:150} INFO - [2025-07-17T07:29:22.475+0000] {dag.py:3508} INFO - Setting next_dagrun for etl_success_sensor to None, run_after=None
[2025-07-17T07:29:22.489+0000] {processor.py:179} INFO - Processing /opt/airflow/dags/success_sensor.py took 0.061 seconds
[2025-07-17T07:29:52.832+0000] {processor.py:157} INFO - Started process (PID=1619) to work on /opt/airflow/dags/success_sensor.py
[2025-07-17T07:29:52.832+0000] {processor.py:826} INFO - Processing file /opt/airflow/dags/success_sensor.py for tasks to queue
[2025-07-17T07:29:52.833+0000] {logging_mixin.py:150} INFO - [2025-07-17T07:29:52.833+0000] {dagbag.py:541} INFO - Filling up the DagBag from /opt/airflow/dags/success_sensor.py
[2025-07-17T07:29:52.839+0000] {processor.py:836} INFO - DAG(s) dict_keys(['etl_success_sensor']) retrieved from /opt/airflow/dags/success_sensor.py
[2025-07-17T07:29:52.856+0000] {logging_mixin.py:150} INFO - [2025-07-17T07:29:52.856+0000] {dag.py:2742} INFO - Sync 1 DAGs
[2025-07-17T07:29:52.872+0000] {logging_mixin.py:150} INFO - [2025-07-17T07:29:52.872+0000] {dag.py:3508} INFO - Setting next_dagrun for etl_success_sensor to None, run_after=None
[2025-07-17T07:29:52.884+0000] {processor.py:179} INFO - Processing /opt/airflow/dags/success_sensor.py took 0.054 seconds
[2025-07-17T07:30:23.252+0000] {processor.py:157} INFO - Started process (PID=1667) to work on /opt/airflow/dags/success_sensor.py
[2025-07-17T07:30:23.253+0000] {processor.py:826} INFO - Processing file /opt/airflow/dags/success_sensor.py for tasks to queue
[2025-07-17T07:30:23.254+0000] {logging_mixin.py:150} INFO - [2025-07-17T07:30:23.254+0000] {dagbag.py:541} INFO - Filling up the DagBag from /opt/airflow/dags/success_sensor.py
[2025-07-17T07:30:23.264+0000] {processor.py:836} INFO - DAG(s) dict_keys(['etl_success_sensor']) retrieved from /opt/airflow/dags/success_sensor.py
[2025-07-17T07:30:23.286+0000] {logging_mixin.py:150} INFO - [2025-07-17T07:30:23.286+0000] {dag.py:2742} INFO - Sync 1 DAGs
[2025-07-17T07:30:23.302+0000] {logging_mixin.py:150} INFO - [2025-07-17T07:30:23.302+0000] {dag.py:3508} INFO - Setting next_dagrun for etl_success_sensor to None, run_after=None
[2025-07-17T07:30:23.314+0000] {processor.py:179} INFO - Processing /opt/airflow/dags/success_sensor.py took 0.066 seconds
[2025-07-17T07:30:53.646+0000] {processor.py:157} INFO - Started process (PID=1724) to work on /opt/airflow/dags/success_sensor.py
[2025-07-17T07:30:53.646+0000] {processor.py:826} INFO - Processing file /opt/airflow/dags/success_sensor.py for tasks to queue
[2025-07-17T07:30:53.647+0000] {logging_mixin.py:150} INFO - [2025-07-17T07:30:53.647+0000] {dagbag.py:541} INFO - Filling up the DagBag from /opt/airflow/dags/success_sensor.py
[2025-07-17T07:30:53.658+0000] {processor.py:836} INFO - DAG(s) dict_keys(['etl_success_sensor']) retrieved from /opt/airflow/dags/success_sensor.py
[2025-07-17T07:30:53.675+0000] {logging_mixin.py:150} INFO - [2025-07-17T07:30:53.675+0000] {dag.py:2742} INFO - Sync 1 DAGs
[2025-07-17T07:30:53.689+0000] {logging_mixin.py:150} INFO - [2025-07-17T07:30:53.689+0000] {dag.py:3508} INFO - Setting next_dagrun for etl_success_sensor to None, run_after=None
[2025-07-17T07:30:53.703+0000] {processor.py:179} INFO - Processing /opt/airflow/dags/success_sensor.py took 0.060 seconds
[2025-07-17T07:31:24.004+0000] {processor.py:157} INFO - Started process (PID=1793) to work on /opt/airflow/dags/success_sensor.py
[2025-07-17T07:31:24.004+0000] {processor.py:826} INFO - Processing file /opt/airflow/dags/success_sensor.py for tasks to queue
[2025-07-17T07:31:24.005+0000] {logging_mixin.py:150} INFO - [2025-07-17T07:31:24.005+0000] {dagbag.py:541} INFO - Filling up the DagBag from /opt/airflow/dags/success_sensor.py
[2025-07-17T07:31:24.014+0000] {processor.py:836} INFO - DAG(s) dict_keys(['etl_success_sensor']) retrieved from /opt/airflow/dags/success_sensor.py
[2025-07-17T07:31:24.029+0000] {logging_mixin.py:150} INFO - [2025-07-17T07:31:24.028+0000] {dag.py:2742} INFO - Sync 1 DAGs
[2025-07-17T07:31:24.043+0000] {logging_mixin.py:150} INFO - [2025-07-17T07:31:24.043+0000] {dag.py:3508} INFO - Setting next_dagrun for etl_success_sensor to None, run_after=None
[2025-07-17T07:31:24.055+0000] {processor.py:179} INFO - Processing /opt/airflow/dags/success_sensor.py took 0.053 seconds
[2025-07-17T07:31:54.464+0000] {processor.py:157} INFO - Started process (PID=1859) to work on /opt/airflow/dags/success_sensor.py
[2025-07-17T07:31:54.466+0000] {processor.py:826} INFO - Processing file /opt/airflow/dags/success_sensor.py for tasks to queue
[2025-07-17T07:31:54.467+0000] {logging_mixin.py:150} INFO - [2025-07-17T07:31:54.467+0000] {dagbag.py:541} INFO - Filling up the DagBag from /opt/airflow/dags/success_sensor.py
[2025-07-17T07:31:54.479+0000] {processor.py:836} INFO - DAG(s) dict_keys(['etl_success_sensor']) retrieved from /opt/airflow/dags/success_sensor.py
[2025-07-17T07:31:54.499+0000] {logging_mixin.py:150} INFO - [2025-07-17T07:31:54.498+0000] {dag.py:2742} INFO - Sync 1 DAGs
[2025-07-17T07:31:54.516+0000] {logging_mixin.py:150} INFO - [2025-07-17T07:31:54.516+0000] {dag.py:3508} INFO - Setting next_dagrun for etl_success_sensor to None, run_after=None
[2025-07-17T07:31:54.528+0000] {processor.py:179} INFO - Processing /opt/airflow/dags/success_sensor.py took 0.067 seconds
[2025-07-17T07:32:24.843+0000] {processor.py:157} INFO - Started process (PID=1909) to work on /opt/airflow/dags/success_sensor.py
[2025-07-17T07:32:24.844+0000] {processor.py:826} INFO - Processing file /opt/airflow/dags/success_sensor.py for tasks to queue
[2025-07-17T07:32:24.845+0000] {logging_mixin.py:150} INFO - [2025-07-17T07:32:24.845+0000] {dagbag.py:541} INFO - Filling up the DagBag from /opt/airflow/dags/success_sensor.py
[2025-07-17T07:32:24.857+0000] {processor.py:836} INFO - DAG(s) dict_keys(['etl_success_sensor']) retrieved from /opt/airflow/dags/success_sensor.py
[2025-07-17T07:32:24.880+0000] {logging_mixin.py:150} INFO - [2025-07-17T07:32:24.880+0000] {dag.py:2742} INFO - Sync 1 DAGs
[2025-07-17T07:32:24.897+0000] {logging_mixin.py:150} INFO - [2025-07-17T07:32:24.897+0000] {dag.py:3508} INFO - Setting next_dagrun for etl_success_sensor to None, run_after=None
[2025-07-17T07:32:24.911+0000] {processor.py:179} INFO - Processing /opt/airflow/dags/success_sensor.py took 0.071 seconds
[2025-07-17T07:32:55.183+0000] {processor.py:157} INFO - Started process (PID=1972) to work on /opt/airflow/dags/success_sensor.py
[2025-07-17T07:32:55.186+0000] {processor.py:826} INFO - Processing file /opt/airflow/dags/success_sensor.py for tasks to queue
[2025-07-17T07:32:55.190+0000] {logging_mixin.py:150} INFO - [2025-07-17T07:32:55.189+0000] {dagbag.py:541} INFO - Filling up the DagBag from /opt/airflow/dags/success_sensor.py
[2025-07-17T07:32:55.203+0000] {processor.py:836} INFO - DAG(s) dict_keys(['etl_success_sensor']) retrieved from /opt/airflow/dags/success_sensor.py
[2025-07-17T07:32:55.223+0000] {logging_mixin.py:150} INFO - [2025-07-17T07:32:55.223+0000] {dag.py:2742} INFO - Sync 1 DAGs
[2025-07-17T07:32:55.237+0000] {logging_mixin.py:150} INFO - [2025-07-17T07:32:55.237+0000] {dag.py:3508} INFO - Setting next_dagrun for etl_success_sensor to None, run_after=None
[2025-07-17T07:32:55.247+0000] {processor.py:179} INFO - Processing /opt/airflow/dags/success_sensor.py took 0.067 seconds
[2025-07-17T07:33:25.548+0000] {processor.py:157} INFO - Started process (PID=2029) to work on /opt/airflow/dags/success_sensor.py
[2025-07-17T07:33:25.551+0000] {processor.py:826} INFO - Processing file /opt/airflow/dags/success_sensor.py for tasks to queue
[2025-07-17T07:33:25.552+0000] {logging_mixin.py:150} INFO - [2025-07-17T07:33:25.552+0000] {dagbag.py:541} INFO - Filling up the DagBag from /opt/airflow/dags/success_sensor.py
[2025-07-17T07:33:25.567+0000] {processor.py:836} INFO - DAG(s) dict_keys(['etl_success_sensor']) retrieved from /opt/airflow/dags/success_sensor.py
[2025-07-17T07:33:25.621+0000] {logging_mixin.py:150} INFO - [2025-07-17T07:33:25.621+0000] {dag.py:2742} INFO - Sync 1 DAGs
[2025-07-17T07:33:25.641+0000] {logging_mixin.py:150} INFO - [2025-07-17T07:33:25.641+0000] {dag.py:3508} INFO - Setting next_dagrun for etl_success_sensor to None, run_after=None
[2025-07-17T07:33:25.652+0000] {processor.py:179} INFO - Processing /opt/airflow/dags/success_sensor.py took 0.108 seconds
[2025-07-17T07:33:56.042+0000] {processor.py:157} INFO - Started process (PID=2103) to work on /opt/airflow/dags/success_sensor.py
[2025-07-17T07:33:56.043+0000] {processor.py:826} INFO - Processing file /opt/airflow/dags/success_sensor.py for tasks to queue
[2025-07-17T07:33:56.044+0000] {logging_mixin.py:150} INFO - [2025-07-17T07:33:56.044+0000] {dagbag.py:541} INFO - Filling up the DagBag from /opt/airflow/dags/success_sensor.py
[2025-07-17T07:33:56.053+0000] {processor.py:836} INFO - DAG(s) dict_keys(['etl_success_sensor']) retrieved from /opt/airflow/dags/success_sensor.py
[2025-07-17T07:33:56.069+0000] {logging_mixin.py:150} INFO - [2025-07-17T07:33:56.069+0000] {dag.py:2742} INFO - Sync 1 DAGs
[2025-07-17T07:33:56.084+0000] {logging_mixin.py:150} INFO - [2025-07-17T07:33:56.084+0000] {dag.py:3508} INFO - Setting next_dagrun for etl_success_sensor to None, run_after=None
[2025-07-17T07:33:56.093+0000] {processor.py:179} INFO - Processing /opt/airflow/dags/success_sensor.py took 0.054 seconds
[2025-07-17T07:34:26.385+0000] {processor.py:157} INFO - Started process (PID=2150) to work on /opt/airflow/dags/success_sensor.py
[2025-07-17T07:34:26.386+0000] {processor.py:826} INFO - Processing file /opt/airflow/dags/success_sensor.py for tasks to queue
[2025-07-17T07:34:26.387+0000] {logging_mixin.py:150} INFO - [2025-07-17T07:34:26.387+0000] {dagbag.py:541} INFO - Filling up the DagBag from /opt/airflow/dags/success_sensor.py
[2025-07-17T07:34:26.398+0000] {processor.py:836} INFO - DAG(s) dict_keys(['etl_success_sensor']) retrieved from /opt/airflow/dags/success_sensor.py
[2025-07-17T07:34:26.422+0000] {logging_mixin.py:150} INFO - [2025-07-17T07:34:26.422+0000] {dag.py:2742} INFO - Sync 1 DAGs
[2025-07-17T07:34:26.441+0000] {logging_mixin.py:150} INFO - [2025-07-17T07:34:26.440+0000] {dag.py:3508} INFO - Setting next_dagrun for etl_success_sensor to None, run_after=None
[2025-07-17T07:34:26.458+0000] {processor.py:179} INFO - Processing /opt/airflow/dags/success_sensor.py took 0.075 seconds
[2025-07-17T07:34:56.707+0000] {processor.py:157} INFO - Started process (PID=2215) to work on /opt/airflow/dags/success_sensor.py
[2025-07-17T07:34:56.708+0000] {processor.py:826} INFO - Processing file /opt/airflow/dags/success_sensor.py for tasks to queue
[2025-07-17T07:34:56.708+0000] {logging_mixin.py:150} INFO - [2025-07-17T07:34:56.708+0000] {dagbag.py:541} INFO - Filling up the DagBag from /opt/airflow/dags/success_sensor.py
[2025-07-17T07:34:56.718+0000] {processor.py:836} INFO - DAG(s) dict_keys(['etl_success_sensor']) retrieved from /opt/airflow/dags/success_sensor.py
[2025-07-17T07:34:56.734+0000] {logging_mixin.py:150} INFO - [2025-07-17T07:34:56.734+0000] {dag.py:2742} INFO - Sync 1 DAGs
[2025-07-17T07:34:56.749+0000] {logging_mixin.py:150} INFO - [2025-07-17T07:34:56.749+0000] {dag.py:3508} INFO - Setting next_dagrun for etl_success_sensor to None, run_after=None
[2025-07-17T07:34:56.758+0000] {processor.py:179} INFO - Processing /opt/airflow/dags/success_sensor.py took 0.055 seconds
[2025-07-17T07:35:27.074+0000] {processor.py:157} INFO - Started process (PID=2271) to work on /opt/airflow/dags/success_sensor.py
[2025-07-17T07:35:27.077+0000] {processor.py:826} INFO - Processing file /opt/airflow/dags/success_sensor.py for tasks to queue
[2025-07-17T07:35:27.077+0000] {logging_mixin.py:150} INFO - [2025-07-17T07:35:27.077+0000] {dagbag.py:541} INFO - Filling up the DagBag from /opt/airflow/dags/success_sensor.py
[2025-07-17T07:35:27.087+0000] {processor.py:836} INFO - DAG(s) dict_keys(['etl_success_sensor']) retrieved from /opt/airflow/dags/success_sensor.py
[2025-07-17T07:35:27.102+0000] {logging_mixin.py:150} INFO - [2025-07-17T07:35:27.102+0000] {dag.py:2742} INFO - Sync 1 DAGs
[2025-07-17T07:35:27.120+0000] {logging_mixin.py:150} INFO - [2025-07-17T07:35:27.120+0000] {dag.py:3508} INFO - Setting next_dagrun for etl_success_sensor to None, run_after=None
[2025-07-17T07:35:27.132+0000] {processor.py:179} INFO - Processing /opt/airflow/dags/success_sensor.py took 0.062 seconds
[2025-07-17T07:35:57.469+0000] {processor.py:157} INFO - Started process (PID=2340) to work on /opt/airflow/dags/success_sensor.py
[2025-07-17T07:35:57.470+0000] {processor.py:826} INFO - Processing file /opt/airflow/dags/success_sensor.py for tasks to queue
[2025-07-17T07:35:57.471+0000] {logging_mixin.py:150} INFO - [2025-07-17T07:35:57.471+0000] {dagbag.py:541} INFO - Filling up the DagBag from /opt/airflow/dags/success_sensor.py
[2025-07-17T07:35:57.481+0000] {processor.py:836} INFO - DAG(s) dict_keys(['etl_success_sensor']) retrieved from /opt/airflow/dags/success_sensor.py
[2025-07-17T07:35:57.499+0000] {logging_mixin.py:150} INFO - [2025-07-17T07:35:57.499+0000] {dag.py:2742} INFO - Sync 1 DAGs
[2025-07-17T07:35:57.514+0000] {logging_mixin.py:150} INFO - [2025-07-17T07:35:57.514+0000] {dag.py:3508} INFO - Setting next_dagrun for etl_success_sensor to None, run_after=None
[2025-07-17T07:35:57.526+0000] {processor.py:179} INFO - Processing /opt/airflow/dags/success_sensor.py took 0.060 seconds
[2025-07-17T07:36:27.899+0000] {processor.py:157} INFO - Started process (PID=2392) to work on /opt/airflow/dags/success_sensor.py
[2025-07-17T07:36:27.900+0000] {processor.py:826} INFO - Processing file /opt/airflow/dags/success_sensor.py for tasks to queue
[2025-07-17T07:36:27.900+0000] {logging_mixin.py:150} INFO - [2025-07-17T07:36:27.900+0000] {dagbag.py:541} INFO - Filling up the DagBag from /opt/airflow/dags/success_sensor.py
[2025-07-17T07:36:27.914+0000] {processor.py:836} INFO - DAG(s) dict_keys(['etl_success_sensor']) retrieved from /opt/airflow/dags/success_sensor.py
[2025-07-17T07:36:27.930+0000] {logging_mixin.py:150} INFO - [2025-07-17T07:36:27.930+0000] {dag.py:2742} INFO - Sync 1 DAGs
[2025-07-17T07:36:27.944+0000] {logging_mixin.py:150} INFO - [2025-07-17T07:36:27.944+0000] {dag.py:3508} INFO - Setting next_dagrun for etl_success_sensor to None, run_after=None
[2025-07-17T07:36:27.955+0000] {processor.py:179} INFO - Processing /opt/airflow/dags/success_sensor.py took 0.059 seconds
[2025-07-17T07:36:58.251+0000] {processor.py:157} INFO - Started process (PID=2453) to work on /opt/airflow/dags/success_sensor.py
[2025-07-17T07:36:58.252+0000] {processor.py:826} INFO - Processing file /opt/airflow/dags/success_sensor.py for tasks to queue
[2025-07-17T07:36:58.253+0000] {logging_mixin.py:150} INFO - [2025-07-17T07:36:58.252+0000] {dagbag.py:541} INFO - Filling up the DagBag from /opt/airflow/dags/success_sensor.py
[2025-07-17T07:36:58.267+0000] {processor.py:836} INFO - DAG(s) dict_keys(['etl_success_sensor']) retrieved from /opt/airflow/dags/success_sensor.py
[2025-07-17T07:36:58.285+0000] {logging_mixin.py:150} INFO - [2025-07-17T07:36:58.285+0000] {dag.py:2742} INFO - Sync 1 DAGs
[2025-07-17T07:36:58.298+0000] {logging_mixin.py:150} INFO - [2025-07-17T07:36:58.298+0000] {dag.py:3508} INFO - Setting next_dagrun for etl_success_sensor to None, run_after=None
[2025-07-17T07:36:58.307+0000] {processor.py:179} INFO - Processing /opt/airflow/dags/success_sensor.py took 0.058 seconds
[2025-07-17T07:37:28.549+0000] {processor.py:157} INFO - Started process (PID=2518) to work on /opt/airflow/dags/success_sensor.py
[2025-07-17T07:37:28.551+0000] {processor.py:826} INFO - Processing file /opt/airflow/dags/success_sensor.py for tasks to queue
[2025-07-17T07:37:28.552+0000] {logging_mixin.py:150} INFO - [2025-07-17T07:37:28.552+0000] {dagbag.py:541} INFO - Filling up the DagBag from /opt/airflow/dags/success_sensor.py
[2025-07-17T07:37:28.562+0000] {processor.py:836} INFO - DAG(s) dict_keys(['etl_success_sensor']) retrieved from /opt/airflow/dags/success_sensor.py
[2025-07-17T07:37:28.581+0000] {logging_mixin.py:150} INFO - [2025-07-17T07:37:28.581+0000] {dag.py:2742} INFO - Sync 1 DAGs
[2025-07-17T07:37:28.594+0000] {logging_mixin.py:150} INFO - [2025-07-17T07:37:28.594+0000] {dag.py:3508} INFO - Setting next_dagrun for etl_success_sensor to None, run_after=None
[2025-07-17T07:37:28.603+0000] {processor.py:179} INFO - Processing /opt/airflow/dags/success_sensor.py took 0.057 seconds
[2025-07-17T07:37:58.889+0000] {processor.py:157} INFO - Started process (PID=2577) to work on /opt/airflow/dags/success_sensor.py
[2025-07-17T07:37:58.891+0000] {processor.py:826} INFO - Processing file /opt/airflow/dags/success_sensor.py for tasks to queue
[2025-07-17T07:37:58.892+0000] {logging_mixin.py:150} INFO - [2025-07-17T07:37:58.892+0000] {dagbag.py:541} INFO - Filling up the DagBag from /opt/airflow/dags/success_sensor.py
[2025-07-17T07:37:58.903+0000] {processor.py:836} INFO - DAG(s) dict_keys(['etl_success_sensor']) retrieved from /opt/airflow/dags/success_sensor.py
[2025-07-17T07:37:58.919+0000] {logging_mixin.py:150} INFO - [2025-07-17T07:37:58.919+0000] {dag.py:2742} INFO - Sync 1 DAGs
[2025-07-17T07:37:58.932+0000] {logging_mixin.py:150} INFO - [2025-07-17T07:37:58.932+0000] {dag.py:3508} INFO - Setting next_dagrun for etl_success_sensor to None, run_after=None
[2025-07-17T07:37:58.944+0000] {processor.py:179} INFO - Processing /opt/airflow/dags/success_sensor.py took 0.058 seconds
[2025-07-17T07:38:29.288+0000] {processor.py:157} INFO - Started process (PID=2633) to work on /opt/airflow/dags/success_sensor.py
[2025-07-17T07:38:29.291+0000] {processor.py:826} INFO - Processing file /opt/airflow/dags/success_sensor.py for tasks to queue
[2025-07-17T07:38:29.292+0000] {logging_mixin.py:150} INFO - [2025-07-17T07:38:29.292+0000] {dagbag.py:541} INFO - Filling up the DagBag from /opt/airflow/dags/success_sensor.py
[2025-07-17T07:38:29.303+0000] {processor.py:836} INFO - DAG(s) dict_keys(['etl_success_sensor']) retrieved from /opt/airflow/dags/success_sensor.py
[2025-07-17T07:38:29.317+0000] {logging_mixin.py:150} INFO - [2025-07-17T07:38:29.317+0000] {dag.py:2742} INFO - Sync 1 DAGs
[2025-07-17T07:38:29.335+0000] {logging_mixin.py:150} INFO - [2025-07-17T07:38:29.335+0000] {dag.py:3508} INFO - Setting next_dagrun for etl_success_sensor to None, run_after=None
[2025-07-17T07:38:29.347+0000] {processor.py:179} INFO - Processing /opt/airflow/dags/success_sensor.py took 0.061 seconds
[2025-07-17T07:38:59.688+0000] {processor.py:157} INFO - Started process (PID=2690) to work on /opt/airflow/dags/success_sensor.py
[2025-07-17T07:38:59.689+0000] {processor.py:826} INFO - Processing file /opt/airflow/dags/success_sensor.py for tasks to queue
[2025-07-17T07:38:59.690+0000] {logging_mixin.py:150} INFO - [2025-07-17T07:38:59.690+0000] {dagbag.py:541} INFO - Filling up the DagBag from /opt/airflow/dags/success_sensor.py
[2025-07-17T07:38:59.701+0000] {processor.py:836} INFO - DAG(s) dict_keys(['etl_success_sensor']) retrieved from /opt/airflow/dags/success_sensor.py
[2025-07-17T07:38:59.725+0000] {logging_mixin.py:150} INFO - [2025-07-17T07:38:59.725+0000] {dag.py:2742} INFO - Sync 1 DAGs
[2025-07-17T07:38:59.739+0000] {logging_mixin.py:150} INFO - [2025-07-17T07:38:59.739+0000] {dag.py:3508} INFO - Setting next_dagrun for etl_success_sensor to None, run_after=None
[2025-07-17T07:38:59.753+0000] {processor.py:179} INFO - Processing /opt/airflow/dags/success_sensor.py took 0.068 seconds
[2025-07-17T07:39:30.048+0000] {processor.py:157} INFO - Started process (PID=2757) to work on /opt/airflow/dags/success_sensor.py
[2025-07-17T07:39:30.048+0000] {processor.py:826} INFO - Processing file /opt/airflow/dags/success_sensor.py for tasks to queue
[2025-07-17T07:39:30.049+0000] {logging_mixin.py:150} INFO - [2025-07-17T07:39:30.049+0000] {dagbag.py:541} INFO - Filling up the DagBag from /opt/airflow/dags/success_sensor.py
[2025-07-17T07:39:30.058+0000] {processor.py:836} INFO - DAG(s) dict_keys(['etl_success_sensor']) retrieved from /opt/airflow/dags/success_sensor.py
[2025-07-17T07:39:30.079+0000] {logging_mixin.py:150} INFO - [2025-07-17T07:39:30.078+0000] {dag.py:2742} INFO - Sync 1 DAGs
[2025-07-17T07:39:30.094+0000] {logging_mixin.py:150} INFO - [2025-07-17T07:39:30.094+0000] {dag.py:3508} INFO - Setting next_dagrun for etl_success_sensor to None, run_after=None
[2025-07-17T07:39:30.108+0000] {processor.py:179} INFO - Processing /opt/airflow/dags/success_sensor.py took 0.062 seconds
[2025-07-17T07:40:00.454+0000] {processor.py:157} INFO - Started process (PID=2814) to work on /opt/airflow/dags/success_sensor.py
[2025-07-17T07:40:00.454+0000] {processor.py:826} INFO - Processing file /opt/airflow/dags/success_sensor.py for tasks to queue
[2025-07-17T07:40:00.455+0000] {logging_mixin.py:150} INFO - [2025-07-17T07:40:00.455+0000] {dagbag.py:541} INFO - Filling up the DagBag from /opt/airflow/dags/success_sensor.py
[2025-07-17T07:40:00.466+0000] {processor.py:836} INFO - DAG(s) dict_keys(['etl_success_sensor']) retrieved from /opt/airflow/dags/success_sensor.py
[2025-07-17T07:40:00.485+0000] {logging_mixin.py:150} INFO - [2025-07-17T07:40:00.485+0000] {dag.py:2742} INFO - Sync 1 DAGs
[2025-07-17T07:40:00.499+0000] {logging_mixin.py:150} INFO - [2025-07-17T07:40:00.499+0000] {dag.py:3508} INFO - Setting next_dagrun for etl_success_sensor to None, run_after=None
[2025-07-17T07:40:00.512+0000] {processor.py:179} INFO - Processing /opt/airflow/dags/success_sensor.py took 0.062 seconds
[2025-07-17T07:40:30.893+0000] {processor.py:157} INFO - Started process (PID=2870) to work on /opt/airflow/dags/success_sensor.py
[2025-07-17T07:40:30.895+0000] {processor.py:826} INFO - Processing file /opt/airflow/dags/success_sensor.py for tasks to queue
[2025-07-17T07:40:30.896+0000] {logging_mixin.py:150} INFO - [2025-07-17T07:40:30.896+0000] {dagbag.py:541} INFO - Filling up the DagBag from /opt/airflow/dags/success_sensor.py
[2025-07-17T07:40:30.907+0000] {processor.py:836} INFO - DAG(s) dict_keys(['etl_success_sensor']) retrieved from /opt/airflow/dags/success_sensor.py
[2025-07-17T07:40:30.925+0000] {logging_mixin.py:150} INFO - [2025-07-17T07:40:30.925+0000] {dag.py:2742} INFO - Sync 1 DAGs
[2025-07-17T07:40:30.939+0000] {logging_mixin.py:150} INFO - [2025-07-17T07:40:30.939+0000] {dag.py:3508} INFO - Setting next_dagrun for etl_success_sensor to None, run_after=None
[2025-07-17T07:40:30.953+0000] {processor.py:179} INFO - Processing /opt/airflow/dags/success_sensor.py took 0.063 seconds
[2025-07-17T07:41:01.297+0000] {processor.py:157} INFO - Started process (PID=2927) to work on /opt/airflow/dags/success_sensor.py
[2025-07-17T07:41:01.298+0000] {processor.py:826} INFO - Processing file /opt/airflow/dags/success_sensor.py for tasks to queue
[2025-07-17T07:41:01.299+0000] {logging_mixin.py:150} INFO - [2025-07-17T07:41:01.298+0000] {dagbag.py:541} INFO - Filling up the DagBag from /opt/airflow/dags/success_sensor.py
[2025-07-17T07:41:01.310+0000] {processor.py:836} INFO - DAG(s) dict_keys(['etl_success_sensor']) retrieved from /opt/airflow/dags/success_sensor.py
[2025-07-17T07:41:01.331+0000] {logging_mixin.py:150} INFO - [2025-07-17T07:41:01.331+0000] {dag.py:2742} INFO - Sync 1 DAGs
[2025-07-17T07:41:01.346+0000] {logging_mixin.py:150} INFO - [2025-07-17T07:41:01.345+0000] {dag.py:3508} INFO - Setting next_dagrun for etl_success_sensor to None, run_after=None
[2025-07-17T07:41:01.354+0000] {processor.py:179} INFO - Processing /opt/airflow/dags/success_sensor.py took 0.061 seconds
