[2025-07-17T07:16:46.139+0000] {processor.py:157} INFO - Started process (PID=180) to work on /opt/airflow/dags/uploader_dag.py
[2025-07-17T07:16:46.139+0000] {processor.py:826} INFO - Processing file /opt/airflow/dags/uploader_dag.py for tasks to queue
[2025-07-17T07:16:46.140+0000] {logging_mixin.py:150} INFO - [2025-07-17T07:16:46.139+0000] {dagbag.py:541} INFO - Filling up the DagBag from /opt/airflow/dags/uploader_dag.py
[2025-07-17T07:16:46.146+0000] {processor.py:836} INFO - DAG(s) dict_keys(['uploader_dag']) retrieved from /opt/airflow/dags/uploader_dag.py
[2025-07-17T07:16:46.152+0000] {logging_mixin.py:150} INFO - [2025-07-17T07:16:46.152+0000] {dag.py:2742} INFO - Sync 1 DAGs
[2025-07-17T07:16:46.165+0000] {logging_mixin.py:150} INFO - [2025-07-17T07:16:46.165+0000] {dag.py:3508} INFO - Setting next_dagrun for uploader_dag to None, run_after=None
[2025-07-17T07:16:46.174+0000] {processor.py:179} INFO - Processing /opt/airflow/dags/uploader_dag.py took 0.037 seconds
[2025-07-17T07:17:16.597+0000] {processor.py:157} INFO - Started process (PID=240) to work on /opt/airflow/dags/uploader_dag.py
[2025-07-17T07:17:16.598+0000] {processor.py:826} INFO - Processing file /opt/airflow/dags/uploader_dag.py for tasks to queue
[2025-07-17T07:17:16.598+0000] {logging_mixin.py:150} INFO - [2025-07-17T07:17:16.598+0000] {dagbag.py:541} INFO - Filling up the DagBag from /opt/airflow/dags/uploader_dag.py
[2025-07-17T07:17:16.604+0000] {processor.py:836} INFO - DAG(s) dict_keys(['uploader_dag']) retrieved from /opt/airflow/dags/uploader_dag.py
[2025-07-17T07:17:16.618+0000] {logging_mixin.py:150} INFO - [2025-07-17T07:17:16.618+0000] {dag.py:2742} INFO - Sync 1 DAGs
[2025-07-17T07:17:16.632+0000] {logging_mixin.py:150} INFO - [2025-07-17T07:17:16.632+0000] {dag.py:3508} INFO - Setting next_dagrun for uploader_dag to None, run_after=None
[2025-07-17T07:17:16.644+0000] {processor.py:179} INFO - Processing /opt/airflow/dags/uploader_dag.py took 0.048 seconds
[2025-07-17T07:17:47.094+0000] {processor.py:157} INFO - Started process (PID=302) to work on /opt/airflow/dags/uploader_dag.py
[2025-07-17T07:17:47.095+0000] {processor.py:826} INFO - Processing file /opt/airflow/dags/uploader_dag.py for tasks to queue
[2025-07-17T07:17:47.095+0000] {logging_mixin.py:150} INFO - [2025-07-17T07:17:47.095+0000] {dagbag.py:541} INFO - Filling up the DagBag from /opt/airflow/dags/uploader_dag.py
[2025-07-17T07:17:47.100+0000] {processor.py:836} INFO - DAG(s) dict_keys(['uploader_dag']) retrieved from /opt/airflow/dags/uploader_dag.py
[2025-07-17T07:17:47.111+0000] {logging_mixin.py:150} INFO - [2025-07-17T07:17:47.111+0000] {dag.py:2742} INFO - Sync 1 DAGs
[2025-07-17T07:17:47.124+0000] {logging_mixin.py:150} INFO - [2025-07-17T07:17:47.123+0000] {dag.py:3508} INFO - Setting next_dagrun for uploader_dag to None, run_after=None
[2025-07-17T07:17:47.134+0000] {processor.py:179} INFO - Processing /opt/airflow/dags/uploader_dag.py took 0.041 seconds
[2025-07-17T07:18:17.596+0000] {processor.py:157} INFO - Started process (PID=355) to work on /opt/airflow/dags/uploader_dag.py
[2025-07-17T07:18:17.596+0000] {processor.py:826} INFO - Processing file /opt/airflow/dags/uploader_dag.py for tasks to queue
[2025-07-17T07:18:17.596+0000] {logging_mixin.py:150} INFO - [2025-07-17T07:18:17.596+0000] {dagbag.py:541} INFO - Filling up the DagBag from /opt/airflow/dags/uploader_dag.py
[2025-07-17T07:18:17.602+0000] {processor.py:836} INFO - DAG(s) dict_keys(['uploader_dag']) retrieved from /opt/airflow/dags/uploader_dag.py
[2025-07-17T07:18:17.615+0000] {logging_mixin.py:150} INFO - [2025-07-17T07:18:17.615+0000] {dag.py:2742} INFO - Sync 1 DAGs
[2025-07-17T07:18:17.630+0000] {logging_mixin.py:150} INFO - [2025-07-17T07:18:17.630+0000] {dag.py:3508} INFO - Setting next_dagrun for uploader_dag to None, run_after=None
[2025-07-17T07:18:17.642+0000] {processor.py:179} INFO - Processing /opt/airflow/dags/uploader_dag.py took 0.047 seconds
[2025-07-17T07:18:48.042+0000] {processor.py:157} INFO - Started process (PID=421) to work on /opt/airflow/dags/uploader_dag.py
[2025-07-17T07:18:48.043+0000] {processor.py:826} INFO - Processing file /opt/airflow/dags/uploader_dag.py for tasks to queue
[2025-07-17T07:18:48.043+0000] {logging_mixin.py:150} INFO - [2025-07-17T07:18:48.043+0000] {dagbag.py:541} INFO - Filling up the DagBag from /opt/airflow/dags/uploader_dag.py
[2025-07-17T07:18:48.053+0000] {processor.py:836} INFO - DAG(s) dict_keys(['uploader_dag']) retrieved from /opt/airflow/dags/uploader_dag.py
[2025-07-17T07:18:48.109+0000] {logging_mixin.py:150} INFO - [2025-07-17T07:18:48.109+0000] {dag.py:2742} INFO - Sync 1 DAGs
[2025-07-17T07:18:48.186+0000] {logging_mixin.py:150} INFO - [2025-07-17T07:18:48.186+0000] {dag.py:2763} INFO - Creating ORM DAG for uploader_dag
[2025-07-17T07:18:48.191+0000] {logging_mixin.py:150} INFO - [2025-07-17T07:18:48.191+0000] {dag.py:3508} INFO - Setting next_dagrun for uploader_dag to None, run_after=None
[2025-07-17T07:18:48.204+0000] {processor.py:179} INFO - Processing /opt/airflow/dags/uploader_dag.py took 0.163 seconds
[2025-07-17T07:19:18.587+0000] {processor.py:157} INFO - Started process (PID=482) to work on /opt/airflow/dags/uploader_dag.py
[2025-07-17T07:19:18.588+0000] {processor.py:826} INFO - Processing file /opt/airflow/dags/uploader_dag.py for tasks to queue
[2025-07-17T07:19:18.588+0000] {logging_mixin.py:150} INFO - [2025-07-17T07:19:18.588+0000] {dagbag.py:541} INFO - Filling up the DagBag from /opt/airflow/dags/uploader_dag.py
[2025-07-17T07:19:18.594+0000] {processor.py:836} INFO - DAG(s) dict_keys(['uploader_dag']) retrieved from /opt/airflow/dags/uploader_dag.py
[2025-07-17T07:19:18.606+0000] {logging_mixin.py:150} INFO - [2025-07-17T07:19:18.606+0000] {dag.py:2742} INFO - Sync 1 DAGs
[2025-07-17T07:19:18.619+0000] {logging_mixin.py:150} INFO - [2025-07-17T07:19:18.619+0000] {dag.py:3508} INFO - Setting next_dagrun for uploader_dag to None, run_after=None
[2025-07-17T07:19:18.628+0000] {processor.py:179} INFO - Processing /opt/airflow/dags/uploader_dag.py took 0.042 seconds
[2025-07-17T07:19:49.061+0000] {processor.py:157} INFO - Started process (PID=544) to work on /opt/airflow/dags/uploader_dag.py
[2025-07-17T07:19:49.062+0000] {processor.py:826} INFO - Processing file /opt/airflow/dags/uploader_dag.py for tasks to queue
[2025-07-17T07:19:49.062+0000] {logging_mixin.py:150} INFO - [2025-07-17T07:19:49.062+0000] {dagbag.py:541} INFO - Filling up the DagBag from /opt/airflow/dags/uploader_dag.py
[2025-07-17T07:19:49.068+0000] {processor.py:836} INFO - DAG(s) dict_keys(['uploader_dag']) retrieved from /opt/airflow/dags/uploader_dag.py
[2025-07-17T07:19:49.080+0000] {logging_mixin.py:150} INFO - [2025-07-17T07:19:49.080+0000] {dag.py:2742} INFO - Sync 1 DAGs
[2025-07-17T07:19:49.092+0000] {logging_mixin.py:150} INFO - [2025-07-17T07:19:49.092+0000] {dag.py:3508} INFO - Setting next_dagrun for uploader_dag to None, run_after=None
[2025-07-17T07:19:49.101+0000] {processor.py:179} INFO - Processing /opt/airflow/dags/uploader_dag.py took 0.041 seconds
[2025-07-17T07:20:19.552+0000] {processor.py:157} INFO - Started process (PID=605) to work on /opt/airflow/dags/uploader_dag.py
[2025-07-17T07:20:19.553+0000] {processor.py:826} INFO - Processing file /opt/airflow/dags/uploader_dag.py for tasks to queue
[2025-07-17T07:20:19.553+0000] {logging_mixin.py:150} INFO - [2025-07-17T07:20:19.553+0000] {dagbag.py:541} INFO - Filling up the DagBag from /opt/airflow/dags/uploader_dag.py
[2025-07-17T07:20:19.559+0000] {processor.py:836} INFO - DAG(s) dict_keys(['uploader_dag']) retrieved from /opt/airflow/dags/uploader_dag.py
[2025-07-17T07:20:19.575+0000] {logging_mixin.py:150} INFO - [2025-07-17T07:20:19.575+0000] {dag.py:2742} INFO - Sync 1 DAGs
[2025-07-17T07:20:19.588+0000] {logging_mixin.py:150} INFO - [2025-07-17T07:20:19.588+0000] {dag.py:3508} INFO - Setting next_dagrun for uploader_dag to None, run_after=None
[2025-07-17T07:20:19.610+0000] {processor.py:179} INFO - Processing /opt/airflow/dags/uploader_dag.py took 0.060 seconds
[2025-07-17T07:20:50.102+0000] {processor.py:157} INFO - Started process (PID=653) to work on /opt/airflow/dags/uploader_dag.py
[2025-07-17T07:20:50.105+0000] {processor.py:826} INFO - Processing file /opt/airflow/dags/uploader_dag.py for tasks to queue
[2025-07-17T07:20:50.106+0000] {logging_mixin.py:150} INFO - [2025-07-17T07:20:50.106+0000] {dagbag.py:541} INFO - Filling up the DagBag from /opt/airflow/dags/uploader_dag.py
[2025-07-17T07:20:50.116+0000] {processor.py:836} INFO - DAG(s) dict_keys(['uploader_dag']) retrieved from /opt/airflow/dags/uploader_dag.py
[2025-07-17T07:20:50.133+0000] {logging_mixin.py:150} INFO - [2025-07-17T07:20:50.133+0000] {dag.py:2742} INFO - Sync 1 DAGs
[2025-07-17T07:20:50.148+0000] {logging_mixin.py:150} INFO - [2025-07-17T07:20:50.148+0000] {dag.py:3508} INFO - Setting next_dagrun for uploader_dag to None, run_after=None
[2025-07-17T07:20:50.218+0000] {processor.py:179} INFO - Processing /opt/airflow/dags/uploader_dag.py took 0.119 seconds
