[2025-07-16T09:10:40.905+0000] {taskinstance.py:1103} INFO - Dependencies all met for dep_context=non-requeueable deps ti=<TaskInstance: dbt_build_monolith.fail_task scheduled__2025-07-16T09:07:26.837335+00:00 [queued]>
[2025-07-16T09:10:40.909+0000] {taskinstance.py:1103} INFO - Dependencies all met for dep_context=requeueable deps ti=<TaskInstance: dbt_build_monolith.fail_task scheduled__2025-07-16T09:07:26.837335+00:00 [queued]>
[2025-07-16T09:10:40.910+0000] {taskinstance.py:1308} INFO - Starting attempt 1 of 1
[2025-07-16T09:10:40.916+0000] {taskinstance.py:1327} INFO - Executing <Task(PythonOperator): fail_task> on 2025-07-16 09:07:26.837335+00:00
[2025-07-16T09:10:40.917+0000] {standard_task_runner.py:57} INFO - Started process 2307 to run task
[2025-07-16T09:10:40.919+0000] {standard_task_runner.py:84} INFO - Running: ['***', 'tasks', 'run', 'dbt_build_monolith', 'fail_task', 'scheduled__2025-07-16T09:07:26.837335+00:00', '--job-id', '101', '--raw', '--subdir', 'DAGS_FOLDER/dbt_build_monolith.py', '--cfg-path', '/tmp/tmpwcugkp19']
[2025-07-16T09:10:40.920+0000] {standard_task_runner.py:85} INFO - Job 101: Subtask fail_task
[2025-07-16T09:10:40.938+0000] {task_command.py:410} INFO - Running <TaskInstance: dbt_build_monolith.fail_task scheduled__2025-07-16T09:07:26.837335+00:00 [running]> on host 0f12c04aebf5
[2025-07-16T09:10:40.974+0000] {taskinstance.py:1547} INFO - Exporting env vars: AIRFLOW_CTX_DAG_OWNER='***' AIRFLOW_CTX_DAG_ID='dbt_build_monolith' AIRFLOW_CTX_TASK_ID='fail_task' AIRFLOW_CTX_EXECUTION_DATE='2025-07-16T09:07:26.837335+00:00' AIRFLOW_CTX_TRY_NUMBER='1' AIRFLOW_CTX_DAG_RUN_ID='scheduled__2025-07-16T09:07:26.837335+00:00'
[2025-07-16T09:10:40.975+0000] {logging_mixin.py:150} INFO - Executing fail task - Failure path
[2025-07-16T09:10:40.975+0000] {logging_mixin.py:150} INFO - Current time: 2025-07-16 09:10:40.975324
[2025-07-16T09:10:40.975+0000] {taskinstance.py:1824} ERROR - Task failed with exception
Traceback (most recent call last):
  File "/home/airflow/.local/lib/python3.7/site-packages/airflow/operators/python.py", line 181, in execute
    return_value = self.execute_callable()
  File "/home/airflow/.local/lib/python3.7/site-packages/airflow/operators/python.py", line 198, in execute_callable
    return self.python_callable(*self.op_args, **self.op_kwargs)
  File "/opt/airflow/dags/dbt_build_monolith.py", line 55, in fail_task
    raise ValueError("This task is designed to fail on even minutes")
ValueError: This task is designed to fail on even minutes
[2025-07-16T09:10:40.978+0000] {taskinstance.py:1350} INFO - Marking task as FAILED. dag_id=dbt_build_monolith, task_id=fail_task, execution_date=20250716T090726, start_date=20250716T091040, end_date=20250716T091040
[2025-07-16T09:10:40.982+0000] {standard_task_runner.py:109} ERROR - Failed to execute job 101 for task fail_task (This task is designed to fail on even minutes; 2307)
[2025-07-16T09:10:41.016+0000] {local_task_job_runner.py:225} INFO - Task exited with return code 1
[2025-07-16T09:10:41.025+0000] {taskinstance.py:2653} INFO - 0 downstream tasks scheduled from follow-on schedule check
