[2025-07-16T09:06:20.765+0000] {taskinstance.py:1103} INFO - Dependencies all met for dep_context=non-requeueable deps ti=<TaskInstance: uploader_dag.upload_task manual__2025-07-16T09:05:32.763733+00:00 [queued]>
[2025-07-16T09:06:20.769+0000] {taskinstance.py:1103} INFO - Dependencies all met for dep_context=requeueable deps ti=<TaskInstance: uploader_dag.upload_task manual__2025-07-16T09:05:32.763733+00:00 [queued]>
[2025-07-16T09:06:20.769+0000] {taskinstance.py:1308} INFO - Starting attempt 2 of 3
[2025-07-16T09:06:20.775+0000] {taskinstance.py:1327} INFO - Executing <Task(PythonOperator): upload_task> on 2025-07-16 09:05:32.763733+00:00
[2025-07-16T09:06:20.776+0000] {standard_task_runner.py:57} INFO - Started process 1782 to run task
[2025-07-16T09:06:20.778+0000] {standard_task_runner.py:84} INFO - Running: ['***', 'tasks', 'run', 'uploader_dag', 'upload_task', 'manual__2025-07-16T09:05:32.763733+00:00', '--job-id', '84', '--raw', '--subdir', 'DAGS_FOLDER/uploader_dag.py', '--cfg-path', '/tmp/tmp4eowvn_j']
[2025-07-16T09:06:20.780+0000] {standard_task_runner.py:85} INFO - Job 84: Subtask upload_task
[2025-07-16T09:06:20.800+0000] {task_command.py:410} INFO - Running <TaskInstance: uploader_dag.upload_task manual__2025-07-16T09:05:32.763733+00:00 [running]> on host 0f12c04aebf5
[2025-07-16T09:06:20.834+0000] {taskinstance.py:1547} INFO - Exporting env vars: AIRFLOW_CTX_DAG_OWNER='***' AIRFLOW_CTX_DAG_ID='uploader_dag' AIRFLOW_CTX_TASK_ID='upload_task' AIRFLOW_CTX_EXECUTION_DATE='2025-07-16T09:05:32.763733+00:00' AIRFLOW_CTX_TRY_NUMBER='2' AIRFLOW_CTX_DAG_RUN_ID='manual__2025-07-16T09:05:32.763733+00:00'
[2025-07-16T09:06:20.836+0000] {taskinstance.py:1824} ERROR - Task failed with exception
Traceback (most recent call last):
  File "/home/airflow/.local/lib/python3.7/site-packages/airflow/operators/python.py", line 181, in execute
    return_value = self.execute_callable()
  File "/home/airflow/.local/lib/python3.7/site-packages/airflow/operators/python.py", line 198, in execute_callable
    return self.python_callable(*self.op_args, **self.op_kwargs)
  File "/opt/airflow/dags/uploader_dag.py", line 35, in upload_artifacts
    current_time = datetime.now(tz=timezone.utc)
AttributeError: 'function' object has no attribute 'utc'
[2025-07-16T09:06:20.840+0000] {taskinstance.py:1350} INFO - Marking task as UP_FOR_RETRY. dag_id=uploader_dag, task_id=upload_task, execution_date=20250716T090532, start_date=20250716T090620, end_date=20250716T090620
[2025-07-16T09:06:20.844+0000] {standard_task_runner.py:109} ERROR - Failed to execute job 84 for task upload_task ('function' object has no attribute 'utc'; 1782)
[2025-07-16T09:06:20.875+0000] {local_task_job_runner.py:225} INFO - Task exited with return code 1
[2025-07-16T09:06:20.884+0000] {taskinstance.py:2653} INFO - 0 downstream tasks scheduled from follow-on schedule check
