[2025-07-15T18:56:08.109+0000] {processor.py:157} INFO - Started process (PID=183) to work on /opt/airflow/dags/sensors/recent_external_task_sensor.py
[2025-07-15T18:56:08.109+0000] {processor.py:826} INFO - Processing file /opt/airflow/dags/sensors/recent_external_task_sensor.py for tasks to queue
[2025-07-15T18:56:08.110+0000] {logging_mixin.py:150} INFO - [2025-07-15T18:56:08.110+0000] {dagbag.py:541} INFO - Filling up the DagBag from /opt/airflow/dags/sensors/recent_external_task_sensor.py
[2025-07-15T18:56:08.113+0000] {processor.py:838} WARNING - No viable dags retrieved from /opt/airflow/dags/sensors/recent_external_task_sensor.py
[2025-07-15T18:56:08.121+0000] {processor.py:179} INFO - Processing /opt/airflow/dags/sensors/recent_external_task_sensor.py took 0.014 seconds
[2025-07-15T18:56:38.491+0000] {processor.py:157} INFO - Started process (PID=232) to work on /opt/airflow/dags/sensors/recent_external_task_sensor.py
[2025-07-15T18:56:38.492+0000] {processor.py:826} INFO - Processing file /opt/airflow/dags/sensors/recent_external_task_sensor.py for tasks to queue
[2025-07-15T18:56:38.492+0000] {logging_mixin.py:150} INFO - [2025-07-15T18:56:38.492+0000] {dagbag.py:541} INFO - Filling up the DagBag from /opt/airflow/dags/sensors/recent_external_task_sensor.py
[2025-07-15T18:56:38.494+0000] {processor.py:838} WARNING - No viable dags retrieved from /opt/airflow/dags/sensors/recent_external_task_sensor.py
[2025-07-15T18:56:38.499+0000] {processor.py:179} INFO - Processing /opt/airflow/dags/sensors/recent_external_task_sensor.py took 0.009 seconds
[2025-07-15T18:57:08.892+0000] {processor.py:157} INFO - Started process (PID=279) to work on /opt/airflow/dags/sensors/recent_external_task_sensor.py
[2025-07-15T18:57:08.892+0000] {processor.py:826} INFO - Processing file /opt/airflow/dags/sensors/recent_external_task_sensor.py for tasks to queue
[2025-07-15T18:57:08.893+0000] {logging_mixin.py:150} INFO - [2025-07-15T18:57:08.893+0000] {dagbag.py:541} INFO - Filling up the DagBag from /opt/airflow/dags/sensors/recent_external_task_sensor.py
[2025-07-15T18:57:08.894+0000] {processor.py:838} WARNING - No viable dags retrieved from /opt/airflow/dags/sensors/recent_external_task_sensor.py
[2025-07-15T18:57:08.899+0000] {processor.py:179} INFO - Processing /opt/airflow/dags/sensors/recent_external_task_sensor.py took 0.009 seconds
[2025-07-15T18:57:39.292+0000] {processor.py:157} INFO - Started process (PID=317) to work on /opt/airflow/dags/sensors/recent_external_task_sensor.py
[2025-07-15T18:57:39.293+0000] {processor.py:826} INFO - Processing file /opt/airflow/dags/sensors/recent_external_task_sensor.py for tasks to queue
[2025-07-15T18:57:39.293+0000] {logging_mixin.py:150} INFO - [2025-07-15T18:57:39.293+0000] {dagbag.py:541} INFO - Filling up the DagBag from /opt/airflow/dags/sensors/recent_external_task_sensor.py
[2025-07-15T18:57:39.295+0000] {processor.py:838} WARNING - No viable dags retrieved from /opt/airflow/dags/sensors/recent_external_task_sensor.py
[2025-07-15T18:57:39.300+0000] {processor.py:179} INFO - Processing /opt/airflow/dags/sensors/recent_external_task_sensor.py took 0.009 seconds
[2025-07-15T18:58:09.702+0000] {processor.py:157} INFO - Started process (PID=363) to work on /opt/airflow/dags/sensors/recent_external_task_sensor.py
[2025-07-15T18:58:09.702+0000] {processor.py:826} INFO - Processing file /opt/airflow/dags/sensors/recent_external_task_sensor.py for tasks to queue
[2025-07-15T18:58:09.702+0000] {logging_mixin.py:150} INFO - [2025-07-15T18:58:09.702+0000] {dagbag.py:541} INFO - Filling up the DagBag from /opt/airflow/dags/sensors/recent_external_task_sensor.py
[2025-07-15T18:58:09.704+0000] {processor.py:838} WARNING - No viable dags retrieved from /opt/airflow/dags/sensors/recent_external_task_sensor.py
[2025-07-15T18:58:09.709+0000] {processor.py:179} INFO - Processing /opt/airflow/dags/sensors/recent_external_task_sensor.py took 0.009 seconds
[2025-07-15T18:58:40.116+0000] {processor.py:157} INFO - Started process (PID=410) to work on /opt/airflow/dags/sensors/recent_external_task_sensor.py
[2025-07-15T18:58:40.116+0000] {processor.py:826} INFO - Processing file /opt/airflow/dags/sensors/recent_external_task_sensor.py for tasks to queue
[2025-07-15T18:58:40.116+0000] {logging_mixin.py:150} INFO - [2025-07-15T18:58:40.116+0000] {dagbag.py:541} INFO - Filling up the DagBag from /opt/airflow/dags/sensors/recent_external_task_sensor.py
[2025-07-15T18:58:40.118+0000] {processor.py:838} WARNING - No viable dags retrieved from /opt/airflow/dags/sensors/recent_external_task_sensor.py
[2025-07-15T18:58:40.123+0000] {processor.py:179} INFO - Processing /opt/airflow/dags/sensors/recent_external_task_sensor.py took 0.009 seconds
[2025-07-15T18:59:10.455+0000] {processor.py:157} INFO - Started process (PID=455) to work on /opt/airflow/dags/sensors/recent_external_task_sensor.py
[2025-07-15T18:59:10.456+0000] {processor.py:826} INFO - Processing file /opt/airflow/dags/sensors/recent_external_task_sensor.py for tasks to queue
[2025-07-15T18:59:10.456+0000] {logging_mixin.py:150} INFO - [2025-07-15T18:59:10.456+0000] {dagbag.py:541} INFO - Filling up the DagBag from /opt/airflow/dags/sensors/recent_external_task_sensor.py
[2025-07-15T18:59:10.460+0000] {processor.py:838} WARNING - No viable dags retrieved from /opt/airflow/dags/sensors/recent_external_task_sensor.py
[2025-07-15T18:59:10.469+0000] {processor.py:179} INFO - Processing /opt/airflow/dags/sensors/recent_external_task_sensor.py took 0.015 seconds
[2025-07-15T18:59:40.841+0000] {processor.py:157} INFO - Started process (PID=504) to work on /opt/airflow/dags/sensors/recent_external_task_sensor.py
[2025-07-15T18:59:40.841+0000] {processor.py:826} INFO - Processing file /opt/airflow/dags/sensors/recent_external_task_sensor.py for tasks to queue
[2025-07-15T18:59:40.842+0000] {logging_mixin.py:150} INFO - [2025-07-15T18:59:40.841+0000] {dagbag.py:541} INFO - Filling up the DagBag from /opt/airflow/dags/sensors/recent_external_task_sensor.py
[2025-07-15T18:59:40.843+0000] {processor.py:838} WARNING - No viable dags retrieved from /opt/airflow/dags/sensors/recent_external_task_sensor.py
[2025-07-15T18:59:40.849+0000] {processor.py:179} INFO - Processing /opt/airflow/dags/sensors/recent_external_task_sensor.py took 0.009 seconds
[2025-07-15T19:00:11.128+0000] {processor.py:157} INFO - Started process (PID=540) to work on /opt/airflow/dags/sensors/recent_external_task_sensor.py
[2025-07-15T19:00:11.129+0000] {processor.py:826} INFO - Processing file /opt/airflow/dags/sensors/recent_external_task_sensor.py for tasks to queue
[2025-07-15T19:00:11.129+0000] {logging_mixin.py:150} INFO - [2025-07-15T19:00:11.129+0000] {dagbag.py:541} INFO - Filling up the DagBag from /opt/airflow/dags/sensors/recent_external_task_sensor.py
[2025-07-15T19:00:11.131+0000] {processor.py:838} WARNING - No viable dags retrieved from /opt/airflow/dags/sensors/recent_external_task_sensor.py
[2025-07-15T19:00:11.136+0000] {processor.py:179} INFO - Processing /opt/airflow/dags/sensors/recent_external_task_sensor.py took 0.010 seconds
[2025-07-15T19:00:41.504+0000] {processor.py:157} INFO - Started process (PID=589) to work on /opt/airflow/dags/sensors/recent_external_task_sensor.py
[2025-07-15T19:00:41.504+0000] {processor.py:826} INFO - Processing file /opt/airflow/dags/sensors/recent_external_task_sensor.py for tasks to queue
[2025-07-15T19:00:41.505+0000] {logging_mixin.py:150} INFO - [2025-07-15T19:00:41.505+0000] {dagbag.py:541} INFO - Filling up the DagBag from /opt/airflow/dags/sensors/recent_external_task_sensor.py
[2025-07-15T19:00:41.506+0000] {processor.py:838} WARNING - No viable dags retrieved from /opt/airflow/dags/sensors/recent_external_task_sensor.py
[2025-07-15T19:00:41.511+0000] {processor.py:179} INFO - Processing /opt/airflow/dags/sensors/recent_external_task_sensor.py took 0.009 seconds
[2025-07-15T19:01:12.043+0000] {processor.py:157} INFO - Started process (PID=636) to work on /opt/airflow/dags/sensors/recent_external_task_sensor.py
[2025-07-15T19:01:12.043+0000] {processor.py:826} INFO - Processing file /opt/airflow/dags/sensors/recent_external_task_sensor.py for tasks to queue
[2025-07-15T19:01:12.043+0000] {logging_mixin.py:150} INFO - [2025-07-15T19:01:12.043+0000] {dagbag.py:541} INFO - Filling up the DagBag from /opt/airflow/dags/sensors/recent_external_task_sensor.py
[2025-07-15T19:01:12.045+0000] {processor.py:838} WARNING - No viable dags retrieved from /opt/airflow/dags/sensors/recent_external_task_sensor.py
[2025-07-15T19:01:12.050+0000] {processor.py:179} INFO - Processing /opt/airflow/dags/sensors/recent_external_task_sensor.py took 0.009 seconds
[2025-07-15T19:01:42.437+0000] {processor.py:157} INFO - Started process (PID=681) to work on /opt/airflow/dags/sensors/recent_external_task_sensor.py
[2025-07-15T19:01:42.440+0000] {processor.py:826} INFO - Processing file /opt/airflow/dags/sensors/recent_external_task_sensor.py for tasks to queue
[2025-07-15T19:01:42.441+0000] {logging_mixin.py:150} INFO - [2025-07-15T19:01:42.441+0000] {dagbag.py:541} INFO - Filling up the DagBag from /opt/airflow/dags/sensors/recent_external_task_sensor.py
[2025-07-15T19:01:42.443+0000] {processor.py:838} WARNING - No viable dags retrieved from /opt/airflow/dags/sensors/recent_external_task_sensor.py
[2025-07-15T19:01:42.453+0000] {processor.py:179} INFO - Processing /opt/airflow/dags/sensors/recent_external_task_sensor.py took 0.017 seconds
[2025-07-15T19:02:12.999+0000] {processor.py:157} INFO - Started process (PID=720) to work on /opt/airflow/dags/sensors/recent_external_task_sensor.py
[2025-07-15T19:02:12.999+0000] {processor.py:826} INFO - Processing file /opt/airflow/dags/sensors/recent_external_task_sensor.py for tasks to queue
[2025-07-15T19:02:13.000+0000] {logging_mixin.py:150} INFO - [2025-07-15T19:02:13.000+0000] {dagbag.py:541} INFO - Filling up the DagBag from /opt/airflow/dags/sensors/recent_external_task_sensor.py
[2025-07-15T19:02:13.001+0000] {processor.py:838} WARNING - No viable dags retrieved from /opt/airflow/dags/sensors/recent_external_task_sensor.py
[2025-07-15T19:02:13.007+0000] {processor.py:179} INFO - Processing /opt/airflow/dags/sensors/recent_external_task_sensor.py took 0.010 seconds
[2025-07-15T19:02:43.554+0000] {processor.py:157} INFO - Started process (PID=767) to work on /opt/airflow/dags/sensors/recent_external_task_sensor.py
[2025-07-15T19:02:43.554+0000] {processor.py:826} INFO - Processing file /opt/airflow/dags/sensors/recent_external_task_sensor.py for tasks to queue
[2025-07-15T19:02:43.555+0000] {logging_mixin.py:150} INFO - [2025-07-15T19:02:43.555+0000] {dagbag.py:541} INFO - Filling up the DagBag from /opt/airflow/dags/sensors/recent_external_task_sensor.py
[2025-07-15T19:02:43.556+0000] {processor.py:838} WARNING - No viable dags retrieved from /opt/airflow/dags/sensors/recent_external_task_sensor.py
[2025-07-15T19:02:43.562+0000] {processor.py:179} INFO - Processing /opt/airflow/dags/sensors/recent_external_task_sensor.py took 0.009 seconds
[2025-07-15T19:03:14.087+0000] {processor.py:157} INFO - Started process (PID=814) to work on /opt/airflow/dags/sensors/recent_external_task_sensor.py
[2025-07-15T19:03:14.087+0000] {processor.py:826} INFO - Processing file /opt/airflow/dags/sensors/recent_external_task_sensor.py for tasks to queue
[2025-07-15T19:03:14.088+0000] {logging_mixin.py:150} INFO - [2025-07-15T19:03:14.088+0000] {dagbag.py:541} INFO - Filling up the DagBag from /opt/airflow/dags/sensors/recent_external_task_sensor.py
[2025-07-15T19:03:14.089+0000] {processor.py:838} WARNING - No viable dags retrieved from /opt/airflow/dags/sensors/recent_external_task_sensor.py
[2025-07-15T19:03:14.095+0000] {processor.py:179} INFO - Processing /opt/airflow/dags/sensors/recent_external_task_sensor.py took 0.010 seconds
[2025-07-15T19:03:44.563+0000] {processor.py:157} INFO - Started process (PID=861) to work on /opt/airflow/dags/sensors/recent_external_task_sensor.py
[2025-07-15T19:03:44.564+0000] {processor.py:826} INFO - Processing file /opt/airflow/dags/sensors/recent_external_task_sensor.py for tasks to queue
[2025-07-15T19:03:44.564+0000] {logging_mixin.py:150} INFO - [2025-07-15T19:03:44.564+0000] {dagbag.py:541} INFO - Filling up the DagBag from /opt/airflow/dags/sensors/recent_external_task_sensor.py
[2025-07-15T19:03:44.566+0000] {processor.py:838} WARNING - No viable dags retrieved from /opt/airflow/dags/sensors/recent_external_task_sensor.py
[2025-07-15T19:03:44.572+0000] {processor.py:179} INFO - Processing /opt/airflow/dags/sensors/recent_external_task_sensor.py took 0.010 seconds
[2025-07-15T19:04:14.997+0000] {processor.py:157} INFO - Started process (PID=897) to work on /opt/airflow/dags/sensors/recent_external_task_sensor.py
[2025-07-15T19:04:14.998+0000] {processor.py:826} INFO - Processing file /opt/airflow/dags/sensors/recent_external_task_sensor.py for tasks to queue
[2025-07-15T19:04:14.998+0000] {logging_mixin.py:150} INFO - [2025-07-15T19:04:14.998+0000] {dagbag.py:541} INFO - Filling up the DagBag from /opt/airflow/dags/sensors/recent_external_task_sensor.py
[2025-07-15T19:04:15.002+0000] {processor.py:838} WARNING - No viable dags retrieved from /opt/airflow/dags/sensors/recent_external_task_sensor.py
[2025-07-15T19:04:15.010+0000] {processor.py:179} INFO - Processing /opt/airflow/dags/sensors/recent_external_task_sensor.py took 0.015 seconds
[2025-07-15T19:04:45.455+0000] {processor.py:157} INFO - Started process (PID=946) to work on /opt/airflow/dags/sensors/recent_external_task_sensor.py
[2025-07-15T19:04:45.455+0000] {processor.py:826} INFO - Processing file /opt/airflow/dags/sensors/recent_external_task_sensor.py for tasks to queue
[2025-07-15T19:04:45.456+0000] {logging_mixin.py:150} INFO - [2025-07-15T19:04:45.456+0000] {dagbag.py:541} INFO - Filling up the DagBag from /opt/airflow/dags/sensors/recent_external_task_sensor.py
[2025-07-15T19:04:45.457+0000] {processor.py:838} WARNING - No viable dags retrieved from /opt/airflow/dags/sensors/recent_external_task_sensor.py
[2025-07-15T19:04:45.463+0000] {processor.py:179} INFO - Processing /opt/airflow/dags/sensors/recent_external_task_sensor.py took 0.009 seconds
[2025-07-15T19:05:15.915+0000] {processor.py:157} INFO - Started process (PID=993) to work on /opt/airflow/dags/sensors/recent_external_task_sensor.py
[2025-07-15T19:05:15.916+0000] {processor.py:826} INFO - Processing file /opt/airflow/dags/sensors/recent_external_task_sensor.py for tasks to queue
[2025-07-15T19:05:15.916+0000] {logging_mixin.py:150} INFO - [2025-07-15T19:05:15.916+0000] {dagbag.py:541} INFO - Filling up the DagBag from /opt/airflow/dags/sensors/recent_external_task_sensor.py
[2025-07-15T19:05:15.917+0000] {processor.py:838} WARNING - No viable dags retrieved from /opt/airflow/dags/sensors/recent_external_task_sensor.py
[2025-07-15T19:05:15.923+0000] {processor.py:179} INFO - Processing /opt/airflow/dags/sensors/recent_external_task_sensor.py took 0.010 seconds
[2025-07-15T19:05:46.257+0000] {processor.py:157} INFO - Started process (PID=1040) to work on /opt/airflow/dags/sensors/recent_external_task_sensor.py
[2025-07-15T19:05:46.257+0000] {processor.py:826} INFO - Processing file /opt/airflow/dags/sensors/recent_external_task_sensor.py for tasks to queue
[2025-07-15T19:05:46.257+0000] {logging_mixin.py:150} INFO - [2025-07-15T19:05:46.257+0000] {dagbag.py:541} INFO - Filling up the DagBag from /opt/airflow/dags/sensors/recent_external_task_sensor.py
[2025-07-15T19:05:46.259+0000] {processor.py:838} WARNING - No viable dags retrieved from /opt/airflow/dags/sensors/recent_external_task_sensor.py
[2025-07-15T19:05:46.266+0000] {processor.py:179} INFO - Processing /opt/airflow/dags/sensors/recent_external_task_sensor.py took 0.011 seconds
[2025-07-15T19:06:16.938+0000] {processor.py:157} INFO - Started process (PID=1085) to work on /opt/airflow/dags/sensors/recent_external_task_sensor.py
[2025-07-15T19:06:16.939+0000] {processor.py:826} INFO - Processing file /opt/airflow/dags/sensors/recent_external_task_sensor.py for tasks to queue
[2025-07-15T19:06:16.939+0000] {logging_mixin.py:150} INFO - [2025-07-15T19:06:16.939+0000] {dagbag.py:541} INFO - Filling up the DagBag from /opt/airflow/dags/sensors/recent_external_task_sensor.py
[2025-07-15T19:06:16.941+0000] {processor.py:838} WARNING - No viable dags retrieved from /opt/airflow/dags/sensors/recent_external_task_sensor.py
[2025-07-15T19:06:16.947+0000] {processor.py:179} INFO - Processing /opt/airflow/dags/sensors/recent_external_task_sensor.py took 0.010 seconds
[2025-07-15T19:06:47.372+0000] {processor.py:157} INFO - Started process (PID=1124) to work on /opt/airflow/dags/sensors/recent_external_task_sensor.py
[2025-07-15T19:06:47.372+0000] {processor.py:826} INFO - Processing file /opt/airflow/dags/sensors/recent_external_task_sensor.py for tasks to queue
[2025-07-15T19:06:47.373+0000] {logging_mixin.py:150} INFO - [2025-07-15T19:06:47.373+0000] {dagbag.py:541} INFO - Filling up the DagBag from /opt/airflow/dags/sensors/recent_external_task_sensor.py
[2025-07-15T19:06:47.374+0000] {processor.py:838} WARNING - No viable dags retrieved from /opt/airflow/dags/sensors/recent_external_task_sensor.py
[2025-07-15T19:06:47.380+0000] {processor.py:179} INFO - Processing /opt/airflow/dags/sensors/recent_external_task_sensor.py took 0.009 seconds
[2025-07-15T19:07:17.858+0000] {processor.py:157} INFO - Started process (PID=1169) to work on /opt/airflow/dags/sensors/recent_external_task_sensor.py
[2025-07-15T19:07:17.859+0000] {processor.py:826} INFO - Processing file /opt/airflow/dags/sensors/recent_external_task_sensor.py for tasks to queue
[2025-07-15T19:07:17.859+0000] {logging_mixin.py:150} INFO - [2025-07-15T19:07:17.859+0000] {dagbag.py:541} INFO - Filling up the DagBag from /opt/airflow/dags/sensors/recent_external_task_sensor.py
[2025-07-15T19:07:17.861+0000] {processor.py:838} WARNING - No viable dags retrieved from /opt/airflow/dags/sensors/recent_external_task_sensor.py
[2025-07-15T19:07:17.875+0000] {processor.py:179} INFO - Processing /opt/airflow/dags/sensors/recent_external_task_sensor.py took 0.018 seconds
[2025-07-15T19:12:48.718+0000] {processor.py:157} INFO - Started process (PID=1208) to work on /opt/airflow/dags/sensors/recent_external_task_sensor.py
[2025-07-15T19:12:48.718+0000] {processor.py:826} INFO - Processing file /opt/airflow/dags/sensors/recent_external_task_sensor.py for tasks to queue
[2025-07-15T19:12:48.720+0000] {logging_mixin.py:150} INFO - [2025-07-15T19:12:48.720+0000] {dagbag.py:541} INFO - Filling up the DagBag from /opt/airflow/dags/sensors/recent_external_task_sensor.py
[2025-07-15T19:12:48.732+0000] {processor.py:838} WARNING - No viable dags retrieved from /opt/airflow/dags/sensors/recent_external_task_sensor.py
[2025-07-15T19:12:48.756+0000] {processor.py:179} INFO - Processing /opt/airflow/dags/sensors/recent_external_task_sensor.py took 0.045 seconds
[2025-07-15T19:13:19.192+0000] {processor.py:157} INFO - Started process (PID=1247) to work on /opt/airflow/dags/sensors/recent_external_task_sensor.py
[2025-07-15T19:13:19.192+0000] {processor.py:826} INFO - Processing file /opt/airflow/dags/sensors/recent_external_task_sensor.py for tasks to queue
[2025-07-15T19:13:19.192+0000] {logging_mixin.py:150} INFO - [2025-07-15T19:13:19.192+0000] {dagbag.py:541} INFO - Filling up the DagBag from /opt/airflow/dags/sensors/recent_external_task_sensor.py
[2025-07-15T19:13:19.194+0000] {processor.py:838} WARNING - No viable dags retrieved from /opt/airflow/dags/sensors/recent_external_task_sensor.py
[2025-07-15T19:13:19.200+0000] {processor.py:179} INFO - Processing /opt/airflow/dags/sensors/recent_external_task_sensor.py took 0.009 seconds
[2025-07-15T19:13:49.610+0000] {processor.py:157} INFO - Started process (PID=1294) to work on /opt/airflow/dags/sensors/recent_external_task_sensor.py
[2025-07-15T19:13:49.610+0000] {processor.py:826} INFO - Processing file /opt/airflow/dags/sensors/recent_external_task_sensor.py for tasks to queue
[2025-07-15T19:13:49.611+0000] {logging_mixin.py:150} INFO - [2025-07-15T19:13:49.611+0000] {dagbag.py:541} INFO - Filling up the DagBag from /opt/airflow/dags/sensors/recent_external_task_sensor.py
[2025-07-15T19:13:49.612+0000] {processor.py:838} WARNING - No viable dags retrieved from /opt/airflow/dags/sensors/recent_external_task_sensor.py
[2025-07-15T19:13:49.618+0000] {processor.py:179} INFO - Processing /opt/airflow/dags/sensors/recent_external_task_sensor.py took 0.009 seconds
[2025-07-15T19:14:20.022+0000] {processor.py:157} INFO - Started process (PID=1341) to work on /opt/airflow/dags/sensors/recent_external_task_sensor.py
[2025-07-15T19:14:20.023+0000] {processor.py:826} INFO - Processing file /opt/airflow/dags/sensors/recent_external_task_sensor.py for tasks to queue
[2025-07-15T19:14:20.023+0000] {logging_mixin.py:150} INFO - [2025-07-15T19:14:20.023+0000] {dagbag.py:541} INFO - Filling up the DagBag from /opt/airflow/dags/sensors/recent_external_task_sensor.py
[2025-07-15T19:14:20.024+0000] {processor.py:838} WARNING - No viable dags retrieved from /opt/airflow/dags/sensors/recent_external_task_sensor.py
[2025-07-15T19:14:20.030+0000] {processor.py:179} INFO - Processing /opt/airflow/dags/sensors/recent_external_task_sensor.py took 0.009 seconds
[2025-07-15T19:14:50.448+0000] {processor.py:157} INFO - Started process (PID=1387) to work on /opt/airflow/dags/sensors/recent_external_task_sensor.py
[2025-07-15T19:14:50.448+0000] {processor.py:826} INFO - Processing file /opt/airflow/dags/sensors/recent_external_task_sensor.py for tasks to queue
[2025-07-15T19:14:50.449+0000] {logging_mixin.py:150} INFO - [2025-07-15T19:14:50.449+0000] {dagbag.py:541} INFO - Filling up the DagBag from /opt/airflow/dags/sensors/recent_external_task_sensor.py
[2025-07-15T19:14:50.450+0000] {processor.py:838} WARNING - No viable dags retrieved from /opt/airflow/dags/sensors/recent_external_task_sensor.py
[2025-07-15T19:14:50.456+0000] {processor.py:179} INFO - Processing /opt/airflow/dags/sensors/recent_external_task_sensor.py took 0.010 seconds
[2025-07-15T19:15:20.823+0000] {processor.py:157} INFO - Started process (PID=1433) to work on /opt/airflow/dags/sensors/recent_external_task_sensor.py
[2025-07-15T19:15:20.824+0000] {processor.py:826} INFO - Processing file /opt/airflow/dags/sensors/recent_external_task_sensor.py for tasks to queue
[2025-07-15T19:15:20.824+0000] {logging_mixin.py:150} INFO - [2025-07-15T19:15:20.824+0000] {dagbag.py:541} INFO - Filling up the DagBag from /opt/airflow/dags/sensors/recent_external_task_sensor.py
[2025-07-15T19:15:20.826+0000] {processor.py:838} WARNING - No viable dags retrieved from /opt/airflow/dags/sensors/recent_external_task_sensor.py
[2025-07-15T19:15:20.832+0000] {processor.py:179} INFO - Processing /opt/airflow/dags/sensors/recent_external_task_sensor.py took 0.010 seconds
[2025-07-15T19:15:51.232+0000] {processor.py:157} INFO - Started process (PID=1471) to work on /opt/airflow/dags/sensors/recent_external_task_sensor.py
[2025-07-15T19:15:51.232+0000] {processor.py:826} INFO - Processing file /opt/airflow/dags/sensors/recent_external_task_sensor.py for tasks to queue
[2025-07-15T19:15:51.232+0000] {logging_mixin.py:150} INFO - [2025-07-15T19:15:51.232+0000] {dagbag.py:541} INFO - Filling up the DagBag from /opt/airflow/dags/sensors/recent_external_task_sensor.py
[2025-07-15T19:15:51.234+0000] {processor.py:838} WARNING - No viable dags retrieved from /opt/airflow/dags/sensors/recent_external_task_sensor.py
[2025-07-15T19:15:51.240+0000] {processor.py:179} INFO - Processing /opt/airflow/dags/sensors/recent_external_task_sensor.py took 0.009 seconds
[2025-07-15T19:16:21.568+0000] {processor.py:157} INFO - Started process (PID=1517) to work on /opt/airflow/dags/sensors/recent_external_task_sensor.py
[2025-07-15T19:16:21.568+0000] {processor.py:826} INFO - Processing file /opt/airflow/dags/sensors/recent_external_task_sensor.py for tasks to queue
[2025-07-15T19:16:21.569+0000] {logging_mixin.py:150} INFO - [2025-07-15T19:16:21.569+0000] {dagbag.py:541} INFO - Filling up the DagBag from /opt/airflow/dags/sensors/recent_external_task_sensor.py
[2025-07-15T19:16:21.570+0000] {processor.py:838} WARNING - No viable dags retrieved from /opt/airflow/dags/sensors/recent_external_task_sensor.py
[2025-07-15T19:16:21.576+0000] {processor.py:179} INFO - Processing /opt/airflow/dags/sensors/recent_external_task_sensor.py took 0.009 seconds
[2025-07-15T19:16:51.904+0000] {processor.py:157} INFO - Started process (PID=1564) to work on /opt/airflow/dags/sensors/recent_external_task_sensor.py
[2025-07-15T19:16:51.905+0000] {processor.py:826} INFO - Processing file /opt/airflow/dags/sensors/recent_external_task_sensor.py for tasks to queue
[2025-07-15T19:16:51.905+0000] {logging_mixin.py:150} INFO - [2025-07-15T19:16:51.905+0000] {dagbag.py:541} INFO - Filling up the DagBag from /opt/airflow/dags/sensors/recent_external_task_sensor.py
[2025-07-15T19:16:51.906+0000] {processor.py:838} WARNING - No viable dags retrieved from /opt/airflow/dags/sensors/recent_external_task_sensor.py
[2025-07-15T19:16:51.912+0000] {processor.py:179} INFO - Processing /opt/airflow/dags/sensors/recent_external_task_sensor.py took 0.009 seconds
[2025-07-15T19:17:22.318+0000] {processor.py:157} INFO - Started process (PID=1611) to work on /opt/airflow/dags/sensors/recent_external_task_sensor.py
[2025-07-15T19:17:22.318+0000] {processor.py:826} INFO - Processing file /opt/airflow/dags/sensors/recent_external_task_sensor.py for tasks to queue
[2025-07-15T19:17:22.318+0000] {logging_mixin.py:150} INFO - [2025-07-15T19:17:22.318+0000] {dagbag.py:541} INFO - Filling up the DagBag from /opt/airflow/dags/sensors/recent_external_task_sensor.py
[2025-07-15T19:17:22.320+0000] {processor.py:838} WARNING - No viable dags retrieved from /opt/airflow/dags/sensors/recent_external_task_sensor.py
[2025-07-15T19:17:22.327+0000] {processor.py:179} INFO - Processing /opt/airflow/dags/sensors/recent_external_task_sensor.py took 0.010 seconds
[2025-07-15T19:17:52.721+0000] {processor.py:157} INFO - Started process (PID=1654) to work on /opt/airflow/dags/sensors/recent_external_task_sensor.py
[2025-07-15T19:17:52.722+0000] {processor.py:826} INFO - Processing file /opt/airflow/dags/sensors/recent_external_task_sensor.py for tasks to queue
[2025-07-15T19:17:52.722+0000] {logging_mixin.py:150} INFO - [2025-07-15T19:17:52.722+0000] {dagbag.py:541} INFO - Filling up the DagBag from /opt/airflow/dags/sensors/recent_external_task_sensor.py
[2025-07-15T19:17:52.723+0000] {processor.py:838} WARNING - No viable dags retrieved from /opt/airflow/dags/sensors/recent_external_task_sensor.py
[2025-07-15T19:17:52.730+0000] {processor.py:179} INFO - Processing /opt/airflow/dags/sensors/recent_external_task_sensor.py took 0.010 seconds
[2025-07-15T19:18:23.150+0000] {processor.py:157} INFO - Started process (PID=1706) to work on /opt/airflow/dags/sensors/recent_external_task_sensor.py
[2025-07-15T19:18:23.150+0000] {processor.py:826} INFO - Processing file /opt/airflow/dags/sensors/recent_external_task_sensor.py for tasks to queue
[2025-07-15T19:18:23.150+0000] {logging_mixin.py:150} INFO - [2025-07-15T19:18:23.150+0000] {dagbag.py:541} INFO - Filling up the DagBag from /opt/airflow/dags/sensors/recent_external_task_sensor.py
[2025-07-15T19:18:23.152+0000] {processor.py:838} WARNING - No viable dags retrieved from /opt/airflow/dags/sensors/recent_external_task_sensor.py
[2025-07-15T19:18:23.157+0000] {processor.py:179} INFO - Processing /opt/airflow/dags/sensors/recent_external_task_sensor.py took 0.009 seconds
[2025-07-15T19:18:53.494+0000] {processor.py:157} INFO - Started process (PID=1753) to work on /opt/airflow/dags/sensors/recent_external_task_sensor.py
[2025-07-15T19:18:53.494+0000] {processor.py:826} INFO - Processing file /opt/airflow/dags/sensors/recent_external_task_sensor.py for tasks to queue
[2025-07-15T19:18:53.495+0000] {logging_mixin.py:150} INFO - [2025-07-15T19:18:53.495+0000] {dagbag.py:541} INFO - Filling up the DagBag from /opt/airflow/dags/sensors/recent_external_task_sensor.py
[2025-07-15T19:18:53.496+0000] {processor.py:838} WARNING - No viable dags retrieved from /opt/airflow/dags/sensors/recent_external_task_sensor.py
[2025-07-15T19:18:53.502+0000] {processor.py:179} INFO - Processing /opt/airflow/dags/sensors/recent_external_task_sensor.py took 0.010 seconds
[2025-07-15T19:19:23.840+0000] {processor.py:157} INFO - Started process (PID=1799) to work on /opt/airflow/dags/sensors/recent_external_task_sensor.py
[2025-07-15T19:19:23.840+0000] {processor.py:826} INFO - Processing file /opt/airflow/dags/sensors/recent_external_task_sensor.py for tasks to queue
[2025-07-15T19:19:23.840+0000] {logging_mixin.py:150} INFO - [2025-07-15T19:19:23.840+0000] {dagbag.py:541} INFO - Filling up the DagBag from /opt/airflow/dags/sensors/recent_external_task_sensor.py
[2025-07-15T19:19:23.842+0000] {processor.py:838} WARNING - No viable dags retrieved from /opt/airflow/dags/sensors/recent_external_task_sensor.py
[2025-07-15T19:19:23.848+0000] {processor.py:179} INFO - Processing /opt/airflow/dags/sensors/recent_external_task_sensor.py took 0.010 seconds
[2025-07-15T19:19:54.236+0000] {processor.py:157} INFO - Started process (PID=1836) to work on /opt/airflow/dags/sensors/recent_external_task_sensor.py
[2025-07-15T19:19:54.236+0000] {processor.py:826} INFO - Processing file /opt/airflow/dags/sensors/recent_external_task_sensor.py for tasks to queue
[2025-07-15T19:19:54.237+0000] {logging_mixin.py:150} INFO - [2025-07-15T19:19:54.237+0000] {dagbag.py:541} INFO - Filling up the DagBag from /opt/airflow/dags/sensors/recent_external_task_sensor.py
[2025-07-15T19:19:54.238+0000] {processor.py:838} WARNING - No viable dags retrieved from /opt/airflow/dags/sensors/recent_external_task_sensor.py
[2025-07-15T19:19:54.244+0000] {processor.py:179} INFO - Processing /opt/airflow/dags/sensors/recent_external_task_sensor.py took 0.010 seconds
[2025-07-15T19:20:24.621+0000] {processor.py:157} INFO - Started process (PID=1883) to work on /opt/airflow/dags/sensors/recent_external_task_sensor.py
[2025-07-15T19:20:24.621+0000] {processor.py:826} INFO - Processing file /opt/airflow/dags/sensors/recent_external_task_sensor.py for tasks to queue
[2025-07-15T19:20:24.621+0000] {logging_mixin.py:150} INFO - [2025-07-15T19:20:24.621+0000] {dagbag.py:541} INFO - Filling up the DagBag from /opt/airflow/dags/sensors/recent_external_task_sensor.py
[2025-07-15T19:20:24.623+0000] {processor.py:838} WARNING - No viable dags retrieved from /opt/airflow/dags/sensors/recent_external_task_sensor.py
[2025-07-15T19:20:24.628+0000] {processor.py:179} INFO - Processing /opt/airflow/dags/sensors/recent_external_task_sensor.py took 0.009 seconds
[2025-07-15T19:20:54.944+0000] {processor.py:157} INFO - Started process (PID=1930) to work on /opt/airflow/dags/sensors/recent_external_task_sensor.py
[2025-07-15T19:20:54.945+0000] {processor.py:826} INFO - Processing file /opt/airflow/dags/sensors/recent_external_task_sensor.py for tasks to queue
[2025-07-15T19:20:54.945+0000] {logging_mixin.py:150} INFO - [2025-07-15T19:20:54.945+0000] {dagbag.py:541} INFO - Filling up the DagBag from /opt/airflow/dags/sensors/recent_external_task_sensor.py
[2025-07-15T19:20:54.947+0000] {processor.py:838} WARNING - No viable dags retrieved from /opt/airflow/dags/sensors/recent_external_task_sensor.py
[2025-07-15T19:20:54.952+0000] {processor.py:179} INFO - Processing /opt/airflow/dags/sensors/recent_external_task_sensor.py took 0.009 seconds
[2025-07-15T19:21:25.274+0000] {processor.py:157} INFO - Started process (PID=1977) to work on /opt/airflow/dags/sensors/recent_external_task_sensor.py
[2025-07-15T19:21:25.274+0000] {processor.py:826} INFO - Processing file /opt/airflow/dags/sensors/recent_external_task_sensor.py for tasks to queue
[2025-07-15T19:21:25.274+0000] {logging_mixin.py:150} INFO - [2025-07-15T19:21:25.274+0000] {dagbag.py:541} INFO - Filling up the DagBag from /opt/airflow/dags/sensors/recent_external_task_sensor.py
[2025-07-15T19:21:25.276+0000] {processor.py:838} WARNING - No viable dags retrieved from /opt/airflow/dags/sensors/recent_external_task_sensor.py
[2025-07-15T19:21:25.281+0000] {processor.py:179} INFO - Processing /opt/airflow/dags/sensors/recent_external_task_sensor.py took 0.009 seconds
[2025-07-15T19:21:55.627+0000] {processor.py:157} INFO - Started process (PID=2015) to work on /opt/airflow/dags/sensors/recent_external_task_sensor.py
[2025-07-15T19:21:55.628+0000] {processor.py:826} INFO - Processing file /opt/airflow/dags/sensors/recent_external_task_sensor.py for tasks to queue
[2025-07-15T19:21:55.628+0000] {logging_mixin.py:150} INFO - [2025-07-15T19:21:55.628+0000] {dagbag.py:541} INFO - Filling up the DagBag from /opt/airflow/dags/sensors/recent_external_task_sensor.py
[2025-07-15T19:21:55.629+0000] {processor.py:838} WARNING - No viable dags retrieved from /opt/airflow/dags/sensors/recent_external_task_sensor.py
[2025-07-15T19:21:55.635+0000] {processor.py:179} INFO - Processing /opt/airflow/dags/sensors/recent_external_task_sensor.py took 0.009 seconds
[2025-07-15T19:22:25.918+0000] {processor.py:157} INFO - Started process (PID=2055) to work on /opt/airflow/dags/sensors/recent_external_task_sensor.py
[2025-07-15T19:22:25.919+0000] {processor.py:826} INFO - Processing file /opt/airflow/dags/sensors/recent_external_task_sensor.py for tasks to queue
[2025-07-15T19:22:25.921+0000] {logging_mixin.py:150} INFO - [2025-07-15T19:22:25.920+0000] {dagbag.py:541} INFO - Filling up the DagBag from /opt/airflow/dags/sensors/recent_external_task_sensor.py
[2025-07-15T19:22:25.926+0000] {processor.py:838} WARNING - No viable dags retrieved from /opt/airflow/dags/sensors/recent_external_task_sensor.py
[2025-07-15T19:22:25.944+0000] {processor.py:179} INFO - Processing /opt/airflow/dags/sensors/recent_external_task_sensor.py took 0.030 seconds
[2025-07-15T19:22:56.286+0000] {processor.py:157} INFO - Started process (PID=2097) to work on /opt/airflow/dags/sensors/recent_external_task_sensor.py
[2025-07-15T19:22:56.286+0000] {processor.py:826} INFO - Processing file /opt/airflow/dags/sensors/recent_external_task_sensor.py for tasks to queue
[2025-07-15T19:22:56.287+0000] {logging_mixin.py:150} INFO - [2025-07-15T19:22:56.287+0000] {dagbag.py:541} INFO - Filling up the DagBag from /opt/airflow/dags/sensors/recent_external_task_sensor.py
[2025-07-15T19:22:56.289+0000] {processor.py:838} WARNING - No viable dags retrieved from /opt/airflow/dags/sensors/recent_external_task_sensor.py
[2025-07-15T19:22:56.301+0000] {processor.py:179} INFO - Processing /opt/airflow/dags/sensors/recent_external_task_sensor.py took 0.017 seconds
[2025-07-15T19:23:26.690+0000] {processor.py:157} INFO - Started process (PID=2141) to work on /opt/airflow/dags/sensors/recent_external_task_sensor.py
[2025-07-15T19:23:26.691+0000] {processor.py:826} INFO - Processing file /opt/airflow/dags/sensors/recent_external_task_sensor.py for tasks to queue
[2025-07-15T19:23:26.691+0000] {logging_mixin.py:150} INFO - [2025-07-15T19:23:26.691+0000] {dagbag.py:541} INFO - Filling up the DagBag from /opt/airflow/dags/sensors/recent_external_task_sensor.py
[2025-07-15T19:23:26.694+0000] {processor.py:838} WARNING - No viable dags retrieved from /opt/airflow/dags/sensors/recent_external_task_sensor.py
[2025-07-15T19:23:26.705+0000] {processor.py:179} INFO - Processing /opt/airflow/dags/sensors/recent_external_task_sensor.py took 0.019 seconds
[2025-07-15T19:23:57.044+0000] {processor.py:157} INFO - Started process (PID=2174) to work on /opt/airflow/dags/sensors/recent_external_task_sensor.py
[2025-07-15T19:23:57.045+0000] {processor.py:826} INFO - Processing file /opt/airflow/dags/sensors/recent_external_task_sensor.py for tasks to queue
[2025-07-15T19:23:57.046+0000] {logging_mixin.py:150} INFO - [2025-07-15T19:23:57.046+0000] {dagbag.py:541} INFO - Filling up the DagBag from /opt/airflow/dags/sensors/recent_external_task_sensor.py
[2025-07-15T19:23:57.049+0000] {processor.py:838} WARNING - No viable dags retrieved from /opt/airflow/dags/sensors/recent_external_task_sensor.py
[2025-07-15T19:23:57.061+0000] {processor.py:179} INFO - Processing /opt/airflow/dags/sensors/recent_external_task_sensor.py took 0.020 seconds
[2025-07-15T19:24:27.376+0000] {processor.py:157} INFO - Started process (PID=2215) to work on /opt/airflow/dags/sensors/recent_external_task_sensor.py
[2025-07-15T19:24:27.377+0000] {processor.py:826} INFO - Processing file /opt/airflow/dags/sensors/recent_external_task_sensor.py for tasks to queue
[2025-07-15T19:24:27.377+0000] {logging_mixin.py:150} INFO - [2025-07-15T19:24:27.377+0000] {dagbag.py:541} INFO - Filling up the DagBag from /opt/airflow/dags/sensors/recent_external_task_sensor.py
[2025-07-15T19:24:27.380+0000] {processor.py:838} WARNING - No viable dags retrieved from /opt/airflow/dags/sensors/recent_external_task_sensor.py
[2025-07-15T19:24:27.388+0000] {processor.py:179} INFO - Processing /opt/airflow/dags/sensors/recent_external_task_sensor.py took 0.014 seconds
[2025-07-15T19:24:57.757+0000] {processor.py:157} INFO - Started process (PID=2256) to work on /opt/airflow/dags/sensors/recent_external_task_sensor.py
[2025-07-15T19:24:57.758+0000] {processor.py:826} INFO - Processing file /opt/airflow/dags/sensors/recent_external_task_sensor.py for tasks to queue
[2025-07-15T19:24:57.759+0000] {logging_mixin.py:150} INFO - [2025-07-15T19:24:57.759+0000] {dagbag.py:541} INFO - Filling up the DagBag from /opt/airflow/dags/sensors/recent_external_task_sensor.py
[2025-07-15T19:24:57.762+0000] {processor.py:838} WARNING - No viable dags retrieved from /opt/airflow/dags/sensors/recent_external_task_sensor.py
[2025-07-15T19:24:57.773+0000] {processor.py:179} INFO - Processing /opt/airflow/dags/sensors/recent_external_task_sensor.py took 0.019 seconds
[2025-07-15T19:25:28.152+0000] {processor.py:157} INFO - Started process (PID=2299) to work on /opt/airflow/dags/sensors/recent_external_task_sensor.py
[2025-07-15T19:25:28.153+0000] {processor.py:826} INFO - Processing file /opt/airflow/dags/sensors/recent_external_task_sensor.py for tasks to queue
[2025-07-15T19:25:28.154+0000] {logging_mixin.py:150} INFO - [2025-07-15T19:25:28.153+0000] {dagbag.py:541} INFO - Filling up the DagBag from /opt/airflow/dags/sensors/recent_external_task_sensor.py
[2025-07-15T19:25:28.157+0000] {processor.py:838} WARNING - No viable dags retrieved from /opt/airflow/dags/sensors/recent_external_task_sensor.py
[2025-07-15T19:25:28.167+0000] {processor.py:179} INFO - Processing /opt/airflow/dags/sensors/recent_external_task_sensor.py took 0.018 seconds
[2025-07-15T19:25:58.474+0000] {processor.py:157} INFO - Started process (PID=2337) to work on /opt/airflow/dags/sensors/recent_external_task_sensor.py
[2025-07-15T19:25:58.476+0000] {processor.py:826} INFO - Processing file /opt/airflow/dags/sensors/recent_external_task_sensor.py for tasks to queue
[2025-07-15T19:25:58.477+0000] {logging_mixin.py:150} INFO - [2025-07-15T19:25:58.477+0000] {dagbag.py:541} INFO - Filling up the DagBag from /opt/airflow/dags/sensors/recent_external_task_sensor.py
[2025-07-15T19:25:58.484+0000] {processor.py:838} WARNING - No viable dags retrieved from /opt/airflow/dags/sensors/recent_external_task_sensor.py
[2025-07-15T19:25:58.510+0000] {processor.py:179} INFO - Processing /opt/airflow/dags/sensors/recent_external_task_sensor.py took 0.038 seconds
[2025-07-15T19:26:28.811+0000] {processor.py:157} INFO - Started process (PID=2381) to work on /opt/airflow/dags/sensors/recent_external_task_sensor.py
[2025-07-15T19:26:28.812+0000] {processor.py:826} INFO - Processing file /opt/airflow/dags/sensors/recent_external_task_sensor.py for tasks to queue
[2025-07-15T19:26:28.813+0000] {logging_mixin.py:150} INFO - [2025-07-15T19:26:28.812+0000] {dagbag.py:541} INFO - Filling up the DagBag from /opt/airflow/dags/sensors/recent_external_task_sensor.py
[2025-07-15T19:26:28.816+0000] {processor.py:838} WARNING - No viable dags retrieved from /opt/airflow/dags/sensors/recent_external_task_sensor.py
[2025-07-15T19:26:28.825+0000] {processor.py:179} INFO - Processing /opt/airflow/dags/sensors/recent_external_task_sensor.py took 0.017 seconds
[2025-07-15T19:26:59.077+0000] {processor.py:157} INFO - Started process (PID=2431) to work on /opt/airflow/dags/sensors/recent_external_task_sensor.py
[2025-07-15T19:26:59.078+0000] {processor.py:826} INFO - Processing file /opt/airflow/dags/sensors/recent_external_task_sensor.py for tasks to queue
[2025-07-15T19:26:59.078+0000] {logging_mixin.py:150} INFO - [2025-07-15T19:26:59.078+0000] {dagbag.py:541} INFO - Filling up the DagBag from /opt/airflow/dags/sensors/recent_external_task_sensor.py
[2025-07-15T19:26:59.080+0000] {processor.py:838} WARNING - No viable dags retrieved from /opt/airflow/dags/sensors/recent_external_task_sensor.py
[2025-07-15T19:26:59.088+0000] {processor.py:179} INFO - Processing /opt/airflow/dags/sensors/recent_external_task_sensor.py took 0.013 seconds
[2025-07-15T19:27:29.381+0000] {processor.py:157} INFO - Started process (PID=2472) to work on /opt/airflow/dags/sensors/recent_external_task_sensor.py
[2025-07-15T19:27:29.382+0000] {processor.py:826} INFO - Processing file /opt/airflow/dags/sensors/recent_external_task_sensor.py for tasks to queue
[2025-07-15T19:27:29.383+0000] {logging_mixin.py:150} INFO - [2025-07-15T19:27:29.383+0000] {dagbag.py:541} INFO - Filling up the DagBag from /opt/airflow/dags/sensors/recent_external_task_sensor.py
[2025-07-15T19:27:29.389+0000] {processor.py:838} WARNING - No viable dags retrieved from /opt/airflow/dags/sensors/recent_external_task_sensor.py
[2025-07-15T19:27:29.399+0000] {processor.py:179} INFO - Processing /opt/airflow/dags/sensors/recent_external_task_sensor.py took 0.021 seconds
[2025-07-15T19:27:59.686+0000] {processor.py:157} INFO - Started process (PID=2519) to work on /opt/airflow/dags/sensors/recent_external_task_sensor.py
[2025-07-15T19:27:59.687+0000] {processor.py:826} INFO - Processing file /opt/airflow/dags/sensors/recent_external_task_sensor.py for tasks to queue
[2025-07-15T19:27:59.687+0000] {logging_mixin.py:150} INFO - [2025-07-15T19:27:59.687+0000] {dagbag.py:541} INFO - Filling up the DagBag from /opt/airflow/dags/sensors/recent_external_task_sensor.py
[2025-07-15T19:27:59.691+0000] {processor.py:838} WARNING - No viable dags retrieved from /opt/airflow/dags/sensors/recent_external_task_sensor.py
[2025-07-15T19:27:59.704+0000] {processor.py:179} INFO - Processing /opt/airflow/dags/sensors/recent_external_task_sensor.py took 0.023 seconds
[2025-07-15T19:28:30.044+0000] {processor.py:157} INFO - Started process (PID=2566) to work on /opt/airflow/dags/sensors/recent_external_task_sensor.py
[2025-07-15T19:28:30.045+0000] {processor.py:826} INFO - Processing file /opt/airflow/dags/sensors/recent_external_task_sensor.py for tasks to queue
[2025-07-15T19:28:30.046+0000] {logging_mixin.py:150} INFO - [2025-07-15T19:28:30.046+0000] {dagbag.py:541} INFO - Filling up the DagBag from /opt/airflow/dags/sensors/recent_external_task_sensor.py
[2025-07-15T19:28:30.050+0000] {processor.py:838} WARNING - No viable dags retrieved from /opt/airflow/dags/sensors/recent_external_task_sensor.py
[2025-07-15T19:28:30.061+0000] {processor.py:179} INFO - Processing /opt/airflow/dags/sensors/recent_external_task_sensor.py took 0.021 seconds
[2025-07-15T19:29:00.394+0000] {processor.py:157} INFO - Started process (PID=2613) to work on /opt/airflow/dags/sensors/recent_external_task_sensor.py
[2025-07-15T19:29:00.395+0000] {processor.py:826} INFO - Processing file /opt/airflow/dags/sensors/recent_external_task_sensor.py for tasks to queue
[2025-07-15T19:29:00.396+0000] {logging_mixin.py:150} INFO - [2025-07-15T19:29:00.396+0000] {dagbag.py:541} INFO - Filling up the DagBag from /opt/airflow/dags/sensors/recent_external_task_sensor.py
[2025-07-15T19:29:00.399+0000] {processor.py:838} WARNING - No viable dags retrieved from /opt/airflow/dags/sensors/recent_external_task_sensor.py
[2025-07-15T19:29:00.409+0000] {processor.py:179} INFO - Processing /opt/airflow/dags/sensors/recent_external_task_sensor.py took 0.017 seconds
[2025-07-15T19:29:30.742+0000] {processor.py:157} INFO - Started process (PID=2660) to work on /opt/airflow/dags/sensors/recent_external_task_sensor.py
[2025-07-15T19:29:30.743+0000] {processor.py:826} INFO - Processing file /opt/airflow/dags/sensors/recent_external_task_sensor.py for tasks to queue
[2025-07-15T19:29:30.744+0000] {logging_mixin.py:150} INFO - [2025-07-15T19:29:30.744+0000] {dagbag.py:541} INFO - Filling up the DagBag from /opt/airflow/dags/sensors/recent_external_task_sensor.py
[2025-07-15T19:29:30.747+0000] {processor.py:838} WARNING - No viable dags retrieved from /opt/airflow/dags/sensors/recent_external_task_sensor.py
[2025-07-15T19:29:30.760+0000] {processor.py:179} INFO - Processing /opt/airflow/dags/sensors/recent_external_task_sensor.py took 0.022 seconds
[2025-07-15T19:30:01.141+0000] {processor.py:157} INFO - Started process (PID=2698) to work on /opt/airflow/dags/sensors/recent_external_task_sensor.py
[2025-07-15T19:30:01.142+0000] {processor.py:826} INFO - Processing file /opt/airflow/dags/sensors/recent_external_task_sensor.py for tasks to queue
[2025-07-15T19:30:01.143+0000] {logging_mixin.py:150} INFO - [2025-07-15T19:30:01.143+0000] {dagbag.py:541} INFO - Filling up the DagBag from /opt/airflow/dags/sensors/recent_external_task_sensor.py
[2025-07-15T19:30:01.146+0000] {processor.py:838} WARNING - No viable dags retrieved from /opt/airflow/dags/sensors/recent_external_task_sensor.py
[2025-07-15T19:30:01.156+0000] {processor.py:179} INFO - Processing /opt/airflow/dags/sensors/recent_external_task_sensor.py took 0.018 seconds
[2025-07-15T19:30:31.534+0000] {processor.py:157} INFO - Started process (PID=2747) to work on /opt/airflow/dags/sensors/recent_external_task_sensor.py
[2025-07-15T19:30:31.536+0000] {processor.py:826} INFO - Processing file /opt/airflow/dags/sensors/recent_external_task_sensor.py for tasks to queue
[2025-07-15T19:30:31.538+0000] {logging_mixin.py:150} INFO - [2025-07-15T19:30:31.537+0000] {dagbag.py:541} INFO - Filling up the DagBag from /opt/airflow/dags/sensors/recent_external_task_sensor.py
[2025-07-15T19:30:31.542+0000] {processor.py:838} WARNING - No viable dags retrieved from /opt/airflow/dags/sensors/recent_external_task_sensor.py
[2025-07-15T19:30:31.551+0000] {processor.py:179} INFO - Processing /opt/airflow/dags/sensors/recent_external_task_sensor.py took 0.020 seconds
[2025-07-15T19:31:01.959+0000] {processor.py:157} INFO - Started process (PID=2793) to work on /opt/airflow/dags/sensors/recent_external_task_sensor.py
[2025-07-15T19:31:01.959+0000] {processor.py:826} INFO - Processing file /opt/airflow/dags/sensors/recent_external_task_sensor.py for tasks to queue
[2025-07-15T19:31:01.960+0000] {logging_mixin.py:150} INFO - [2025-07-15T19:31:01.960+0000] {dagbag.py:541} INFO - Filling up the DagBag from /opt/airflow/dags/sensors/recent_external_task_sensor.py
[2025-07-15T19:31:01.964+0000] {processor.py:838} WARNING - No viable dags retrieved from /opt/airflow/dags/sensors/recent_external_task_sensor.py
[2025-07-15T19:31:01.974+0000] {processor.py:179} INFO - Processing /opt/airflow/dags/sensors/recent_external_task_sensor.py took 0.019 seconds
[2025-07-15T19:31:32.371+0000] {processor.py:157} INFO - Started process (PID=2840) to work on /opt/airflow/dags/sensors/recent_external_task_sensor.py
[2025-07-15T19:31:32.372+0000] {processor.py:826} INFO - Processing file /opt/airflow/dags/sensors/recent_external_task_sensor.py for tasks to queue
[2025-07-15T19:31:32.373+0000] {logging_mixin.py:150} INFO - [2025-07-15T19:31:32.372+0000] {dagbag.py:541} INFO - Filling up the DagBag from /opt/airflow/dags/sensors/recent_external_task_sensor.py
[2025-07-15T19:31:32.376+0000] {processor.py:838} WARNING - No viable dags retrieved from /opt/airflow/dags/sensors/recent_external_task_sensor.py
[2025-07-15T19:31:32.387+0000] {processor.py:179} INFO - Processing /opt/airflow/dags/sensors/recent_external_task_sensor.py took 0.019 seconds
[2025-07-15T19:32:02.744+0000] {processor.py:157} INFO - Started process (PID=2887) to work on /opt/airflow/dags/sensors/recent_external_task_sensor.py
[2025-07-15T19:32:02.745+0000] {processor.py:826} INFO - Processing file /opt/airflow/dags/sensors/recent_external_task_sensor.py for tasks to queue
[2025-07-15T19:32:02.746+0000] {logging_mixin.py:150} INFO - [2025-07-15T19:32:02.746+0000] {dagbag.py:541} INFO - Filling up the DagBag from /opt/airflow/dags/sensors/recent_external_task_sensor.py
[2025-07-15T19:32:02.750+0000] {processor.py:838} WARNING - No viable dags retrieved from /opt/airflow/dags/sensors/recent_external_task_sensor.py
[2025-07-15T19:32:02.757+0000] {processor.py:179} INFO - Processing /opt/airflow/dags/sensors/recent_external_task_sensor.py took 0.014 seconds
[2025-07-15T19:32:33.123+0000] {processor.py:157} INFO - Started process (PID=2925) to work on /opt/airflow/dags/sensors/recent_external_task_sensor.py
[2025-07-15T19:32:33.124+0000] {processor.py:826} INFO - Processing file /opt/airflow/dags/sensors/recent_external_task_sensor.py for tasks to queue
[2025-07-15T19:32:33.125+0000] {logging_mixin.py:150} INFO - [2025-07-15T19:32:33.124+0000] {dagbag.py:541} INFO - Filling up the DagBag from /opt/airflow/dags/sensors/recent_external_task_sensor.py
[2025-07-15T19:32:33.128+0000] {processor.py:838} WARNING - No viable dags retrieved from /opt/airflow/dags/sensors/recent_external_task_sensor.py
[2025-07-15T19:32:33.138+0000] {processor.py:179} INFO - Processing /opt/airflow/dags/sensors/recent_external_task_sensor.py took 0.019 seconds
[2025-07-15T19:33:03.531+0000] {processor.py:157} INFO - Started process (PID=2975) to work on /opt/airflow/dags/sensors/recent_external_task_sensor.py
[2025-07-15T19:33:03.532+0000] {processor.py:826} INFO - Processing file /opt/airflow/dags/sensors/recent_external_task_sensor.py for tasks to queue
[2025-07-15T19:33:03.532+0000] {logging_mixin.py:150} INFO - [2025-07-15T19:33:03.532+0000] {dagbag.py:541} INFO - Filling up the DagBag from /opt/airflow/dags/sensors/recent_external_task_sensor.py
[2025-07-15T19:33:03.536+0000] {processor.py:838} WARNING - No viable dags retrieved from /opt/airflow/dags/sensors/recent_external_task_sensor.py
[2025-07-15T19:33:03.546+0000] {processor.py:179} INFO - Processing /opt/airflow/dags/sensors/recent_external_task_sensor.py took 0.018 seconds
[2025-07-15T19:33:33.904+0000] {processor.py:157} INFO - Started process (PID=3022) to work on /opt/airflow/dags/sensors/recent_external_task_sensor.py
[2025-07-15T19:33:33.905+0000] {processor.py:826} INFO - Processing file /opt/airflow/dags/sensors/recent_external_task_sensor.py for tasks to queue
[2025-07-15T19:33:33.905+0000] {logging_mixin.py:150} INFO - [2025-07-15T19:33:33.905+0000] {dagbag.py:541} INFO - Filling up the DagBag from /opt/airflow/dags/sensors/recent_external_task_sensor.py
[2025-07-15T19:33:33.909+0000] {processor.py:838} WARNING - No viable dags retrieved from /opt/airflow/dags/sensors/recent_external_task_sensor.py
[2025-07-15T19:33:33.919+0000] {processor.py:179} INFO - Processing /opt/airflow/dags/sensors/recent_external_task_sensor.py took 0.018 seconds
[2025-07-15T19:34:04.335+0000] {processor.py:157} INFO - Started process (PID=3072) to work on /opt/airflow/dags/sensors/recent_external_task_sensor.py
[2025-07-15T19:34:04.336+0000] {processor.py:826} INFO - Processing file /opt/airflow/dags/sensors/recent_external_task_sensor.py for tasks to queue
[2025-07-15T19:34:04.336+0000] {logging_mixin.py:150} INFO - [2025-07-15T19:34:04.336+0000] {dagbag.py:541} INFO - Filling up the DagBag from /opt/airflow/dags/sensors/recent_external_task_sensor.py
[2025-07-15T19:34:04.338+0000] {processor.py:838} WARNING - No viable dags retrieved from /opt/airflow/dags/sensors/recent_external_task_sensor.py
[2025-07-15T19:34:04.346+0000] {processor.py:179} INFO - Processing /opt/airflow/dags/sensors/recent_external_task_sensor.py took 0.012 seconds
[2025-07-15T19:34:34.793+0000] {processor.py:157} INFO - Started process (PID=3110) to work on /opt/airflow/dags/sensors/recent_external_task_sensor.py
[2025-07-15T19:34:34.794+0000] {processor.py:826} INFO - Processing file /opt/airflow/dags/sensors/recent_external_task_sensor.py for tasks to queue
[2025-07-15T19:34:34.795+0000] {logging_mixin.py:150} INFO - [2025-07-15T19:34:34.794+0000] {dagbag.py:541} INFO - Filling up the DagBag from /opt/airflow/dags/sensors/recent_external_task_sensor.py
[2025-07-15T19:34:34.798+0000] {processor.py:838} WARNING - No viable dags retrieved from /opt/airflow/dags/sensors/recent_external_task_sensor.py
[2025-07-15T19:34:34.809+0000] {processor.py:179} INFO - Processing /opt/airflow/dags/sensors/recent_external_task_sensor.py took 0.019 seconds
[2025-07-15T19:35:05.192+0000] {processor.py:157} INFO - Started process (PID=3156) to work on /opt/airflow/dags/sensors/recent_external_task_sensor.py
[2025-07-15T19:35:05.193+0000] {processor.py:826} INFO - Processing file /opt/airflow/dags/sensors/recent_external_task_sensor.py for tasks to queue
[2025-07-15T19:35:05.194+0000] {logging_mixin.py:150} INFO - [2025-07-15T19:35:05.193+0000] {dagbag.py:541} INFO - Filling up the DagBag from /opt/airflow/dags/sensors/recent_external_task_sensor.py
[2025-07-15T19:35:05.197+0000] {processor.py:838} WARNING - No viable dags retrieved from /opt/airflow/dags/sensors/recent_external_task_sensor.py
[2025-07-15T19:35:05.207+0000] {processor.py:179} INFO - Processing /opt/airflow/dags/sensors/recent_external_task_sensor.py took 0.018 seconds
[2025-07-15T19:35:35.580+0000] {processor.py:157} INFO - Started process (PID=3206) to work on /opt/airflow/dags/sensors/recent_external_task_sensor.py
[2025-07-15T19:35:35.581+0000] {processor.py:826} INFO - Processing file /opt/airflow/dags/sensors/recent_external_task_sensor.py for tasks to queue
[2025-07-15T19:35:35.582+0000] {logging_mixin.py:150} INFO - [2025-07-15T19:35:35.582+0000] {dagbag.py:541} INFO - Filling up the DagBag from /opt/airflow/dags/sensors/recent_external_task_sensor.py
[2025-07-15T19:35:35.585+0000] {processor.py:838} WARNING - No viable dags retrieved from /opt/airflow/dags/sensors/recent_external_task_sensor.py
[2025-07-15T19:35:35.596+0000] {processor.py:179} INFO - Processing /opt/airflow/dags/sensors/recent_external_task_sensor.py took 0.020 seconds
[2025-07-15T19:36:05.963+0000] {processor.py:157} INFO - Started process (PID=3256) to work on /opt/airflow/dags/sensors/recent_external_task_sensor.py
[2025-07-15T19:36:05.964+0000] {processor.py:826} INFO - Processing file /opt/airflow/dags/sensors/recent_external_task_sensor.py for tasks to queue
[2025-07-15T19:36:05.964+0000] {logging_mixin.py:150} INFO - [2025-07-15T19:36:05.964+0000] {dagbag.py:541} INFO - Filling up the DagBag from /opt/airflow/dags/sensors/recent_external_task_sensor.py
[2025-07-15T19:36:05.967+0000] {processor.py:838} WARNING - No viable dags retrieved from /opt/airflow/dags/sensors/recent_external_task_sensor.py
[2025-07-15T19:36:05.976+0000] {processor.py:179} INFO - Processing /opt/airflow/dags/sensors/recent_external_task_sensor.py took 0.016 seconds
[2025-07-15T19:36:36.309+0000] {processor.py:157} INFO - Started process (PID=3298) to work on /opt/airflow/dags/sensors/recent_external_task_sensor.py
[2025-07-15T19:36:36.310+0000] {processor.py:826} INFO - Processing file /opt/airflow/dags/sensors/recent_external_task_sensor.py for tasks to queue
[2025-07-15T19:36:36.311+0000] {logging_mixin.py:150} INFO - [2025-07-15T19:36:36.310+0000] {dagbag.py:541} INFO - Filling up the DagBag from /opt/airflow/dags/sensors/recent_external_task_sensor.py
[2025-07-15T19:36:36.313+0000] {processor.py:838} WARNING - No viable dags retrieved from /opt/airflow/dags/sensors/recent_external_task_sensor.py
[2025-07-15T19:36:36.322+0000] {processor.py:179} INFO - Processing /opt/airflow/dags/sensors/recent_external_task_sensor.py took 0.015 seconds
[2025-07-15T19:37:06.603+0000] {processor.py:157} INFO - Started process (PID=3349) to work on /opt/airflow/dags/sensors/recent_external_task_sensor.py
[2025-07-15T19:37:06.603+0000] {processor.py:826} INFO - Processing file /opt/airflow/dags/sensors/recent_external_task_sensor.py for tasks to queue
[2025-07-15T19:37:06.604+0000] {logging_mixin.py:150} INFO - [2025-07-15T19:37:06.604+0000] {dagbag.py:541} INFO - Filling up the DagBag from /opt/airflow/dags/sensors/recent_external_task_sensor.py
[2025-07-15T19:37:06.606+0000] {processor.py:838} WARNING - No viable dags retrieved from /opt/airflow/dags/sensors/recent_external_task_sensor.py
[2025-07-15T19:37:06.613+0000] {processor.py:179} INFO - Processing /opt/airflow/dags/sensors/recent_external_task_sensor.py took 0.012 seconds
[2025-07-15T19:37:36.926+0000] {processor.py:157} INFO - Started process (PID=3400) to work on /opt/airflow/dags/sensors/recent_external_task_sensor.py
[2025-07-15T19:37:36.927+0000] {processor.py:826} INFO - Processing file /opt/airflow/dags/sensors/recent_external_task_sensor.py for tasks to queue
[2025-07-15T19:37:36.927+0000] {logging_mixin.py:150} INFO - [2025-07-15T19:37:36.927+0000] {dagbag.py:541} INFO - Filling up the DagBag from /opt/airflow/dags/sensors/recent_external_task_sensor.py
[2025-07-15T19:37:36.930+0000] {processor.py:838} WARNING - No viable dags retrieved from /opt/airflow/dags/sensors/recent_external_task_sensor.py
[2025-07-15T19:37:36.938+0000] {processor.py:179} INFO - Processing /opt/airflow/dags/sensors/recent_external_task_sensor.py took 0.014 seconds
[2025-07-15T19:38:07.291+0000] {processor.py:157} INFO - Started process (PID=3451) to work on /opt/airflow/dags/sensors/recent_external_task_sensor.py
[2025-07-15T19:38:07.292+0000] {processor.py:826} INFO - Processing file /opt/airflow/dags/sensors/recent_external_task_sensor.py for tasks to queue
[2025-07-15T19:38:07.293+0000] {logging_mixin.py:150} INFO - [2025-07-15T19:38:07.292+0000] {dagbag.py:541} INFO - Filling up the DagBag from /opt/airflow/dags/sensors/recent_external_task_sensor.py
[2025-07-15T19:38:07.295+0000] {processor.py:838} WARNING - No viable dags retrieved from /opt/airflow/dags/sensors/recent_external_task_sensor.py
[2025-07-15T19:38:07.307+0000] {processor.py:179} INFO - Processing /opt/airflow/dags/sensors/recent_external_task_sensor.py took 0.018 seconds
[2025-07-15T19:38:37.622+0000] {processor.py:157} INFO - Started process (PID=3493) to work on /opt/airflow/dags/sensors/recent_external_task_sensor.py
[2025-07-15T19:38:37.623+0000] {processor.py:826} INFO - Processing file /opt/airflow/dags/sensors/recent_external_task_sensor.py for tasks to queue
[2025-07-15T19:38:37.623+0000] {logging_mixin.py:150} INFO - [2025-07-15T19:38:37.623+0000] {dagbag.py:541} INFO - Filling up the DagBag from /opt/airflow/dags/sensors/recent_external_task_sensor.py
[2025-07-15T19:38:37.626+0000] {processor.py:838} WARNING - No viable dags retrieved from /opt/airflow/dags/sensors/recent_external_task_sensor.py
[2025-07-15T19:38:37.633+0000] {processor.py:179} INFO - Processing /opt/airflow/dags/sensors/recent_external_task_sensor.py took 0.013 seconds
[2025-07-15T19:39:07.897+0000] {processor.py:157} INFO - Started process (PID=3548) to work on /opt/airflow/dags/sensors/recent_external_task_sensor.py
[2025-07-15T19:39:07.898+0000] {processor.py:826} INFO - Processing file /opt/airflow/dags/sensors/recent_external_task_sensor.py for tasks to queue
[2025-07-15T19:39:07.899+0000] {logging_mixin.py:150} INFO - [2025-07-15T19:39:07.898+0000] {dagbag.py:541} INFO - Filling up the DagBag from /opt/airflow/dags/sensors/recent_external_task_sensor.py
[2025-07-15T19:39:07.902+0000] {processor.py:838} WARNING - No viable dags retrieved from /opt/airflow/dags/sensors/recent_external_task_sensor.py
[2025-07-15T19:39:07.914+0000] {processor.py:179} INFO - Processing /opt/airflow/dags/sensors/recent_external_task_sensor.py took 0.022 seconds
[2025-07-15T19:39:38.241+0000] {processor.py:157} INFO - Started process (PID=3599) to work on /opt/airflow/dags/sensors/recent_external_task_sensor.py
[2025-07-15T19:39:38.242+0000] {processor.py:826} INFO - Processing file /opt/airflow/dags/sensors/recent_external_task_sensor.py for tasks to queue
[2025-07-15T19:39:38.243+0000] {logging_mixin.py:150} INFO - [2025-07-15T19:39:38.243+0000] {dagbag.py:541} INFO - Filling up the DagBag from /opt/airflow/dags/sensors/recent_external_task_sensor.py
[2025-07-15T19:39:38.247+0000] {processor.py:838} WARNING - No viable dags retrieved from /opt/airflow/dags/sensors/recent_external_task_sensor.py
[2025-07-15T19:39:38.258+0000] {processor.py:179} INFO - Processing /opt/airflow/dags/sensors/recent_external_task_sensor.py took 0.020 seconds
[2025-07-15T19:40:08.604+0000] {processor.py:157} INFO - Started process (PID=3658) to work on /opt/airflow/dags/sensors/recent_external_task_sensor.py
[2025-07-15T19:40:08.605+0000] {processor.py:826} INFO - Processing file /opt/airflow/dags/sensors/recent_external_task_sensor.py for tasks to queue
[2025-07-15T19:40:08.605+0000] {logging_mixin.py:150} INFO - [2025-07-15T19:40:08.605+0000] {dagbag.py:541} INFO - Filling up the DagBag from /opt/airflow/dags/sensors/recent_external_task_sensor.py
[2025-07-15T19:40:08.609+0000] {processor.py:838} WARNING - No viable dags retrieved from /opt/airflow/dags/sensors/recent_external_task_sensor.py
[2025-07-15T19:40:08.622+0000] {processor.py:179} INFO - Processing /opt/airflow/dags/sensors/recent_external_task_sensor.py took 0.022 seconds
[2025-07-15T19:40:38.944+0000] {processor.py:157} INFO - Started process (PID=3704) to work on /opt/airflow/dags/sensors/recent_external_task_sensor.py
[2025-07-15T19:40:38.945+0000] {processor.py:826} INFO - Processing file /opt/airflow/dags/sensors/recent_external_task_sensor.py for tasks to queue
[2025-07-15T19:40:38.946+0000] {logging_mixin.py:150} INFO - [2025-07-15T19:40:38.946+0000] {dagbag.py:541} INFO - Filling up the DagBag from /opt/airflow/dags/sensors/recent_external_task_sensor.py
[2025-07-15T19:40:38.950+0000] {processor.py:838} WARNING - No viable dags retrieved from /opt/airflow/dags/sensors/recent_external_task_sensor.py
[2025-07-15T19:40:38.961+0000] {processor.py:179} INFO - Processing /opt/airflow/dags/sensors/recent_external_task_sensor.py took 0.021 seconds
[2025-07-15T19:41:09.265+0000] {processor.py:157} INFO - Started process (PID=3753) to work on /opt/airflow/dags/sensors/recent_external_task_sensor.py
[2025-07-15T19:41:09.266+0000] {processor.py:826} INFO - Processing file /opt/airflow/dags/sensors/recent_external_task_sensor.py for tasks to queue
[2025-07-15T19:41:09.266+0000] {logging_mixin.py:150} INFO - [2025-07-15T19:41:09.266+0000] {dagbag.py:541} INFO - Filling up the DagBag from /opt/airflow/dags/sensors/recent_external_task_sensor.py
[2025-07-15T19:41:09.270+0000] {processor.py:838} WARNING - No viable dags retrieved from /opt/airflow/dags/sensors/recent_external_task_sensor.py
[2025-07-15T19:41:09.280+0000] {processor.py:179} INFO - Processing /opt/airflow/dags/sensors/recent_external_task_sensor.py took 0.019 seconds
[2025-07-15T19:41:39.612+0000] {processor.py:157} INFO - Started process (PID=3815) to work on /opt/airflow/dags/sensors/recent_external_task_sensor.py
[2025-07-15T19:41:39.613+0000] {processor.py:826} INFO - Processing file /opt/airflow/dags/sensors/recent_external_task_sensor.py for tasks to queue
[2025-07-15T19:41:39.614+0000] {logging_mixin.py:150} INFO - [2025-07-15T19:41:39.613+0000] {dagbag.py:541} INFO - Filling up the DagBag from /opt/airflow/dags/sensors/recent_external_task_sensor.py
[2025-07-15T19:41:39.618+0000] {processor.py:838} WARNING - No viable dags retrieved from /opt/airflow/dags/sensors/recent_external_task_sensor.py
[2025-07-15T19:41:39.629+0000] {processor.py:179} INFO - Processing /opt/airflow/dags/sensors/recent_external_task_sensor.py took 0.021 seconds
[2025-07-15T19:42:09.940+0000] {processor.py:157} INFO - Started process (PID=3869) to work on /opt/airflow/dags/sensors/recent_external_task_sensor.py
[2025-07-15T19:42:09.941+0000] {processor.py:826} INFO - Processing file /opt/airflow/dags/sensors/recent_external_task_sensor.py for tasks to queue
[2025-07-15T19:42:09.942+0000] {logging_mixin.py:150} INFO - [2025-07-15T19:42:09.942+0000] {dagbag.py:541} INFO - Filling up the DagBag from /opt/airflow/dags/sensors/recent_external_task_sensor.py
[2025-07-15T19:42:09.946+0000] {processor.py:838} WARNING - No viable dags retrieved from /opt/airflow/dags/sensors/recent_external_task_sensor.py
[2025-07-15T19:42:09.958+0000] {processor.py:179} INFO - Processing /opt/airflow/dags/sensors/recent_external_task_sensor.py took 0.021 seconds
[2025-07-15T19:42:40.308+0000] {processor.py:157} INFO - Started process (PID=3921) to work on /opt/airflow/dags/sensors/recent_external_task_sensor.py
[2025-07-15T19:42:40.309+0000] {processor.py:826} INFO - Processing file /opt/airflow/dags/sensors/recent_external_task_sensor.py for tasks to queue
[2025-07-15T19:42:40.310+0000] {logging_mixin.py:150} INFO - [2025-07-15T19:42:40.310+0000] {dagbag.py:541} INFO - Filling up the DagBag from /opt/airflow/dags/sensors/recent_external_task_sensor.py
[2025-07-15T19:42:40.313+0000] {processor.py:838} WARNING - No viable dags retrieved from /opt/airflow/dags/sensors/recent_external_task_sensor.py
[2025-07-15T19:42:40.325+0000] {processor.py:179} INFO - Processing /opt/airflow/dags/sensors/recent_external_task_sensor.py took 0.021 seconds
[2025-07-15T19:43:10.661+0000] {processor.py:157} INFO - Started process (PID=3978) to work on /opt/airflow/dags/sensors/recent_external_task_sensor.py
[2025-07-15T19:43:10.662+0000] {processor.py:826} INFO - Processing file /opt/airflow/dags/sensors/recent_external_task_sensor.py for tasks to queue
[2025-07-15T19:43:10.663+0000] {logging_mixin.py:150} INFO - [2025-07-15T19:43:10.663+0000] {dagbag.py:541} INFO - Filling up the DagBag from /opt/airflow/dags/sensors/recent_external_task_sensor.py
[2025-07-15T19:43:10.670+0000] {processor.py:838} WARNING - No viable dags retrieved from /opt/airflow/dags/sensors/recent_external_task_sensor.py
[2025-07-15T19:43:10.681+0000] {processor.py:179} INFO - Processing /opt/airflow/dags/sensors/recent_external_task_sensor.py took 0.023 seconds
[2025-07-15T19:43:40.985+0000] {processor.py:157} INFO - Started process (PID=4040) to work on /opt/airflow/dags/sensors/recent_external_task_sensor.py
[2025-07-15T19:43:40.986+0000] {processor.py:826} INFO - Processing file /opt/airflow/dags/sensors/recent_external_task_sensor.py for tasks to queue
[2025-07-15T19:43:40.986+0000] {logging_mixin.py:150} INFO - [2025-07-15T19:43:40.986+0000] {dagbag.py:541} INFO - Filling up the DagBag from /opt/airflow/dags/sensors/recent_external_task_sensor.py
[2025-07-15T19:43:40.990+0000] {processor.py:838} WARNING - No viable dags retrieved from /opt/airflow/dags/sensors/recent_external_task_sensor.py
[2025-07-15T19:43:41.002+0000] {processor.py:179} INFO - Processing /opt/airflow/dags/sensors/recent_external_task_sensor.py took 0.021 seconds
[2025-07-15T19:44:11.347+0000] {processor.py:157} INFO - Started process (PID=4088) to work on /opt/airflow/dags/sensors/recent_external_task_sensor.py
[2025-07-15T19:44:11.348+0000] {processor.py:826} INFO - Processing file /opt/airflow/dags/sensors/recent_external_task_sensor.py for tasks to queue
[2025-07-15T19:44:11.349+0000] {logging_mixin.py:150} INFO - [2025-07-15T19:44:11.349+0000] {dagbag.py:541} INFO - Filling up the DagBag from /opt/airflow/dags/sensors/recent_external_task_sensor.py
[2025-07-15T19:44:11.353+0000] {processor.py:838} WARNING - No viable dags retrieved from /opt/airflow/dags/sensors/recent_external_task_sensor.py
[2025-07-15T19:44:11.364+0000] {processor.py:179} INFO - Processing /opt/airflow/dags/sensors/recent_external_task_sensor.py took 0.021 seconds
[2025-07-15T19:44:41.708+0000] {processor.py:157} INFO - Started process (PID=4141) to work on /opt/airflow/dags/sensors/recent_external_task_sensor.py
[2025-07-15T19:44:41.709+0000] {processor.py:826} INFO - Processing file /opt/airflow/dags/sensors/recent_external_task_sensor.py for tasks to queue
[2025-07-15T19:44:41.709+0000] {logging_mixin.py:150} INFO - [2025-07-15T19:44:41.709+0000] {dagbag.py:541} INFO - Filling up the DagBag from /opt/airflow/dags/sensors/recent_external_task_sensor.py
[2025-07-15T19:44:41.713+0000] {processor.py:838} WARNING - No viable dags retrieved from /opt/airflow/dags/sensors/recent_external_task_sensor.py
[2025-07-15T19:44:41.725+0000] {processor.py:179} INFO - Processing /opt/airflow/dags/sensors/recent_external_task_sensor.py took 0.022 seconds
[2025-07-15T19:45:12.053+0000] {processor.py:157} INFO - Started process (PID=4189) to work on /opt/airflow/dags/sensors/recent_external_task_sensor.py
[2025-07-15T19:45:12.054+0000] {processor.py:826} INFO - Processing file /opt/airflow/dags/sensors/recent_external_task_sensor.py for tasks to queue
[2025-07-15T19:45:12.055+0000] {logging_mixin.py:150} INFO - [2025-07-15T19:45:12.055+0000] {dagbag.py:541} INFO - Filling up the DagBag from /opt/airflow/dags/sensors/recent_external_task_sensor.py
[2025-07-15T19:45:12.058+0000] {processor.py:838} WARNING - No viable dags retrieved from /opt/airflow/dags/sensors/recent_external_task_sensor.py
[2025-07-15T19:45:12.069+0000] {processor.py:179} INFO - Processing /opt/airflow/dags/sensors/recent_external_task_sensor.py took 0.020 seconds
[2025-07-15T19:45:42.356+0000] {processor.py:157} INFO - Started process (PID=4250) to work on /opt/airflow/dags/sensors/recent_external_task_sensor.py
[2025-07-15T19:45:42.357+0000] {processor.py:826} INFO - Processing file /opt/airflow/dags/sensors/recent_external_task_sensor.py for tasks to queue
[2025-07-15T19:45:42.358+0000] {logging_mixin.py:150} INFO - [2025-07-15T19:45:42.358+0000] {dagbag.py:541} INFO - Filling up the DagBag from /opt/airflow/dags/sensors/recent_external_task_sensor.py
[2025-07-15T19:45:42.360+0000] {processor.py:838} WARNING - No viable dags retrieved from /opt/airflow/dags/sensors/recent_external_task_sensor.py
[2025-07-15T19:45:42.369+0000] {processor.py:179} INFO - Processing /opt/airflow/dags/sensors/recent_external_task_sensor.py took 0.015 seconds
[2025-07-15T19:46:12.644+0000] {processor.py:157} INFO - Started process (PID=4305) to work on /opt/airflow/dags/sensors/recent_external_task_sensor.py
[2025-07-15T19:46:12.645+0000] {processor.py:826} INFO - Processing file /opt/airflow/dags/sensors/recent_external_task_sensor.py for tasks to queue
[2025-07-15T19:46:12.645+0000] {logging_mixin.py:150} INFO - [2025-07-15T19:46:12.645+0000] {dagbag.py:541} INFO - Filling up the DagBag from /opt/airflow/dags/sensors/recent_external_task_sensor.py
[2025-07-15T19:46:12.648+0000] {processor.py:838} WARNING - No viable dags retrieved from /opt/airflow/dags/sensors/recent_external_task_sensor.py
[2025-07-15T19:46:12.656+0000] {processor.py:179} INFO - Processing /opt/airflow/dags/sensors/recent_external_task_sensor.py took 0.015 seconds
[2025-07-15T19:46:42.965+0000] {processor.py:157} INFO - Started process (PID=4360) to work on /opt/airflow/dags/sensors/recent_external_task_sensor.py
[2025-07-15T19:46:42.966+0000] {processor.py:826} INFO - Processing file /opt/airflow/dags/sensors/recent_external_task_sensor.py for tasks to queue
[2025-07-15T19:46:42.967+0000] {logging_mixin.py:150} INFO - [2025-07-15T19:46:42.967+0000] {dagbag.py:541} INFO - Filling up the DagBag from /opt/airflow/dags/sensors/recent_external_task_sensor.py
[2025-07-15T19:46:42.971+0000] {processor.py:838} WARNING - No viable dags retrieved from /opt/airflow/dags/sensors/recent_external_task_sensor.py
[2025-07-15T19:46:42.983+0000] {processor.py:179} INFO - Processing /opt/airflow/dags/sensors/recent_external_task_sensor.py took 0.022 seconds
[2025-07-15T19:47:13.319+0000] {processor.py:157} INFO - Started process (PID=4406) to work on /opt/airflow/dags/sensors/recent_external_task_sensor.py
[2025-07-15T19:47:13.320+0000] {processor.py:826} INFO - Processing file /opt/airflow/dags/sensors/recent_external_task_sensor.py for tasks to queue
[2025-07-15T19:47:13.321+0000] {logging_mixin.py:150} INFO - [2025-07-15T19:47:13.321+0000] {dagbag.py:541} INFO - Filling up the DagBag from /opt/airflow/dags/sensors/recent_external_task_sensor.py
[2025-07-15T19:47:13.324+0000] {processor.py:838} WARNING - No viable dags retrieved from /opt/airflow/dags/sensors/recent_external_task_sensor.py
[2025-07-15T19:47:13.333+0000] {processor.py:179} INFO - Processing /opt/airflow/dags/sensors/recent_external_task_sensor.py took 0.017 seconds
[2025-07-15T19:47:43.666+0000] {processor.py:157} INFO - Started process (PID=4479) to work on /opt/airflow/dags/sensors/recent_external_task_sensor.py
[2025-07-15T19:47:43.667+0000] {processor.py:826} INFO - Processing file /opt/airflow/dags/sensors/recent_external_task_sensor.py for tasks to queue
[2025-07-15T19:47:43.667+0000] {logging_mixin.py:150} INFO - [2025-07-15T19:47:43.667+0000] {dagbag.py:541} INFO - Filling up the DagBag from /opt/airflow/dags/sensors/recent_external_task_sensor.py
[2025-07-15T19:47:43.671+0000] {processor.py:838} WARNING - No viable dags retrieved from /opt/airflow/dags/sensors/recent_external_task_sensor.py
[2025-07-15T19:47:43.682+0000] {processor.py:179} INFO - Processing /opt/airflow/dags/sensors/recent_external_task_sensor.py took 0.021 seconds
[2025-07-15T19:48:14.030+0000] {processor.py:157} INFO - Started process (PID=4526) to work on /opt/airflow/dags/sensors/recent_external_task_sensor.py
[2025-07-15T19:48:14.031+0000] {processor.py:826} INFO - Processing file /opt/airflow/dags/sensors/recent_external_task_sensor.py for tasks to queue
[2025-07-15T19:48:14.034+0000] {logging_mixin.py:150} INFO - [2025-07-15T19:48:14.033+0000] {dagbag.py:541} INFO - Filling up the DagBag from /opt/airflow/dags/sensors/recent_external_task_sensor.py
[2025-07-15T19:48:14.037+0000] {processor.py:838} WARNING - No viable dags retrieved from /opt/airflow/dags/sensors/recent_external_task_sensor.py
[2025-07-15T19:48:14.048+0000] {processor.py:179} INFO - Processing /opt/airflow/dags/sensors/recent_external_task_sensor.py took 0.021 seconds
[2025-07-15T19:48:44.362+0000] {processor.py:157} INFO - Started process (PID=4590) to work on /opt/airflow/dags/sensors/recent_external_task_sensor.py
[2025-07-15T19:48:44.363+0000] {processor.py:826} INFO - Processing file /opt/airflow/dags/sensors/recent_external_task_sensor.py for tasks to queue
[2025-07-15T19:48:44.364+0000] {logging_mixin.py:150} INFO - [2025-07-15T19:48:44.364+0000] {dagbag.py:541} INFO - Filling up the DagBag from /opt/airflow/dags/sensors/recent_external_task_sensor.py
[2025-07-15T19:48:44.368+0000] {processor.py:838} WARNING - No viable dags retrieved from /opt/airflow/dags/sensors/recent_external_task_sensor.py
[2025-07-15T19:48:44.376+0000] {processor.py:179} INFO - Processing /opt/airflow/dags/sensors/recent_external_task_sensor.py took 0.016 seconds
[2025-07-15T19:48:52.482+0000] {processor.py:157} INFO - Started process (PID=4617) to work on /opt/airflow/dags/sensors/recent_external_task_sensor.py
[2025-07-15T19:48:52.483+0000] {processor.py:826} INFO - Processing file /opt/airflow/dags/sensors/recent_external_task_sensor.py for tasks to queue
[2025-07-15T19:48:52.483+0000] {logging_mixin.py:150} INFO - [2025-07-15T19:48:52.483+0000] {dagbag.py:541} INFO - Filling up the DagBag from /opt/airflow/dags/sensors/recent_external_task_sensor.py
[2025-07-15T19:48:52.490+0000] {logging_mixin.py:150} INFO - [2025-07-15T19:48:52.489+0000] {dagbag.py:350} ERROR - Failed to import: /opt/airflow/dags/sensors/recent_external_task_sensor.py
Traceback (most recent call last):
  File "/home/airflow/.local/lib/python3.7/site-packages/airflow/models/dagbag.py", line 346, in parse
    loader.exec_module(new_module)
  File "<frozen importlib._bootstrap_external>", line 724, in exec_module
  File "<frozen importlib._bootstrap_external>", line 860, in get_code
  File "<frozen importlib._bootstrap_external>", line 791, in source_to_code
  File "<frozen importlib._bootstrap>", line 219, in _call_with_frames_removed
  File "/opt/airflow/dags/sensors/recent_external_task_sensor.py", line 25
    lookback_hours: timedelta = ,
                                ^
SyntaxError: invalid syntax
[2025-07-15T19:48:52.490+0000] {processor.py:838} WARNING - No viable dags retrieved from /opt/airflow/dags/sensors/recent_external_task_sensor.py
[2025-07-15T19:48:52.502+0000] {processor.py:179} INFO - Processing /opt/airflow/dags/sensors/recent_external_task_sensor.py took 0.023 seconds
[2025-07-15T19:48:58.550+0000] {processor.py:157} INFO - Started process (PID=4645) to work on /opt/airflow/dags/sensors/recent_external_task_sensor.py
[2025-07-15T19:48:58.551+0000] {processor.py:826} INFO - Processing file /opt/airflow/dags/sensors/recent_external_task_sensor.py for tasks to queue
[2025-07-15T19:48:58.551+0000] {logging_mixin.py:150} INFO - [2025-07-15T19:48:58.551+0000] {dagbag.py:541} INFO - Filling up the DagBag from /opt/airflow/dags/sensors/recent_external_task_sensor.py
[2025-07-15T19:48:58.555+0000] {processor.py:838} WARNING - No viable dags retrieved from /opt/airflow/dags/sensors/recent_external_task_sensor.py
[2025-07-15T19:48:58.562+0000] {processor.py:179} INFO - Processing /opt/airflow/dags/sensors/recent_external_task_sensor.py took 0.014 seconds
[2025-07-15T19:49:28.855+0000] {processor.py:157} INFO - Started process (PID=4684) to work on /opt/airflow/dags/sensors/recent_external_task_sensor.py
[2025-07-15T19:49:28.855+0000] {processor.py:826} INFO - Processing file /opt/airflow/dags/sensors/recent_external_task_sensor.py for tasks to queue
[2025-07-15T19:49:28.855+0000] {logging_mixin.py:150} INFO - [2025-07-15T19:49:28.855+0000] {dagbag.py:541} INFO - Filling up the DagBag from /opt/airflow/dags/sensors/recent_external_task_sensor.py
[2025-07-15T19:49:28.857+0000] {processor.py:838} WARNING - No viable dags retrieved from /opt/airflow/dags/sensors/recent_external_task_sensor.py
[2025-07-15T19:49:28.864+0000] {processor.py:179} INFO - Processing /opt/airflow/dags/sensors/recent_external_task_sensor.py took 0.012 seconds
[2025-07-15T19:49:59.243+0000] {processor.py:157} INFO - Started process (PID=4770) to work on /opt/airflow/dags/sensors/recent_external_task_sensor.py
[2025-07-15T19:49:59.244+0000] {processor.py:826} INFO - Processing file /opt/airflow/dags/sensors/recent_external_task_sensor.py for tasks to queue
[2025-07-15T19:49:59.244+0000] {logging_mixin.py:150} INFO - [2025-07-15T19:49:59.244+0000] {dagbag.py:541} INFO - Filling up the DagBag from /opt/airflow/dags/sensors/recent_external_task_sensor.py
[2025-07-15T19:49:59.248+0000] {processor.py:838} WARNING - No viable dags retrieved from /opt/airflow/dags/sensors/recent_external_task_sensor.py
[2025-07-15T19:49:59.258+0000] {processor.py:179} INFO - Processing /opt/airflow/dags/sensors/recent_external_task_sensor.py took 0.020 seconds
[2025-07-15T19:50:29.621+0000] {processor.py:157} INFO - Started process (PID=4822) to work on /opt/airflow/dags/sensors/recent_external_task_sensor.py
[2025-07-15T19:50:29.622+0000] {processor.py:826} INFO - Processing file /opt/airflow/dags/sensors/recent_external_task_sensor.py for tasks to queue
[2025-07-15T19:50:29.622+0000] {logging_mixin.py:150} INFO - [2025-07-15T19:50:29.622+0000] {dagbag.py:541} INFO - Filling up the DagBag from /opt/airflow/dags/sensors/recent_external_task_sensor.py
[2025-07-15T19:50:29.626+0000] {processor.py:838} WARNING - No viable dags retrieved from /opt/airflow/dags/sensors/recent_external_task_sensor.py
[2025-07-15T19:50:29.636+0000] {processor.py:179} INFO - Processing /opt/airflow/dags/sensors/recent_external_task_sensor.py took 0.019 seconds
[2025-07-15T19:50:59.950+0000] {processor.py:157} INFO - Started process (PID=4900) to work on /opt/airflow/dags/sensors/recent_external_task_sensor.py
[2025-07-15T19:50:59.951+0000] {processor.py:826} INFO - Processing file /opt/airflow/dags/sensors/recent_external_task_sensor.py for tasks to queue
[2025-07-15T19:50:59.951+0000] {logging_mixin.py:150} INFO - [2025-07-15T19:50:59.951+0000] {dagbag.py:541} INFO - Filling up the DagBag from /opt/airflow/dags/sensors/recent_external_task_sensor.py
[2025-07-15T19:50:59.955+0000] {processor.py:838} WARNING - No viable dags retrieved from /opt/airflow/dags/sensors/recent_external_task_sensor.py
[2025-07-15T19:50:59.966+0000] {processor.py:179} INFO - Processing /opt/airflow/dags/sensors/recent_external_task_sensor.py took 0.020 seconds
[2025-07-15T19:51:30.317+0000] {processor.py:157} INFO - Started process (PID=4938) to work on /opt/airflow/dags/sensors/recent_external_task_sensor.py
[2025-07-15T19:51:30.317+0000] {processor.py:826} INFO - Processing file /opt/airflow/dags/sensors/recent_external_task_sensor.py for tasks to queue
[2025-07-15T19:51:30.318+0000] {logging_mixin.py:150} INFO - [2025-07-15T19:51:30.318+0000] {dagbag.py:541} INFO - Filling up the DagBag from /opt/airflow/dags/sensors/recent_external_task_sensor.py
[2025-07-15T19:51:30.320+0000] {processor.py:838} WARNING - No viable dags retrieved from /opt/airflow/dags/sensors/recent_external_task_sensor.py
[2025-07-15T19:51:30.327+0000] {processor.py:179} INFO - Processing /opt/airflow/dags/sensors/recent_external_task_sensor.py took 0.012 seconds
[2025-07-15T19:52:00.617+0000] {processor.py:157} INFO - Started process (PID=5005) to work on /opt/airflow/dags/sensors/recent_external_task_sensor.py
[2025-07-15T19:52:00.618+0000] {processor.py:826} INFO - Processing file /opt/airflow/dags/sensors/recent_external_task_sensor.py for tasks to queue
[2025-07-15T19:52:00.618+0000] {logging_mixin.py:150} INFO - [2025-07-15T19:52:00.618+0000] {dagbag.py:541} INFO - Filling up the DagBag from /opt/airflow/dags/sensors/recent_external_task_sensor.py
[2025-07-15T19:52:00.622+0000] {processor.py:838} WARNING - No viable dags retrieved from /opt/airflow/dags/sensors/recent_external_task_sensor.py
[2025-07-15T19:52:00.632+0000] {processor.py:179} INFO - Processing /opt/airflow/dags/sensors/recent_external_task_sensor.py took 0.019 seconds
[2025-07-15T19:52:30.988+0000] {processor.py:157} INFO - Started process (PID=5052) to work on /opt/airflow/dags/sensors/recent_external_task_sensor.py
[2025-07-15T19:52:30.989+0000] {processor.py:826} INFO - Processing file /opt/airflow/dags/sensors/recent_external_task_sensor.py for tasks to queue
[2025-07-15T19:52:30.990+0000] {logging_mixin.py:150} INFO - [2025-07-15T19:52:30.989+0000] {dagbag.py:541} INFO - Filling up the DagBag from /opt/airflow/dags/sensors/recent_external_task_sensor.py
[2025-07-15T19:52:30.993+0000] {processor.py:838} WARNING - No viable dags retrieved from /opt/airflow/dags/sensors/recent_external_task_sensor.py
[2025-07-15T19:52:31.006+0000] {processor.py:179} INFO - Processing /opt/airflow/dags/sensors/recent_external_task_sensor.py took 0.022 seconds
[2025-07-15T19:53:01.427+0000] {processor.py:157} INFO - Started process (PID=5099) to work on /opt/airflow/dags/sensors/recent_external_task_sensor.py
[2025-07-15T19:53:01.428+0000] {processor.py:826} INFO - Processing file /opt/airflow/dags/sensors/recent_external_task_sensor.py for tasks to queue
[2025-07-15T19:53:01.428+0000] {logging_mixin.py:150} INFO - [2025-07-15T19:53:01.428+0000] {dagbag.py:541} INFO - Filling up the DagBag from /opt/airflow/dags/sensors/recent_external_task_sensor.py
[2025-07-15T19:53:01.432+0000] {processor.py:838} WARNING - No viable dags retrieved from /opt/airflow/dags/sensors/recent_external_task_sensor.py
[2025-07-15T19:53:01.444+0000] {processor.py:179} INFO - Processing /opt/airflow/dags/sensors/recent_external_task_sensor.py took 0.021 seconds
[2025-07-15T19:53:31.808+0000] {processor.py:157} INFO - Started process (PID=5144) to work on /opt/airflow/dags/sensors/recent_external_task_sensor.py
[2025-07-15T19:53:31.808+0000] {processor.py:826} INFO - Processing file /opt/airflow/dags/sensors/recent_external_task_sensor.py for tasks to queue
[2025-07-15T19:53:31.809+0000] {logging_mixin.py:150} INFO - [2025-07-15T19:53:31.809+0000] {dagbag.py:541} INFO - Filling up the DagBag from /opt/airflow/dags/sensors/recent_external_task_sensor.py
[2025-07-15T19:53:31.811+0000] {processor.py:838} WARNING - No viable dags retrieved from /opt/airflow/dags/sensors/recent_external_task_sensor.py
[2025-07-15T19:53:31.817+0000] {processor.py:179} INFO - Processing /opt/airflow/dags/sensors/recent_external_task_sensor.py took 0.011 seconds
[2025-07-15T19:54:02.196+0000] {processor.py:157} INFO - Started process (PID=5181) to work on /opt/airflow/dags/sensors/recent_external_task_sensor.py
[2025-07-15T19:54:02.197+0000] {processor.py:826} INFO - Processing file /opt/airflow/dags/sensors/recent_external_task_sensor.py for tasks to queue
[2025-07-15T19:54:02.198+0000] {logging_mixin.py:150} INFO - [2025-07-15T19:54:02.197+0000] {dagbag.py:541} INFO - Filling up the DagBag from /opt/airflow/dags/sensors/recent_external_task_sensor.py
[2025-07-15T19:54:02.201+0000] {processor.py:838} WARNING - No viable dags retrieved from /opt/airflow/dags/sensors/recent_external_task_sensor.py
[2025-07-15T19:54:02.213+0000] {processor.py:179} INFO - Processing /opt/airflow/dags/sensors/recent_external_task_sensor.py took 0.022 seconds
[2025-07-15T19:54:32.608+0000] {processor.py:157} INFO - Started process (PID=5226) to work on /opt/airflow/dags/sensors/recent_external_task_sensor.py
[2025-07-15T19:54:32.609+0000] {processor.py:826} INFO - Processing file /opt/airflow/dags/sensors/recent_external_task_sensor.py for tasks to queue
[2025-07-15T19:54:32.610+0000] {logging_mixin.py:150} INFO - [2025-07-15T19:54:32.610+0000] {dagbag.py:541} INFO - Filling up the DagBag from /opt/airflow/dags/sensors/recent_external_task_sensor.py
[2025-07-15T19:54:32.614+0000] {processor.py:838} WARNING - No viable dags retrieved from /opt/airflow/dags/sensors/recent_external_task_sensor.py
[2025-07-15T19:54:32.626+0000] {processor.py:179} INFO - Processing /opt/airflow/dags/sensors/recent_external_task_sensor.py took 0.022 seconds
[2025-07-15T19:55:03.044+0000] {processor.py:157} INFO - Started process (PID=5281) to work on /opt/airflow/dags/sensors/recent_external_task_sensor.py
[2025-07-15T19:55:03.045+0000] {processor.py:826} INFO - Processing file /opt/airflow/dags/sensors/recent_external_task_sensor.py for tasks to queue
[2025-07-15T19:55:03.046+0000] {logging_mixin.py:150} INFO - [2025-07-15T19:55:03.045+0000] {dagbag.py:541} INFO - Filling up the DagBag from /opt/airflow/dags/sensors/recent_external_task_sensor.py
[2025-07-15T19:55:03.049+0000] {processor.py:838} WARNING - No viable dags retrieved from /opt/airflow/dags/sensors/recent_external_task_sensor.py
[2025-07-15T19:55:03.061+0000] {processor.py:179} INFO - Processing /opt/airflow/dags/sensors/recent_external_task_sensor.py took 0.022 seconds
[2025-07-15T19:55:33.435+0000] {processor.py:157} INFO - Started process (PID=5327) to work on /opt/airflow/dags/sensors/recent_external_task_sensor.py
[2025-07-15T19:55:33.438+0000] {processor.py:826} INFO - Processing file /opt/airflow/dags/sensors/recent_external_task_sensor.py for tasks to queue
[2025-07-15T19:55:33.440+0000] {logging_mixin.py:150} INFO - [2025-07-15T19:55:33.440+0000] {dagbag.py:541} INFO - Filling up the DagBag from /opt/airflow/dags/sensors/recent_external_task_sensor.py
[2025-07-15T19:55:33.452+0000] {processor.py:838} WARNING - No viable dags retrieved from /opt/airflow/dags/sensors/recent_external_task_sensor.py
[2025-07-15T19:55:33.469+0000] {processor.py:179} INFO - Processing /opt/airflow/dags/sensors/recent_external_task_sensor.py took 0.037 seconds
[2025-07-15T19:56:03.849+0000] {processor.py:157} INFO - Started process (PID=5370) to work on /opt/airflow/dags/sensors/recent_external_task_sensor.py
[2025-07-15T19:56:03.850+0000] {processor.py:826} INFO - Processing file /opt/airflow/dags/sensors/recent_external_task_sensor.py for tasks to queue
[2025-07-15T19:56:03.851+0000] {logging_mixin.py:150} INFO - [2025-07-15T19:56:03.850+0000] {dagbag.py:541} INFO - Filling up the DagBag from /opt/airflow/dags/sensors/recent_external_task_sensor.py
[2025-07-15T19:56:03.854+0000] {processor.py:838} WARNING - No viable dags retrieved from /opt/airflow/dags/sensors/recent_external_task_sensor.py
[2025-07-15T19:56:03.865+0000] {processor.py:179} INFO - Processing /opt/airflow/dags/sensors/recent_external_task_sensor.py took 0.020 seconds
[2025-07-15T19:56:34.211+0000] {processor.py:157} INFO - Started process (PID=5417) to work on /opt/airflow/dags/sensors/recent_external_task_sensor.py
[2025-07-15T19:56:34.212+0000] {processor.py:826} INFO - Processing file /opt/airflow/dags/sensors/recent_external_task_sensor.py for tasks to queue
[2025-07-15T19:56:34.212+0000] {logging_mixin.py:150} INFO - [2025-07-15T19:56:34.212+0000] {dagbag.py:541} INFO - Filling up the DagBag from /opt/airflow/dags/sensors/recent_external_task_sensor.py
[2025-07-15T19:56:34.218+0000] {processor.py:838} WARNING - No viable dags retrieved from /opt/airflow/dags/sensors/recent_external_task_sensor.py
[2025-07-15T19:56:34.227+0000] {processor.py:179} INFO - Processing /opt/airflow/dags/sensors/recent_external_task_sensor.py took 0.020 seconds
[2025-07-15T19:57:04.533+0000] {processor.py:157} INFO - Started process (PID=5464) to work on /opt/airflow/dags/sensors/recent_external_task_sensor.py
[2025-07-15T19:57:04.533+0000] {processor.py:826} INFO - Processing file /opt/airflow/dags/sensors/recent_external_task_sensor.py for tasks to queue
[2025-07-15T19:57:04.534+0000] {logging_mixin.py:150} INFO - [2025-07-15T19:57:04.534+0000] {dagbag.py:541} INFO - Filling up the DagBag from /opt/airflow/dags/sensors/recent_external_task_sensor.py
[2025-07-15T19:57:04.538+0000] {processor.py:838} WARNING - No viable dags retrieved from /opt/airflow/dags/sensors/recent_external_task_sensor.py
[2025-07-15T19:57:04.552+0000] {processor.py:179} INFO - Processing /opt/airflow/dags/sensors/recent_external_task_sensor.py took 0.021 seconds
