[2025-07-15T19:50:53.198+0000] {taskinstance.py:1103} INFO - Dependencies all met for dep_context=non-requeueable deps ti=<TaskInstance: etl_failure_sensor.delay_task manual__2025-07-15T19:50:49.979193+00:00 [queued]>
[2025-07-15T19:50:53.202+0000] {taskinstance.py:1103} INFO - Dependencies all met for dep_context=requeueable deps ti=<TaskInstance: etl_failure_sensor.delay_task manual__2025-07-15T19:50:49.979193+00:00 [queued]>
[2025-07-15T19:50:53.202+0000] {taskinstance.py:1308} INFO - Starting attempt 1 of 2
[2025-07-15T19:50:53.208+0000] {taskinstance.py:1327} INFO - Executing <Task(PythonOperator): delay_task> on 2025-07-15 19:50:49.979193+00:00
[2025-07-15T19:50:53.210+0000] {standard_task_runner.py:57} INFO - Started process 4885 to run task
[2025-07-15T19:50:53.212+0000] {standard_task_runner.py:84} INFO - Running: ['***', 'tasks', 'run', 'etl_failure_sensor', 'delay_task', 'manual__2025-07-15T19:50:49.979193+00:00', '--job-id', '107', '--raw', '--subdir', 'DAGS_FOLDER/failure_sensor_dag.py', '--cfg-path', '/tmp/tmpjpk9nu5a']
[2025-07-15T19:50:53.213+0000] {standard_task_runner.py:85} INFO - Job 107: Subtask delay_task
[2025-07-15T19:50:53.231+0000] {task_command.py:410} INFO - Running <TaskInstance: etl_failure_sensor.delay_task manual__2025-07-15T19:50:49.979193+00:00 [running]> on host 1e79179934e4
[2025-07-15T19:50:53.267+0000] {taskinstance.py:1547} INFO - Exporting env vars: AIRFLOW_CTX_DAG_OWNER='***' AIRFLOW_CTX_DAG_ID='etl_failure_sensor' AIRFLOW_CTX_TASK_ID='delay_task' AIRFLOW_CTX_EXECUTION_DATE='2025-07-15T19:50:49.979193+00:00' AIRFLOW_CTX_TRY_NUMBER='1' AIRFLOW_CTX_DAG_RUN_ID='manual__2025-07-15T19:50:49.979193+00:00'
[2025-07-15T19:50:53.268+0000] {logging_mixin.py:150} INFO - Delaying for 1 minute...
[2025-07-15T19:51:23.460+0000] {local_task_job_runner.py:292} WARNING - State of this instance has been externally set to None. Terminating instance.
[2025-07-15T19:51:23.463+0000] {process_utils.py:135} INFO - Sending Signals.SIGTERM to group 4885. PIDs of all processes in the group: [4885]
[2025-07-15T19:51:23.463+0000] {process_utils.py:86} INFO - Sending the signal Signals.SIGTERM to group 4885
[2025-07-15T19:51:23.463+0000] {taskinstance.py:1517} ERROR - Received SIGTERM. Terminating subprocesses.
[2025-07-15T19:51:23.472+0000] {taskinstance.py:1824} ERROR - Task failed with exception
Traceback (most recent call last):
  File "/home/airflow/.local/lib/python3.7/site-packages/airflow/operators/python.py", line 181, in execute
    return_value = self.execute_callable()
  File "/home/airflow/.local/lib/python3.7/site-packages/airflow/operators/python.py", line 198, in execute_callable
    return self.python_callable(*self.op_args, **self.op_kwargs)
  File "/opt/airflow/dags/failure_sensor_dag.py", line 53, in delay_task
    time.sleep(LOOK_BACK_HOURS * 3600)
  File "/home/airflow/.local/lib/python3.7/site-packages/airflow/models/taskinstance.py", line 1519, in signal_handler
    raise AirflowException("Task received SIGTERM signal")
airflow.exceptions.AirflowException: Task received SIGTERM signal
[2025-07-15T19:51:23.478+0000] {taskinstance.py:1350} INFO - Marking task as FAILED. dag_id=etl_failure_sensor, task_id=delay_task, execution_date=20250715T195049, start_date=20250715T195053, end_date=20250715T195123
[2025-07-15T19:51:23.487+0000] {standard_task_runner.py:109} ERROR - Failed to execute job 107 for task delay_task ((psycopg2.errors.ForeignKeyViolation) insert or update on table "task_fail" violates foreign key constraint "task_fail_ti_fkey"
DETAIL:  Key (dag_id, task_id, run_id, map_index)=(etl_failure_sensor, delay_task, manual__2025-07-15T19:50:49.979193+00:00, -1) is not present in table "task_instance".

[SQL: INSERT INTO task_fail (task_id, dag_id, run_id, map_index, start_date, end_date, duration) VALUES (%(task_id)s, %(dag_id)s, %(run_id)s, %(map_index)s, %(start_date)s, %(end_date)s, %(duration)s) RETURNING task_fail.id]
[parameters: {'task_id': 'delay_task', 'dag_id': 'etl_failure_sensor', 'run_id': 'manual__2025-07-15T19:50:49.979193+00:00', 'map_index': -1, 'start_date': datetime.datetime(2025, 7, 15, 19, 50, 53, 198963, tzinfo=Timezone('UTC')), 'end_date': datetime.datetime(2025, 7, 15, 19, 51, 23, 477685, tzinfo=Timezone('UTC')), 'duration': 30}]
(Background on this error at: https://sqlalche.me/e/14/gkpj); 4885)
[2025-07-15T19:51:23.496+0000] {process_utils.py:79} INFO - Process psutil.Process(pid=4885, status='terminated', exitcode=1, started='19:50:53') (4885) terminated with exit code 1
