[2025-07-16T21:24:26.246+0000] {taskinstance.py:1103} INFO - Dependencies all met for dep_context=non-requeueable deps ti=<TaskInstance: dbt_build_monolith.trigger_upload scheduled__2025-07-16T21:18:11.059887+00:00 [queued]>
[2025-07-16T21:24:26.250+0000] {taskinstance.py:1103} INFO - Dependencies all met for dep_context=requeueable deps ti=<TaskInstance: dbt_build_monolith.trigger_upload scheduled__2025-07-16T21:18:11.059887+00:00 [queued]>
[2025-07-16T21:24:26.250+0000] {taskinstance.py:1308} INFO - Starting attempt 2 of 2
[2025-07-16T21:24:26.257+0000] {taskinstance.py:1327} INFO - Executing <Task(TriggerDagRunOperator): trigger_upload> on 2025-07-16 21:18:11.059887+00:00
[2025-07-16T21:24:26.258+0000] {standard_task_runner.py:57} INFO - Started process 6919 to run task
[2025-07-16T21:24:26.260+0000] {standard_task_runner.py:84} INFO - Running: ['***', 'tasks', 'run', 'dbt_build_monolith', 'trigger_upload', 'scheduled__2025-07-16T21:18:11.059887+00:00', '--job-id', '586', '--raw', '--subdir', 'DAGS_FOLDER/dbt_build_monolith.py', '--cfg-path', '/tmp/tmp62zzuc8o']
[2025-07-16T21:24:26.261+0000] {standard_task_runner.py:85} INFO - Job 586: Subtask trigger_upload
[2025-07-16T21:24:26.281+0000] {task_command.py:410} INFO - Running <TaskInstance: dbt_build_monolith.trigger_upload scheduled__2025-07-16T21:18:11.059887+00:00 [running]> on host 66ed94c0a57f
[2025-07-16T21:24:26.318+0000] {taskinstance.py:1547} INFO - Exporting env vars: AIRFLOW_CTX_DAG_OWNER='***' AIRFLOW_CTX_DAG_ID='dbt_build_monolith' AIRFLOW_CTX_TASK_ID='trigger_upload' AIRFLOW_CTX_EXECUTION_DATE='2025-07-16T21:18:11.059887+00:00' AIRFLOW_CTX_TRY_NUMBER='2' AIRFLOW_CTX_DAG_RUN_ID='scheduled__2025-07-16T21:18:11.059887+00:00'
[2025-07-16T21:24:26.330+0000] {taskinstance.py:1824} ERROR - Task failed with exception
Traceback (most recent call last):
  File "/home/airflow/.local/lib/python3.7/site-packages/airflow/operators/trigger_dagrun.py", line 155, in execute
    replace_microseconds=False,
  File "/home/airflow/.local/lib/python3.7/site-packages/airflow/api/common/trigger_dag.py", line 128, in trigger_dag
    replace_microseconds=replace_microseconds,
  File "/home/airflow/.local/lib/python3.7/site-packages/airflow/api/common/trigger_dag.py", line 52, in _trigger_dag
    raise DagNotFound(f"Dag id {dag_id} not found")
airflow.exceptions.DagNotFound: Dag id uploader_dag not found
[2025-07-16T21:24:26.331+0000] {taskinstance.py:1350} INFO - Marking task as FAILED. dag_id=dbt_build_monolith, task_id=trigger_upload, execution_date=20250716T211811, start_date=20250716T212426, end_date=20250716T212426
[2025-07-16T21:24:26.337+0000] {standard_task_runner.py:109} ERROR - Failed to execute job 586 for task trigger_upload (Dag id uploader_dag not found; 6919)
[2025-07-16T21:24:26.358+0000] {local_task_job_runner.py:225} INFO - Task exited with return code 1
[2025-07-16T21:24:26.366+0000] {taskinstance.py:2653} INFO - 0 downstream tasks scheduled from follow-on schedule check
